[2017-11-12 22:19:17][36.63.94.27][ERR]数据库错误信息: array (
  'code' => 6550,
  'message' => 'ORA-06550: line 1, column 14:
PLS-00201: identifier 'GAME_USER.p_task_reward' must be declared
ORA-06550: line 1, column 7:
PL/SQL: Statement ignored',
  'offset' => 13,
  'sqltext' => 'BEGIN :ret:=game_user."p_task_reward"(:uid1,:taskid1,:money1,:ticket1,:speaker1);END;',
)
[2017-11-12 22:19:20][36.63.94.27][ERR]数据库错误信息: array (
  'code' => 6550,
  'message' => 'ORA-06550: line 1, column 14:
PLS-00201: identifier 'GAME_USER.p_task_reward' must be declared
ORA-06550: line 1, column 7:
PL/SQL: Statement ignored',
  'offset' => 13,
  'sqltext' => 'BEGIN :ret:=game_user."p_task_reward"(:uid1,:taskid1,:money1,:ticket1,:speaker1);END;',
)
[2017-11-12 22:19:27][36.63.94.27][ERR]数据库错误信息: array (
  'code' => 6550,
  'message' => 'ORA-06550: line 1, column 14:
PLS-00201: identifier 'GAME_USER.p_task_reward' must be declared
ORA-06550: line 1, column 7:
PL/SQL: Statement ignored',
  'offset' => 13,
  'sqltext' => 'BEGIN :ret:=game_user."p_task_reward"(:uid1,:taskid1,:money1,:ticket1,:speaker1);END;',
)
[2017-11-12 22:19:33][36.63.94.27][ERR]数据库错误信息: array (
  'code' => 6550,
  'message' => 'ORA-06550: line 1, column 14:
PLS-00201: identifier 'GAME_USER.p_task_reward' must be declared
ORA-06550: line 1, column 7:
PL/SQL: Statement ignored',
  'offset' => 13,
  'sqltext' => 'BEGIN :ret:=game_user."p_task_reward"(:uid1,:taskid1,:money1,:ticket1,:speaker1);END;',
)
[2017-11-12 22:19:44][36.63.94.27][ERR]数据库错误信息: array (
  'code' => 6550,
  'message' => 'ORA-06550: line 1, column 14:
PLS-00201: identifier 'GAME_USER.p_task_reward' must be declared
ORA-06550: line 1, column 7:
PL/SQL: Statement ignored',
  'offset' => 13,
  'sqltext' => 'BEGIN :ret:=game_user."p_task_reward"(:uid1,:taskid1,:money1,:ticket1,:speaker1);END;',
)
[2017-11-12 22:21:31][36.63.94.27][ERR]数据库错误信息: array (
  'code' => 6550,
  'message' => 'ORA-06550: line 1, column 14:
PLS-00201: identifier 'GAME_USER.p_task_reward' must be declared
ORA-06550: line 1, column 7:
PL/SQL: Statement ignored',
  'offset' => 13,
  'sqltext' => 'BEGIN :ret:=game_user."p_task_reward"(:uid1,:taskid1,:money1,:ticket1,:speaker1);END;',
)
[2017-11-12 22:21:34][36.63.94.27][ERR]数据库错误信息: array (
  'code' => 6550,
  'message' => 'ORA-06550: line 1, column 14:
PLS-00201: identifier 'GAME_USER.p_task_reward' must be declared
ORA-06550: line 1, column 7:
PL/SQL: Statement ignored',
  'offset' => 13,
  'sqltext' => 'BEGIN :ret:=game_user."p_task_reward"(:uid1,:taskid1,:money1,:ticket1,:speaker1);END;',
)
[2017-11-12 22:44:36][218.2.198.10][ERR]数据库错误信息: array (
  'code' => 6550,
  'message' => 'ORA-06550: line 1, column 14:
PLS-00201: identifier 'GAME_USER.p_task_reward' must be declared
ORA-06550: line 1, column 7:
PL/SQL: Statement ignored',
  'offset' => 13,
  'sqltext' => 'BEGIN :ret:=game_user."p_task_reward"(:uid1,:taskid1,:money1,:ticket1,:speaker1);END;',
)
[2017-11-12 22:44:38][218.2.198.10][ERR]数据库错误信息: array (
  'code' => 6550,
  'message' => 'ORA-06550: line 1, column 14:
PLS-00201: identifier 'GAME_USER.p_task_reward' must be declared
ORA-06550: line 1, column 7:
PL/SQL: Statement ignored',
  'offset' => 13,
  'sqltext' => 'BEGIN :ret:=game_user."p_task_reward"(:uid1,:taskid1,:money1,:ticket1,:speaker1);END;',
)
[2017-11-12 22:44:43][218.2.198.10][ERR]数据库错误信息: array (
  'code' => 6550,
  'message' => 'ORA-06550: line 1, column 14:
PLS-00201: identifier 'GAME_USER.p_task_reward' must be declared
ORA-06550: line 1, column 7:
PL/SQL: Statement ignored',
  'offset' => 13,
  'sqltext' => 'BEGIN :ret:=game_user."p_task_reward"(:uid1,:taskid1,:money1,:ticket1,:speaker1);END;',
)
[2017-11-12 22:44:49][218.2.198.10][ERR]数据库错误信息: array (
  'code' => 6550,
  'message' => 'ORA-06550: line 1, column 14:
PLS-00201: identifier 'GAME_USER.p_task_reward' must be declared
ORA-06550: line 1, column 7:
PL/SQL: Statement ignored',
  'offset' => 13,
  'sqltext' => 'BEGIN :ret:=game_user."p_task_reward"(:uid1,:taskid1,:money1,:ticket1,:speaker1);END;',
)
[2017-11-12 22:44:58][218.2.198.10][ERR]数据库错误信息: array (
  'code' => 6550,
  'message' => 'ORA-06550: line 1, column 14:
PLS-00201: identifier 'GAME_USER.p_task_reward' must be declared
ORA-06550: line 1, column 7:
PL/SQL: Statement ignored',
  'offset' => 13,
  'sqltext' => 'BEGIN :ret:=game_user."p_task_reward"(:uid1,:taskid1,:money1,:ticket1,:speaker1);END;',
)
[2017-11-12 22:45:00][218.2.198.10][ERR]数据库错误信息: array (
  'code' => 6550,
  'message' => 'ORA-06550: line 1, column 14:
PLS-00201: identifier 'GAME_USER.p_task_reward' must be declared
ORA-06550: line 1, column 7:
PL/SQL: Statement ignored',
  'offset' => 13,
  'sqltext' => 'BEGIN :ret:=game_user."p_task_reward"(:uid1,:taskid1,:money1,:ticket1,:speaker1);END;',
)
[2017-11-12 22:45:11][218.2.198.10][ERR]数据库错误信息: array (
  'code' => 6550,
  'message' => 'ORA-06550: line 1, column 14:
PLS-00201: identifier 'GAME_USER.p_task_reward' must be declared
ORA-06550: line 1, column 7:
PL/SQL: Statement ignored',
  'offset' => 13,
  'sqltext' => 'BEGIN :ret:=game_user."p_task_reward"(:uid1,:taskid1,:money1,:ticket1,:speaker1);END;',
)
[2017-11-12 22:45:13][218.2.198.10][ERR]数据库错误信息: array (
  'code' => 6550,
  'message' => 'ORA-06550: line 1, column 14:
PLS-00201: identifier 'GAME_USER.p_task_reward' must be declared
ORA-06550: line 1, column 7:
PL/SQL: Statement ignored',
  'offset' => 13,
  'sqltext' => 'BEGIN :ret:=game_user."p_task_reward"(:uid1,:taskid1,:money1,:ticket1,:speaker1);END;',
)
[2017-11-12 22:45:15][218.2.198.10][ERR]数据库错误信息: array (
  'code' => 6550,
  'message' => 'ORA-06550: line 1, column 14:
PLS-00201: identifier 'GAME_USER.p_task_reward' must be declared
ORA-06550: line 1, column 7:
PL/SQL: Statement ignored',
  'offset' => 13,
  'sqltext' => 'BEGIN :ret:=game_user."p_task_reward"(:uid1,:taskid1,:money1,:ticket1,:speaker1);END;',
)
[2017-11-12 22:45:57][218.2.198.10][ERR]数据库错误信息: array (
  'code' => 6550,
  'message' => 'ORA-06550: line 1, column 14:
PLS-00201: identifier 'GAME_USER.p_task_reward' must be declared
ORA-06550: line 1, column 7:
PL/SQL: Statement ignored',
  'offset' => 13,
  'sqltext' => 'BEGIN :ret:=game_user."p_task_reward"(:uid1,:taskid1,:money1,:ticket1,:speaker1);END;',
)
[2017-11-12 22:46:13][218.2.198.10][ERR]数据库错误信息: array (
  'code' => 6550,
  'message' => 'ORA-06550: line 1, column 14:
PLS-00201: identifier 'GAME_USER.p_task_reward' must be declared
ORA-06550: line 1, column 7:
PL/SQL: Statement ignored',
  'offset' => 13,
  'sqltext' => 'BEGIN :ret:=game_user."p_task_reward"(:uid1,:taskid1,:money1,:ticket1,:speaker1);END;',
)
[2017-11-12 22:46:17][218.2.198.10][ERR]数据库错误信息: array (
  'code' => 6550,
  'message' => 'ORA-06550: line 1, column 14:
PLS-00201: identifier 'GAME_USER.p_task_reward' must be declared
ORA-06550: line 1, column 7:
PL/SQL: Statement ignored',
  'offset' => 13,
  'sqltext' => 'BEGIN :ret:=game_user."p_task_reward"(:uid1,:taskid1,:money1,:ticket1,:speaker1);END;',
)
[2017-11-12 22:46:19][218.2.198.10][ERR]数据库错误信息: array (
  'code' => 6550,
  'message' => 'ORA-06550: line 1, column 14:
PLS-00201: identifier 'GAME_USER.p_task_reward' must be declared
ORA-06550: line 1, column 7:
PL/SQL: Statement ignored',
  'offset' => 13,
  'sqltext' => 'BEGIN :ret:=game_user."p_task_reward"(:uid1,:taskid1,:money1,:ticket1,:speaker1);END;',
)
[2017-11-12 22:48:22][218.2.198.10][ERR]数据库错误信息: array (
  'code' => 6550,
  'message' => 'ORA-06550: line 1, column 14:
PLS-00201: identifier 'GAME_USER.p_task_reward' must be declared
ORA-06550: line 1, column 7:
PL/SQL: Statement ignored',
  'offset' => 13,
  'sqltext' => 'BEGIN :ret:=game_user."p_task_reward"(:uid1,:taskid1,:money1,:ticket1,:speaker1);END;',
)
[2017-11-12 22:48:36][218.2.198.10][ERR]数据库错误信息: array (
  'code' => 6550,
  'message' => 'ORA-06550: line 1, column 14:
PLS-00201: identifier 'GAME_USER.p_task_reward' must be declared
ORA-06550: line 1, column 7:
PL/SQL: Statement ignored',
  'offset' => 13,
  'sqltext' => 'BEGIN :ret:=game_user."p_task_reward"(:uid1,:taskid1,:money1,:ticket1,:speaker1);END;',
)
[2017-11-12 22:48:38][218.2.198.10][ERR]数据库错误信息: array (
  'code' => 6550,
  'message' => 'ORA-06550: line 1, column 14:
PLS-00201: identifier 'GAME_USER.p_task_reward' must be declared
ORA-06550: line 1, column 7:
PL/SQL: Statement ignored',
  'offset' => 13,
  'sqltext' => 'BEGIN :ret:=game_user."p_task_reward"(:uid1,:taskid1,:money1,:ticket1,:speaker1);END;',
)
[2017-11-12 22:48:41][218.2.198.10][ERR]数据库错误信息: array (
  'code' => 6550,
  'message' => 'ORA-06550: line 1, column 14:
PLS-00201: identifier 'GAME_USER.p_task_reward' must be declared
ORA-06550: line 1, column 7:
PL/SQL: Statement ignored',
  'offset' => 13,
  'sqltext' => 'BEGIN :ret:=game_user."p_task_reward"(:uid1,:taskid1,:money1,:ticket1,:speaker1);END;',
)
