[2017-11-03 00:01:58][58.251.80.55][INFO]微信支付 成功:回调信息是:array (
  'appid' => 'wxcb8a76fe730b5964',
  'attach' => '228c51e4-6bff-42b0-9728-a66ba2cf133e',
  'bank_type' => 'CFT',
  'cash_fee' => '600',
  'fee_type' => 'CNY',
  'is_subscribe' => 'N',
  'mch_id' => '1352470102',
  'nonce_str' => '32dvcjqgblwtsv01oxacjptrhyw575qa',
  'openid' => 'oFqowwOSjk9HrhXRcqn3kCCbuH6k',
  'out_trade_no' => '9f6b96d0d1b64a86b226803158bdd0a3',
  'result_code' => 'SUCCESS',
  'return_code' => 'SUCCESS',
  'sign' => '9CB88DAB8E55958AEE9612EDB7DB021A',
  'time_end' => '20171103000157',
  'total_fee' => '600',
  'trade_type' => 'JSAPI',
  'transaction_id' => '4200000012201711032051152180',
)
[2017-11-03 00:03:21][203.209.226.165][INFO]支付宝支付 :回调信息是:array (
  'gmt_create' => '2017-11-03 00:03:21',
  'charset' => 'utf-8',
  'seller_email' => 'qiyue@pp158.com',
  'notify_time' => '2017-11-03 00:03:21',
  'subject' => 'pp游戏账单支付',
  'sign' => 'G5pfpJWABtXK4ZwBD/ybthAIaH2uQhLCXY3g6vSPt00oXdfMXTGSBwX56Tk7rW0i/PuAYaViIs6P6EebWfpaI2N/d06X/VXia4vS+MmPFDqsSl9PHUUsQUlUAu1wvlzqH+3nz+jLBp1sqmJoC8wWIxWTv2XH/oV6kZIRg1cfDxJUOugTO9tbbyfr9FT8G3CLZQmCY+A2kkU3l7AeVGIstBT2foFLch20ddgp1jG84OT86DlofThcgXDDQGTMCCYxFCZBp+vjdYzLJ9pvOigjhZ6N8geSjQ//Iv10jzRLUvuVnCHdpIOSYq4NSMuBaOjB9Mk2MHYbercRZFqb0oDZAw==',
  'body' => 'b6b6e17a-d640-4055-9171-dce2c8b80b61',
  'buyer_id' => '2088722488448272',
  'version' => '1.0',
  'notify_id' => '6491ee17d38f77e2153b06c12e2de2bi4g',
  'notify_type' => 'trade_status_sync',
  'out_trade_no' => '482be617b7214e8ea7b0d0b254b1aae9',
  'total_amount' => '20.00',
  'trade_status' => 'WAIT_BUYER_PAY',
  'trade_no' => '2017110321001004275243115364',
  'auth_app_id' => '2017021605702899',
  'buyer_logon_id' => '183****4262',
  'app_id' => '2017021605702899',
  'sign_type' => 'RSA2',
  'seller_id' => '2088221931936835',
)
[2017-11-03 00:03:23][140.207.54.76][INFO]微信支付 成功:回调信息是:array (
  'appid' => 'wxcb8a76fe730b5964',
  'attach' => '7c7c5422-e4bb-410c-ad1d-61b7e3d81292',
  'bank_type' => 'CFT',
  'cash_fee' => '2000',
  'fee_type' => 'CNY',
  'is_subscribe' => 'N',
  'mch_id' => '1352470102',
  'nonce_str' => '8mcnnzftq6ruxdonrl9ykeqkd0enx0fo',
  'openid' => 'oFqowwIEPO9u7DhFMfkWwCvWGQEc',
  'out_trade_no' => '536316b7084049a19a8ca5133e5582ea',
  'result_code' => 'SUCCESS',
  'return_code' => 'SUCCESS',
  'sign' => '1EB3A41B17A4E93DAD1A0405D304FEEA',
  'time_end' => '20171103000322',
  'total_fee' => '2000',
  'trade_type' => 'NATIVE',
  'transaction_id' => '4200000027201711032054998701',
)
[2017-11-03 00:03:26][203.209.227.125][INFO]支付宝支付 成功:回调信息是:array (
  'gmt_create' => '2017-11-03 00:03:21',
  'charset' => 'utf-8',
  'seller_email' => 'qiyue@pp158.com',
  'subject' => 'pp游戏账单支付',
  'sign' => 'AuV+T1OSrmiLNvBiVtOMLNkXY770laEBCI8672bpmU8urlcLY3uly/iqikcScrpzw8YiDl/+G5esMSV0DdU6OuVsDR7qjXuQNotFB15b1n9MUZecshCFsqAtdvEb13mbdgMiTvx10bNKlRQhiWMbr6bkIXj+kiM4JuScfjJvWXKq2CQQqgZfHMGNqErvqxV7BtxyHVSnURg5aoLoGtUCxnt3nf2tI+3Bsr9pBXEXeqA4v6ZU7UgpGoZ+BE53U06y8kJWn9L3+MbX8PYb0mkGGwwga6tFNzVAH9EVFDL7f86zOx2MS2nziqYvibmRXjkDXVra5ltI3/rbrdswqOavKA==',
  'body' => 'b6b6e17a-d640-4055-9171-dce2c8b80b61',
  'buyer_id' => '2088722488448272',
  'invoice_amount' => '20.00',
  'notify_id' => '716a9a595718a2625978dd0f7e2b2f4i4g',
  'fund_bill_list' => '[{"amount":"20.00","fundChannel":"PCREDIT"}]',
  'notify_type' => 'trade_status_sync',
  'trade_status' => 'TRADE_SUCCESS',
  'receipt_amount' => '20.00',
  'app_id' => '2017021605702899',
  'buyer_pay_amount' => '20.00',
  'sign_type' => 'RSA2',
  'seller_id' => '2088221931936835',
  'gmt_payment' => '2017-11-03 00:03:26',
  'notify_time' => '2017-11-03 00:03:26',
  'version' => '1.0',
  'out_trade_no' => '482be617b7214e8ea7b0d0b254b1aae9',
  'total_amount' => '20.00',
  'trade_no' => '2017110321001004275243115364',
  'auth_app_id' => '2017021605702899',
  'buyer_logon_id' => '183****4262',
  'point_amount' => '0.00',
)
[2017-11-03 00:03:51][140.207.54.75][INFO]微信支付 成功:回调信息是:array (
  'appid' => 'wxcb8a76fe730b5964',
  'attach' => '376f91da-152d-4e7e-bc2b-00b52c111809',
  'bank_type' => 'CFT',
  'cash_fee' => '500',
  'fee_type' => 'CNY',
  'is_subscribe' => 'N',
  'mch_id' => '1352470102',
  'nonce_str' => 'thqtnip31y6zqrdqfspn7n0nxrpm60xj',
  'openid' => 'oFqowwN4EmpBHrkxpGTMbR1yiA4E',
  'out_trade_no' => '5d065a8cac394e21a594d725913d5525',
  'result_code' => 'SUCCESS',
  'return_code' => 'SUCCESS',
  'sign' => '06FA37C1AC36377B26FB710631E66BB7',
  'time_end' => '20171103000350',
  'total_fee' => '500',
  'trade_type' => 'NATIVE',
  'transaction_id' => '4200000002201711032050059852',
)
[2017-11-03 00:12:02][140.207.54.74][INFO]微信支付 成功:回调信息是:array (
  'appid' => 'wxcb8a76fe730b5964',
  'attach' => 'be4144ac-05e2-408c-84b3-228d55163b15',
  'bank_type' => 'ICBC_DEBIT',
  'cash_fee' => '5000',
  'fee_type' => 'CNY',
  'is_subscribe' => 'Y',
  'mch_id' => '1352470102',
  'nonce_str' => 'ft34e4ht094fbxrrbyuxatsent3i5qd3',
  'openid' => 'oFqowwM7rWs9POEgURlrPsUvGb2w',
  'out_trade_no' => '8b69abab554c4f74a6d61b3d09f8146a',
  'result_code' => 'SUCCESS',
  'return_code' => 'SUCCESS',
  'sign' => 'BE7FDA477F4AFB5A8EA187C8688029AD',
  'time_end' => '20171103001202',
  'total_fee' => '5000',
  'trade_type' => 'NATIVE',
  'transaction_id' => '4200000004201711032051454761',
)
[2017-11-03 00:12:54][140.207.54.76][INFO]微信支付 成功:回调信息是:array (
  'appid' => 'wxcb8a76fe730b5964',
  'attach' => 'ad11572a-6f8b-4166-b0bc-a7987941115d',
  'bank_type' => 'CFT',
  'cash_fee' => '1800',
  'fee_type' => 'CNY',
  'is_subscribe' => 'N',
  'mch_id' => '1352470102',
  'nonce_str' => '4mfi4zv1sa71tcmkqlcrpd2dbsvnkglr',
  'openid' => 'oFqowwN4EmpBHrkxpGTMbR1yiA4E',
  'out_trade_no' => 'bcb9276b0c0149a9aaddc53c143a8c38',
  'result_code' => 'SUCCESS',
  'return_code' => 'SUCCESS',
  'sign' => 'F3C665863A8126F35DAAC7F00A8DD6D0',
  'time_end' => '20171103001254',
  'total_fee' => '1800',
  'trade_type' => 'JSAPI',
  'transaction_id' => '4200000030201711032053330076',
)
[2017-11-03 00:13:54][58.251.80.49][INFO]微信支付 成功:回调信息是:array (
  'appid' => 'wxcb8a76fe730b5964',
  'attach' => '998e21c1-d417-43d7-ba36-0427edb948f1',
  'bank_type' => 'ICBC_DEBIT',
  'cash_fee' => '1800',
  'fee_type' => 'CNY',
  'is_subscribe' => 'N',
  'mch_id' => '1352470102',
  'nonce_str' => 'bz5ea64yq8jyryug6aj6es0a5a4wdfcj',
  'openid' => 'oFqowwIk-bs8PXu7dbLxe2jfE0fo',
  'out_trade_no' => '778af4f1ef8e474ca6557bcfead57977',
  'result_code' => 'SUCCESS',
  'return_code' => 'SUCCESS',
  'sign' => '55604C0C5DAE9BD3E2F79D7D4E42575F',
  'time_end' => '20171103001353',
  'total_fee' => '1800',
  'trade_type' => 'JSAPI',
  'transaction_id' => '4200000006201711032055291506',
)
[2017-11-03 00:20:54][203.209.226.252][INFO]支付宝支付 :回调信息是:array (
  'gmt_create' => '2017-11-03 00:20:54',
  'charset' => 'utf-8',
  'seller_email' => 'qiyue@pp158.com',
  'notify_time' => '2017-11-03 00:20:54',
  'subject' => 'pp游戏账单支付',
  'sign' => 'OO9XQi1D5FZCNFGuo/ecuCz5j1AC8BkL5oYkvAsIaNjVtYScxtWssTdlCr8LKRkHGoVDb35iDDkmvAInKNolTCZIlJZePR2gjU79lxAQy2i0Su6bF15vcaUHJ8WdIaUuMVXt4A+hDzPHAVViPUmqgmcKq/Qs/wnt1OnjMn7wHg6UnPt6NHB4B+fbSlMgDvO7u+v0iSh74EFN0nnaOkn+EqLla126M7/T9aqRcjmJLDR4DnvRwEXZrQQX7AUnhANtwJwA13xH2ffwM/VqNVXiYVgwAJXwFgpXqc5aYwGq/8oTQjW5TK0J4/wLh4cWvLOdXPxw6UQOG1gjqgr9NpgAYw==',
  'body' => '998e21c1-d417-43d7-ba36-0427edb948f1',
  'buyer_id' => '2088612518808319',
  'version' => '1.0',
  'notify_id' => '3b471a921e26748aee031072c60816eifk',
  'notify_type' => 'trade_status_sync',
  'out_trade_no' => '77618626441942fcacb121c61b1f49b7',
  'total_amount' => '100.00',
  'trade_status' => 'WAIT_BUYER_PAY',
  'trade_no' => '2017110321001004315295590637',
  'auth_app_id' => '2017021605702899',
  'buyer_logon_id' => '135****5791',
  'app_id' => '2017021605702899',
  'sign_type' => 'RSA2',
  'seller_id' => '2088221931936835',
)
[2017-11-03 00:21:02][203.209.226.170][INFO]支付宝支付 成功:回调信息是:array (
  'gmt_create' => '2017-11-03 00:20:54',
  'charset' => 'utf-8',
  'seller_email' => 'qiyue@pp158.com',
  'subject' => 'pp游戏账单支付',
  'sign' => 'JSIqhRgDfJRggYwO95XltzkaHqe8iST+1RMEmvHabd/uaPYUEhz8GOHZ+q79Ra1xQaErPbX5S5aOFtXWnlJlNAW6nZc59n6LFYxmCexzzSy/9x20D2/ZvmxMxGVTLa9vgPZ+uHD2spVQwSlDc2QJEvvHVs3Cs84GrGv1Ah/1+/kCjFSKyBO5Ic31M5QW0Vd2S6cZlHj62TvFmcEelAXCPSYBKdOBx0gEakeIjfrPFmil/nn2LBh76w505fWD2u8z+Xdv/P5ATZqQuIQ8H1Gea4MYPhfwcZ7NhV4TAdUyzZxYUcRJovAr/ihmhxe9MACWAaBQ2c43Oafqy5QvWWNZCg==',
  'body' => '998e21c1-d417-43d7-ba36-0427edb948f1',
  'buyer_id' => '2088612518808319',
  'invoice_amount' => '100.00',
  'notify_id' => '3b600c24ed376d6a1ff3c769f4ac626ifk',
  'fund_bill_list' => '[{"amount":"100.00","fundChannel":"PCREDIT"}]',
  'notify_type' => 'trade_status_sync',
  'trade_status' => 'TRADE_SUCCESS',
  'receipt_amount' => '100.00',
  'app_id' => '2017021605702899',
  'buyer_pay_amount' => '100.00',
  'sign_type' => 'RSA2',
  'seller_id' => '2088221931936835',
  'gmt_payment' => '2017-11-03 00:21:02',
  'notify_time' => '2017-11-03 00:21:02',
  'version' => '1.0',
  'out_trade_no' => '77618626441942fcacb121c61b1f49b7',
  'total_amount' => '100.00',
  'trade_no' => '2017110321001004315295590637',
  'auth_app_id' => '2017021605702899',
  'buyer_logon_id' => '135****5791',
  'point_amount' => '0.00',
)
[2017-11-03 00:23:10][203.209.234.160][INFO]支付宝支付 :回调信息是:array (
  'gmt_create' => '2017-11-03 00:23:10',
  'charset' => 'utf-8',
  'seller_email' => 'qiyue@pp158.com',
  'notify_time' => '2017-11-03 00:23:10',
  'subject' => 'pp游戏账单支付',
  'sign' => 'EBkE3Aubagrml5T0CYXU6QEPhg2x3xb6Jw1zF/+0xEy0CzE6kwYLwHb8Z+Mi5YeF0t1K2OZWlV6bdkkph/sDPQYVpryKPTOJp9Oa07SwHsIpSN8/OWzNAGFWhQZ7Xce/BE/xjq6TSXuFwDGg3A+TAS2DmPaxvRvu1kcPo+SjXrp6qmncSYkTwUNslB+CB4kb+rtX+d79QZq1GJFnDRBpVj9sIK/UVEMQAJRwIgdSWxSf5T47x2b+E58xkQDvPbCNnudKFZu4Q0nWxWbY0Pmyl4EgoDrCuYPGLA2glL1XXtNwhqZTaHBArdAS8/njdy87VLeedWUImvA0ql3Zn34EFw==',
  'body' => '92e03a78-11da-4fa4-bc47-3909bf74c624',
  'buyer_id' => '2088712356646972',
  'version' => '1.0',
  'notify_id' => '74958a2676b3d74bb90de8899d3b54dniw',
  'notify_type' => 'trade_status_sync',
  'out_trade_no' => '16b708ff520d4a369d753886caa03fe5',
  'total_amount' => '5.00',
  'trade_status' => 'WAIT_BUYER_PAY',
  'trade_no' => '2017110321001004975273666828',
  'auth_app_id' => '2017021605702899',
  'buyer_logon_id' => '182****3211',
  'app_id' => '2017021605702899',
  'sign_type' => 'RSA2',
  'seller_id' => '2088221931936835',
)
[2017-11-03 00:23:36][203.209.234.162][INFO]支付宝支付 成功:回调信息是:array (
  'gmt_create' => '2017-11-03 00:23:10',
  'charset' => 'utf-8',
  'seller_email' => 'qiyue@pp158.com',
  'subject' => 'pp游戏账单支付',
  'sign' => 'VNIIbUn1TGisMTWCIWqMnq+SDxfTlK5SuEkf4xolJB/bLnghvrGCjwafr8tsL2PT+QbwQ3zI1hmp0fuiuvuyi6c2S4pED8ejgHM+lqkBvm7j7HCS3JoLken+ClBsemqzQh4O91nXEmLY/zCAEVzPF0CZXzS1hxfSm5d2LGHR3oAZTMpBb5hg/+YqH2VzhXzz9JGnpY9eq0CWJ1QYOpc+M76roVOy+LXXhnMGB6RsI6wSpnI5xVyXFnEQk2xzZskfpiYIpGaIOXk9wxJhc8jmfsvuPVeS9Gl7Tbo+OhABzmQRdOeC9Xm+cKxtvBbajQZPaV+wzjFTxlvoG0ydBq2NkQ==',
  'body' => '92e03a78-11da-4fa4-bc47-3909bf74c624',
  'buyer_id' => '2088712356646972',
  'invoice_amount' => '5.00',
  'notify_id' => 'f3f55a40d9c11498daf479162b3153fniw',
  'fund_bill_list' => '[{"amount":"5.00","fundChannel":"ALIPAYACCOUNT"}]',
  'notify_type' => 'trade_status_sync',
  'trade_status' => 'TRADE_SUCCESS',
  'receipt_amount' => '5.00',
  'app_id' => '2017021605702899',
  'buyer_pay_amount' => '5.00',
  'sign_type' => 'RSA2',
  'seller_id' => '2088221931936835',
  'gmt_payment' => '2017-11-03 00:23:36',
  'notify_time' => '2017-11-03 00:23:36',
  'version' => '1.0',
  'out_trade_no' => '16b708ff520d4a369d753886caa03fe5',
  'total_amount' => '5.00',
  'trade_no' => '2017110321001004975273666828',
  'auth_app_id' => '2017021605702899',
  'buyer_logon_id' => '182****3211',
  'point_amount' => '0.00',
)
[2017-11-03 00:24:15][203.209.232.125][INFO]支付宝支付 :回调信息是:array (
  'gmt_create' => '2017-11-03 00:24:15',
  'charset' => 'utf-8',
  'seller_email' => 'qiyue@pp158.com',
  'notify_time' => '2017-11-03 00:24:15',
  'subject' => 'pp游戏账单支付',
  'sign' => 'NIbMwqsUxiS/VQCebEHYkb3rgH6uCL1nFpDBeZcckfGOLRKpZyGPRUO0uUsl0kOPzLqFZYKkdjDftMfjr3u7NeaP3ifElCUgvff0OFGMJ8IJbzaJfQwyYUzG8FJ4GP3oCssmhZaJELxShw/kib75NoFdmYh0mSHyqIkFaaAyWU1zsEU+IrIFYo33vjY2DjDh9RWXSb2oeY6ISwZQX1w9HYDK1de2yHnyQrxtRmIRDiwsZJJSn8QNPxswBn8CpdmV+nNb+EyItwA2lq1r6z5imXTrplxan2HMbYdatQLxhrb7TbQjmnIbrsIMIThzjmkugQWlUx2Es4mq8mOjeAOt6Q==',
  'body' => '90fa8655-7076-4c86-b8e2-c06e863f6267',
  'buyer_id' => '2088222633344140',
  'version' => '1.0',
  'notify_id' => 'cf1a2cf034cb6a47e6225ccd3838defh4d',
  'notify_type' => 'trade_status_sync',
  'out_trade_no' => '6c01e63762cb45b08f7e5afcfa8776e7',
  'total_amount' => '20.00',
  'trade_status' => 'WAIT_BUYER_PAY',
  'trade_no' => '2017110321001004145375458417',
  'auth_app_id' => '2017021605702899',
  'buyer_logon_id' => '181****5881',
  'app_id' => '2017021605702899',
  'sign_type' => 'RSA2',
  'seller_id' => '2088221931936835',
)
[2017-11-03 00:24:30][203.209.232.158][INFO]支付宝支付 成功:回调信息是:array (
  'gmt_create' => '2017-11-03 00:24:15',
  'charset' => 'utf-8',
  'seller_email' => 'qiyue@pp158.com',
  'subject' => 'pp游戏账单支付',
  'sign' => 'Cnf2bYkodHuzxctSgKtb5GsU9SR1QpRJEkeKWSbPIxhMPDgelvwZw08se3P3ZQE1mMYUrbuO4FU290PsmT5YFbI1fWgQW7xZRgaD4fi1efveFtrCztBxJoGVf5qCIHr9SwK1GExfAYs69vuHenvRYWZZzOCPitYcJOvytV9g8TltVxex+i9w2p9UbzRNpqBJ8sylMS64OTO2dhmI55EgA86i+bicN5BuvjNGo6VjjcN1lDoolNS67z+KA2tQ5C8QMFIVKBtgVWRiP4brnCBGmkI5USX44CPyN3CcXuqnBUs6OKzSpDJae/0sWD4rA9VRpChk+wFlDi1r9t4cZ5yH2A==',
  'body' => '90fa8655-7076-4c86-b8e2-c06e863f6267',
  'buyer_id' => '2088222633344140',
  'invoice_amount' => '19.82',
  'notify_id' => '076d3037c2d88866ef725f3b6c97827h4d',
  'fund_bill_list' => '[{"amount":"19.82","fundChannel":"PCREDIT"},{"amount":"0.18","fundChannel":"DISCOUNT"}]',
  'notify_type' => 'trade_status_sync',
  'trade_status' => 'TRADE_SUCCESS',
  'receipt_amount' => '20.00',
  'app_id' => '2017021605702899',
  'buyer_pay_amount' => '19.82',
  'sign_type' => 'RSA2',
  'seller_id' => '2088221931936835',
  'gmt_payment' => '2017-11-03 00:24:30',
  'notify_time' => '2017-11-03 00:24:30',
  'version' => '1.0',
  'out_trade_no' => '6c01e63762cb45b08f7e5afcfa8776e7',
  'total_amount' => '20.00',
  'trade_no' => '2017110321001004145375458417',
  'auth_app_id' => '2017021605702899',
  'buyer_logon_id' => '181****5881',
  'point_amount' => '0.18',
)
[2017-11-03 00:25:02][58.251.80.53][INFO]微信支付 成功:回调信息是:array (
  'appid' => 'wxcb8a76fe730b5964',
  'attach' => 'c9e4da6a-44c4-487a-97c2-028c268b334d',
  'bank_type' => 'CFT',
  'cash_fee' => '2000',
  'fee_type' => 'CNY',
  'is_subscribe' => 'N',
  'mch_id' => '1352470102',
  'nonce_str' => 'z50qo7rl7vfe5vwpeiv804foc7v6vwfa',
  'openid' => 'oFqowwOCSZLFO7npIuCT6jRIsXoI',
  'out_trade_no' => '758cf22d0b5e48d4b97fa5c77fdcf847',
  'result_code' => 'SUCCESS',
  'return_code' => 'SUCCESS',
  'sign' => 'CAD16BD74E50839F1AE30C173F19180B',
  'time_end' => '20171103002501',
  'total_fee' => '2000',
  'trade_type' => 'NATIVE',
  'transaction_id' => '4200000016201711032051791099',
)
[2017-11-03 00:26:07][203.209.226.52][INFO]支付宝支付 :回调信息是:array (
  'gmt_create' => '2017-11-03 00:26:07',
  'charset' => 'utf-8',
  'seller_email' => 'qiyue@pp158.com',
  'notify_time' => '2017-11-03 00:26:07',
  'subject' => 'pp游戏账单支付',
  'sign' => 'LWA7zykLlG3yV4Hv7toA053jNGKNN3fYYtmVGnhTaksqiQpfY29TJcDu53kB5pIdpNezwKWgcMUwgRRJfFbrTxSTYm33bQ81jX9grSwp1M4GJRh0qOedsJyY1YawiroKpGquLqQKq/WY1yZwcvTUIxOd+IGISblCEx8MKc/+Uea61pXmyBKXMveixd3j114AI6ZGsRIuJxMvDVbHLtmCMQRRLIVQI44/jREuXsFA2Eil+bOuvt+XOZJJ+JZNszQUQ2RQVkOlg0l4jvbGpwyWXGrY2S+ulRSkw6vZ+GjDHpwHAgHQ2KSt2yOLEMmQ1nRiYUvveP/xMPeUMuQkeh9/1Q==',
  'body' => '5a9f8716-2ce2-438b-853a-d9b6f83a60ee',
  'buyer_id' => '2088612518808319',
  'version' => '1.0',
  'notify_id' => '5ee6c9b7267c4ac386088309ca66eb6ifk',
  'notify_type' => 'trade_status_sync',
  'out_trade_no' => '74c6a08e3130489a8fa9d5c1a7d8c10f',
  'total_amount' => '20.00',
  'trade_status' => 'WAIT_BUYER_PAY',
  'trade_no' => '2017110321001004315294202268',
  'auth_app_id' => '2017021605702899',
  'buyer_logon_id' => '135****5791',
  'app_id' => '2017021605702899',
  'sign_type' => 'RSA2',
  'seller_id' => '2088221931936835',
)
[2017-11-03 00:26:10][203.209.232.96][INFO]支付宝支付 :回调信息是:array (
  'gmt_create' => '2017-11-03 00:26:10',
  'charset' => 'utf-8',
  'seller_email' => 'qiyue@pp158.com',
  'notify_time' => '2017-11-03 00:26:10',
  'subject' => 'pp游戏账单支付',
  'sign' => 'XBQ6E04KFsTaIpkAb8qXN1p4YJ18yqR2cgnxQtacFCdfR5x4yh9tBKs0/gY93vtzkwKNnM9rrGZaaf1aUg2JV1rPxZDSkkjsrln21y6gZw5cDVvLoD54nniIUmfOJafArBsy79nmWKiAnfSeBxrE633tz0957EVHLnu6Dy0KxbcWSsASfwM2mJaIB5pnfttCHO+j5K3e2wfp648lh1X874STSpujNPfQxIqfB2VBRP0ffCvOmzrb6fGhY4EFB7SwueDJwMwSW8EilHzjC+76K4gFyBSjmtvw0I43fi0zbyoA1h/a/mgX6rPojVIeXZiEByqy1QEQ66ZbUyvA+MTlqg==',
  'body' => '41779d89-b52b-4fe9-9e05-cad43762bb5e',
  'buyer_id' => '2088612541970065',
  'version' => '1.0',
  'notify_id' => '7308fb749af68cfb726c4cf463809d2gi5',
  'notify_type' => 'trade_status_sync',
  'out_trade_no' => '5bba620b9db3476593975e189202f3d5',
  'total_amount' => '100.00',
  'trade_status' => 'WAIT_BUYER_PAY',
  'trade_no' => '2017110321001004065307985448',
  'auth_app_id' => '2017021605702899',
  'buyer_logon_id' => '135****9794',
  'app_id' => '2017021605702899',
  'sign_type' => 'RSA2',
  'seller_id' => '2088221931936835',
)
[2017-11-03 00:26:13][203.209.226.246][INFO]支付宝支付 成功:回调信息是:array (
  'gmt_create' => '2017-11-03 00:26:07',
  'charset' => 'utf-8',
  'seller_email' => 'qiyue@pp158.com',
  'subject' => 'pp游戏账单支付',
  'sign' => 'I/mwpuWjmWSOh6bWZ6dAlmsECZPlB2zUelnJLGHaYchIfQWydOIP/YhQQJ/EeN9zvfcSV0IfnAW2JIW7XxWm/aC1jBcwzMrd/TLhNneSfGapMqcBkmS+VF1tN0BRepz+Vf//+8ZPFWvVtiFIaLu5wCMAWcYCqkVDJGZ5RD7pawCYOQkg/bbuGYWZHzFYILCBMtjEsfvtdIcZnoeaAEsaKxo81Z2o/Gj4OhMcXCIu7DCts1lwLEcS4P3TRtSSP8DTIAOwTGlW9O4lMcbIBiviBW1GXn+I4EAFr82J6l+eqwx00ffFOpOyCg1KMbnRVv22RDMYfrwNjxnVcndIHiyClg==',
  'body' => '5a9f8716-2ce2-438b-853a-d9b6f83a60ee',
  'buyer_id' => '2088612518808319',
  'invoice_amount' => '20.00',
  'notify_id' => '33504947f080f886a590c6cfe99024bifk',
  'fund_bill_list' => '[{"amount":"20.00","fundChannel":"PCREDIT"}]',
  'notify_type' => 'trade_status_sync',
  'trade_status' => 'TRADE_SUCCESS',
  'receipt_amount' => '20.00',
  'app_id' => '2017021605702899',
  'buyer_pay_amount' => '20.00',
  'sign_type' => 'RSA2',
  'seller_id' => '2088221931936835',
  'gmt_payment' => '2017-11-03 00:26:13',
  'notify_time' => '2017-11-03 00:26:13',
  'version' => '1.0',
  'out_trade_no' => '74c6a08e3130489a8fa9d5c1a7d8c10f',
  'total_amount' => '20.00',
  'trade_no' => '2017110321001004315294202268',
  'auth_app_id' => '2017021605702899',
  'buyer_logon_id' => '135****5791',
  'point_amount' => '0.00',
)
[2017-11-03 00:26:18][203.209.232.202][INFO]支付宝支付 成功:回调信息是:array (
  'gmt_create' => '2017-11-03 00:26:10',
  'charset' => 'utf-8',
  'seller_email' => 'qiyue@pp158.com',
  'subject' => 'pp游戏账单支付',
  'sign' => 'PQ3wTy4cKkOdLsOMGudi+wJkwJ2qS5JL0wuUe1NVZEM/2AOZtd36Pd1UY4yYR3E/uXQr6ZZQVP6HTs5ZCL1K6PUGvw0pn/HyW/G5MlWacI37M2ipfmwgWfNFzCfRZcUV+mA+dUSqwXjI54LAyCbnkfewvsO82rkvngVlrNLk8BNLmPsrfVK/qCLXGcZHdmHcso7KekseqpU0c10Kwru3Pj6wQ80jPQJ1VaCDADzlBTy4Z5pFGsEQ2idyCEfLduwrzG8qXFcWDNWE0xx7meM+swju7ss1B7kTi5YGCLIYC1rvZ8RVgNW7OAdDL3d0SW7dT7A+asStwZi24ZduzeiZOA==',
  'body' => '41779d89-b52b-4fe9-9e05-cad43762bb5e',
  'buyer_id' => '2088612541970065',
  'invoice_amount' => '100.00',
  'notify_id' => 'e3b409b4e59bdd1e3f758a542c269d1gi5',
  'fund_bill_list' => '[{"amount":"100.00","fundChannel":"ALIPAYACCOUNT"}]',
  'notify_type' => 'trade_status_sync',
  'trade_status' => 'TRADE_SUCCESS',
  'receipt_amount' => '100.00',
  'app_id' => '2017021605702899',
  'buyer_pay_amount' => '100.00',
  'sign_type' => 'RSA2',
  'seller_id' => '2088221931936835',
  'gmt_payment' => '2017-11-03 00:26:18',
  'notify_time' => '2017-11-03 00:26:18',
  'version' => '1.0',
  'out_trade_no' => '5bba620b9db3476593975e189202f3d5',
  'total_amount' => '100.00',
  'trade_no' => '2017110321001004065307985448',
  'auth_app_id' => '2017021605702899',
  'buyer_logon_id' => '135****9794',
  'point_amount' => '0.00',
)
[2017-11-03 00:26:51][58.251.80.56][INFO]微信支付 成功:回调信息是:array (
  'appid' => 'wxcb8a76fe730b5964',
  'attach' => 'c0d9c5f5-ac9c-496d-ad7a-ed319d538ab2',
  'bank_type' => 'ZZB_DEBIT',
  'cash_fee' => '1800',
  'fee_type' => 'CNY',
  'is_subscribe' => 'N',
  'mch_id' => '1352470102',
  'nonce_str' => 'huyd33n0ye6xaupd2gajft1b7w9rcevd',
  'openid' => 'oFqowwHfT6tTcTovLhzRMzyICxKg',
  'out_trade_no' => '99a05c2ce4344c9fa905d523c2957102',
  'result_code' => 'SUCCESS',
  'return_code' => 'SUCCESS',
  'sign' => '969D4E8BBE1990AC8D897B92CB6BBBD5',
  'time_end' => '20171103002650',
  'total_fee' => '1800',
  'trade_type' => 'JSAPI',
  'transaction_id' => '4200000017201711032051833468',
)
[2017-11-03 00:28:29][203.209.232.63][INFO]支付宝支付 :回调信息是:array (
  'gmt_create' => '2017-11-03 00:28:29',
  'charset' => 'utf-8',
  'seller_email' => 'qiyue@pp158.com',
  'notify_time' => '2017-11-03 00:28:29',
  'subject' => 'pp游戏账单支付',
  'sign' => 'DQUxFqKou0ULfxzPs+r8iiVXPG9FyWHXQs/SbZAgwDkdHDLt7ExtDdnUgGYjcOkaLOsshm7BXZPKZ8lVQzL+2OLE4IIAo4vKh+kJnf4UDuxNV7mapDaakTp/5Wf6nyb00fv1RhEfVk9NW5/MAHfeo6L3A9iDMPmmDeuOl1pL3wRRWaMKabhe5Ysxk77gx1+//QhnBx8vr5+f/z3sKQaKySuofg7pTfkkqMHpkeBfjUTq/O6PeXENub5IhLIjIM3jOl56TNVv2k1TArGc5DkxvE4y/u70C7UHQ/OmHn4MiNWyN/dKzXJRTyrfLd/TTsVJ8kP0EOB1hZmiIJTKlx8C8A==',
  'body' => '41779d89-b52b-4fe9-9e05-cad43762bb5e',
  'buyer_id' => '2088612541970065',
  'version' => '1.0',
  'notify_id' => '09ae7e6b7bb4730b42c664a2e2e4646gi5',
  'notify_type' => 'trade_status_sync',
  'out_trade_no' => 'a5e8f9b9d36c42f18d3a1ae520be3369',
  'total_amount' => '100.00',
  'trade_status' => 'WAIT_BUYER_PAY',
  'trade_no' => '2017110321001004065322938957',
  'auth_app_id' => '2017021605702899',
  'buyer_logon_id' => '135****9794',
  'app_id' => '2017021605702899',
  'sign_type' => 'RSA2',
  'seller_id' => '2088221931936835',
)
[2017-11-03 00:28:50][203.209.232.143][INFO]支付宝支付 成功:回调信息是:array (
  'gmt_create' => '2017-11-03 00:28:29',
  'charset' => 'utf-8',
  'seller_email' => 'qiyue@pp158.com',
  'subject' => 'pp游戏账单支付',
  'sign' => 'OPqRESF0M00AsVCdz0DRNnjK4WcDVvknVXPExTY9KUi40qdpJxU+IwYQ8jYp3KyHTi85oiJK0pHq3yNXLYd9skC6yZZchUf3wg51SbD8JuMiAf7QYOgepMi8TwNZWUlK3ShW+qxQudEwjWZ63INPIh6+OFCFfJQN2EvAn++4KYULXZia1QlJM5KD35Bc5GScI/HCbET6yJOOpwOhisr30GJ8H6tUUCe0g5uqae5SIhbyDYLCe6Cz6gLxjpa6IwjRhCZP/7LtlnAyW6C+6Nzatu1bmgetFYtTN+kTa4StsPYPs+LRnmWlkr1Prnr63GmGKdufkWgXTTxXkjGbOEN+tw==',
  'body' => '41779d89-b52b-4fe9-9e05-cad43762bb5e',
  'buyer_id' => '2088612541970065',
  'invoice_amount' => '100.00',
  'notify_id' => 'b249e25df2e161ef3a1ff48b424914egi5',
  'fund_bill_list' => '[{"amount":"100.00","fundChannel":"ALIPAYACCOUNT"}]',
  'notify_type' => 'trade_status_sync',
  'trade_status' => 'TRADE_SUCCESS',
  'receipt_amount' => '100.00',
  'app_id' => '2017021605702899',
  'buyer_pay_amount' => '100.00',
  'sign_type' => 'RSA2',
  'seller_id' => '2088221931936835',
  'gmt_payment' => '2017-11-03 00:28:49',
  'notify_time' => '2017-11-03 00:28:49',
  'version' => '1.0',
  'out_trade_no' => 'a5e8f9b9d36c42f18d3a1ae520be3369',
  'total_amount' => '100.00',
  'trade_no' => '2017110321001004065322938957',
  'auth_app_id' => '2017021605702899',
  'buyer_logon_id' => '135****9794',
  'point_amount' => '0.00',
)
[2017-11-03 00:31:50][203.209.234.104][INFO]支付宝支付 :回调信息是:array (
  'gmt_create' => '2017-11-03 00:31:50',
  'charset' => 'utf-8',
  'seller_email' => 'qiyue@pp158.com',
  'notify_time' => '2017-11-03 00:31:50',
  'subject' => 'pp游戏账单支付',
  'sign' => 'HSL1dAj5b052NwuxfHoDyoqqEr/MjeH+F64vZwVdLRsAYorzV6cDvrQP2iN0Y/H1kzgAOgWW8PsVOQ8A2agHTBzpLzSZjKlFxnBglx6/wQ2mz00yG8uwDBDrYPBNPFS6T8WIlMOW04ZywuwVxjE27qMrB3BPX1Yj8Pp9M984Q/Z3twEjw1cNgFkiu7fHpcE0OqCq46mnawYSBXOmN7Sv7XJYvnuwKy8P0lz2wAu/MpBPkp+kulf0IRAR2eEjlGQl7pc30mK2RS/xGhGaVsNmpUITxLewKGo46dWZxs8j99U9K0yTM7cCNcbl9OcqPG7gMKjVE9xLEi6/RJ+ume+5UQ==',
  'body' => '77ac26fb-ed85-4448-b12f-9984618c7b78',
  'buyer_id' => '2088422219395883',
  'version' => '1.0',
  'notify_id' => '0ece850835bf995b237ad82f5284c42msj',
  'notify_type' => 'trade_status_sync',
  'out_trade_no' => 'f9a5562c86c047db92926d303ae42bce',
  'total_amount' => '20.00',
  'trade_status' => 'WAIT_BUYER_PAY',
  'trade_no' => '2017110321001004880327768007',
  'auth_app_id' => '2017021605702899',
  'buyer_logon_id' => '150****1154',
  'app_id' => '2017021605702899',
  'sign_type' => 'RSA2',
  'seller_id' => '2088221931936835',
)
[2017-11-03 00:31:57][203.209.234.220][INFO]支付宝支付 成功:回调信息是:array (
  'gmt_create' => '2017-11-03 00:31:50',
  'charset' => 'utf-8',
  'seller_email' => 'qiyue@pp158.com',
  'subject' => 'pp游戏账单支付',
  'sign' => 'JVgtVZA6dDDZB5M/EPaMD/P1b+IcXZF2fK2rMRAsTIlC0olbOa4C8+nUghAnt+kM48y3JsoZxJIRY5iei9CQW26dwuG1S3FoXpBKSoULZsmvVFmEcQxzEwm4NACEg0GQrltAunN7hAwU63fqbjYWROBtEOl8DrM4qCwO9TwNtpK+J5axqLcWONWVCVh4izGKNM4khbq6bczwNOjIub5GyIuf91vXgI9Aylt0EjR97EvqntKSlZ/auKpjaadyjeJCc2Gc2NKrqOIpDGW3dmWxE6khpXTBWPNy2JjT3L65XaGvX7vUFYVULJdrhmTQfKPolhqy7yPfIZvGS4Tbr0CuvA==',
  'body' => '77ac26fb-ed85-4448-b12f-9984618c7b78',
  'buyer_id' => '2088422219395883',
  'invoice_amount' => '19.06',
  'notify_id' => '19943be82205ddccaa97b1d103b4de1msj',
  'fund_bill_list' => '[{"amount":"19.06","fundChannel":"PCREDIT"},{"amount":"0.94","fundChannel":"DISCOUNT"}]',
  'notify_type' => 'trade_status_sync',
  'trade_status' => 'TRADE_SUCCESS',
  'receipt_amount' => '20.00',
  'app_id' => '2017021605702899',
  'buyer_pay_amount' => '19.06',
  'sign_type' => 'RSA2',
  'seller_id' => '2088221931936835',
  'gmt_payment' => '2017-11-03 00:31:56',
  'notify_time' => '2017-11-03 00:31:57',
  'version' => '1.0',
  'out_trade_no' => 'f9a5562c86c047db92926d303ae42bce',
  'total_amount' => '20.00',
  'trade_no' => '2017110321001004880327768007',
  'auth_app_id' => '2017021605702899',
  'buyer_logon_id' => '150****1154',
  'point_amount' => '0.94',
)
[2017-11-03 00:33:41][140.207.54.74][INFO]微信支付 成功:回调信息是:array (
  'appid' => 'wxcb8a76fe730b5964',
  'attach' => 'b6898dae-348c-4375-992c-4608d3356a3c',
  'bank_type' => 'CFT',
  'cash_fee' => '500',
  'fee_type' => 'CNY',
  'is_subscribe' => 'N',
  'mch_id' => '1352470102',
  'nonce_str' => 'tzdrwzfcrl57m98auai3ws4ur66beygt',
  'openid' => 'oFqowwF1QpBrHOu98DnijEg5hGoU',
  'out_trade_no' => 'a695a99c753d4f8dbb3d21970c64ed9d',
  'result_code' => 'SUCCESS',
  'return_code' => 'SUCCESS',
  'sign' => 'C73F17330851D2F6B7510936C9EC3FB9',
  'time_end' => '20171103003341',
  'total_fee' => '500',
  'trade_type' => 'NATIVE',
  'transaction_id' => '4200000017201711032051985332',
)
[2017-11-03 00:34:39][203.209.234.87][INFO]支付宝支付 :回调信息是:array (
  'gmt_create' => '2017-11-03 00:34:39',
  'charset' => 'utf-8',
  'seller_email' => 'qiyue@pp158.com',
  'notify_time' => '2017-11-03 00:34:39',
  'subject' => 'pp游戏账单支付',
  'sign' => 'QNOuMEW0b2DrdR0tE9YbyILJb9I1y75yKn0kYzbEaIjlpiJ3+vxw0VmisIhgHBidYyGDZrL+WrNudElg23aVXAbgbHwc+E4fCTnnzKyHYaMHF0um0ucy/9kuzenim6B/xm0z7UEVQEdPSPrFZkhXXrLpLkB22oOTNl/gR8lNWsTJvDk4bpsqocK4+PvCCeQ1yl62loZHFDhavPWJpZag6d35pn0Xc6TBz5f1yAt/MUNocxOKQXRNzwZWjXujQdfCGuDJFkuY2Lvprq+hNobmB4NZitXwG846ZU5wHYHVJrx7DpYXzhzThPjkRUzHsDTDBvoOtiIEL+gp4t13Eho5CQ==',
  'body' => '77ac26fb-ed85-4448-b12f-9984618c7b78',
  'buyer_id' => '2088422219395883',
  'version' => '1.0',
  'notify_id' => 'a1755f6fcd6d14241df1bfe79ac1abdmsj',
  'notify_type' => 'trade_status_sync',
  'out_trade_no' => '9d49d8e891484387b45d9ea47ca72005',
  'total_amount' => '20.00',
  'trade_status' => 'WAIT_BUYER_PAY',
  'trade_no' => '2017110321001004880327848488',
  'auth_app_id' => '2017021605702899',
  'buyer_logon_id' => '150****1154',
  'app_id' => '2017021605702899',
  'sign_type' => 'RSA2',
  'seller_id' => '2088221931936835',
)
[2017-11-03 00:34:43][203.209.234.227][INFO]支付宝支付 成功:回调信息是:array (
  'gmt_create' => '2017-11-03 00:34:39',
  'charset' => 'utf-8',
  'seller_email' => 'qiyue@pp158.com',
  'subject' => 'pp游戏账单支付',
  'sign' => 'c0ovSqaZwz5Sg9h3GydIpqLr76p6LP2+xc2zPG7XgknoIxDW0bsZGCQlNF9GMgUG4sOju94UHZ+x81k0gIiP0aKMqhGLTGG5kp8qM8mhukFkx8fbfst+4/+fc993qDxoKKJSNb/f9ke+7z8kHbusV322MfIdESWJcP8B6X7oudo2JsXtUbSwPTniqPHHwjppgrpwbwxe2Gqyq40+IFTyCvZT2WMYUsyh9712McjMFHaQwk9tD4f/b+li6S/QOvpDHr5tEXm4N2wHSybjcOZos3LcG8qJJVmI97thIIcF1HP5Q01ZhlzP51N6L2iWIwtHbPTipQpJo71yNqXlmSIPMg==',
  'body' => '77ac26fb-ed85-4448-b12f-9984618c7b78',
  'buyer_id' => '2088422219395883',
  'invoice_amount' => '20.00',
  'notify_id' => 'a024ce6f065f49d5ba2febe1367a002msj',
  'fund_bill_list' => '[{"amount":"20.00","fundChannel":"PCREDIT"}]',
  'notify_type' => 'trade_status_sync',
  'trade_status' => 'TRADE_SUCCESS',
  'receipt_amount' => '20.00',
  'app_id' => '2017021605702899',
  'buyer_pay_amount' => '20.00',
  'sign_type' => 'RSA2',
  'seller_id' => '2088221931936835',
  'gmt_payment' => '2017-11-03 00:34:43',
  'notify_time' => '2017-11-03 00:34:43',
  'version' => '1.0',
  'out_trade_no' => '9d49d8e891484387b45d9ea47ca72005',
  'total_amount' => '20.00',
  'trade_no' => '2017110321001004880327848488',
  'auth_app_id' => '2017021605702899',
  'buyer_logon_id' => '150****1154',
  'point_amount' => '0.00',
)
[2017-11-03 00:35:37][203.209.234.30][INFO]支付宝支付 :回调信息是:array (
  'gmt_create' => '2017-11-03 00:35:37',
  'charset' => 'utf-8',
  'seller_email' => 'qiyue@pp158.com',
  'notify_time' => '2017-11-03 00:35:37',
  'subject' => 'pp游戏账单支付',
  'sign' => 'ZjWuGFJNd6ktNbsA5hsG7OizES59Fr71pWoRwFC4TO8zcMR1HhQXo9ZphElGYaZf5/bjP7hn5LBzlQvbohgbBbPpxkZdEpMS76fFlNRvCEIg7BEE6v92Y68L0Rg2VUJa3OyUI3gzofumRza5F2gfHE9//oTgBztlyS3zzFj3BbZOz+mrZd6+EoRYZSfiup/aiYkwJxnIxjC5jR7BAhkgUlfTMFoo2sQZ11n4B3JXFcTKgarTUkYF1M+dGvYqHOTkyqmtMpMNMkJH1iLrw02s7QmhFNd0P8xs4pcz8gy2KeeMbcUSZfGyuVzcJrZM3qlp+1P0LwFo9HLaBWMVLmfjgg==',
  'body' => '77ac26fb-ed85-4448-b12f-9984618c7b78',
  'buyer_id' => '2088422219395883',
  'version' => '1.0',
  'notify_id' => 'd07545adcd0353fa430af936877fd3dmsj',
  'notify_type' => 'trade_status_sync',
  'out_trade_no' => '6182dbfced8542a6ac3c48e2d713c04f',
  'total_amount' => '20.00',
  'trade_status' => 'WAIT_BUYER_PAY',
  'trade_no' => '2017110321001004880327747608',
  'auth_app_id' => '2017021605702899',
  'buyer_logon_id' => '150****1154',
  'app_id' => '2017021605702899',
  'sign_type' => 'RSA2',
  'seller_id' => '2088221931936835',
)
[2017-11-03 00:35:42][203.209.234.183][INFO]支付宝支付 成功:回调信息是:array (
  'gmt_create' => '2017-11-03 00:35:37',
  'charset' => 'utf-8',
  'seller_email' => 'qiyue@pp158.com',
  'subject' => 'pp游戏账单支付',
  'sign' => 'gc7tVpWjjHohKyzH88JYMLbRY4Z/dhElhY7AEZGV0P1+c9LNjMgXauU/oBJxRyJsOp7hVpHoyoOb6deUjPnjFe5FqHiSVF81bRUeRHhFqoGSJy9t+Yba7i+lle1J4qnJNphj7ezVJkxvZIaI0yGMhHinSGPPkaQiNd55Bx34n2n/cX+1Hsr6tYZnQIAyByerj3s7Rvj50hxp/mRDPDBfxHyUoSGCtUd2/LHD1FUqH6cDaBjoNxhCD2/idGo+Pya5DMOhF3JuZ//ifFRMBBsfFe2zJSvRseOe2cgjlvsdoQXDi0JVk4eVPlA5XFVO5axwP/jVdaEbZaSwCf+6r83e5Q==',
  'body' => '77ac26fb-ed85-4448-b12f-9984618c7b78',
  'buyer_id' => '2088422219395883',
  'invoice_amount' => '20.00',
  'notify_id' => '6d2d808d081cac3c05227c66ac6de79msj',
  'fund_bill_list' => '[{"amount":"20.00","fundChannel":"PCREDIT"}]',
  'notify_type' => 'trade_status_sync',
  'trade_status' => 'TRADE_SUCCESS',
  'receipt_amount' => '20.00',
  'app_id' => '2017021605702899',
  'buyer_pay_amount' => '20.00',
  'sign_type' => 'RSA2',
  'seller_id' => '2088221931936835',
  'gmt_payment' => '2017-11-03 00:35:42',
  'notify_time' => '2017-11-03 00:35:42',
  'version' => '1.0',
  'out_trade_no' => '6182dbfced8542a6ac3c48e2d713c04f',
  'total_amount' => '20.00',
  'trade_no' => '2017110321001004880327747608',
  'auth_app_id' => '2017021605702899',
  'buyer_logon_id' => '150****1154',
  'point_amount' => '0.00',
)
[2017-11-03 00:36:21][203.209.234.87][INFO]支付宝支付 :回调信息是:array (
  'gmt_create' => '2017-11-03 00:36:20',
  'charset' => 'utf-8',
  'seller_email' => 'qiyue@pp158.com',
  'notify_time' => '2017-11-03 00:36:20',
  'subject' => 'pp游戏账单支付',
  'sign' => 'Z8vtm+02stcWhL7VJdPMXAosUb1a+2WcIVqLhTSEHTxqiO37Vv6Z2TD6KFDM1G+oFjCrfqBJ4bAn7c3cnW8hCSrvujo2xXt05/8PwqB1hQgW3XqX0q1pwBfm5K+J2Qvglwxcg75tyFziwOCllVLr7e9TB2UpoSoIp1PxIeQVoRmL/C6Yq3SjlaWDOBtNyn6/j00ARhHRFTIdDrBex8nT3OgbHLroMfwOEHGydIatknJTp0BD6kcfXNmVpG3ddGCWLYrKw7mep2uHaQxk94xXEKZtnPNBEJp8ADWDJrz2gkEv5euHbsRl/rg0g6mhxC8haBTUJDj3i12Erfcl2B6GBw==',
  'body' => '77ac26fb-ed85-4448-b12f-9984618c7b78',
  'buyer_id' => '2088422219395883',
  'version' => '1.0',
  'notify_id' => 'f2851633aff274c5f73949b239456ecmsj',
  'notify_type' => 'trade_status_sync',
  'out_trade_no' => 'bc48e81f9c754fb5983ce066b4ced9ad',
  'total_amount' => '20.00',
  'trade_status' => 'WAIT_BUYER_PAY',
  'trade_no' => '2017110321001004880327778003',
  'auth_app_id' => '2017021605702899',
  'buyer_logon_id' => '150****1154',
  'app_id' => '2017021605702899',
  'sign_type' => 'RSA2',
  'seller_id' => '2088221931936835',
)
[2017-11-03 00:36:25][203.209.234.105][INFO]支付宝支付 成功:回调信息是:array (
  'gmt_create' => '2017-11-03 00:36:20',
  'charset' => 'utf-8',
  'seller_email' => 'qiyue@pp158.com',
  'subject' => 'pp游戏账单支付',
  'sign' => 'WrxEdGlClCKaPZfpLqy5F3qR9UlHDb6Xw0o6bcg9sVQ0/HOHQDx01Cuf8zuRv9aqRrMuDh9HN+atcF1U+hYLXhjxDQNBUmw2XLtNSLtXsrfNkJ9E59Wekcs3hW40C/+fKuFp8bAONd0w2914JBPpuBdLEnvKX4kShiHIhbAqItuuef4Z/BEsWsdkICLmLyz78YJPSa3mGYHmtBcHU2eviPcupZQM3NlQCgkCP3h+cMuSZoolW3fB9sg5FCiX17cdchRrj90upPaP0V3UeitGu5R3TdfP7l+i+9jCh5CSRM0fJ69me54PUGOQ0vJ1hO6dfMsh7ePAWHicymfXjBVaWw==',
  'body' => '77ac26fb-ed85-4448-b12f-9984618c7b78',
  'buyer_id' => '2088422219395883',
  'invoice_amount' => '20.00',
  'notify_id' => 'fd29f595dadc76116f6bd2c870a3debmsj',
  'fund_bill_list' => '[{"amount":"20.00","fundChannel":"PCREDIT"}]',
  'notify_type' => 'trade_status_sync',
  'trade_status' => 'TRADE_SUCCESS',
  'receipt_amount' => '20.00',
  'app_id' => '2017021605702899',
  'buyer_pay_amount' => '20.00',
  'sign_type' => 'RSA2',
  'seller_id' => '2088221931936835',
  'gmt_payment' => '2017-11-03 00:36:25',
  'notify_time' => '2017-11-03 00:36:25',
  'version' => '1.0',
  'out_trade_no' => 'bc48e81f9c754fb5983ce066b4ced9ad',
  'total_amount' => '20.00',
  'trade_no' => '2017110321001004880327778003',
  'auth_app_id' => '2017021605702899',
  'buyer_logon_id' => '150****1154',
  'point_amount' => '0.00',
)
[2017-11-03 00:37:15][203.209.232.200][INFO]支付宝支付 :回调信息是:array (
  'gmt_create' => '2017-11-03 00:37:15',
  'charset' => 'utf-8',
  'seller_email' => 'qiyue@pp158.com',
  'notify_time' => '2017-11-03 00:37:15',
  'subject' => 'pp游戏账单支付',
  'sign' => 'fhWN8+uM19sNQLCYsB0Q6AYe1Ds9No75jATWzHSIMFedrF1fNIO7uSLDoqOpHlD7jQFkcDFbWaWRk4diT9xxnAVxaOjqGEzlDO/6Aj0l7xp1WSUvTHcCph2oo/yQZKKFQiG2umNeevWXmZiZZEwUo0wxy/g4MLVYbG7gc5WD79wz4cqkdZpOAIHtQJs6Cb6iddcPGJUuF/EQ2oCuvdTlAW8zQml/3WfVC+dRe0wYC9MkOnytB1x4q7X/7BdY8yNt6aESJ0D7LHPxhOdokIuL6RNZSzpMKl6KdR7h9sIE9RCQJ8DnhNMByisg28T+06AiiViM6if2qaExTwsLDX+RLA==',
  'body' => 'c0d9c5f5-ac9c-496d-ad7a-ed319d538ab2',
  'buyer_id' => '2088122432277015',
  'version' => '1.0',
  'notify_id' => '138a156fff50db70f6d04e396521a20g49',
  'notify_type' => 'trade_status_sync',
  'out_trade_no' => 'a374cb1c2d97453f84c6d2af1d04b46c',
  'total_amount' => '500.00',
  'trade_status' => 'WAIT_BUYER_PAY',
  'trade_no' => '2017110321001004015320903921',
  'auth_app_id' => '2017021605702899',
  'buyer_logon_id' => '153****1255',
  'app_id' => '2017021605702899',
  'sign_type' => 'RSA2',
  'seller_id' => '2088221931936835',
)
[2017-11-03 00:37:21][203.209.232.201][INFO]支付宝支付 成功:回调信息是:array (
  'gmt_create' => '2017-11-03 00:37:15',
  'charset' => 'utf-8',
  'seller_email' => 'qiyue@pp158.com',
  'subject' => 'pp游戏账单支付',
  'sign' => 'C6H+We3yuHKJwmK4fbr3SzTOWhkA2hAEgdEzyD+hQtvblv1J8oz8UL0uCJt5lUvAHGdg3o81i8DtckiaICAO5QiW8D8/t3wMhDkuDtf1UbH978xLS9q8ie5/Lh1e7CSseGv+TuWncozn8SxlCJn++zLBfoh5/8Lh+K/RFqqS7FVIk/eXCNfZze/t7L5cpEUufKFKa45Ucy9sDDwgGc2tphqhmuWGda5j05AINKgvFIqfHTpIrjCflxauBprHLHF5nFiirDZaxVF2dd0sIw4WMYXj3dSKKuUMCp0BGM/TErnVQX93lg07bEgKDFPJBHzOc6UKoUg1ZteMkY0TYQ3loA==',
  'body' => 'c0d9c5f5-ac9c-496d-ad7a-ed319d538ab2',
  'buyer_id' => '2088122432277015',
  'invoice_amount' => '499.79',
  'notify_id' => '6798230466a3e183bedf6b753a7a492g49',
  'fund_bill_list' => '[{"amount":"499.79","fundChannel":"ALIPAYACCOUNT"},{"amount":"0.21","fundChannel":"DISCOUNT"}]',
  'notify_type' => 'trade_status_sync',
  'trade_status' => 'TRADE_SUCCESS',
  'receipt_amount' => '500.00',
  'app_id' => '2017021605702899',
  'buyer_pay_amount' => '499.79',
  'sign_type' => 'RSA2',
  'seller_id' => '2088221931936835',
  'gmt_payment' => '2017-11-03 00:37:21',
  'notify_time' => '2017-11-03 00:37:21',
  'version' => '1.0',
  'out_trade_no' => 'a374cb1c2d97453f84c6d2af1d04b46c',
  'total_amount' => '500.00',
  'trade_no' => '2017110321001004015320903921',
  'auth_app_id' => '2017021605702899',
  'buyer_logon_id' => '153****1255',
  'point_amount' => '0.21',
)
[2017-11-03 00:38:20][203.209.232.63][INFO]支付宝支付 :回调信息是:array (
  'gmt_create' => '2017-11-03 00:38:20',
  'charset' => 'utf-8',
  'seller_email' => 'qiyue@pp158.com',
  'notify_time' => '2017-11-03 00:38:20',
  'subject' => 'pp游戏账单支付',
  'sign' => 'T8yPkA07DYZ0jneCaRTpz+Na59WPfHwyu80a4TVsFI1Do12pasKfiD4uGoK+oLmgXVO+wm/sA4ySSuR5cUjmDgilCmrZihfc1p1zaG1eEbyUPoXfL44z1PLBl3YPpbosVxcnWB2FJtFXJvFhqg94QwFMPGrY8LROjoI/XR6n/f42jp7A+tFNBcgp51GfFi6f0t/VssMYN5tSwsXzK9sDHRU4OL8/xtBCzyBdpey47xEEnepJC9g66RWFm4Bo029txBWsz46ZHNSxBvU8AQm3Uf87n7idPdBSqi3GHpbzMErUEbkWLPfaWiefa7psnXgrEyACxBgPO9qA6BUtLQ8NIw==',
  'body' => '54ba0718-0982-42b7-8e49-79d0cd7ff9e3',
  'buyer_id' => '2088222633344140',
  'version' => '1.0',
  'notify_id' => '0b6b921a88fb88aa3a2d1e569534a03h4d',
  'notify_type' => 'trade_status_sync',
  'out_trade_no' => 'faeb40c0dff44d4b995d84adc9d05637',
  'total_amount' => '50.00',
  'trade_status' => 'WAIT_BUYER_PAY',
  'trade_no' => '2017110321001004145373672390',
  'auth_app_id' => '2017021605702899',
  'buyer_logon_id' => '181****5881',
  'app_id' => '2017021605702899',
  'sign_type' => 'RSA2',
  'seller_id' => '2088221931936835',
)
[2017-11-03 00:38:26][203.209.232.140][INFO]支付宝支付 :回调信息是:array (
  'gmt_create' => '2017-11-03 00:38:25',
  'charset' => 'utf-8',
  'seller_email' => 'qiyue@pp158.com',
  'notify_time' => '2017-11-03 00:38:26',
  'subject' => 'pp游戏账单支付',
  'sign' => 'TAKETOJRz3UXWpWPA3PeBuDbzFJL6iGhFFKfsss+FaKaVjC1pc2PNduXG1VcrZ9whBbjIPG/cGimJZ0Q4/3/Ld1vBNQa82ZF6L9NT9jBi3GNs+uZxXfiMDipB4QHuPeloVpUKnicGy399VcvQCUMyUmahyJ90zheioOYTGrSVVV+iO3gbFBfmq217qmksCFVjnUXd6gCm5eNPXDUbfeKNBSC7HmArbVsrfXjCuk7I7o657BLJO0D2F5DNZ8JTram1yQVCLjSrS+/5pOSsmY0PXmsTM/gaTOOZL7pV/RaU4uVXDi8bke6Bx3IjC3y9T8qj1SHk63nisISV6bUZIxIvg==',
  'body' => '41779d89-b52b-4fe9-9e05-cad43762bb5e',
  'buyer_id' => '2088612541970065',
  'version' => '1.0',
  'notify_id' => 'f85fbb067f056fbe90ae61f4a3c55b9gi5',
  'notify_type' => 'trade_status_sync',
  'out_trade_no' => '1e9a17c90a3d4c6685616844e9fec2d9',
  'total_amount' => '100.00',
  'trade_status' => 'WAIT_BUYER_PAY',
  'trade_no' => '2017110321001004065302683460',
  'auth_app_id' => '2017021605702899',
  'buyer_logon_id' => '135****9794',
  'app_id' => '2017021605702899',
  'sign_type' => 'RSA2',
  'seller_id' => '2088221931936835',
)
[2017-11-03 00:38:34][203.209.232.220][INFO]支付宝支付 成功:回调信息是:array (
  'gmt_create' => '2017-11-03 00:38:20',
  'charset' => 'utf-8',
  'seller_email' => 'qiyue@pp158.com',
  'subject' => 'pp游戏账单支付',
  'sign' => 'ICWzz4kmbOZsRfJ+VENxHTnkssDKarSwFfUU9xyznyLulNv/pd1zHqjLdghh3xgXu91pAKFewp1iwozwha6yVlhUk7AkAKL2gBd24oitGnbURopMrzjTCo0f5tyjO6VKQ9FkynARaBH2KLDFQkhS57TWPJ8rO2iUbkaoG2ulm/khAeivbHGaVF7ehp1Mj5Y94Fj3Ntcv38yMaaZ12jcgNJyEI0NN34ELKVnsnnhwE57GmrIVP8YanLHcduZtbisbJZ8GkGyaAknhJcWNBYQswtwvF4u8IDYzf2icCuwdYWZsWpsMQXiqg3u31YOz9v7+kOLYj7a7uIbinCF0Bk7kQA==',
  'body' => '54ba0718-0982-42b7-8e49-79d0cd7ff9e3',
  'buyer_id' => '2088222633344140',
  'invoice_amount' => '50.00',
  'notify_id' => '97d5dfb3c931ae0185cc53f4cbc4d48h4d',
  'fund_bill_list' => '[{"amount":"50.00","fundChannel":"PCREDIT"}]',
  'notify_type' => 'trade_status_sync',
  'trade_status' => 'TRADE_SUCCESS',
  'receipt_amount' => '50.00',
  'app_id' => '2017021605702899',
  'buyer_pay_amount' => '50.00',
  'sign_type' => 'RSA2',
  'seller_id' => '2088221931936835',
  'gmt_payment' => '2017-11-03 00:38:34',
  'notify_time' => '2017-11-03 00:38:34',
  'version' => '1.0',
  'out_trade_no' => 'faeb40c0dff44d4b995d84adc9d05637',
  'total_amount' => '50.00',
  'trade_no' => '2017110321001004145373672390',
  'auth_app_id' => '2017021605702899',
  'buyer_logon_id' => '181****5881',
  'point_amount' => '0.00',
)
[2017-11-03 00:38:42][203.209.232.144][INFO]支付宝支付 成功:回调信息是:array (
  'gmt_create' => '2017-11-03 00:38:25',
  'charset' => 'utf-8',
  'seller_email' => 'qiyue@pp158.com',
  'subject' => 'pp游戏账单支付',
  'sign' => 'dA/1H9fkReCRnVO/lBxw8lo0VvRZp+K0WJAQlwiFVK74i2JQi6uuxuxxKXgWpmzVhlbgo57lI2bd7tapQ1rrGmmzf27anWc+daMCxSovgg2bUbO4VhIFahDekhbFGSBZVAavrELQmAY7LrMpGgtjQU11bIGBwQK63Oog/fxCLw9SrhFOBdYSDe4s+lcK9x7WF9msofHexiBElVPMlTRBclOIpXc49ekdbTOpiDKy/91UgUE9BETT7Aov06IJz1dd02IbPwuIpPXjbNlacr2NmCKEe//W9UWfrbNsOf73QKG4usujvBmn5BxRFNXNbqGcC94+y84gd24+9/ixiXYG0w==',
  'body' => '41779d89-b52b-4fe9-9e05-cad43762bb5e',
  'buyer_id' => '2088612541970065',
  'invoice_amount' => '100.00',
  'notify_id' => 'fc6a079085ab3de8112d212475fb7b3gi5',
  'fund_bill_list' => '[{"amount":"100.00","fundChannel":"ALIPAYACCOUNT"}]',
  'notify_type' => 'trade_status_sync',
  'trade_status' => 'TRADE_SUCCESS',
  'receipt_amount' => '100.00',
  'app_id' => '2017021605702899',
  'buyer_pay_amount' => '100.00',
  'sign_type' => 'RSA2',
  'seller_id' => '2088221931936835',
  'gmt_payment' => '2017-11-03 00:38:42',
  'notify_time' => '2017-11-03 00:38:42',
  'version' => '1.0',
  'out_trade_no' => '1e9a17c90a3d4c6685616844e9fec2d9',
  'total_amount' => '100.00',
  'trade_no' => '2017110321001004065302683460',
  'auth_app_id' => '2017021605702899',
  'buyer_logon_id' => '135****9794',
  'point_amount' => '0.00',
)
[2017-11-03 00:41:55][140.207.54.76][INFO]微信支付 成功:回调信息是:array (
  'appid' => 'wxcb8a76fe730b5964',
  'attach' => '410bc69d-fb49-4df2-a1d1-8a5555cbaa4d',
  'bank_type' => 'CFT',
  'cash_fee' => '500',
  'fee_type' => 'CNY',
  'is_subscribe' => 'N',
  'mch_id' => '1352470102',
  'nonce_str' => 'e4shlqz303g9k34atvgtb3irhoap9oq6',
  'openid' => 'oFqowwCdUE8wuoyE8GnPhviperXA',
  'out_trade_no' => '383d879c2d6547f6940c7b1d05dec9b4',
  'result_code' => 'SUCCESS',
  'return_code' => 'SUCCESS',
  'sign' => 'AFF57DEA5924A7B79972945DE5982D14',
  'time_end' => '20171103004154',
  'total_fee' => '500',
  'trade_type' => 'NATIVE',
  'transaction_id' => '4200000023201711032053932955',
)
[2017-11-03 00:42:33][140.207.54.74][INFO]微信支付 成功:回调信息是:array (
  'appid' => 'wxcb8a76fe730b5964',
  'attach' => 'a4d86fae-155a-42f7-9b63-fd852ba900ed',
  'bank_type' => 'CCB_DEBIT',
  'cash_fee' => '2000',
  'fee_type' => 'CNY',
  'is_subscribe' => 'N',
  'mch_id' => '1352470102',
  'nonce_str' => 'g07hhcq8z8ytcc6wrswyuxt75f4qzyil',
  'openid' => 'oFqowwCPGjiP9Qs8TjkVf-sLYP5E',
  'out_trade_no' => 'e201a9f6248e438cb8dd78a4a1a03ba5',
  'result_code' => 'SUCCESS',
  'return_code' => 'SUCCESS',
  'sign' => 'BC857A0D49FB3FECE5D3D5FE05FA65FC',
  'time_end' => '20171103004233',
  'total_fee' => '2000',
  'trade_type' => 'NATIVE',
  'transaction_id' => '4200000008201711032056994257',
)
[2017-11-03 00:43:22][203.209.232.138][INFO]支付宝支付 :回调信息是:array (
  'gmt_create' => '2017-11-03 00:43:22',
  'charset' => 'utf-8',
  'seller_email' => 'qiyue@pp158.com',
  'notify_time' => '2017-11-03 00:43:22',
  'subject' => 'pp游戏账单支付',
  'sign' => 'I0MoDsg+jEy2ENu3yoTCQaj36ZE1QBDhtelu8MA3kwbAeuxaQk6jxjSrmW1wK2SQMqMygS5w2YvxW+9HWtAK/00GV0AmLIYkbEhc0LHhT2Rff48bnIXbC/SuhjRj90JzC8KWYw3Ryg+N4VWxERuCwKqMJeSA9ZlSfdpyx4OjQ1BQZiZUTp1SFxYuCToM4T1rnbgCpQ+m6qITQMusU3UWL9e4fGFHJ9OiZMkR+ztSNMMYCHmyaUR0nHtWXiCZQ826q77e48ZWW5wiULfsnh02VDqP7NlcaEH5DtSRdea8IM2HRQxeninPK4SAIBmsPBd0PgbOBeQeOMsVo7zx4sE0tA==',
  'body' => '41779d89-b52b-4fe9-9e05-cad43762bb5e',
  'buyer_id' => '2088612541970065',
  'version' => '1.0',
  'notify_id' => '2602f23e31d6ca77bfa0361fe3a0ebfgi5',
  'notify_type' => 'trade_status_sync',
  'out_trade_no' => 'ccfe84bfb763445a94da6c5da664be5e',
  'total_amount' => '100.00',
  'trade_status' => 'WAIT_BUYER_PAY',
  'trade_no' => '2017110321001004065307346045',
  'auth_app_id' => '2017021605702899',
  'buyer_logon_id' => '135****9794',
  'app_id' => '2017021605702899',
  'sign_type' => 'RSA2',
  'seller_id' => '2088221931936835',
)
[2017-11-03 00:43:29][203.209.232.128][INFO]支付宝支付 成功:回调信息是:array (
  'gmt_create' => '2017-11-03 00:43:22',
  'charset' => 'utf-8',
  'seller_email' => 'qiyue@pp158.com',
  'subject' => 'pp游戏账单支付',
  'sign' => 'K21Bho/MrXEZNUKPfd61m57F7noLxXNzE+HAn2lXq6qOSKArpmqANWGaL9yWJWK5EUV29mcSYDIwXVYPcwY1YEh/oVz2XzrCp7a7FblJ01jAoj8gZzifrWZYtf42pB2D82LNVXEUvgtyAfXeb8FhrpLz/lzoa65DcUHapw6qLf+b1O0eFyicxywP/YFo+pm6zK3Kl+lPtDbURJ6aa8i3hsJWuvuzL4ZOyHPLkoAt8ILwG/HCt0HURPtG2pBEU0ftvGQDQ3iCQkQ4IR+Y6QYNT6NQAdsPwTQW+gSpCzRtLSOJaXh6M7j8LX+kzILULKdTqQQbd5FCfK0kCfFtHZl7pw==',
  'body' => '41779d89-b52b-4fe9-9e05-cad43762bb5e',
  'buyer_id' => '2088612541970065',
  'invoice_amount' => '100.00',
  'notify_id' => '7f950d0d928303330c495b46e27af44gi5',
  'fund_bill_list' => '[{"amount":"100.00","fundChannel":"ALIPAYACCOUNT"}]',
  'notify_type' => 'trade_status_sync',
  'trade_status' => 'TRADE_SUCCESS',
  'receipt_amount' => '100.00',
  'app_id' => '2017021605702899',
  'buyer_pay_amount' => '100.00',
  'sign_type' => 'RSA2',
  'seller_id' => '2088221931936835',
  'gmt_payment' => '2017-11-03 00:43:29',
  'notify_time' => '2017-11-03 00:43:29',
  'version' => '1.0',
  'out_trade_no' => 'ccfe84bfb763445a94da6c5da664be5e',
  'total_amount' => '100.00',
  'trade_no' => '2017110321001004065307346045',
  'auth_app_id' => '2017021605702899',
  'buyer_logon_id' => '135****9794',
  'point_amount' => '0.00',
)
[2017-11-03 00:45:47][58.251.80.60][INFO]微信支付 成功:回调信息是:array (
  'appid' => 'wxcb8a76fe730b5964',
  'attach' => '410bc69d-fb49-4df2-a1d1-8a5555cbaa4d',
  'bank_type' => 'CFT',
  'cash_fee' => '500',
  'fee_type' => 'CNY',
  'is_subscribe' => 'Y',
  'mch_id' => '1352470102',
  'nonce_str' => '4ku75p2o04keuie0a38am9d1y3820l7v',
  'openid' => 'oFqowwCdUE8wuoyE8GnPhviperXA',
  'out_trade_no' => '335c902e4ce248ad864903cdc5d8089f',
  'result_code' => 'SUCCESS',
  'return_code' => 'SUCCESS',
  'sign' => '3DC258F93062B52FB96FFBD2E26275BA',
  'time_end' => '20171103004546',
  'total_fee' => '500',
  'trade_type' => 'NATIVE',
  'transaction_id' => '4200000006201711032054061421',
)
[2017-11-03 00:47:51][203.209.232.11][INFO]支付宝支付 :回调信息是:array (
  'gmt_create' => '2017-11-03 00:47:51',
  'charset' => 'utf-8',
  'seller_email' => 'qiyue@pp158.com',
  'notify_time' => '2017-11-03 00:47:51',
  'subject' => 'pp游戏账单支付',
  'sign' => 'GpQw5JClR6RlQHeXLoHrfyh3lc/XDJQAa+TUcH6J24rF5NvC5a6AQg4dIelNe7kwR/vGXdbr1DWnw4ZeJ8FXIsn+knHaE6FY5AQMB0W+3beWRjREJErHGwl4s8e/orXlGce+H77izd1kiv/ql5vGH1Zku4axnLstPhQrImsS2wWMI+gNqW7UXtZLziyf4bm7TRpJzUPmeDov6TysUppA88vr8+dlROtGLLpw1hoBVYxizxYj/IO2HEE5lADWy1nbBOTcYofDaq6AIR7oI83ZTXb+hU69EyLBszyKX2pNzBMGtYYVI8WkYnnDd6MMgd+uUYRqo+LP/B4boVUMFTLMxw==',
  'body' => '41779d89-b52b-4fe9-9e05-cad43762bb5e',
  'buyer_id' => '2088612541970065',
  'version' => '1.0',
  'notify_id' => '33c34fb639d6770878b7d59e1e796fagi5',
  'notify_type' => 'trade_status_sync',
  'out_trade_no' => '278c4c5f0e334119a418c518fa78e485',
  'total_amount' => '200.00',
  'trade_status' => 'WAIT_BUYER_PAY',
  'trade_no' => '2017110321001004065306058207',
  'auth_app_id' => '2017021605702899',
  'buyer_logon_id' => '135****9794',
  'app_id' => '2017021605702899',
  'sign_type' => 'RSA2',
  'seller_id' => '2088221931936835',
)
[2017-11-03 00:47:57][203.209.232.95][INFO]支付宝支付 成功:回调信息是:array (
  'gmt_create' => '2017-11-03 00:47:51',
  'charset' => 'utf-8',
  'seller_email' => 'qiyue@pp158.com',
  'subject' => 'pp游戏账单支付',
  'sign' => 'KV/hvymVuWoe1TvR6FEb0k8jZdACsd5JjG8+ezgYHIv9bMcuINkgkU76+vMo+dzX1fAdOtVhU96wtlMehwIv3dKeV0iliYhfybAIbsLPSAJqJvIfjN8lUO9lz4nvwjlWtcuUG7NvnkvfPx7XuU9jO7pKQKzckowHRkVASTAQxag4cBPABFW5wEuqFBdNqSycscCl/RWmmGvaO9SnpuLCdqAocpTIGw+i9eN/2fhEaAnhZtd6xX+R60KLx3R/PXr8lSUMR2VsEUECaEIKv0UMkb8r3bSffaqjSekhFraz6mBhg/Bi6HlMIFCKlC3RrBKet8rTxY4G2GqVHKnX1sCDJg==',
  'body' => '41779d89-b52b-4fe9-9e05-cad43762bb5e',
  'buyer_id' => '2088612541970065',
  'invoice_amount' => '200.00',
  'notify_id' => '94bae9c022c19ee2a06151156f1db3cgi5',
  'fund_bill_list' => '[{"amount":"200.00","fundChannel":"ALIPAYACCOUNT"}]',
  'notify_type' => 'trade_status_sync',
  'trade_status' => 'TRADE_SUCCESS',
  'receipt_amount' => '200.00',
  'app_id' => '2017021605702899',
  'buyer_pay_amount' => '200.00',
  'sign_type' => 'RSA2',
  'seller_id' => '2088221931936835',
  'gmt_payment' => '2017-11-03 00:47:57',
  'notify_time' => '2017-11-03 00:47:57',
  'version' => '1.0',
  'out_trade_no' => '278c4c5f0e334119a418c518fa78e485',
  'total_amount' => '200.00',
  'trade_no' => '2017110321001004065306058207',
  'auth_app_id' => '2017021605702899',
  'buyer_logon_id' => '135****9794',
  'point_amount' => '0.00',
)
[2017-11-03 00:49:26][58.251.80.55][INFO]微信支付 成功:回调信息是:array (
  'appid' => 'wxcb8a76fe730b5964',
  'attach' => 'be4144ac-05e2-408c-84b3-228d55163b15',
  'bank_type' => 'ICBC_DEBIT',
  'cash_fee' => '10000',
  'fee_type' => 'CNY',
  'is_subscribe' => 'Y',
  'mch_id' => '1352470102',
  'nonce_str' => 'aktnidj0ru7uqohliztrcshv588vmq62',
  'openid' => 'oFqowwM7rWs9POEgURlrPsUvGb2w',
  'out_trade_no' => '077d669154be4729b172df2336003bcf',
  'result_code' => 'SUCCESS',
  'return_code' => 'SUCCESS',
  'sign' => 'C998E626CB06ED9892291CAED2C221BA',
  'time_end' => '20171103004925',
  'total_fee' => '10000',
  'trade_type' => 'NATIVE',
  'transaction_id' => '4200000025201711032054106522',
)
[2017-11-03 00:50:40][58.251.80.56][INFO]微信支付 成功:回调信息是:array (
  'appid' => 'wxcb8a76fe730b5964',
  'attach' => '39c91a4f-06f2-494d-881c-8dd73f9d83f7',
  'bank_type' => 'CFT',
  'cash_fee' => '2000',
  'fee_type' => 'CNY',
  'is_subscribe' => 'Y',
  'mch_id' => '1352470102',
  'nonce_str' => '5h0oqv814afhz7optcehpeaq6iem0znj',
  'openid' => 'oFqowwH7pRZY3JogHZWt8GysCUiQ',
  'out_trade_no' => '1532c3b4143f4682bca95b48ac521bab',
  'result_code' => 'SUCCESS',
  'return_code' => 'SUCCESS',
  'sign' => '13631EE152CB68C1236F314CEE39C6FD',
  'time_end' => '20171103005039',
  'total_fee' => '2000',
  'trade_type' => 'NATIVE',
  'transaction_id' => '4200000004201711032057154844',
)
[2017-11-03 00:50:50][140.207.54.75][INFO]微信支付 成功:回调信息是:array (
  'appid' => 'wxcb8a76fe730b5964',
  'attach' => 'b6898dae-348c-4375-992c-4608d3356a3c',
  'bank_type' => 'CFT',
  'cash_fee' => '500',
  'fee_type' => 'CNY',
  'is_subscribe' => 'N',
  'mch_id' => '1352470102',
  'nonce_str' => 'esvpc90hvc3jzhjwjt20rtn1jmsf3nlb',
  'openid' => 'oFqowwF1QpBrHOu98DnijEg5hGoU',
  'out_trade_no' => 'e7d9842f077744b798e7d4b2da3a57f9',
  'result_code' => 'SUCCESS',
  'return_code' => 'SUCCESS',
  'sign' => '06F451F2B4768594206F3C8BD5EBC583',
  'time_end' => '20171103005049',
  'total_fee' => '500',
  'trade_type' => 'NATIVE',
  'transaction_id' => '4200000030201711032058367044',
)
[2017-11-03 00:51:58][203.209.227.53][INFO]支付宝支付 :回调信息是:array (
  'gmt_create' => '2017-11-03 00:51:58',
  'charset' => 'utf-8',
  'seller_email' => 'qiyue@pp158.com',
  'notify_time' => '2017-11-03 00:51:58',
  'subject' => 'pp游戏账单支付',
  'sign' => 'P20UoVluAzabYCby5CjHHvCTKHR4RxOrZR5Fus6BByDMZ1jtm/z7nIIJ/3To4RHixxHzuxyBUB1eCfS+qzub4ZIQHSNsZElPFKtF6ZfT3UVGGuDlt7SA+2UFJ8+R0we8aSwbwQn7653ddT7aLAKmzV8dy3Dr6a7JNPZj9pNSxvS3VDnmvhGrzcJf96RTwd5FXavqiiFOQ8bw8AIgMub1f30v6l6uQrUmbIdwStXdWo+HltWa1R6GfSudxFMEK/Au2DnY+oKgqbN4Em/EEuvQl1RjAJe1UBNNpAEdYvfVl5tmUBu/4BQBPxfpioE5PJK4/jihen0MtSo2d40IX4+pNg==',
  'body' => '457e2805-a59d-4f2c-b60f-b5515157809e',
  'buyer_id' => '2088522138206494',
  'version' => '1.0',
  'notify_id' => 'b30f236a16e6386e65433d134975f12jtk',
  'notify_type' => 'trade_status_sync',
  'out_trade_no' => '351f5b0c9a6a4a8887d009ec550c84ec',
  'total_amount' => '20.00',
  'trade_status' => 'WAIT_BUYER_PAY',
  'trade_no' => '2017110321001004495268755727',
  'auth_app_id' => '2017021605702899',
  'buyer_logon_id' => '134****0824',
  'app_id' => '2017021605702899',
  'sign_type' => 'RSA2',
  'seller_id' => '2088221931936835',
)
[2017-11-03 00:54:14][58.251.80.49][INFO]微信支付 成功:回调信息是:array (
  'appid' => 'wxcb8a76fe730b5964',
  'attach' => '3097a282-e0dd-44c6-a91e-3e2e16c250c2',
  'bank_type' => 'CFT',
  'cash_fee' => '500',
  'fee_type' => 'CNY',
  'is_subscribe' => 'N',
  'mch_id' => '1352470102',
  'nonce_str' => '0xudlr594dfxjzoc53c44vth62vkqh97',
  'openid' => 'oFqowwGsNANq0R5DryuWDqWMTdho',
  'out_trade_no' => '346f4c2a61234d388e0d96657546f074',
  'result_code' => 'SUCCESS',
  'return_code' => 'SUCCESS',
  'sign' => 'EB0750633F2130424BF5E77BA0B6519B',
  'time_end' => '20171103005414',
  'total_fee' => '500',
  'trade_type' => 'NATIVE',
  'transaction_id' => '4200000008201711032057217055',
)
[2017-11-03 00:54:37][140.207.54.74][INFO]微信支付 成功:回调信息是:array (
  'appid' => 'wxcb8a76fe730b5964',
  'attach' => '274b79a8-f076-494a-b44a-36748b27416a',
  'bank_type' => 'CFT',
  'cash_fee' => '2000',
  'fee_type' => 'CNY',
  'is_subscribe' => 'Y',
  'mch_id' => '1352470102',
  'nonce_str' => 'vno8fxs7uwj9plu693xcsi6fbagytalc',
  'openid' => 'oFqowwFiDokoak2qlYq1bTfZMWII',
  'out_trade_no' => 'b638beeb79db4aacbf6131c74de5353b',
  'result_code' => 'SUCCESS',
  'return_code' => 'SUCCESS',
  'sign' => '6A2187066B8395F383D356E5A543567C',
  'time_end' => '20171103005436',
  'total_fee' => '2000',
  'trade_type' => 'NATIVE',
  'transaction_id' => '4200000015201711032056203910',
)
[2017-11-03 00:55:33][203.209.227.72][INFO]支付宝支付 :回调信息是:array (
  'gmt_create' => '2017-11-03 00:55:33',
  'charset' => 'utf-8',
  'seller_email' => 'qiyue@pp158.com',
  'notify_time' => '2017-11-03 00:55:33',
  'subject' => 'pp游戏账单支付',
  'sign' => 'DYXi39t1kBGlAEh2qke2/c+82+p2IqAC3icgWukoSUJhIrL6diGL2Ek7mpR8M1hA0pl2bGy5Ei7b2suWmHLmWFBdv9SIghaPJU+J+wUHNMacb/b5Ukp7u+IkVINtJsGH3WsGGqynC5nQU3MBMsYC6aDiF3W7V9GIK+QwW3o3ZjvSA4p4Ok4UQptDD2gsO2NQcRbFIHkAFAHsFWLCey7rMtuQKjv1fFYNk9ZHQK/fplmUyZpiQzzQGmjYRmzD2maDnGxaUKMtlHl0/xp5woRejFAiAghaZEw5vGGrKeJSc7XkshRvZqGYAgfdEpHN5SnCq3hBRnJXsCmZo9qBJYaX0A==',
  'body' => '5a9f8716-2ce2-438b-853a-d9b6f83a60ee',
  'buyer_id' => '2088612518808319',
  'version' => '1.0',
  'notify_id' => '197e4eadd0ef4c4c6e8a80e3785ed85ifk',
  'notify_type' => 'trade_status_sync',
  'out_trade_no' => '01397ea14e674e54978249dc09ec77cb',
  'total_amount' => '20.00',
  'trade_status' => 'WAIT_BUYER_PAY',
  'trade_no' => '2017110321001004315289925530',
  'auth_app_id' => '2017021605702899',
  'buyer_logon_id' => '135****5791',
  'app_id' => '2017021605702899',
  'sign_type' => 'RSA2',
  'seller_id' => '2088221931936835',
)
[2017-11-03 00:55:37][203.209.226.60][INFO]支付宝支付 成功:回调信息是:array (
  'gmt_create' => '2017-11-03 00:55:33',
  'charset' => 'utf-8',
  'seller_email' => 'qiyue@pp158.com',
  'subject' => 'pp游戏账单支付',
  'sign' => 'DZoU1lNZPXBiUxEF0NF3Tl3NSnplpvHk7+q421ZZCbLK30zW4TPyTLF9x6KKzxofgUrVZFuIDOR4QZbghgILfeDFAV5HXHuVDZeCDxqRgt5g57GaQKj50b+QvOHs4SKYAMflaLHdSdC2LOLdkHd9UR4YChNBuztJpqA0iqob8kK087mQVtol/34THKqxpO39j83HV0FHXZ/l1lF92FCPGo5pXB4s/8445d27qOj1+wO2SjmJwVCZ1/eX5bww8HkAFPKfpzRL7hIiIGKndd82OMqg7vTrEVy2cV/b06RL8Qgo7LoTyEUtkN2rSoBZe/y/OvHyWC9o4nvD0gQ+FvScCw==',
  'body' => '5a9f8716-2ce2-438b-853a-d9b6f83a60ee',
  'buyer_id' => '2088612518808319',
  'invoice_amount' => '20.00',
  'notify_id' => 'e4b976cf54bd2a2cab5a011b6ed30a3ifk',
  'fund_bill_list' => '[{"amount":"20.00","fundChannel":"PCREDIT"}]',
  'notify_type' => 'trade_status_sync',
  'trade_status' => 'TRADE_SUCCESS',
  'receipt_amount' => '20.00',
  'app_id' => '2017021605702899',
  'buyer_pay_amount' => '20.00',
  'sign_type' => 'RSA2',
  'seller_id' => '2088221931936835',
  'gmt_payment' => '2017-11-03 00:55:37',
  'notify_time' => '2017-11-03 00:55:37',
  'version' => '1.0',
  'out_trade_no' => '01397ea14e674e54978249dc09ec77cb',
  'total_amount' => '20.00',
  'trade_no' => '2017110321001004315289925530',
  'auth_app_id' => '2017021605702899',
  'buyer_logon_id' => '135****5791',
  'point_amount' => '0.00',
)
[2017-11-03 00:59:30][203.209.232.32][INFO]支付宝支付 :回调信息是:array (
  'gmt_create' => '2017-11-03 00:59:30',
  'charset' => 'utf-8',
  'seller_email' => 'qiyue@pp158.com',
  'notify_time' => '2017-11-03 00:59:30',
  'subject' => 'pp游戏账单支付',
  'sign' => 'E1Oa2HPPyBbm0Yq01Zz/XtwJPHhw28B9zxPMOQcFCTbRCH1vWtow27RAXdZ2SHvUk+BbTszYD8+bPrYfVTM20CN2ahmRDjlBoU+aaNtD0W1cOm340sHI9TTZ2MLmD1uyl0sxL5OfkjftAgs78uHcnietzETe/842QZLBgZPME9FZ4irL+2JfNpCYN+wDcx8MuSodMH4eHnhLRDRFrj0Z+u7DX9HEQNQqcPkuhIrfqMc98u25OyDHJaO1OHe5w5eqgPMlDvWCgEP4ywGKopZTxizLP3xhmYo7rTkTMC9JbuENu83aH5GKjLNSCdXj3gAlsExOFTynmEhq/EhYtrCprg==',
  'body' => '41779d89-b52b-4fe9-9e05-cad43762bb5e',
  'buyer_id' => '2088612541970065',
  'version' => '1.0',
  'notify_id' => 'da5fb0bbd5a20f2f6ffa6fffcc3cc10gi5',
  'notify_type' => 'trade_status_sync',
  'out_trade_no' => '7e367e0d81c849fb8aa40c2ea65066f7',
  'total_amount' => '20.00',
  'trade_status' => 'WAIT_BUYER_PAY',
  'trade_no' => '2017110321001004065303084803',
  'auth_app_id' => '2017021605702899',
  'buyer_logon_id' => '135****9794',
  'app_id' => '2017021605702899',
  'sign_type' => 'RSA2',
  'seller_id' => '2088221931936835',
)
[2017-11-03 00:59:37][203.209.232.213][INFO]支付宝支付 成功:回调信息是:array (
  'gmt_create' => '2017-11-03 00:59:30',
  'charset' => 'utf-8',
  'seller_email' => 'qiyue@pp158.com',
  'subject' => 'pp游戏账单支付',
  'sign' => 'KUWP5c7mwgaV4jaO3Qt/XXmdHsSnaqF+3jq39Dpc9F3rZlONeD3/kIAtZ2682pifqJ4eLTnyKrzsM65lwAvrVcYlx9RAsngdR9pjK94/7yLDvE+XeZUZ32yD+/TlLl+HwczazrAl5Bxidurenep9AFolVgc5bMbBx++FUtH01h4rLIi9FbDVfQNZ5leD+eusIS22fndqx3hXvVzZyaf10WxKt5w39iXcbaxCiLH3TmgeP/R9wGeLFc3Q9x3LzHzP/OfiOsO6jvkmc79gW37ioUr5jXtNqMr6CbN0N9HUzFZcoxc6LGREhqb3uIEZmL7zGuFWmmASKPabcuBG64oNsQ==',
  'body' => '41779d89-b52b-4fe9-9e05-cad43762bb5e',
  'buyer_id' => '2088612541970065',
  'invoice_amount' => '20.00',
  'notify_id' => 'd917f9a2d5aa087ecee0c4c7937b210gi5',
  'fund_bill_list' => '[{"amount":"20.00","fundChannel":"ALIPAYACCOUNT"}]',
  'notify_type' => 'trade_status_sync',
  'trade_status' => 'TRADE_SUCCESS',
  'receipt_amount' => '20.00',
  'app_id' => '2017021605702899',
  'buyer_pay_amount' => '20.00',
  'sign_type' => 'RSA2',
  'seller_id' => '2088221931936835',
  'gmt_payment' => '2017-11-03 00:59:36',
  'notify_time' => '2017-11-03 00:59:37',
  'version' => '1.0',
  'out_trade_no' => '7e367e0d81c849fb8aa40c2ea65066f7',
  'total_amount' => '20.00',
  'trade_no' => '2017110321001004065303084803',
  'auth_app_id' => '2017021605702899',
  'buyer_logon_id' => '135****9794',
  'point_amount' => '0.00',
)
