[2017-11-03 01:00:12][140.207.54.74][INFO]微信支付 成功:回调信息是:array (
  'appid' => 'wxcb8a76fe730b5964',
  'attach' => 'b6898dae-348c-4375-992c-4608d3356a3c',
  'bank_type' => 'CFT',
  'cash_fee' => '500',
  'fee_type' => 'CNY',
  'is_subscribe' => 'N',
  'mch_id' => '1352470102',
  'nonce_str' => 'sd3c5zxoukdu4w0g7sqg4pg1f4hsuotk',
  'openid' => 'oFqowwF1QpBrHOu98DnijEg5hGoU',
  'out_trade_no' => '8cfd4705eed245bca5085d3285101027',
  'result_code' => 'SUCCESS',
  'return_code' => 'SUCCESS',
  'sign' => '91ADFDE5454AA5E11EBC00AF059DF649',
  'time_end' => '20171103010011',
  'total_fee' => '500',
  'trade_type' => 'NATIVE',
  'transaction_id' => '4200000030201711032060339801',
)
[2017-11-03 01:01:00][203.209.234.158][INFO]支付宝支付 :回调信息是:array (
  'gmt_create' => '2017-11-03 01:01:00',
  'charset' => 'utf-8',
  'seller_email' => 'qiyue@pp158.com',
  'notify_time' => '2017-11-03 01:01:00',
  'subject' => 'pp游戏账单支付',
  'sign' => 'AXbiWBBn4FXho21R37rq3KIYM29El6VOUplPOkXCGIKN2TMK7HFqSvQM9OSeq7BF3NdA3qIVuGFIKmxALf6/k/rHGU04MpIjPqZFAPFNwm3GhC67EJpuIcIfIl3ue7VE51ES1ylpnfc+xh23f/lT2vtGHHcRRgS37pfjTQk7/dncqe9yssvZx2ReyBM+3VxwHYMVInFjdRSgX0NjYisecBG7JiCDFYy8uKp2jQcxS51eCYRMdhj+D9rRV0ZjuYDnT2IEDKeWAivfxkimDUk91cvpusxr7WaRDkJw2bjqhlzmm20Yqj5jxGfubbbzg1434k7JrHBJ6RPEPTi2AnSt+g==',
  'body' => '77ac26fb-ed85-4448-b12f-9984618c7b78',
  'buyer_id' => '2088422219395883',
  'version' => '1.0',
  'notify_id' => '211b25624780c1b73eea39593f85286msj',
  'notify_type' => 'trade_status_sync',
  'out_trade_no' => 'b82fe5897ce84ef98c29172a17b377bd',
  'total_amount' => '100.00',
  'trade_status' => 'WAIT_BUYER_PAY',
  'trade_no' => '2017110321001004880327771033',
  'auth_app_id' => '2017021605702899',
  'buyer_logon_id' => '150****1154',
  'app_id' => '2017021605702899',
  'sign_type' => 'RSA2',
  'seller_id' => '2088221931936835',
)
[2017-11-03 01:01:04][203.209.234.112][INFO]支付宝支付 成功:回调信息是:array (
  'gmt_create' => '2017-11-03 01:01:00',
  'charset' => 'utf-8',
  'seller_email' => 'qiyue@pp158.com',
  'subject' => 'pp游戏账单支付',
  'sign' => 'NE8lh3FEU89vRdkKA43LG0OW5SPCe2D4rg3aT/M1hCXfZwySPgb6/EDs+aGd9p2XZ1GstH7FLkvIj6XmvXNj26rsgCFtwUUINSvA6I/6R7TcWPITmv7pYhEL74z24KFf8VOcZgkK2/bMufeBIoGFc6+R5zOM/l9FlvSvNeiqeJlSoLtNWxlUIKxI5qvu95bJd0pagBtPqB1sR2nBqRd1mNcTZ6UjCqVgffWBnM9cZVTsZRsPkruNbqOQbHQTaA/qegHiBEIY6CsfeRgPe9z/rtZCaelRyYJSyLT4hovUoEGSF5XBlvyPzyERG8/eqAaB6RCgX7YopFr3KpjZBpDvJw==',
  'body' => '77ac26fb-ed85-4448-b12f-9984618c7b78',
  'buyer_id' => '2088422219395883',
  'invoice_amount' => '100.00',
  'notify_id' => '7c2cb343bf12c003d4045da4d9a3e16msj',
  'fund_bill_list' => '[{"amount":"100.00","fundChannel":"PCREDIT"}]',
  'notify_type' => 'trade_status_sync',
  'trade_status' => 'TRADE_SUCCESS',
  'receipt_amount' => '100.00',
  'app_id' => '2017021605702899',
  'buyer_pay_amount' => '100.00',
  'sign_type' => 'RSA2',
  'seller_id' => '2088221931936835',
  'gmt_payment' => '2017-11-03 01:01:04',
  'notify_time' => '2017-11-03 01:01:04',
  'version' => '1.0',
  'out_trade_no' => 'b82fe5897ce84ef98c29172a17b377bd',
  'total_amount' => '100.00',
  'trade_no' => '2017110321001004880327771033',
  'auth_app_id' => '2017021605702899',
  'buyer_logon_id' => '150****1154',
  'point_amount' => '0.00',
)
[2017-11-03 01:01:37][203.209.234.61][INFO]支付宝支付 :回调信息是:array (
  'gmt_create' => '2017-11-03 01:01:37',
  'charset' => 'utf-8',
  'seller_email' => 'qiyue@pp158.com',
  'notify_time' => '2017-11-03 01:01:37',
  'subject' => 'pp游戏账单支付',
  'sign' => 'YL9ut72EXIF/+RzCUcE23qSn+cc6wIo54bvnw1+O/LYoc02Oq5Glsue9Mt0UHqujY0w6gtk0Mt5rZ+KR1Xd5nwSP7ufQd3H3o9RbdGxkHpXVH0+ILRUNTlzNLLKhkuijEkEbD7y1sVH9lOgHe0NGqQaXHuI2mDodKU+XNHy9qgsSPzWftU0b3Iz56rndrodb8eEywwN39yzC0MwpdwutWsv0K9lvOIDYob2yHienKso81Jb8UZzPSn2lxZR54zP69GGrnCNt8soyHgLNAtO4sa8WonlFJB0iT58Zpq4aab2Iw27yU3c4YqdvHw+NA2FftI5MPWQ1nOgzXYKFVqN27w==',
  'body' => '77ac26fb-ed85-4448-b12f-9984618c7b78',
  'buyer_id' => '2088422219395883',
  'version' => '1.0',
  'notify_id' => 'e68343393dbee3abe72e310c7418e28msj',
  'notify_type' => 'trade_status_sync',
  'out_trade_no' => '1e536d88066a45e49c472ba9304e5f0b',
  'total_amount' => '500.00',
  'trade_status' => 'WAIT_BUYER_PAY',
  'trade_no' => '2017110321001004880327771044',
  'auth_app_id' => '2017021605702899',
  'buyer_logon_id' => '150****1154',
  'app_id' => '2017021605702899',
  'sign_type' => 'RSA2',
  'seller_id' => '2088221931936835',
)
[2017-11-03 01:01:41][203.209.234.18][INFO]支付宝支付 成功:回调信息是:array (
  'gmt_create' => '2017-11-03 01:01:37',
  'charset' => 'utf-8',
  'seller_email' => 'qiyue@pp158.com',
  'subject' => 'pp游戏账单支付',
  'sign' => 'RWIJT4DWdM3V1lO4j45+lOmjNLyhYWHMpUMnaH0NFAWraEbj4aMkG3v5xzwFCKfGbwyeVe7UZ5+IhxqsGtp8QmuXsOu33+bWtlxbiajmb3HZI/FgStIkitiq49RjeCHU9ok/CX+zI6lxxXofoMs/qeq762Q+b311sLPZakNsljJSZC9lQA7R0A7sOnRwnu/d+pG7lX9knfW7Xfk3yPeOJpQ6DDJVXbbo5mH1bpluc2f9zgwoMHhWZldJOW3xwNHf/c/AVJ+Mo1oNd0ugaDVVQSVS+LeUtl6cfKEE60ui8r6wS6DAhd4HF7TIG0QUVmM/pfOPuT+jPGfeFvgCBBiGHA==',
  'body' => '77ac26fb-ed85-4448-b12f-9984618c7b78',
  'buyer_id' => '2088422219395883',
  'invoice_amount' => '500.00',
  'notify_id' => '860368953c65755365ca0451ebb73ebmsj',
  'fund_bill_list' => '[{"amount":"500.00","fundChannel":"PCREDIT"}]',
  'notify_type' => 'trade_status_sync',
  'trade_status' => 'TRADE_SUCCESS',
  'receipt_amount' => '500.00',
  'app_id' => '2017021605702899',
  'buyer_pay_amount' => '500.00',
  'sign_type' => 'RSA2',
  'seller_id' => '2088221931936835',
  'gmt_payment' => '2017-11-03 01:01:40',
  'notify_time' => '2017-11-03 01:01:41',
  'version' => '1.0',
  'out_trade_no' => '1e536d88066a45e49c472ba9304e5f0b',
  'total_amount' => '500.00',
  'trade_no' => '2017110321001004880327771044',
  'auth_app_id' => '2017021605702899',
  'buyer_logon_id' => '150****1154',
  'point_amount' => '0.00',
)
[2017-11-03 01:02:46][203.209.234.233][INFO]支付宝支付 :回调信息是:array (
  'gmt_create' => '2017-11-03 01:02:46',
  'charset' => 'utf-8',
  'seller_email' => 'qiyue@pp158.com',
  'notify_time' => '2017-11-03 01:02:46',
  'subject' => 'pp游戏账单支付',
  'sign' => 'Zx8b16yjSZCF7jPUMjNsvecma04dbHoGvAkW+FkW1DMWIgsg7kp21+XeOWOMx5uOsL44gtWEJmMDzga20BfdVsgyPiIRcy4+gE2R4phh8LHi4vqcIT4z+J1vozMLDvpZEUjPKU21wFLoFi2SCu+UZZ3FQAi6bvTSf1juxQiik0w6NPU80fRFKZGTocSNEprVH29fQK6GFnFTmtuV8PUzHt7t0Hw9+tLoMwWnw0pO+dz7Pp5jKEtKLE9UClzml5+gXwm2Gk4/rIgNTPgT6w5anteYaE+5byvkFj75fzRDsENkIn9MbgJO+6LJky76Ya7VBzysArqxlCRqphBQUkXdBg==',
  'body' => '77ac26fb-ed85-4448-b12f-9984618c7b78',
  'buyer_id' => '2088422219395883',
  'version' => '1.0',
  'notify_id' => '756c973a36ef350e21eecc71f7f2790msj',
  'notify_type' => 'trade_status_sync',
  'out_trade_no' => '006d267133914da48d54f2e5bc691dc6',
  'total_amount' => '500.00',
  'trade_status' => 'WAIT_BUYER_PAY',
  'trade_no' => '2017110321001004880327820962',
  'auth_app_id' => '2017021605702899',
  'buyer_logon_id' => '150****1154',
  'app_id' => '2017021605702899',
  'sign_type' => 'RSA2',
  'seller_id' => '2088221931936835',
)
[2017-11-03 01:02:51][203.209.234.49][INFO]支付宝支付 成功:回调信息是:array (
  'gmt_create' => '2017-11-03 01:02:46',
  'charset' => 'utf-8',
  'seller_email' => 'qiyue@pp158.com',
  'subject' => 'pp游戏账单支付',
  'sign' => 'aIVrMlQNRWOuSylieq+30+kQgrUSJg1cSXE9AL/KZHFyFAnHcjuE+RvZhNDudckXhJQHxuCVwIKtdM9trJPNMeMrYWqYTt1Ndk8LtmOHrVnlGYD8gXWMwYNbuORhgw50ks0Hv3YiWgoXys8Xek4wpnhvstVCfZ5KXReSzcAbzJvlJDc+GKK+WxpTybKY2Rqv0jXIObNSEzwSHjk5N0zK5cd3ZisSNtu50cIWANpOodjAoUx/RrVfF3wEXdLMXzFghlNNAEMIT6QIW9b3orffd/jvoGkMo1OxXoLp9iMbXEP2XJemgIzOYZX2e3C4noMFiBP+iAGPg/GUAxJgqNEfOg==',
  'body' => '77ac26fb-ed85-4448-b12f-9984618c7b78',
  'buyer_id' => '2088422219395883',
  'invoice_amount' => '500.00',
  'notify_id' => '380abbd59f64a0c0dc1d553dff65135msj',
  'fund_bill_list' => '[{"amount":"500.00","fundChannel":"PCREDIT"}]',
  'notify_type' => 'trade_status_sync',
  'trade_status' => 'TRADE_SUCCESS',
  'receipt_amount' => '500.00',
  'app_id' => '2017021605702899',
  'buyer_pay_amount' => '500.00',
  'sign_type' => 'RSA2',
  'seller_id' => '2088221931936835',
  'gmt_payment' => '2017-11-03 01:02:50',
  'notify_time' => '2017-11-03 01:02:51',
  'version' => '1.0',
  'out_trade_no' => '006d267133914da48d54f2e5bc691dc6',
  'total_amount' => '500.00',
  'trade_no' => '2017110321001004880327820962',
  'auth_app_id' => '2017021605702899',
  'buyer_logon_id' => '150****1154',
  'point_amount' => '0.00',
)
[2017-11-03 01:03:16][140.207.54.74][INFO]微信支付 成功:回调信息是:array (
  'appid' => 'wxcb8a76fe730b5964',
  'attach' => 'cddd378f-3c5a-49e8-bb43-f4279a47e4da',
  'bank_type' => 'CFT',
  'cash_fee' => '500',
  'fee_type' => 'CNY',
  'is_subscribe' => 'Y',
  'mch_id' => '1352470102',
  'nonce_str' => 'x2vwrfu2ffv8qrn8fr8tmcaqktewptx1',
  'openid' => 'oFqowwPecPdyqZErJ3CuT6fx8vKc',
  'out_trade_no' => '4ab63775bd6e4d4d8229b53e500fa683',
  'result_code' => 'SUCCESS',
  'return_code' => 'SUCCESS',
  'sign' => 'BC033524888E5B34D525C0B2B91A6A65',
  'time_end' => '20171103010316',
  'total_fee' => '500',
  'trade_type' => 'NATIVE',
  'transaction_id' => '4200000025201711032057372247',
)
[2017-11-03 01:05:25][203.209.227.137][INFO]支付宝支付 :回调信息是:array (
  'gmt_create' => '2017-11-03 01:05:24',
  'charset' => 'utf-8',
  'seller_email' => 'qiyue@pp158.com',
  'notify_time' => '2017-11-03 01:05:25',
  'subject' => 'pp游戏账单支付',
  'sign' => 'ReWY6pMCyN3zJYGmXcgWSNJFdFIcmRDVxib1s9+mMkp3azrQQICFO0Zsdc/1sUDs0Rp6FLKQpqMsHjI15o7u1dhqVP9F7B4V6KzgNUTIcQbaMTtcGC4QRsa0pnUs1tLw4RNnlJ26MSO2Z6yr5FtgbRDEZzRNxCog+5P9C5NJzDE2Z2+SJzCiaBincJBwWjJV4hwp9HLExRaA6hGhkDg9LJbiWcmvd5ivBQsBz0/CtJAIHtRjnBfntOrfePWxFplGbR3VJvsRk4f7ILlyfaJa1SBSkVfIwwn3wq5GjFZJhbAOc6XyuDl4+cwQ/I1aimUPzpUOoSIB9CiTT/9SaNJUOQ==',
  'body' => '5a9f8716-2ce2-438b-853a-d9b6f83a60ee',
  'buyer_id' => '2088612518808319',
  'version' => '1.0',
  'notify_id' => 'ed774891a97e5281b8ca2d8cdf1b680ifk',
  'notify_type' => 'trade_status_sync',
  'out_trade_no' => '5c0fa67b0b2148cfb69aa5b3669f5f82',
  'total_amount' => '20.00',
  'trade_status' => 'WAIT_BUYER_PAY',
  'trade_no' => '2017110321001004315291447300',
  'auth_app_id' => '2017021605702899',
  'buyer_logon_id' => '135****5791',
  'app_id' => '2017021605702899',
  'sign_type' => 'RSA2',
  'seller_id' => '2088221931936835',
)
[2017-11-03 01:05:30][203.209.226.162][INFO]支付宝支付 成功:回调信息是:array (
  'gmt_create' => '2017-11-03 01:05:24',
  'charset' => 'utf-8',
  'seller_email' => 'qiyue@pp158.com',
  'subject' => 'pp游戏账单支付',
  'sign' => 'TcBoJ/bo/RSLhqrVRN0Iwmwtmy5agQFeiXesxQ4cMqi73w3R/oqQcyMmgFlBBVzqNkFCyt4T0qc8MjafYzXeeH5CN2MXfuNnOXowr2w15KW7mnvt1lxE5b+dqpBi21yhWFgdIS5jXJXzMVIYAHgYLeDaY2a/P/Ynh68UbSYyiBCjM5fhwJBVjNFiJcd6mSYoPHlrYM4mNoXjz/LWK48aPbakJfMJkcHOBZhp5ps5h2m6m4ffnL/6L3oWwVzawy7uMZkQ5BCE83qddD045N28PtjbwTfbpLiIO8lwaeMnh2qFvM+/oYsSfSRWHphiukI9dvcg0T2xlKtIKe8NOTiYDA==',
  'body' => '5a9f8716-2ce2-438b-853a-d9b6f83a60ee',
  'buyer_id' => '2088612518808319',
  'invoice_amount' => '20.00',
  'notify_id' => '97d79d220516c90caf9d75a072b23f2ifk',
  'fund_bill_list' => '[{"amount":"20.00","fundChannel":"PCREDIT"}]',
  'notify_type' => 'trade_status_sync',
  'trade_status' => 'TRADE_SUCCESS',
  'receipt_amount' => '20.00',
  'app_id' => '2017021605702899',
  'buyer_pay_amount' => '20.00',
  'sign_type' => 'RSA2',
  'seller_id' => '2088221931936835',
  'gmt_payment' => '2017-11-03 01:05:30',
  'notify_time' => '2017-11-03 01:05:30',
  'version' => '1.0',
  'out_trade_no' => '5c0fa67b0b2148cfb69aa5b3669f5f82',
  'total_amount' => '20.00',
  'trade_no' => '2017110321001004315291447300',
  'auth_app_id' => '2017021605702899',
  'buyer_logon_id' => '135****5791',
  'point_amount' => '0.00',
)
[2017-11-03 01:06:26][140.207.54.75][INFO]微信支付 成功:回调信息是:array (
  'appid' => 'wxcb8a76fe730b5964',
  'attach' => '67832b81-1df0-41eb-b699-07c746380c7f',
  'bank_type' => 'CFT',
  'cash_fee' => '2000',
  'fee_type' => 'CNY',
  'is_subscribe' => 'Y',
  'mch_id' => '1352470102',
  'nonce_str' => '52qgudmy5j0ik5emkcb1fdp83e3duoef',
  'openid' => 'oFqowwLWFBCayC-YLZHT8O-53Dmo',
  'out_trade_no' => '0b4a4554228a495b8166cc16566dd668',
  'result_code' => 'SUCCESS',
  'return_code' => 'SUCCESS',
  'sign' => 'A53E63A09EE1695B9BA8B897244BA79C',
  'time_end' => '20171103010626',
  'total_fee' => '2000',
  'trade_type' => 'NATIVE',
  'transaction_id' => '4200000011201711032057424898',
)
[2017-11-03 01:09:08][58.251.80.44][INFO]微信支付 成功:回调信息是:array (
  'appid' => 'wxcb8a76fe730b5964',
  'attach' => '28c3dc78-e3d3-45d6-84ac-f206801cab6c',
  'bank_type' => 'CFT',
  'cash_fee' => '2000',
  'fee_type' => 'CNY',
  'is_subscribe' => 'Y',
  'mch_id' => '1352470102',
  'nonce_str' => 'ng3sng4o24wkji5365lpzunq5uj9ru7w',
  'openid' => 'oFqowwJr8qN4Xh2GUUo9cYlPTqpo',
  'out_trade_no' => 'c7db8949f62a47968f3336b41298be18',
  'result_code' => 'SUCCESS',
  'return_code' => 'SUCCESS',
  'sign' => 'F1CC3C9C3A727F95763475506BF57E6C',
  'time_end' => '20171103010907',
  'total_fee' => '2000',
  'trade_type' => 'NATIVE',
  'transaction_id' => '4200000012201711032062492217',
)
[2017-11-03 01:10:01][140.207.54.74][INFO]微信支付 成功:回调信息是:array (
  'appid' => 'wxcb8a76fe730b5964',
  'attach' => 'c9448a46-873e-4a1f-a179-4c37d4262c08',
  'bank_type' => 'ABC_CREDIT',
  'cash_fee' => '1800',
  'fee_type' => 'CNY',
  'is_subscribe' => 'N',
  'mch_id' => '1352470102',
  'nonce_str' => 'i8jm0q2w0x7w5ibmr3v6xa0wx07ogxps',
  'openid' => 'oFqowwEx6M8Zxvr5uXAe2hBEndUo',
  'out_trade_no' => 'd34c8b4d65364d9e8381dec0a3d4f84f',
  'result_code' => 'SUCCESS',
  'return_code' => 'SUCCESS',
  'sign' => '80AFE04094218A19F0F875B4444107A3',
  'time_end' => '20171103011001',
  'total_fee' => '1800',
  'trade_type' => 'JSAPI',
  'transaction_id' => '4200000009201711032060517413',
)
[2017-11-03 01:11:27][140.207.54.76][INFO]微信支付 成功:回调信息是:array (
  'appid' => 'wxcb8a76fe730b5964',
  'attach' => '28c3dc78-e3d3-45d6-84ac-f206801cab6c',
  'bank_type' => 'CFT',
  'cash_fee' => '2000',
  'fee_type' => 'CNY',
  'is_subscribe' => 'Y',
  'mch_id' => '1352470102',
  'nonce_str' => 'i06e542pxyr6krgifgj6xxifg7czi54a',
  'openid' => 'oFqowwJr8qN4Xh2GUUo9cYlPTqpo',
  'out_trade_no' => 'ed5cdca9a71a4889b5601a135146bafd',
  'result_code' => 'SUCCESS',
  'return_code' => 'SUCCESS',
  'sign' => '32CB5425C717DA91F02911ED5F8F68F5',
  'time_end' => '20171103011127',
  'total_fee' => '2000',
  'trade_type' => 'NATIVE',
  'transaction_id' => '4200000016201711032057529088',
)
[2017-11-03 01:18:43][58.251.80.60][INFO]微信支付 成功:回调信息是:array (
  'appid' => 'wxcb8a76fe730b5964',
  'attach' => '6b2d615a-2874-44e0-a6e5-239df1681f47',
  'bank_type' => 'CFT',
  'cash_fee' => '500',
  'fee_type' => 'CNY',
  'is_subscribe' => 'N',
  'mch_id' => '1352470102',
  'nonce_str' => 'jdusuqpwuqfrty4jr7njy4hamaaqeyk3',
  'openid' => 'oFqowwAGIME1DIX45dx-0hr50gGw',
  'out_trade_no' => 'ee78c6ecf78c45d0a9f559c58ee267ef',
  'result_code' => 'SUCCESS',
  'return_code' => 'SUCCESS',
  'sign' => '9E1E10D07016E55BE465FF8F4ECB8E6B',
  'time_end' => '20171103011842',
  'total_fee' => '500',
  'trade_type' => 'NATIVE',
  'transaction_id' => '4200000002201711032060649260',
)
[2017-11-03 01:19:23][203.209.227.223][INFO]支付宝支付 :回调信息是:array (
  'gmt_create' => '2017-11-03 01:19:23',
  'charset' => 'utf-8',
  'seller_email' => 'qiyue@pp158.com',
  'notify_time' => '2017-11-03 01:19:23',
  'subject' => 'pp游戏账单支付',
  'sign' => 'MKmCmIcO0Sh5j6fWhNloT39EzGi0lLiBOKv0k9RUFq34Q01LsqT1dX7v8Q8NTztMZp2cqwEyU3i8AJwYWuem8SxvQ40z+ZWHHdFI10WknJmyBk7DT/JH0NAt5U3Flws0cnUpTTgmrY7g2dhnH939XZMu1dlrX1RnqMPW7xUH/sZlhnx0X91AwsQEM1R40iXnQbHJ29CSOafvTvBPiHD5SU1nbrQrWt1rrHPMO+im3cuD0VOYT1gowfIeWm9URv2eJx0vsG76qOLj25CmzKT9SVSSoNeh7NskKrebRBaM2ibKckC9q0jmKpFbU+E/oI21I9wSIEIJQ8TIQfNgwhvJEA==',
  'body' => '5a9f8716-2ce2-438b-853a-d9b6f83a60ee',
  'buyer_id' => '2088612518808319',
  'version' => '1.0',
  'notify_id' => '3392bd9d082ef3c5945835bf348d1ebifk',
  'notify_type' => 'trade_status_sync',
  'out_trade_no' => '0dea02fe912d4a08a5cbd929c981f9fc',
  'total_amount' => '50.00',
  'trade_status' => 'WAIT_BUYER_PAY',
  'trade_no' => '2017110321001004315290615828',
  'auth_app_id' => '2017021605702899',
  'buyer_logon_id' => '135****5791',
  'app_id' => '2017021605702899',
  'sign_type' => 'RSA2',
  'seller_id' => '2088221931936835',
)
[2017-11-03 01:19:29][203.209.227.145][INFO]支付宝支付 成功:回调信息是:array (
  'gmt_create' => '2017-11-03 01:19:23',
  'charset' => 'utf-8',
  'seller_email' => 'qiyue@pp158.com',
  'subject' => 'pp游戏账单支付',
  'sign' => 'CFOl4cOMTfptVJywkUk+0lc2lpHCoeX/BjLy8D8FNweuFjwh2qwXr+nBSEuWtWnw4Noxo7bOL8mcc9Pwrf6u5irEPUILLvIfdPiDZ4tZKP2CvROOUUpPu6RHePt7p4Bnh/OVCUKXXvqtV8A8Qr6tXfr/vee6gipGm1r8X3PAC1z3Ee4yv2I0E3frYp5OoXuKhRWanE99Xak5G5NMdZNHhFbR9fVrVc4LwE4ykNAOQf3GO2at7Ps2RTN7iLFGgwblqMOkUMt5jUyy6YcI41vmmtYoadkLIhjPh7ATm1VaES1CyMPco3qeb+H/Ku/gzG3ZUw4gVW9/9HNvqH9ceDUmcA==',
  'body' => '5a9f8716-2ce2-438b-853a-d9b6f83a60ee',
  'buyer_id' => '2088612518808319',
  'invoice_amount' => '50.00',
  'notify_id' => '0a339e3d1b30bc3940434fc5f271897ifk',
  'fund_bill_list' => '[{"amount":"50.00","fundChannel":"PCREDIT"}]',
  'notify_type' => 'trade_status_sync',
  'trade_status' => 'TRADE_SUCCESS',
  'receipt_amount' => '50.00',
  'app_id' => '2017021605702899',
  'buyer_pay_amount' => '50.00',
  'sign_type' => 'RSA2',
  'seller_id' => '2088221931936835',
  'gmt_payment' => '2017-11-03 01:19:29',
  'notify_time' => '2017-11-03 01:19:29',
  'version' => '1.0',
  'out_trade_no' => '0dea02fe912d4a08a5cbd929c981f9fc',
  'total_amount' => '50.00',
  'trade_no' => '2017110321001004315290615828',
  'auth_app_id' => '2017021605702899',
  'buyer_logon_id' => '135****5791',
  'point_amount' => '0.00',
)
[2017-11-03 01:19:40][140.207.54.76][INFO]微信支付 成功:回调信息是:array (
  'appid' => 'wxcb8a76fe730b5964',
  'attach' => 'e360ee3f-4c9c-4c66-957f-d7935c89527a',
  'bank_type' => 'CFT',
  'cash_fee' => '600',
  'fee_type' => 'CNY',
  'is_subscribe' => 'N',
  'mch_id' => '1352470102',
  'nonce_str' => 'sf4no7584c31bvbntigqc8qon8ql0zdg',
  'openid' => 'oFqowwAl1P5Vhx9OTXRUpAhAusqQ',
  'out_trade_no' => 'bb00bbd8aa1b422ca032c16281e8c742',
  'result_code' => 'SUCCESS',
  'return_code' => 'SUCCESS',
  'sign' => '05F816C21FD04A40A8CA5E1F7D0B074C',
  'time_end' => '20171103011939',
  'total_fee' => '600',
  'trade_type' => 'JSAPI',
  'transaction_id' => '4200000017201711032058819578',
)
[2017-11-03 01:19:51][203.209.234.212][INFO]支付宝支付 :回调信息是:array (
  'gmt_create' => '2017-11-03 01:19:51',
  'charset' => 'utf-8',
  'seller_email' => 'qiyue@pp158.com',
  'notify_time' => '2017-11-03 01:19:51',
  'subject' => 'pp游戏账单支付',
  'sign' => 'ODvTd5odZ+c1VHcfdg5zgkC6p1GSjzBQGkAryC3bAqTUNsRbbe06s85VBHCPa6Hl1GFIRNXaBDPAlsKYxD79/qjMsA0uIQA+ejyICp7OKgQO1hZfJmm7pjzCm9x28eedBWPfSUllfdxhEqxWpCKmGQUdXLCXJiB0hYCXMFLKJCF0zPhD5w6ZfSCk311kaefTbQv0H+deGdokhiU7FdZeCshze/qsVY6P3KODbduiuUTFvTHqMS8bvO4rwPuT8Jox3uZwTPXqZLGeOvIdWFq0vEvNXa4OB5StfrB1XPn8EzRJ8LHgH6UJO3+GGx8zjlyn1fHKfN3KNSG7B/y/yFhLRw==',
  'body' => '77ac26fb-ed85-4448-b12f-9984618c7b78',
  'buyer_id' => '2088422219395883',
  'version' => '1.0',
  'notify_id' => '146a934788ec0a9214a4537fbef4268msj',
  'notify_type' => 'trade_status_sync',
  'out_trade_no' => 'e2df57f5f350414bbdfef8671fa3efd1',
  'total_amount' => '100.00',
  'trade_status' => 'WAIT_BUYER_PAY',
  'trade_no' => '2017110321001004880327969733',
  'auth_app_id' => '2017021605702899',
  'buyer_logon_id' => '150****1154',
  'app_id' => '2017021605702899',
  'sign_type' => 'RSA2',
  'seller_id' => '2088221931936835',
)
[2017-11-03 01:19:56][203.209.234.205][INFO]支付宝支付 成功:回调信息是:array (
  'gmt_create' => '2017-11-03 01:19:51',
  'charset' => 'utf-8',
  'seller_email' => 'qiyue@pp158.com',
  'subject' => 'pp游戏账单支付',
  'sign' => 'LAToWJAoXx/7TgEF+xPK/fvrMSAo07uJrxlH1a+kUjC8K7S0kc1o2DBfV+So8/tNFZXefB+AEUsWYtlkuAE4Wn0igIjCEX45obXuKHN5Jbz5dR8AvgJ+mcyGZsbCcAo3X9L4wRRf8hTntnZ8GfKpefvTEiyUgJCMGnMmf7EL81Ssyz7Uw8/taTXNmcHlh1q6BmqbivqgWdNcSVtCG7y8n1c07V+m6lsEgwDb0RQSMNxAI0TGb8Xc1/lceFJ8obq4ANsq+AK9rw62L1aJXnh9FeiYmpqcfLuPhT7wUZ/jmIaQTjoGj3nxpcD5l3b47EM1dj/KZ+b8rSG//6wWCU5KCA==',
  'body' => '77ac26fb-ed85-4448-b12f-9984618c7b78',
  'buyer_id' => '2088422219395883',
  'invoice_amount' => '100.00',
  'notify_id' => '0b86893e17680c3b13b6ad2799835c9msj',
  'fund_bill_list' => '[{"amount":"100.00","fundChannel":"PCREDIT"}]',
  'notify_type' => 'trade_status_sync',
  'trade_status' => 'TRADE_SUCCESS',
  'receipt_amount' => '100.00',
  'app_id' => '2017021605702899',
  'buyer_pay_amount' => '100.00',
  'sign_type' => 'RSA2',
  'seller_id' => '2088221931936835',
  'gmt_payment' => '2017-11-03 01:19:55',
  'notify_time' => '2017-11-03 01:19:55',
  'version' => '1.0',
  'out_trade_no' => 'e2df57f5f350414bbdfef8671fa3efd1',
  'total_amount' => '100.00',
  'trade_no' => '2017110321001004880327969733',
  'auth_app_id' => '2017021605702899',
  'buyer_logon_id' => '150****1154',
  'point_amount' => '0.00',
)
[2017-11-03 01:21:36][203.209.234.218][INFO]支付宝支付 :回调信息是:array (
  'gmt_create' => '2017-11-03 01:21:36',
  'charset' => 'utf-8',
  'seller_email' => 'qiyue@pp158.com',
  'notify_time' => '2017-11-03 01:21:36',
  'subject' => 'pp游戏账单支付',
  'sign' => 'HrvvmV35YbXS5V5qjyAzIDhYZa7JgPfuRtsWFALmYO1JqV/Wk3EcWhfMMvncdv+YIaKVh5ZF0v+09A+3R8NeWZ4P0e4+VYNGnn4xu4IG7y1tZeKVQF1XRTdVjkkFfbKOcM16ZzG8kVHjTMw/i0JW1guWqDQu4s+DcyYAWF5nQJHwL3LVZtDhxeoogsUci1LhGXYqUTOS10DrUH4Yjmyp8HqjPnVOCk3GUvCa7Z386222VYoER0UO7rDBAFw70RqgTH2qxb4WU6Kpu+5vs68gIPVLcr8r3WeVtvGL6OBFO3dn+Pk5ItDV7cSXO8Hmel9v6y1HwxRe+AFV2LYFXF/Keg==',
  'body' => '77ac26fb-ed85-4448-b12f-9984618c7b78',
  'buyer_id' => '2088422219395883',
  'version' => '1.0',
  'notify_id' => 'df650ca675871ffe093f73926d0ac4cmsj',
  'notify_type' => 'trade_status_sync',
  'out_trade_no' => '25183a6fe4e44b23beaf0de21ba98112',
  'total_amount' => '500.00',
  'trade_status' => 'WAIT_BUYER_PAY',
  'trade_no' => '2017110321001004880327972631',
  'auth_app_id' => '2017021605702899',
  'buyer_logon_id' => '150****1154',
  'app_id' => '2017021605702899',
  'sign_type' => 'RSA2',
  'seller_id' => '2088221931936835',
)
[2017-11-03 01:21:40][203.209.234.130][INFO]支付宝支付 成功:回调信息是:array (
  'gmt_create' => '2017-11-03 01:21:36',
  'charset' => 'utf-8',
  'seller_email' => 'qiyue@pp158.com',
  'subject' => 'pp游戏账单支付',
  'sign' => 'LZwtleR0pML7oq3Y1x/A0F86sSQiWzxLcIDsCJley3ZWzWcxWU9qHw9KwSuoNEA023nRrQN4G5FBqArekPiGF820FJwSLHt6BMYTX09fsIDLJuZNE+Txk5Vf8X2qb+r06IZ+67jmgBUweavnCo/eY7tChZzxk8LUUbKOzBaStYsmK9hKYHzYYFBLiM8rA1JqwP70X6F8yZKVFQDEnqUXG92BRO1ItaXnfGpjDKM6hK9szF85KSXkHNsKocvoM3nMme8FA9SMtESfv5yRMiKo5Wt0AUNevBXGWRU6Hn+SgfpGAKSMxoReruL0II6BMINSo4G4PFysxZNEajF2E1IB3A==',
  'body' => '77ac26fb-ed85-4448-b12f-9984618c7b78',
  'buyer_id' => '2088422219395883',
  'invoice_amount' => '500.00',
  'notify_id' => 'e5405d1b33d31b3c1b2913a76097142msj',
  'fund_bill_list' => '[{"amount":"500.00","fundChannel":"PCREDIT"}]',
  'notify_type' => 'trade_status_sync',
  'trade_status' => 'TRADE_SUCCESS',
  'receipt_amount' => '500.00',
  'app_id' => '2017021605702899',
  'buyer_pay_amount' => '500.00',
  'sign_type' => 'RSA2',
  'seller_id' => '2088221931936835',
  'gmt_payment' => '2017-11-03 01:21:39',
  'notify_time' => '2017-11-03 01:21:40',
  'version' => '1.0',
  'out_trade_no' => '25183a6fe4e44b23beaf0de21ba98112',
  'total_amount' => '500.00',
  'trade_no' => '2017110321001004880327972631',
  'auth_app_id' => '2017021605702899',
  'buyer_logon_id' => '150****1154',
  'point_amount' => '0.00',
)
[2017-11-03 01:22:23][110.75.248.115][INFO]支付宝支付 :回调信息是:array (
  'gmt_create' => '2017-11-03 01:22:22',
  'charset' => 'utf-8',
  'seller_email' => 'qiyue@pp158.com',
  'notify_time' => '2017-11-03 01:22:22',
  'subject' => 'pp游戏账单支付',
  'sign' => 'IMiX0CT4JmDKYmxeP5xqz0e0wEZjV01pdAvwigeeR6pFT+pckbBmFIngpSmnLqeWS3yOEqfObg9zqvkWhSo4hd/YxsENqtstYEl5JXwBM+ewhZVvb6u3iGoAi/R7RKOiHOqtaAD8QdKWJvGkgWmygohC7G52rTzMoU0L8zWzDroh4dh3EzMRdPldtdLp0Kb8J4WDionLwKCjm1IvasqgBQFF2G6H71nF+4CEhmyTI3/bqz32mA2dG6ismdioKUPOTz7TxsDJDW36evRIOFv87JytVq5JmgaakQEIsvGCyCjGYWNq98v3BPOoTA/CJ4rCYFlRCXEsFpI0ztbMPTAFDA==',
  'body' => '08c0f39a-8f94-4ac5-9610-701392ac9a66',
  'buyer_id' => '2088912836577743',
  'version' => '1.0',
  'notify_id' => 'd4d3a731e3b7ac178cbf6536b169f8flr1',
  'notify_type' => 'trade_status_sync',
  'out_trade_no' => '4e106c38dfc748e6b7a8e54944b24c19',
  'total_amount' => '50.00',
  'trade_status' => 'WAIT_BUYER_PAY',
  'trade_no' => '2017110321001004745372180707',
  'auth_app_id' => '2017021605702899',
  'buyer_logon_id' => '183****2149',
  'app_id' => '2017021605702899',
  'sign_type' => 'RSA2',
  'seller_id' => '2088221931936835',
)
[2017-11-03 01:22:30][110.75.248.178][INFO]支付宝支付 成功:回调信息是:array (
  'gmt_create' => '2017-11-03 01:22:22',
  'charset' => 'utf-8',
  'seller_email' => 'qiyue@pp158.com',
  'subject' => 'pp游戏账单支付',
  'sign' => 'ObNVa5m6WjoKbven0KNqyviit5eeOFJtrLi+hMlySnzXRsdqmtBOnAfT6CEXwwRTqesIZb94feY79e+D5k29YFXbb/CsRbpswW9t4+RMJKMYGZxW0pmfUu9Kf3yqtar7y1SyOBvNOwgEVdNCDLgV3Cz2QZAc+vZzEDAv6zFSybtEozdZeACCi11/vATejyXleFnH5V7Ll/Bh73WWawnJ2Z/mgJYR6APOtsr9ecKug5YrOAPPEa8ehDfses53HfiPZJxOA0QhXQZbYLjL2ZV25skbU1Ktc2m0HmyfHSn+mPZYNrOuuqIPrn6cifxOGceat4tJ5te9MZDGukgVbUZyCA==',
  'body' => '08c0f39a-8f94-4ac5-9610-701392ac9a66',
  'buyer_id' => '2088912836577743',
  'invoice_amount' => '50.00',
  'notify_id' => 'a5d4cb4ccdabd878607cf1129fe0cbflr1',
  'fund_bill_list' => '[{"amount":"50.00","fundChannel":"ALIPAYACCOUNT"}]',
  'notify_type' => 'trade_status_sync',
  'trade_status' => 'TRADE_SUCCESS',
  'receipt_amount' => '50.00',
  'app_id' => '2017021605702899',
  'buyer_pay_amount' => '50.00',
  'sign_type' => 'RSA2',
  'seller_id' => '2088221931936835',
  'gmt_payment' => '2017-11-03 01:22:29',
  'notify_time' => '2017-11-03 01:22:30',
  'version' => '1.0',
  'out_trade_no' => '4e106c38dfc748e6b7a8e54944b24c19',
  'total_amount' => '50.00',
  'trade_no' => '2017110321001004745372180707',
  'auth_app_id' => '2017021605702899',
  'buyer_logon_id' => '183****2149',
  'point_amount' => '0.00',
)
[2017-11-03 01:22:45][203.209.234.136][INFO]支付宝支付 :回调信息是:array (
  'gmt_create' => '2017-11-03 01:22:45',
  'charset' => 'utf-8',
  'seller_email' => 'qiyue@pp158.com',
  'notify_time' => '2017-11-03 01:22:45',
  'subject' => 'pp游戏账单支付',
  'sign' => 'IwqKjslheugaLmI8hQLxT0KOs+tqP15/liUVuYHCJ7y5Y4jo5Qbd+mz+iY8HDpW/3b8znXKgf3TgeeDC0lnhxuDVW+s6tKyw7UGw58/YKBWkb1TcCahTIY22n8Yhbe113f61cVArX0K2oAxIMSrJ/o5KNnjUeF3SCi6dcqCVV1Iblg6F6PnD5/Na948efr+CxEuavkz+Xl8pKrghQpzTCjXFb7BLDOaCn4NQn240SG19LJXY7bGZ5Ci0Mw7NXKBgsuXR3EsaohXit8Q7ocG08Fax8POLGQ58a3gHC7NyRPTZCDvmW0ife1f1j19FfAxxnLK9Yy4kdOdKgFGnkKRjMQ==',
  'body' => '77ac26fb-ed85-4448-b12f-9984618c7b78',
  'buyer_id' => '2088422219395883',
  'version' => '1.0',
  'notify_id' => 'fc74f42f52c7d9892d4befea97709fbmsj',
  'notify_type' => 'trade_status_sync',
  'out_trade_no' => '142a6c7b5b534844bb23344f2151c9ee',
  'total_amount' => '500.00',
  'trade_status' => 'WAIT_BUYER_PAY',
  'trade_no' => '2017110321001004880327788574',
  'auth_app_id' => '2017021605702899',
  'buyer_logon_id' => '150****1154',
  'app_id' => '2017021605702899',
  'sign_type' => 'RSA2',
  'seller_id' => '2088221931936835',
)
[2017-11-03 01:22:56][203.209.234.147][INFO]支付宝支付 :回调信息是:array (
  'gmt_create' => '2017-11-03 01:22:56',
  'charset' => 'utf-8',
  'seller_email' => 'qiyue@pp158.com',
  'notify_time' => '2017-11-03 01:22:56',
  'subject' => 'pp游戏账单支付',
  'sign' => 'EJ/Z5VONE/LWpvlc0rsnLcG5PQie6Nf6I/1LvU1WIZJ5DZ6yOscbGjdtQy6Bk4X5rq6tMqKu6kU6PH4X14d3oqK3AQfvfspXfkQA4TPxf6M0tQm3b6Atudy1nFZF6rKifiolVdCedgI1NuDL/za9p16bu1VUd7q1l8kSMt/2LtQ6AxdsfWBfRBi5ipV+5Sk7I5iPLARQwhp+/O75lkuEE7Zv65ABp+la3RkYKnfyfWgjWNKJnvkm/tOX39nP6EygBT+5+oXsv4Os9vXVXxtop/+XnjIUV0sdKvcfVlUdfjHUMdkOTd6kl6PHqUvvS2z5FQxhazP0lz7zjNyMcQLsVg==',
  'body' => '77ac26fb-ed85-4448-b12f-9984618c7b78',
  'buyer_id' => '2088422219395883',
  'version' => '1.0',
  'notify_id' => '3be42855a6e3d46b0b4c08ca2a36e9bmsj',
  'notify_type' => 'trade_status_sync',
  'out_trade_no' => '19a4aa71388e49ae9e57eb0a690a49fa',
  'total_amount' => '100.00',
  'trade_status' => 'WAIT_BUYER_PAY',
  'trade_no' => '2017110321001004880327778675',
  'auth_app_id' => '2017021605702899',
  'buyer_logon_id' => '150****1154',
  'app_id' => '2017021605702899',
  'sign_type' => 'RSA2',
  'seller_id' => '2088221931936835',
)
[2017-11-03 01:23:00][203.209.234.46][INFO]支付宝支付 成功:回调信息是:array (
  'gmt_create' => '2017-11-03 01:22:56',
  'charset' => 'utf-8',
  'seller_email' => 'qiyue@pp158.com',
  'subject' => 'pp游戏账单支付',
  'sign' => 'Vh9KrLO0xJOOJXxnOW1LR29mlICqQRHCmcebH7cvyG3KzzyBkKP73UIn2nmhk3Y7NgkpOS6JJpjZbRkNZzemcGGXqD0A3Bh3sQOpAertfN461XVEXgpE4uOi21dteQPFBNsFZDRDTM4RfwdrQNnszdx6+9U96UGw0SIbPxf1ST/stTG3/HtpnIBNfvglTvRgVxycBaZSr/tIz8XRQPDkGv2acBJXcW2EgsEUWVhhfXUnv6Ff/+SLuzKjiuOSRPKhgQROkGLhHtBMije6QdV5d10/DvBTTm6eK8gsw/QWtplLnrERaG07QxC26N+LjrH8MiK2XwR8PRMmdyCpB4YCDA==',
  'body' => '77ac26fb-ed85-4448-b12f-9984618c7b78',
  'buyer_id' => '2088422219395883',
  'invoice_amount' => '100.00',
  'notify_id' => '5d796ea254227a2ab97034b52d9f9e9msj',
  'fund_bill_list' => '[{"amount":"100.00","fundChannel":"PCREDIT"}]',
  'notify_type' => 'trade_status_sync',
  'trade_status' => 'TRADE_SUCCESS',
  'receipt_amount' => '100.00',
  'app_id' => '2017021605702899',
  'buyer_pay_amount' => '100.00',
  'sign_type' => 'RSA2',
  'seller_id' => '2088221931936835',
  'gmt_payment' => '2017-11-03 01:23:00',
  'notify_time' => '2017-11-03 01:23:00',
  'version' => '1.0',
  'out_trade_no' => '19a4aa71388e49ae9e57eb0a690a49fa',
  'total_amount' => '100.00',
  'trade_no' => '2017110321001004880327778675',
  'auth_app_id' => '2017021605702899',
  'buyer_logon_id' => '150****1154',
  'point_amount' => '0.00',
)
[2017-11-03 01:23:57][203.209.234.178][INFO]支付宝支付 :回调信息是:array (
  'gmt_create' => '2017-11-03 01:23:57',
  'charset' => 'utf-8',
  'seller_email' => 'qiyue@pp158.com',
  'notify_time' => '2017-11-03 01:23:57',
  'subject' => 'pp游戏账单支付',
  'sign' => 'EpuhJMxa5WWYOgOVeEog/N6X869cy497bx4dc+Y0d5SWKqf5vsaQwiWejOcJrrCtaE88AqIyLJmxrfmNOxs1KzXSDy5V4cI9/yb2OpwA7XBgpht2Ywl84npy0ukvPoZdjWa1jTk24qW0zYcr/vacPr+V7XQunxuweItYkRCn1lBi3yESqtvPI/1ngBzxx7GPLHK5ZzYlTRaubLULke+6b/BQGdOc5FBRRTrB+foJdO76ZyhyFdJ0hFDHzxsCOPlmMGKDfnLudcP5Oug325iTMG0DYgam1kF1UD3wcYKpWLty1cnQxPH9bm4muZr9l/4Nww0yp8Uvooi8RIGla+MtSg==',
  'body' => '6b8dfd56-748a-42fe-82e4-1ec70d83eae1',
  'buyer_id' => '2088222314359810',
  'version' => '1.0',
  'notify_id' => 'd1724b5aa5e66ee95c20d0136610eafmag',
  'notify_type' => 'trade_status_sync',
  'out_trade_no' => '07bf195a3c96495981a3043750403015',
  'total_amount' => '20.00',
  'trade_status' => 'WAIT_BUYER_PAY',
  'trade_no' => '2017110321001004815287168287',
  'auth_app_id' => '2017021605702899',
  'buyer_logon_id' => '151****3090',
  'app_id' => '2017021605702899',
  'sign_type' => 'RSA2',
  'seller_id' => '2088221931936835',
)
[2017-11-03 01:24:01][203.209.234.204][INFO]支付宝支付 成功:回调信息是:array (
  'gmt_create' => '2017-11-03 01:23:57',
  'charset' => 'utf-8',
  'seller_email' => 'qiyue@pp158.com',
  'subject' => 'pp游戏账单支付',
  'sign' => 'eOH3cOe8P3QFABrq9cC80pkIGS/c+WLf+hR/0FbFdju1yfa+c7KNKvO/bKcz3ZgV4x2dRmnxuE1aapfa5W4RraU3J74tASLy6CIwHBUvlx8gdTamfMmd3I1sMbixi02/B0EVZJkj+QuJxryoT6YiIf3fwqqYlFNOSAZiiMoPs01qWoQfR1jyBLNRpDMklkygTTeFK3CjZLPpyA0fzTNpfz62ZfJKrbEx8RBV23GhXc0beTGYirVFe/mUfTJ3a+RBlH+YxCtYygm5CpaE8rQCkXmooW02VsoAvZ49BS/7jArrKhvlui9gJYZLoaYK6TNvkojXy46b/mN2a0M3kLFz8g==',
  'body' => '6b8dfd56-748a-42fe-82e4-1ec70d83eae1',
  'buyer_id' => '2088222314359810',
  'invoice_amount' => '20.00',
  'notify_id' => '4246d991c83720dd25d933f5416039emag',
  'fund_bill_list' => '[{"amount":"20.00","fundChannel":"ALIPAYACCOUNT"}]',
  'notify_type' => 'trade_status_sync',
  'trade_status' => 'TRADE_SUCCESS',
  'receipt_amount' => '20.00',
  'app_id' => '2017021605702899',
  'buyer_pay_amount' => '20.00',
  'sign_type' => 'RSA2',
  'seller_id' => '2088221931936835',
  'gmt_payment' => '2017-11-03 01:24:01',
  'notify_time' => '2017-11-03 01:24:01',
  'version' => '1.0',
  'out_trade_no' => '07bf195a3c96495981a3043750403015',
  'total_amount' => '20.00',
  'trade_no' => '2017110321001004815287168287',
  'auth_app_id' => '2017021605702899',
  'buyer_logon_id' => '151****3090',
  'point_amount' => '0.00',
)
[2017-11-03 01:24:29][140.207.54.74][INFO]微信支付 成功:回调信息是:array (
  'appid' => 'wxcb8a76fe730b5964',
  'attach' => 'cddd378f-3c5a-49e8-bb43-f4279a47e4da',
  'bank_type' => 'CFT',
  'cash_fee' => '500',
  'fee_type' => 'CNY',
  'is_subscribe' => 'Y',
  'mch_id' => '1352470102',
  'nonce_str' => 'sgbdzc1njw3buq8w24vnezd0mdmtjfcs',
  'openid' => 'oFqowwPecPdyqZErJ3CuT6fx8vKc',
  'out_trade_no' => '4ebdd50aa892495ea187452a4ad763ab',
  'result_code' => 'SUCCESS',
  'return_code' => 'SUCCESS',
  'sign' => '3756F1608A25A549D60CB4F464EF99D9',
  'time_end' => '20171103012429',
  'total_fee' => '500',
  'trade_type' => 'NATIVE',
  'transaction_id' => '4200000006201711032058881989',
)
[2017-11-03 01:26:38][58.251.80.49][INFO]微信支付 成功:回调信息是:array (
  'appid' => 'wxcb8a76fe730b5964',
  'attach' => 'cddd378f-3c5a-49e8-bb43-f4279a47e4da',
  'bank_type' => 'CFT',
  'cash_fee' => '1800',
  'fee_type' => 'CNY',
  'is_subscribe' => 'Y',
  'mch_id' => '1352470102',
  'nonce_str' => 'rk3ss2zhhpqywy51t7e3deljdxvsal6u',
  'openid' => 'oFqowwPecPdyqZErJ3CuT6fx8vKc',
  'out_trade_no' => '119a8484d14b455c8c40912224ab12ab',
  'result_code' => 'SUCCESS',
  'return_code' => 'SUCCESS',
  'sign' => '59595766E744ADB859600ED289883325',
  'time_end' => '20171103012637',
  'total_fee' => '1800',
  'trade_type' => 'JSAPI',
  'transaction_id' => '4200000023201711032060773114',
)
[2017-11-03 01:26:45][58.251.80.56][INFO]微信支付 成功:回调信息是:array (
  'appid' => 'wxcb8a76fe730b5964',
  'attach' => '5297fcc5-fa54-4ff7-9eb9-f5b6b75e028a',
  'bank_type' => 'CFT',
  'cash_fee' => '2000',
  'fee_type' => 'CNY',
  'is_subscribe' => 'Y',
  'mch_id' => '1352470102',
  'nonce_str' => 'sgj7zrif3xd3yahqfip9vey51lkhfzl5',
  'openid' => 'oFqowwDVUMBRokNUKdXKSZi3g3jQ',
  'out_trade_no' => '82c086117c714f35bb2e5b3276369173',
  'result_code' => 'SUCCESS',
  'return_code' => 'SUCCESS',
  'sign' => 'A712F5A1C344E124D797FC626DC3C98E',
  'time_end' => '20171103012644',
  'total_fee' => '2000',
  'trade_type' => 'NATIVE',
  'transaction_id' => '4200000005201711032062764487',
)
[2017-11-03 01:33:36][140.207.54.74][INFO]微信支付 成功:回调信息是:array (
  'appid' => 'wxcb8a76fe730b5964',
  'attach' => '08c0f39a-8f94-4ac5-9610-701392ac9a66',
  'bank_type' => 'CFT',
  'cash_fee' => '5000',
  'fee_type' => 'CNY',
  'is_subscribe' => 'Y',
  'mch_id' => '1352470102',
  'nonce_str' => '01qbj1et342sagknzilqwso27ghlgeez',
  'openid' => 'oFqowwHwfUpg6BZq_VtA-RyEbLDU',
  'out_trade_no' => '9f12ad3ce8114829881ccfd8d79a84e7',
  'result_code' => 'SUCCESS',
  'return_code' => 'SUCCESS',
  'sign' => 'D54557ED90C3A013ED66C8E777A88205',
  'time_end' => '20171103013336',
  'total_fee' => '5000',
  'trade_type' => 'NATIVE',
  'transaction_id' => '4200000018201711032059047736',
)
[2017-11-03 01:34:47][140.207.54.76][INFO]微信支付 成功:回调信息是:array (
  'appid' => 'wxcb8a76fe730b5964',
  'attach' => '5297fcc5-fa54-4ff7-9eb9-f5b6b75e028a',
  'bank_type' => 'CFT',
  'cash_fee' => '2000',
  'fee_type' => 'CNY',
  'is_subscribe' => 'Y',
  'mch_id' => '1352470102',
  'nonce_str' => 'hattq0n5uhe0m6157mhe5hrohdvg7kpe',
  'openid' => 'oFqowwDVUMBRokNUKdXKSZi3g3jQ',
  'out_trade_no' => '4e1dd23d02d6411ba340e7e05bcdf9a6',
  'result_code' => 'SUCCESS',
  'return_code' => 'SUCCESS',
  'sign' => '0952304367003427375011381D75C37F',
  'time_end' => '20171103013447',
  'total_fee' => '2000',
  'trade_type' => 'NATIVE',
  'transaction_id' => '4200000022201711032057892324',
)
[2017-11-03 01:43:16][203.209.234.142][INFO]支付宝支付 :回调信息是:array (
  'gmt_create' => '2017-11-03 01:43:15',
  'charset' => 'utf-8',
  'seller_email' => 'qiyue@pp158.com',
  'notify_time' => '2017-11-03 01:43:16',
  'subject' => 'pp游戏账单支付',
  'sign' => 'dDO09Dnx+zBCSLArYr4P1xFpM0nkOlFiZMn1uDhhFV52G2QRVpaxXLOfGsWbak5MFggHFFJhun7F6s+PiMiVx5WzRqsAsWtqbgSKxRSadfxDDNnyJTyj5nagW2Zd0sPdZ91uCVxi454UZ+KIXtRzE9KxE347iXpmVjRCYN/zmYv8gbfS2mDRrxNcQTMVoXc8FZxu7z8yXmA933UE1Oki9up/W4t1TFsmYWSa/0KClr3xLpdzzNMwzAqZ9vvkpI5ZYNnTZa2qAk7cYiUUFeiYGvy8B56TjtbY99dZtHdu9ZlNmaAbwFO7I5hcAxZ5WhXuD6XDFNhzg2+BoM1fTnTbjA==',
  'body' => '77ac26fb-ed85-4448-b12f-9984618c7b78',
  'buyer_id' => '2088422219395883',
  'version' => '1.0',
  'notify_id' => 'a8812f80f2a3c594fd1a8895a5909bbmsj',
  'notify_type' => 'trade_status_sync',
  'out_trade_no' => '14f8a651c31a49e7802f6d43c59c8caf',
  'total_amount' => '500.00',
  'trade_status' => 'WAIT_BUYER_PAY',
  'trade_no' => '2017110321001004880327977676',
  'auth_app_id' => '2017021605702899',
  'buyer_logon_id' => '150****1154',
  'app_id' => '2017021605702899',
  'sign_type' => 'RSA2',
  'seller_id' => '2088221931936835',
)
[2017-11-03 01:43:25][203.209.234.199][INFO]支付宝支付 :回调信息是:array (
  'gmt_create' => '2017-11-03 01:43:25',
  'charset' => 'utf-8',
  'seller_email' => 'qiyue@pp158.com',
  'notify_time' => '2017-11-03 01:43:25',
  'subject' => 'pp游戏账单支付',
  'sign' => 'CKT3n4KSMOKDoQFLWKVmv/lFwOB74xX71DSDXSGJvNkfXElJoLeuSROniyKtI0Uy1zap9ElA3L0+zg6mVzyoIFAoYvQALCSO/lkQrN5i7uNac0pAXppdNideY860Mof3fiFvbn38JLnIVFujtHp/8jje5YR5lMwrxKaJLRujiwFmE/iL8W62xwrHikivVgOcAVf7qv0xwKBdlzofQRYTTYEUKeALOThtMFBmM65Y6DQMgbhxZhhVO+HkGJXcn/cFBt+jp9MTghgxKcJgi3Wm/4cTOdPahdDzwvWhW7CDzJmieAnhfM1elb7te7Ruqq+zc/lA5nNUDuRPfsEW4atJNg==',
  'body' => '77ac26fb-ed85-4448-b12f-9984618c7b78',
  'buyer_id' => '2088422219395883',
  'version' => '1.0',
  'notify_id' => '98e19de1f24d40e4b470ba0aba996c2msj',
  'notify_type' => 'trade_status_sync',
  'out_trade_no' => 'c607d2b90e754ceb92f72b93e735798a',
  'total_amount' => '100.00',
  'trade_status' => 'WAIT_BUYER_PAY',
  'trade_no' => '2017110321001004880327967300',
  'auth_app_id' => '2017021605702899',
  'buyer_logon_id' => '150****1154',
  'app_id' => '2017021605702899',
  'sign_type' => 'RSA2',
  'seller_id' => '2088221931936835',
)
[2017-11-03 01:43:30][203.209.234.220][INFO]支付宝支付 成功:回调信息是:array (
  'gmt_create' => '2017-11-03 01:43:25',
  'charset' => 'utf-8',
  'seller_email' => 'qiyue@pp158.com',
  'subject' => 'pp游戏账单支付',
  'sign' => 'b1ixt1nrl50QXkxstEktFEc8iCwv0J/xPjkyPeUrRzWBrjuUqDf/ALCIPBoQBuWDwZzb8NZlgcq+VF/TTFIaz2HqwIbOH53sEYQ7TwiI7Arxjz/R0L/D6x6yMTZrCwRIkIvmkjy6DTKNIhD1FdO1NS7FHHaEORmEGWTuUYlcwjpkWlibPakwjowooFndpqaCWgzdzWrZj6gItX+wCIOuIu8mbmabR0jaeMhZ74Ts9uWgKJEhUdVidOnl/VIthFRbTMIs+EMXiQ21V/BlYCKthY8qtFXRtOeFx96ORrQb0evvkB0Xi/KqQ+Y35cfOzaRY981NQaPfUmRWGfFCPVi+1g==',
  'body' => '77ac26fb-ed85-4448-b12f-9984618c7b78',
  'buyer_id' => '2088422219395883',
  'invoice_amount' => '100.00',
  'notify_id' => '30eb9d8a03e3e1fc6ff8c03739c5ec6msj',
  'fund_bill_list' => '[{"amount":"100.00","fundChannel":"PCREDIT"}]',
  'notify_type' => 'trade_status_sync',
  'trade_status' => 'TRADE_SUCCESS',
  'receipt_amount' => '100.00',
  'app_id' => '2017021605702899',
  'buyer_pay_amount' => '100.00',
  'sign_type' => 'RSA2',
  'seller_id' => '2088221931936835',
  'gmt_payment' => '2017-11-03 01:43:29',
  'notify_time' => '2017-11-03 01:43:29',
  'version' => '1.0',
  'out_trade_no' => 'c607d2b90e754ceb92f72b93e735798a',
  'total_amount' => '100.00',
  'trade_no' => '2017110321001004880327967300',
  'auth_app_id' => '2017021605702899',
  'buyer_logon_id' => '150****1154',
  'point_amount' => '0.00',
)
[2017-11-03 01:44:51][140.207.54.75][INFO]微信支付 成功:回调信息是:array (
  'appid' => 'wxcb8a76fe730b5964',
  'attach' => '972d9dd8-09c8-445c-b9a1-76534ed1844f',
  'bank_type' => 'CFT',
  'cash_fee' => '500',
  'fee_type' => 'CNY',
  'is_subscribe' => 'N',
  'mch_id' => '1352470102',
  'nonce_str' => 'hfby3fuppatqq86n7sixfnz9qiokfw5n',
  'openid' => 'oFqowwG-2JBH_wcfss-fM-5wmaQ0',
  'out_trade_no' => '02411a0e5cae4adeb25988d3dcee03c6',
  'result_code' => 'SUCCESS',
  'return_code' => 'SUCCESS',
  'sign' => 'EDE25DD2341E723265AA45F813CC2BD1',
  'time_end' => '20171103014451',
  'total_fee' => '500',
  'trade_type' => 'NATIVE',
  'transaction_id' => '4200000020201711032058062445',
)
[2017-11-03 01:45:04][203.209.234.231][INFO]支付宝支付 :回调信息是:array (
  'gmt_create' => '2017-11-03 01:45:04',
  'charset' => 'utf-8',
  'seller_email' => 'qiyue@pp158.com',
  'notify_time' => '2017-11-03 01:45:04',
  'subject' => 'pp游戏账单支付',
  'sign' => 'Mia8CzNYU6T3IAmjgICf5pxm2lJCddz76+4gdcirRuHhyeQoZCWdia9U5vCjCdnd3jHprjvtpVxTQlGI9miLzKfpfT/M8efnLv0MamB7zG0zXwjKyU18A4HYUMljDD42lqTWLGHowukpeePDAxy7vN7XP1/qorhJn8i7WwnpV4+Y7MTcqTeEBWNIx+5fTXbo62GE+jm2Uv72HTyulUaoivAG0tPKEkOZRnKqxzDbao7IkSTnSiIy9wDJ7iqYBA3Fl7wyIZF7lcayiQ0e60p+yBrqLkrStjOjOkU2sSJNjjyzlH0VBzYbtoYZUKGRVOdC5y+r7fcGiAYuSH8ac/UYYA==',
  'body' => '77ac26fb-ed85-4448-b12f-9984618c7b78',
  'buyer_id' => '2088422219395883',
  'version' => '1.0',
  'notify_id' => '247ad14c2c1b37cfbf961508d870ffemsj',
  'notify_type' => 'trade_status_sync',
  'out_trade_no' => '86f4c53cb32d486eba64fbb773300cd9',
  'total_amount' => '500.00',
  'trade_status' => 'WAIT_BUYER_PAY',
  'trade_no' => '2017110321001004880327972870',
  'auth_app_id' => '2017021605702899',
  'buyer_logon_id' => '150****1154',
  'app_id' => '2017021605702899',
  'sign_type' => 'RSA2',
  'seller_id' => '2088221931936835',
)
[2017-11-03 01:45:10][58.251.80.56][INFO]微信支付 成功:回调信息是:array (
  'appid' => 'wxcb8a76fe730b5964',
  'attach' => 'bd07dad5-2005-46ac-924d-0d42486500aa',
  'bank_type' => 'CFT',
  'cash_fee' => '500',
  'fee_type' => 'CNY',
  'is_subscribe' => 'Y',
  'mch_id' => '1352470102',
  'nonce_str' => 'c0xaqv3asu6ky9ura24jvsiabsq5f8py',
  'openid' => 'oFqowwFiOew1hstDNsL-4EH8hnLM',
  'out_trade_no' => 'af9a32a25a9541679297b22a2ad4da45',
  'result_code' => 'SUCCESS',
  'return_code' => 'SUCCESS',
  'sign' => 'F4A254174A5ED39E2EA97D6B9337FA13',
  'time_end' => '20171103014509',
  'total_fee' => '500',
  'trade_type' => 'NATIVE',
  'transaction_id' => '4200000008201711032058035359',
)
[2017-11-03 01:45:11][203.209.234.30][INFO]支付宝支付 :回调信息是:array (
  'gmt_create' => '2017-11-03 01:45:10',
  'charset' => 'utf-8',
  'seller_email' => 'qiyue@pp158.com',
  'notify_time' => '2017-11-03 01:45:11',
  'subject' => 'pp游戏账单支付',
  'sign' => 'P1S4lCqw5h7+C7p6pAQSLfTqLyCZojP76uj4Tmn/g8nwfLPxXoVvoBlXm6PtE67bDim8iLm29dtGSvEr4WJNWQCflO1/Ib4uLu6l2kfMf9hrdQE87C1Xzp5Fq5cYfhrAA7DTNjtw1+qxFHmANkIx6aM7+u4joDn1zsjzwX/TQdOPdopEgHh8Tw25etUDW2+sSTXMc586gLvYjBpMhdPmEyQj138ooeOsH/0/Oabi90QeXEx/vSH9+/IE5pVZE7OQgcfVKu9kezJI6Cp1PGbGUdnWKgToN5/JddgdAwLnwftiwlzrjNG8Ne1PMck++RXEI215Q3ZBe6KXQBvwpckRNg==',
  'body' => '77ac26fb-ed85-4448-b12f-9984618c7b78',
  'buyer_id' => '2088422219395883',
  'version' => '1.0',
  'notify_id' => 'f3eb3bc7c5c68a31232e0ccb142c8demsj',
  'notify_type' => 'trade_status_sync',
  'out_trade_no' => 'f541010f356b44bdafc695398060a9ea',
  'total_amount' => '100.00',
  'trade_status' => 'WAIT_BUYER_PAY',
  'trade_no' => '2017110321001004880327967316',
  'auth_app_id' => '2017021605702899',
  'buyer_logon_id' => '150****1154',
  'app_id' => '2017021605702899',
  'sign_type' => 'RSA2',
  'seller_id' => '2088221931936835',
)
[2017-11-03 01:45:47][140.207.54.76][INFO]微信支付 成功:回调信息是:array (
  'appid' => 'wxcb8a76fe730b5964',
  'attach' => '77ac26fb-ed85-4448-b12f-9984618c7b78',
  'bank_type' => 'CFT',
  'cash_fee' => '20000',
  'fee_type' => 'CNY',
  'is_subscribe' => 'N',
  'mch_id' => '1352470102',
  'nonce_str' => '2pfo2r4sbycn8ofhahpt2cqr0ei5m6ps',
  'openid' => 'oFqowwGEFRqBtszVyzUkDWDooeKM',
  'out_trade_no' => '4f5e065d30004957aa33b47d0ded2145',
  'result_code' => 'SUCCESS',
  'return_code' => 'SUCCESS',
  'sign' => '646840E0E06AA3AB0F178A0F445D11CF',
  'time_end' => '20171103014546',
  'total_fee' => '20000',
  'trade_type' => 'NATIVE',
  'transaction_id' => '4200000001201711032061073734',
)
[2017-11-03 01:47:25][203.209.234.9][INFO]支付宝支付 :回调信息是:array (
  'gmt_create' => '2017-11-03 01:47:24',
  'charset' => 'utf-8',
  'seller_email' => 'qiyue@pp158.com',
  'notify_time' => '2017-11-03 01:47:25',
  'subject' => 'pp游戏账单支付',
  'sign' => 'QHLaS0LwdcUW8c7oIDfrAZKQ5alETdKvRvhtqV9gPuxm8JUEl49NTTU0yi1VOHpuvIIAmeZlcvr1Rt5bmg/kZrsCJBNVlKc1+sOwCe3RhsA2Iu6GkJ90/YuOSJdcZQOL8+H178bOgoTSIwyoxAeHYmJwgetORlIqPbHvPUme8XbvbR54KG92mMf+r1UdrIA/L9q+6+W3fGsDnCaXF+jKpyL4kb7lDYGSpUnzJiNE9oS+wgnafvHje5VKfHcPK9lVoPB8Brd7tENoaqeZWp1cPyyrFt7N8j5RG4F/QuU/85O2akt3vPNqtSkeNhcOU2pM1RH0GV+6up/sMXqbzzSWdw==',
  'body' => '77ac26fb-ed85-4448-b12f-9984618c7b78',
  'buyer_id' => '2088422219395883',
  'version' => '1.0',
  'notify_id' => '335a69410b49339ddc0f2f9777b5603msj',
  'notify_type' => 'trade_status_sync',
  'out_trade_no' => 'd74a5eb979e14080959bf99de23c3bcd',
  'total_amount' => '500.00',
  'trade_status' => 'WAIT_BUYER_PAY',
  'trade_no' => '2017110321001004880327967342',
  'auth_app_id' => '2017021605702899',
  'buyer_logon_id' => '150****1154',
  'app_id' => '2017021605702899',
  'sign_type' => 'RSA2',
  'seller_id' => '2088221931936835',
)
[2017-11-03 01:48:07][58.251.80.56][INFO]微信支付 成功:回调信息是:array (
  'appid' => 'wxcb8a76fe730b5964',
  'attach' => '064d0573-fca6-4f8d-9fb9-9ce9a9ad02f3',
  'bank_type' => 'CFT',
  'cash_fee' => '500',
  'fee_type' => 'CNY',
  'is_subscribe' => 'N',
  'mch_id' => '1352470102',
  'nonce_str' => 'aaemg0b81lih0600w1i03vxjvc044ns3',
  'openid' => 'oFqowwF1QpBrHOu98DnijEg5hGoU',
  'out_trade_no' => '6d34a22d17e84505878e3e1108edc06f',
  'result_code' => 'SUCCESS',
  'return_code' => 'SUCCESS',
  'sign' => 'B5B4EDB2C7A84B257C6C9D1DD8D6DB7A',
  'time_end' => '20171103014807',
  'total_fee' => '500',
  'trade_type' => 'NATIVE',
  'transaction_id' => '4200000014201711032059248912',
)
[2017-11-03 01:48:41][140.207.54.76][INFO]微信支付 成功:回调信息是:array (
  'appid' => 'wxcb8a76fe730b5964',
  'attach' => 'bd07dad5-2005-46ac-924d-0d42486500aa',
  'bank_type' => 'CFT',
  'cash_fee' => '500',
  'fee_type' => 'CNY',
  'is_subscribe' => 'Y',
  'mch_id' => '1352470102',
  'nonce_str' => 'fcevn4lhf4j4nsx9y79iaj7xjdgcafxv',
  'openid' => 'oFqowwFiOew1hstDNsL-4EH8hnLM',
  'out_trade_no' => '92b351dd6621475d9469fd73e2838fd2',
  'result_code' => 'SUCCESS',
  'return_code' => 'SUCCESS',
  'sign' => '432D29B1F84555F64A41EB0DD532571E',
  'time_end' => '20171103014840',
  'total_fee' => '500',
  'trade_type' => 'NATIVE',
  'transaction_id' => '4200000030201711032058122854',
)
[2017-11-03 01:48:42][203.209.234.147][INFO]支付宝支付 :回调信息是:array (
  'gmt_create' => '2017-11-03 01:48:41',
  'charset' => 'utf-8',
  'seller_email' => 'qiyue@pp158.com',
  'notify_time' => '2017-11-03 01:48:42',
  'subject' => 'pp游戏账单支付',
  'sign' => 'Ao1yMkXcNPid59S9I8aWw1j89rYAV+I/+T1RfypRCla2udH7vJW8pLuW7/Qyd15Q9y0FQSxQuek68PIzKs4+lKG1dM8i6Pd78oO1V4MBKuAnlH2vg38uFk42qZv1Tts3NeDeEQg8xVn03MOk+OPiBEVuXeJEgqPXQxDDTsjB7+zXX5gF8v84obLN1Uosg3m/LPXIBsY2PakCOy32yIPa96YTWg2vhU5R/uXnNY6f+adb9b4rFisw0suXGZW8AfkgfUzycvEjCf7u3epdLtKh//sBtKQwS9iU5Gi6D4/Bto/+9k5aJJ4SPyzNLT4NAUte19ffuFhqrqDHtPIBPY/uow==',
  'body' => '77ac26fb-ed85-4448-b12f-9984618c7b78',
  'buyer_id' => '2088422219395883',
  'version' => '1.0',
  'notify_id' => 'd59b6a3ebc2fcc4d7e83d6deee13be8msj',
  'notify_type' => 'trade_status_sync',
  'out_trade_no' => '3f24c461346a4ea8ac9c7a11c60ce84c',
  'total_amount' => '100.00',
  'trade_status' => 'WAIT_BUYER_PAY',
  'trade_no' => '2017110321001004880327985229',
  'auth_app_id' => '2017021605702899',
  'buyer_logon_id' => '150****1154',
  'app_id' => '2017021605702899',
  'sign_type' => 'RSA2',
  'seller_id' => '2088221931936835',
)
[2017-11-03 01:49:02][58.251.80.49][INFO]微信支付 成功:回调信息是:array (
  'appid' => 'wxcb8a76fe730b5964',
  'attach' => '94faf3a5-957d-494e-8d1b-ffbc3b331db3',
  'bank_type' => 'PSBC_DEBIT',
  'cash_fee' => '500',
  'fee_type' => 'CNY',
  'is_subscribe' => 'Y',
  'mch_id' => '1352470102',
  'nonce_str' => '0ixnt0l5qaoruet119yz4et1u9980dla',
  'openid' => 'oFqowwINKA3zWO8IDR_UMmR4KjaA',
  'out_trade_no' => '7e76b1d610d44a0fa605a51770be5312',
  'result_code' => 'SUCCESS',
  'return_code' => 'SUCCESS',
  'sign' => '9FBFF805E100AB1B80FC9347B524A93C',
  'time_end' => '20171103014902',
  'total_fee' => '500',
  'trade_type' => 'NATIVE',
  'transaction_id' => '4200000020201711032063063594',
)
[2017-11-03 01:51:05][140.207.54.74][INFO]微信支付 成功:回调信息是:array (
  'appid' => 'wxcb8a76fe730b5964',
  'attach' => 'e360ee3f-4c9c-4c66-957f-d7935c89527a',
  'bank_type' => 'CFT',
  'cash_fee' => '500',
  'fee_type' => 'CNY',
  'is_subscribe' => 'Y',
  'mch_id' => '1352470102',
  'nonce_str' => 'x3802kwgxfwdyetd07eghdmxbofeonr2',
  'openid' => 'oFqowwAl1P5Vhx9OTXRUpAhAusqQ',
  'out_trade_no' => '327507e476564fe2865bbdbc45e4a19d',
  'result_code' => 'SUCCESS',
  'return_code' => 'SUCCESS',
  'sign' => '547DC86B23C44B7EE738BFC0C7D389BF',
  'time_end' => '20171103015104',
  'total_fee' => '500',
  'trade_type' => 'NATIVE',
  'transaction_id' => '4200000029201711032061173475',
)
[2017-11-03 01:52:24][140.207.54.74][INFO]微信支付 成功:回调信息是:array (
  'appid' => 'wxcb8a76fe730b5964',
  'attach' => '064d0573-fca6-4f8d-9fb9-9ce9a9ad02f3',
  'bank_type' => 'CFT',
  'cash_fee' => '500',
  'fee_type' => 'CNY',
  'is_subscribe' => 'N',
  'mch_id' => '1352470102',
  'nonce_str' => 'dre79zg8f48u72wb4ceo5475vsspk5nu',
  'openid' => 'oFqowwF1QpBrHOu98DnijEg5hGoU',
  'out_trade_no' => '6a76e03aa35c48c196c6027750185a6c',
  'result_code' => 'SUCCESS',
  'return_code' => 'SUCCESS',
  'sign' => '9CCA300488C72BE6E0672A67ADA0FEDC',
  'time_end' => '20171103015224',
  'total_fee' => '500',
  'trade_type' => 'NATIVE',
  'transaction_id' => '4200000025201711032061162785',
)
[2017-11-03 01:56:59][58.251.80.44][INFO]微信支付 成功:回调信息是:array (
  'appid' => 'wxcb8a76fe730b5964',
  'attach' => '80d8d35e-657f-44b7-acf3-39174f93d598',
  'bank_type' => 'CFT',
  'cash_fee' => '500',
  'fee_type' => 'CNY',
  'is_subscribe' => 'Y',
  'mch_id' => '1352470102',
  'nonce_str' => 'xapzv9v8rlryup56truprpwec43mw0lm',
  'openid' => 'oFqowwC30Bm6GW_tOqyoTDVJqhqo',
  'out_trade_no' => 'de7813f5671e436b815fe59a99712e5c',
  'result_code' => 'SUCCESS',
  'return_code' => 'SUCCESS',
  'sign' => '9F6B5653FDEB3CF2CC4F23FD0B98F5F6',
  'time_end' => '20171103015658',
  'total_fee' => '500',
  'trade_type' => 'NATIVE',
  'transaction_id' => '4200000009201711032058224728',
)
[2017-11-03 01:57:59][58.251.80.49][INFO]微信支付 成功:回调信息是:array (
  'appid' => 'wxcb8a76fe730b5964',
  'attach' => '28c3dc78-e3d3-45d6-84ac-f206801cab6c',
  'bank_type' => 'CFT',
  'cash_fee' => '5000',
  'fee_type' => 'CNY',
  'is_subscribe' => 'Y',
  'mch_id' => '1352470102',
  'nonce_str' => 'tqg6050d5fjvdjwrwd4fgxu19igiw7d3',
  'openid' => 'oFqowwJr8qN4Xh2GUUo9cYlPTqpo',
  'out_trade_no' => '08b29ccbbd284f0c8e77861d9e40a4e9',
  'result_code' => 'SUCCESS',
  'return_code' => 'SUCCESS',
  'sign' => '86B04E8E9AC20F95396ED05F00092E89',
  'time_end' => '20171103015758',
  'total_fee' => '5000',
  'trade_type' => 'NATIVE',
  'transaction_id' => '4200000013201711032059383891',
)
[2017-11-03 01:58:07][110.75.248.148][INFO]支付宝支付 :回调信息是:array (
  'gmt_create' => '2017-11-03 01:58:06',
  'charset' => 'utf-8',
  'seller_email' => 'qiyue@pp158.com',
  'notify_time' => '2017-11-03 01:58:07',
  'subject' => 'pp游戏账单支付',
  'sign' => 'FR4/HALaS+eV9bGzUXpVjlVGPKekH/RdAhx6AnGsae+U2KwAfPcBPhc6P2jsyGEYEnvikc/eUjiEA+/hf186lAPe+gZQsZoQTQkf8JJIfvBzLeKDKmn3Vp87t/0PWKFwmnd1bBE8AaZ+Lb5/7pb4Dbk2wTeD3/JcFHLk9Wez9t4SNEIjNGK9+HZY7y7zL1PSkeBN6QaNxrcHUQhFpp4jRIPjnaVoH5uEi7aEz8BReGlb1WlMQUqNFXVeBP8BrvjrKqyKo6CWsyH7cN3k/a8citKPtqUxc6Pg0bBt6PYufpJZxdmGoim5pY1QHaX3op5zMRtbKRB5wRcAeFHZimaYUQ==',
  'body' => '08c0f39a-8f94-4ac5-9610-701392ac9a66',
  'buyer_id' => '2088912836577743',
  'version' => '1.0',
  'notify_id' => '68e5bb69a37fd63b7af06162475b098lr1',
  'notify_type' => 'trade_status_sync',
  'out_trade_no' => 'afd8887c44a745cf81ce6867ddd7d65c',
  'total_amount' => '50.00',
  'trade_status' => 'WAIT_BUYER_PAY',
  'trade_no' => '2017110321001004745370978229',
  'auth_app_id' => '2017021605702899',
  'buyer_logon_id' => '183****2149',
  'app_id' => '2017021605702899',
  'sign_type' => 'RSA2',
  'seller_id' => '2088221931936835',
)
[2017-11-03 01:58:13][110.75.248.158][INFO]支付宝支付 成功:回调信息是:array (
  'gmt_create' => '2017-11-03 01:58:06',
  'charset' => 'utf-8',
  'seller_email' => 'qiyue@pp158.com',
  'subject' => 'pp游戏账单支付',
  'sign' => 'ZKZYatcIFhwfF8etllZy4pm5ERqfDse0obI7jh+K3r4lVApbgg7djXUAhrhJd3p5XxoVq9Hui8cQ9g3mTQXG4LUAoTJOzugBSney2OAH5UaiIFoHye4e3nfG5RERW9IWPwNCZKPurTxAivOQYS0rtD7rKdWHApP+xweIwxh7ULoQrmp64dMaoZ6x403Z6vvT6OyWCj6yAx8mTauMqHrKLacggt17Xf4Y2Cwgz2y8l0jOfweY1lLJhcbyg6r9ppuGUeRrmS78VNHVJb+g6P2EJFC4s7vlPS3J3kP4kIIh9SogsxOUrD0CRYzo3qpWNtcDMMZIBF0eis30ToAvOvM0FQ==',
  'body' => '08c0f39a-8f94-4ac5-9610-701392ac9a66',
  'buyer_id' => '2088912836577743',
  'invoice_amount' => '50.00',
  'notify_id' => 'e924cbb6d357330ba21c7408083b106lr1',
  'fund_bill_list' => '[{"amount":"50.00","fundChannel":"ALIPAYACCOUNT"}]',
  'notify_type' => 'trade_status_sync',
  'trade_status' => 'TRADE_SUCCESS',
  'receipt_amount' => '50.00',
  'app_id' => '2017021605702899',
  'buyer_pay_amount' => '50.00',
  'sign_type' => 'RSA2',
  'seller_id' => '2088221931936835',
  'gmt_payment' => '2017-11-03 01:58:13',
  'notify_time' => '2017-11-03 01:58:13',
  'version' => '1.0',
  'out_trade_no' => 'afd8887c44a745cf81ce6867ddd7d65c',
  'total_amount' => '50.00',
  'trade_no' => '2017110321001004745370978229',
  'auth_app_id' => '2017021605702899',
  'buyer_logon_id' => '183****2149',
  'point_amount' => '0.00',
)
[2017-11-03 01:59:09][140.207.54.74][INFO]微信支付 成功:回调信息是:array (
  'appid' => 'wxcb8a76fe730b5964',
  'attach' => 'ed0bf3f3-4afe-455e-9dde-c7267051b06f',
  'bank_type' => 'CFT',
  'cash_fee' => '500',
  'fee_type' => 'CNY',
  'is_subscribe' => 'N',
  'mch_id' => '1352470102',
  'nonce_str' => 'o6ucq6d7f5pz6k8j3slhzcf5e5j2al8w',
  'openid' => 'oFqowwOF-S0qYJCMNdBeWB3mtecs',
  'out_trade_no' => 'fc2269283cb04fd38c53994fb67847cd',
  'result_code' => 'SUCCESS',
  'return_code' => 'SUCCESS',
  'sign' => '51B245A2CDDAE5742D2E516CFDC53EFD',
  'time_end' => '20171103015909',
  'total_fee' => '500',
  'trade_type' => 'NATIVE',
  'transaction_id' => '4200000014201711032059374376',
)
