[2017-11-03 02:02:32][110.75.248.245][INFO]支付宝支付 :回调信息是:array (
  'gmt_create' => '2017-11-03 02:02:32',
  'charset' => 'utf-8',
  'seller_email' => 'qiyue@pp158.com',
  'notify_time' => '2017-11-03 02:02:32',
  'subject' => 'pp游戏账单支付',
  'sign' => 'Z3wZaSZu6rXWcM7+OYlaS7VgExKGd7ti1FDBw9hLMOuxXGNOiYduJioXtg8QUAw6K92ZTS/mT/LwsRuw8skvdg4PLI6i4YS3UyzP0hdeym+mePPlKqEGJ1iNXqLaA5mJGNB5BoNx2LvoVscQHvJ1geDxF8sljaIf5Nmk9mTpW+cnIGPDAjBD4iOhzEFQVJ1uxmGCJPRI9jyWv+0ITQXLK7Woi4/hwTKIeSvlkaw6Snh1DJK9qCYDmpYefD2iwbi/8MsAqsS8634y/oQhjKdCy36YgCDqwIjWhlI/rQ7YM2xG/KwHOxJXn+xlTucXt0XWeUoRY1YLgrVJ3tK31SB+Qw==',
  'body' => '08c0f39a-8f94-4ac5-9610-701392ac9a66',
  'buyer_id' => '2088912836577743',
  'version' => '1.0',
  'notify_id' => '188e64fc1e23e147db73e8d88f760d2lr1',
  'notify_type' => 'trade_status_sync',
  'out_trade_no' => 'fa3cc81ec8eb469d8f41b9032c452595',
  'total_amount' => '100.00',
  'trade_status' => 'WAIT_BUYER_PAY',
  'trade_no' => '2017110321001004745385906317',
  'auth_app_id' => '2017021605702899',
  'buyer_logon_id' => '183****2149',
  'app_id' => '2017021605702899',
  'sign_type' => 'RSA2',
  'seller_id' => '2088221931936835',
)
[2017-11-03 02:02:57][110.75.248.160][INFO]支付宝支付 成功:回调信息是:array (
  'gmt_create' => '2017-11-03 02:02:32',
  'charset' => 'utf-8',
  'seller_email' => 'qiyue@pp158.com',
  'subject' => 'pp游戏账单支付',
  'sign' => 'OG/Dd+iMPYYmNTlyIFuztmJR5sXHq2ZF2Nl+ZbG5T8hW17a1ZKCUcSU1tT0VMR+//DEzob2Qpstri1QhIkzkAkVtZFaUIQVpaQWtlxG5l9vqkJ835BrITeNUPLxnckBK+o+7wIvHCXdTfZfqLG3uzJ9MFRw2lAgV4AaGbD73zm3urj4PDUO+zpF/UfeHQQe1kh26O8zU+21nOPso43Kqwcfv0G1V0Q1C1gZj6nUyvZTid8BY2YrJDZG8yKvUsny8CeYycnxrdZFoH0aTvksIyUdQurV5JrhS7Lf0SnbWklHGZ23rUH4wSCbYJ/Y7qjLkjtQKhV5SLdXbnLdJLRub6A==',
  'body' => '08c0f39a-8f94-4ac5-9610-701392ac9a66',
  'buyer_id' => '2088912836577743',
  'invoice_amount' => '100.00',
  'notify_id' => '31236b55e562c4c4cc72bd952a1d65clr1',
  'fund_bill_list' => '[{"amount":"100.00","fundChannel":"ALIPAYACCOUNT"}]',
  'notify_type' => 'trade_status_sync',
  'trade_status' => 'TRADE_SUCCESS',
  'receipt_amount' => '100.00',
  'app_id' => '2017021605702899',
  'buyer_pay_amount' => '100.00',
  'sign_type' => 'RSA2',
  'seller_id' => '2088221931936835',
  'gmt_payment' => '2017-11-03 02:02:57',
  'notify_time' => '2017-11-03 02:02:57',
  'version' => '1.0',
  'out_trade_no' => 'fa3cc81ec8eb469d8f41b9032c452595',
  'total_amount' => '100.00',
  'trade_no' => '2017110321001004745385906317',
  'auth_app_id' => '2017021605702899',
  'buyer_logon_id' => '183****2149',
  'point_amount' => '0.00',
)
[2017-11-03 02:11:16][110.75.248.140][INFO]支付宝支付 :回调信息是:array (
  'gmt_create' => '2017-11-03 02:11:16',
  'charset' => 'utf-8',
  'seller_email' => 'qiyue@pp158.com',
  'notify_time' => '2017-11-03 02:11:16',
  'subject' => 'pp游戏账单支付',
  'sign' => 'Q3U+gAL7aK2/C7XoUWsQf/tgJdftNkTnG7s4PXGNwhEoLcHhY9hBeGKe6nkh9Uoal6R7x9r5NcQnPFO37x8UI/14Q1KqYnd5qZi1zOBWnjSursVwMxUjkkroaz65srU4yC/+XlV0yhz7hScjdBlO1ZlDCnYOQqlkp5FVu6CVoXkE+yiv8NZzijsbZjnp9ntl0FzvxrOpALq1o49FF61sv9lWPuGC4DE2sim6eLMLvpnGhPnEZZpCyhysPf/wBx7T3rSwyyO5/KdWk3xuj/qtCTGc05m1ot2fgBjwmSuYWa0fhq1mFQb9SVPCA0nC/hWDOOzFlEU4u52HB4Z0P+xYIg==',
  'body' => '08c0f39a-8f94-4ac5-9610-701392ac9a66',
  'buyer_id' => '2088912836577743',
  'version' => '1.0',
  'notify_id' => 'ee35ecbd6221bf7cb9f8295f49b9188lr1',
  'notify_type' => 'trade_status_sync',
  'out_trade_no' => '665f6641ef844f40af1734781acce15d',
  'total_amount' => '100.00',
  'trade_status' => 'WAIT_BUYER_PAY',
  'trade_no' => '2017110321001004745372180823',
  'auth_app_id' => '2017021605702899',
  'buyer_logon_id' => '183****2149',
  'app_id' => '2017021605702899',
  'sign_type' => 'RSA2',
  'seller_id' => '2088221931936835',
)
[2017-11-03 02:11:23][110.75.248.174][INFO]支付宝支付 成功:回调信息是:array (
  'gmt_create' => '2017-11-03 02:11:16',
  'charset' => 'utf-8',
  'seller_email' => 'qiyue@pp158.com',
  'subject' => 'pp游戏账单支付',
  'sign' => 'dh36G6F+fSdtwZsy6gxA+BnVrtzLROQqyQzvQ+nlUxQ3U7qlkqtE8jSnoEAkcr/8dMUQkQeguDKZhv5hYKT49dZS1QRuUOMx798o3wb0gl4YlIwdVEG3MVrlE1fGiD7N9HpBe4CR9U3+qR4aVxObQTwZllDPfKk1onEPnFMBoBcsQRIIs9xClsPNBtUDxhJi+DY/klmbUuNfJ16BUCjpeUhAz/7FZURDig0zpAZ2BdcOF1/iNZSE0ALAbfYjWuifL+XqfsDWCSF6NHZT7ra2tEF6DcszmhppiJ3wSdS9EJvPzuD8s/0Fo0+0vpTWhR5ex9as45cnWyVifWPNJuj26g==',
  'body' => '08c0f39a-8f94-4ac5-9610-701392ac9a66',
  'buyer_id' => '2088912836577743',
  'invoice_amount' => '100.00',
  'notify_id' => '78bfd6e5905dd2008c4dab631c010a4lr1',
  'fund_bill_list' => '[{"amount":"100.00","fundChannel":"ALIPAYACCOUNT"}]',
  'notify_type' => 'trade_status_sync',
  'trade_status' => 'TRADE_SUCCESS',
  'receipt_amount' => '100.00',
  'app_id' => '2017021605702899',
  'buyer_pay_amount' => '100.00',
  'sign_type' => 'RSA2',
  'seller_id' => '2088221931936835',
  'gmt_payment' => '2017-11-03 02:11:22',
  'notify_time' => '2017-11-03 02:11:23',
  'version' => '1.0',
  'out_trade_no' => '665f6641ef844f40af1734781acce15d',
  'total_amount' => '100.00',
  'trade_no' => '2017110321001004745372180823',
  'auth_app_id' => '2017021605702899',
  'buyer_logon_id' => '183****2149',
  'point_amount' => '0.00',
)
[2017-11-03 02:11:56][58.251.80.56][INFO]微信支付 成功:回调信息是:array (
  'appid' => 'wxcb8a76fe730b5964',
  'attach' => 'd2c187ae-e207-46c8-8681-274056c43945',
  'bank_type' => 'CFT',
  'cash_fee' => '600',
  'fee_type' => 'CNY',
  'is_subscribe' => 'N',
  'mch_id' => '1352470102',
  'nonce_str' => 'n46y90kag8y20rbg25rgm4ifjmj796o4',
  'openid' => 'oFqowwAVjD0p5z2E0sZ3IS5DlLH0',
  'out_trade_no' => '43035444a1194740b42b169a2894b655',
  'result_code' => 'SUCCESS',
  'return_code' => 'SUCCESS',
  'sign' => 'CB94AB5170E45FEADA495FF3364096C8',
  'time_end' => '20171103021155',
  'total_fee' => '600',
  'trade_type' => 'JSAPI',
  'transaction_id' => '4200000030201711032059569917',
)
[2017-11-03 02:14:55][110.75.248.56][INFO]支付宝支付 :回调信息是:array (
  'gmt_create' => '2017-11-03 02:14:55',
  'charset' => 'utf-8',
  'seller_email' => 'qiyue@pp158.com',
  'notify_time' => '2017-11-03 02:14:55',
  'subject' => 'pp游戏账单支付',
  'sign' => 'a7xmVQo+6IgwP5u1WYn5YTYNZyguRXMudd41qk5pm+Jm9rR71vfK3Xu7yaPfqC1lYZR9yuiNDgYoY+bCEi3q8gnOJxWOcX/tA/v3d6b1C9cg+IQ6NgObaHQPBOw+gBC04QyBCx7sVG2YeY32bROWoe2oQKeYrkbm3kZKEP8eQHcMSbF/bPvYiCKrToN7rpXMnx/iU+mKdQROP5zqitsYV0vPCLvEc2B0osV8cxDMysqFCqAoXoG8Ws4+Vhg3MeR6ERdGIuFP/S3GI26bTp/JEdfpC4Dv/9vujkKo9NQxXkQnx3XpYrCZtIdSSslKbnNpjgG3u9O3Y55AKhFFqA+AGw==',
  'body' => '08c0f39a-8f94-4ac5-9610-701392ac9a66',
  'buyer_id' => '2088912836577743',
  'version' => '1.0',
  'notify_id' => '3d67addf0d29bc7e7e0abac15e97005lr1',
  'notify_type' => 'trade_status_sync',
  'out_trade_no' => '52d0d05381214199822a1510f7768912',
  'total_amount' => '50.00',
  'trade_status' => 'WAIT_BUYER_PAY',
  'trade_no' => '2017110321001004745370978279',
  'auth_app_id' => '2017021605702899',
  'buyer_logon_id' => '183****2149',
  'app_id' => '2017021605702899',
  'sign_type' => 'RSA2',
  'seller_id' => '2088221931936835',
)
[2017-11-03 02:15:02][110.75.248.32][INFO]支付宝支付 成功:回调信息是:array (
  'gmt_create' => '2017-11-03 02:14:55',
  'charset' => 'utf-8',
  'seller_email' => 'qiyue@pp158.com',
  'subject' => 'pp游戏账单支付',
  'sign' => 'XZI5+6jtwXYxNLuMU1p7b/jKnJBg3WFr7YCXPpML2Ib+Zw8FcDHLs36+cCcHHq/SR/d4ZgKlm0FhBPSnv4/Kf2elbq+XwAUWgkdlSPA9aAVS9lsIL1PSduWkKnuMREWsHxu3Xu37mb0AMydRsZBlwkaO9zjaNZIZUV8dWDIU/OdaB7X/I+WYLQV25G9bx181VFHl6E7ayig66AHGgDsqTtMQKiK8xfz9MPAOgvdASUfUND1MNY2rxsv+LIRJ074WEqePiUPvcjzD1dLW5KpR+TsSbneslbN2ahls8juv0BX7FSdE38NgiARACysx3BadEhTAqSLxQ707qVnDfySmyQ==',
  'body' => '08c0f39a-8f94-4ac5-9610-701392ac9a66',
  'buyer_id' => '2088912836577743',
  'invoice_amount' => '50.00',
  'notify_id' => '6398a68733a011eb425616635d5e843lr1',
  'fund_bill_list' => '[{"amount":"50.00","fundChannel":"ALIPAYACCOUNT"}]',
  'notify_type' => 'trade_status_sync',
  'trade_status' => 'TRADE_SUCCESS',
  'receipt_amount' => '50.00',
  'app_id' => '2017021605702899',
  'buyer_pay_amount' => '50.00',
  'sign_type' => 'RSA2',
  'seller_id' => '2088221931936835',
  'gmt_payment' => '2017-11-03 02:15:01',
  'notify_time' => '2017-11-03 02:15:01',
  'version' => '1.0',
  'out_trade_no' => '52d0d05381214199822a1510f7768912',
  'total_amount' => '50.00',
  'trade_no' => '2017110321001004745370978279',
  'auth_app_id' => '2017021605702899',
  'buyer_logon_id' => '183****2149',
  'point_amount' => '0.00',
)
[2017-11-03 02:18:21][110.75.248.210][INFO]支付宝支付 :回调信息是:array (
  'gmt_create' => '2017-11-03 02:18:21',
  'charset' => 'utf-8',
  'seller_email' => 'qiyue@pp158.com',
  'notify_time' => '2017-11-03 02:18:21',
  'subject' => 'pp游戏账单支付',
  'sign' => 'NCcq13nzSTx509iqnVelflEJUfA1pPGUndXAc6uzL1XRea0919u6ansJaP7k4DzBhJKjCGfHFMk6MJThCH49FxG6/KnCcqLoO57u4DKf9ESACNoIQj8r0Ghms7KcvveJmQM5npVMSx9Fu4mHcGsihOLTOOTDzRnH7W0yV1zxubgWMNSXsF5C+IkfuGBceeRIrYy2znvp2gx9hhR6xTv3NHE1SUxvlBTUR74bjAJdrEbsBv66mj/Y93AN393nUDexpDDu2IsuRJd2ZpgY9+4HBOdJMqlzrZjNAjkMiU0Hwyumsg2yABDfcsiJZCFPjU/LAwdJjLYhKyJcpcxRCZZD/A==',
  'body' => '08c0f39a-8f94-4ac5-9610-701392ac9a66',
  'buyer_id' => '2088912836577743',
  'version' => '1.0',
  'notify_id' => '565e17af2ae4574ecb52513c49d5f4flr1',
  'notify_type' => 'trade_status_sync',
  'out_trade_no' => '168274267d63447eb27efc01e73523f5',
  'total_amount' => '50.00',
  'trade_status' => 'WAIT_BUYER_PAY',
  'trade_no' => '2017110321001004745390038105',
  'auth_app_id' => '2017021605702899',
  'buyer_logon_id' => '183****2149',
  'app_id' => '2017021605702899',
  'sign_type' => 'RSA2',
  'seller_id' => '2088221931936835',
)
[2017-11-03 02:18:28][110.75.248.111][INFO]支付宝支付 成功:回调信息是:array (
  'gmt_create' => '2017-11-03 02:18:21',
  'charset' => 'utf-8',
  'seller_email' => 'qiyue@pp158.com',
  'subject' => 'pp游戏账单支付',
  'sign' => 'LoxKIdOG+G/+MrCIDgJpP06LY9h9WvQyIb/u/gP97PzuO69vO11wthkA0p0O7jxlg4b8t4cYjh+UTIQDhWw3QrMKRo9ITUcuNwkCNBdmvJz/HXImZMUPqc1bhhiGfsW9TP85i3BznMY1HffUxZQ8W2gvC4t0z40Xl+49Gl8yYVnu5M53+dEMXvh9esLbznBrItHzE9QHC9gx6Wc/8UZGZHulDyNjh21Cbg1lnZwgHn1spjcGgh/YGvjaHY3DyYMGaUBfqVmFNSKBamF5nW/QmxChaF249n4ntGsrytwNyw7x/nRddAmT+h5gPXbdvOyfSfI9LCydm06hk+MA15qhTw==',
  'body' => '08c0f39a-8f94-4ac5-9610-701392ac9a66',
  'buyer_id' => '2088912836577743',
  'invoice_amount' => '50.00',
  'notify_id' => 'd2c00ec076c882beb025e9e069afb04lr1',
  'fund_bill_list' => '[{"amount":"50.00","fundChannel":"ALIPAYACCOUNT"}]',
  'notify_type' => 'trade_status_sync',
  'trade_status' => 'TRADE_SUCCESS',
  'receipt_amount' => '50.00',
  'app_id' => '2017021605702899',
  'buyer_pay_amount' => '50.00',
  'sign_type' => 'RSA2',
  'seller_id' => '2088221931936835',
  'gmt_payment' => '2017-11-03 02:18:28',
  'notify_time' => '2017-11-03 02:18:28',
  'version' => '1.0',
  'out_trade_no' => '168274267d63447eb27efc01e73523f5',
  'total_amount' => '50.00',
  'trade_no' => '2017110321001004745390038105',
  'auth_app_id' => '2017021605702899',
  'buyer_logon_id' => '183****2149',
  'point_amount' => '0.00',
)
[2017-11-03 02:21:26][140.207.54.76][INFO]微信支付 成功:回调信息是:array (
  'appid' => 'wxcb8a76fe730b5964',
  'attach' => '77deda7f-26ef-4785-bb81-25256a6f26b4',
  'bank_type' => 'CCB_DEBIT',
  'cash_fee' => '5000',
  'fee_type' => 'CNY',
  'is_subscribe' => 'Y',
  'mch_id' => '1352470102',
  'nonce_str' => '8pp0wxqal3aqewernuqor9ayluy80tgl',
  'openid' => 'oFqowwAApuhXWbnjB0gtaOoYta5w',
  'out_trade_no' => '54b2cedd263c4341a24721ed1cc1eafb',
  'result_code' => 'SUCCESS',
  'return_code' => 'SUCCESS',
  'sign' => 'F171BD7E92B71FB8262395E035F60E44',
  'time_end' => '20171103022126',
  'total_fee' => '5000',
  'trade_type' => 'NATIVE',
  'transaction_id' => '4200000015201711032063531401',
)
[2017-11-03 02:22:50][110.75.248.175][INFO]支付宝支付 :回调信息是:array (
  'gmt_create' => '2017-11-03 02:22:50',
  'charset' => 'utf-8',
  'seller_email' => 'qiyue@pp158.com',
  'notify_time' => '2017-11-03 02:22:50',
  'subject' => 'pp游戏账单支付',
  'sign' => 'LS34nC+tG7WG4J8hzgjTtTzRxE5H8DVKgd3BSyNJV03PoCL9UtkaNAgfsPMg7VH2m6UjHxJutk1EZ6CAgMwWJGzQ8ORGPUC1OP9HPHU3XNY1Twp0OMFm61N8YOSgEAgR3xExfyfH4n09FpNi65D5BJnUahc5nEMQ/UcbS9l7QNpJ7vKvrmZ2+XK+GzID82tGxFCB76J5o17AajD+Nn5E/7v7/kaKOlUaDmu7uwbFw+tLxl29onNwwG5NIgn/W7LKw1lamfSeYXHMrSOqCqoKALu39WsqMOOjuS6zK3lyzHEhMYCpaXk6FoPBzGMG8r8VVPBxDLo+0Spk7tKJetLLnw==',
  'body' => '72a09b33-1084-4e82-9a08-79b30d3b199d',
  'buyer_id' => '2088622766515783',
  'version' => '1.0',
  'notify_id' => 'c87f7f6e3e89c9477b91344baf8053fm25',
  'notify_type' => 'trade_status_sync',
  'out_trade_no' => '9d966c619c60418186e1a35a75f87986',
  'total_amount' => '5.00',
  'trade_status' => 'WAIT_BUYER_PAY',
  'trade_no' => '2017110321001004785373136217',
  'auth_app_id' => '2017021605702899',
  'buyer_logon_id' => '134****0913',
  'app_id' => '2017021605702899',
  'sign_type' => 'RSA2',
  'seller_id' => '2088221931936835',
)
[2017-11-03 02:22:58][110.75.248.137][INFO]支付宝支付 成功:回调信息是:array (
  'gmt_create' => '2017-11-03 02:22:50',
  'charset' => 'utf-8',
  'seller_email' => 'qiyue@pp158.com',
  'subject' => 'pp游戏账单支付',
  'sign' => 'EUiM+AGKI4XciQ7E44oEyTwJfk9QUBqqTsl72QMOKGMRf/EhJGx/f3WQbSE+UUtrFbj0hdr3vWZmi0bs2UkQ1bSlgVlc1gXK2ZT4tCEsEVd4y/BmBCKu+tHGbqwAWlt+wIhPbll9GoRy6ZP0UFoZqa5XdlLBSD1qk9ndKaeYf0zL15FTHO9N30q20lW+yXQclRarJbd9cYTz+srWxaQmq7JgnLRiMF7QM8Z4XhxI7HnBxrsN/K+44vn/0GCvcElDfCWRyeYrTJDpKw0LJUHIHaMe14gJPHvghDdraGpoumwpB0pDTWxBHjp4EopAVPuv4z9mvVEhDOUX1dYhZzuJFA==',
  'body' => '72a09b33-1084-4e82-9a08-79b30d3b199d',
  'buyer_id' => '2088622766515783',
  'invoice_amount' => '5.00',
  'notify_id' => '29d7326098e91fa1dd2b7f48b0d5df3m25',
  'fund_bill_list' => '[{"amount":"5.00","fundChannel":"ALIPAYACCOUNT"}]',
  'notify_type' => 'trade_status_sync',
  'trade_status' => 'TRADE_SUCCESS',
  'receipt_amount' => '5.00',
  'app_id' => '2017021605702899',
  'buyer_pay_amount' => '5.00',
  'sign_type' => 'RSA2',
  'seller_id' => '2088221931936835',
  'gmt_payment' => '2017-11-03 02:22:57',
  'notify_time' => '2017-11-03 02:22:58',
  'version' => '1.0',
  'out_trade_no' => '9d966c619c60418186e1a35a75f87986',
  'total_amount' => '5.00',
  'trade_no' => '2017110321001004785373136217',
  'auth_app_id' => '2017021605702899',
  'buyer_logon_id' => '134****0913',
  'point_amount' => '0.00',
)
[2017-11-03 02:23:22][110.75.248.19][INFO]支付宝支付 :回调信息是:array (
  'gmt_create' => '2017-11-03 02:23:21',
  'charset' => 'utf-8',
  'seller_email' => 'qiyue@pp158.com',
  'notify_time' => '2017-11-03 02:23:22',
  'subject' => 'pp游戏账单支付',
  'sign' => 'YKZel2yMbxZzIxJEJSewW3gtAfva4qqfYPzIMWx+RbLgHtWucmgDDQjEzB9+whW7pxjx0864haiTwwhn8EhefObk0FpQRzaneBCA3GswrbPeKkEh47i2FWZt22qTcjYRNtdfj+gYwV3JFcZJNdbaZ0PouRD0lZhzdUt1rU9A2MiVfK0vWnxuppGUXIcv3Xm9nda6ARqbXEtBoNhxu30Lwbjh0ckz9/M+7uVNuolT6hiHAyChEspeG+gb4t467Kt9bo/QHowoQyS2H/nTxEX62go42BSnZd68wD2WtV57m8Pyd4Ta68p1sMxoIdtYKATyXgAPFt761+sH4F+LW3S1uw==',
  'body' => '08c0f39a-8f94-4ac5-9610-701392ac9a66',
  'buyer_id' => '2088912836577743',
  'version' => '1.0',
  'notify_id' => '56fde8c30c43dbcf1178c20714a284flr1',
  'notify_type' => 'trade_status_sync',
  'out_trade_no' => '5c61107037d045fab7d09d6b80bb4d62',
  'total_amount' => '50.00',
  'trade_status' => 'WAIT_BUYER_PAY',
  'trade_no' => '2017110321001004745370978298',
  'auth_app_id' => '2017021605702899',
  'buyer_logon_id' => '183****2149',
  'app_id' => '2017021605702899',
  'sign_type' => 'RSA2',
  'seller_id' => '2088221931936835',
)
[2017-11-03 02:23:29][110.75.248.144][INFO]支付宝支付 成功:回调信息是:array (
  'gmt_create' => '2017-11-03 02:23:21',
  'charset' => 'utf-8',
  'seller_email' => 'qiyue@pp158.com',
  'subject' => 'pp游戏账单支付',
  'sign' => 'Vi7hqmdDwossnG4W5WST/jZLlwEKREOkpdv1RaxETuj+yUphVa4mZoFZnEOQ6coowAu/P8Z9Bd2U7ePu+65SU1vxy/tE3Dn5V1r9sI2XUbq3sbxgOkFDUu/U+UsZa8VyrzVhGAWrFSKxO5lk8PwtPjshFpyQvv9BlIjfLdHiXapClmdvV2fObP8RGez+twZ0HBy7Ms8nptdh50Z1kzrxYpWnXvvJ7ZQoW63EmFvt8mAPaGHfa5cp99U7fxJNMqWNHscwkwhOSKxv3O2m8l74w7s4MgObRxPDmTeWFP3+SDNdmX9a5zYRdcLrH4G2EToUFsCoJCRfYdLtSv5RA4+WOQ==',
  'body' => '08c0f39a-8f94-4ac5-9610-701392ac9a66',
  'buyer_id' => '2088912836577743',
  'invoice_amount' => '50.00',
  'notify_id' => 'ab6c41a50c42ad9b8064b5ab19acac3lr1',
  'fund_bill_list' => '[{"amount":"50.00","fundChannel":"ALIPAYACCOUNT"}]',
  'notify_type' => 'trade_status_sync',
  'trade_status' => 'TRADE_SUCCESS',
  'receipt_amount' => '50.00',
  'app_id' => '2017021605702899',
  'buyer_pay_amount' => '50.00',
  'sign_type' => 'RSA2',
  'seller_id' => '2088221931936835',
  'gmt_payment' => '2017-11-03 02:23:28',
  'notify_time' => '2017-11-03 02:23:28',
  'version' => '1.0',
  'out_trade_no' => '5c61107037d045fab7d09d6b80bb4d62',
  'total_amount' => '50.00',
  'trade_no' => '2017110321001004745370978298',
  'auth_app_id' => '2017021605702899',
  'buyer_logon_id' => '183****2149',
  'point_amount' => '0.00',
)
[2017-11-03 02:27:57][110.75.248.103][INFO]支付宝支付 :回调信息是:array (
  'gmt_create' => '2017-11-03 02:27:57',
  'charset' => 'utf-8',
  'seller_email' => 'qiyue@pp158.com',
  'notify_time' => '2017-11-03 02:27:57',
  'subject' => 'pp游戏账单支付',
  'sign' => 'U2jHuy2LxrS92k88TiHySsnIzUhLpARScp8axMocy16NH26Rr5S563AP6GZ+KI/wmLb135WpHwUPrY6n5KNZ5YZ4xL4InZRL5iQZP1pfunCWctAQokkw4yB6S69Y9HWQgXLIWbrY9ZCzqHORDrsONlxMqeqSn+0TneiQLVv/pzvicd523btx+4Eq+SQPx3OmFw3khbd92SCwtKbaHXr+e579c6uUkc7NThaSbFfstYtvGbRtD5fbbPUSOEZrIeftVpJxradJtqjDECce9q0E1yGrTz+DFJFSPqzj4GXajqR26OLuIVzsj0CsKvFeqbe44xwjYzknDwE3uwE/JzJ1aQ==',
  'body' => '08c0f39a-8f94-4ac5-9610-701392ac9a66',
  'buyer_id' => '2088912836577743',
  'version' => '1.0',
  'notify_id' => '56b19bd6c2816c60e7cc8055a785a8alr1',
  'notify_type' => 'trade_status_sync',
  'out_trade_no' => '6a9c45b3e90348f1ab04e8e3471690c8',
  'total_amount' => '200.00',
  'trade_status' => 'WAIT_BUYER_PAY',
  'trade_no' => '2017110321001004745371902967',
  'auth_app_id' => '2017021605702899',
  'buyer_logon_id' => '183****2149',
  'app_id' => '2017021605702899',
  'sign_type' => 'RSA2',
  'seller_id' => '2088221931936835',
)
[2017-11-03 02:28:03][110.75.248.1][INFO]支付宝支付 成功:回调信息是:array (
  'gmt_create' => '2017-11-03 02:27:57',
  'charset' => 'utf-8',
  'seller_email' => 'qiyue@pp158.com',
  'subject' => 'pp游戏账单支付',
  'sign' => 'GToTVQCEd+xe9S4D7OwGRBlgosZn0/ZLiQfmPHbicQw24Uj+FhFjMSn3Bksido/PiYMfAAuaL1EQS3uNEdJRj4LVFvdFOzmQCvOz2odQc3aSZ3WP4lWJmLmhVWNN2RDKYFpcbeTrcZk8LD0RlfedhvbrpjzgcmvhzgiqmjOST1DwVo4/AQz8b8Rqzpiz3iaIflsT7BXsjS9WJZTGKqXfaKQ/tuZJAaJwh/zPlIT96j+pgQZEVWVEGk51isGMPyiMg7QkF4WiUqqYAfv3QRGpOd1NMO/y+PO0C8P2mkTgg5jv85B8nD2g+II1p7VV3Co30J580+s/7Xsy84b2zjGOBQ==',
  'body' => '08c0f39a-8f94-4ac5-9610-701392ac9a66',
  'buyer_id' => '2088912836577743',
  'invoice_amount' => '200.00',
  'notify_id' => 'c14062c967410572f29059c9f99469alr1',
  'fund_bill_list' => '[{"amount":"200.00","fundChannel":"ALIPAYACCOUNT"}]',
  'notify_type' => 'trade_status_sync',
  'trade_status' => 'TRADE_SUCCESS',
  'receipt_amount' => '200.00',
  'app_id' => '2017021605702899',
  'buyer_pay_amount' => '200.00',
  'sign_type' => 'RSA2',
  'seller_id' => '2088221931936835',
  'gmt_payment' => '2017-11-03 02:28:03',
  'notify_time' => '2017-11-03 02:28:03',
  'version' => '1.0',
  'out_trade_no' => '6a9c45b3e90348f1ab04e8e3471690c8',
  'total_amount' => '200.00',
  'trade_no' => '2017110321001004745371902967',
  'auth_app_id' => '2017021605702899',
  'buyer_logon_id' => '183****2149',
  'point_amount' => '0.00',
)
[2017-11-03 02:32:09][203.209.234.105][INFO]支付宝支付 :回调信息是:array (
  'gmt_create' => '2017-11-03 02:32:09',
  'charset' => 'utf-8',
  'seller_email' => 'qiyue@pp158.com',
  'notify_time' => '2017-11-03 02:32:09',
  'subject' => 'pp游戏账单支付',
  'sign' => 'IRpC05P9OK1hliDW6iN7BpKO3YDlcanyDVbQdUZkVNAw4bzxEij8inysNFCNZ3SSq2rlqV43nICNXPPbIeG5X7w583fGDSk/murVzaoKlE+YaWgjRvjdKH50Ric+PmclK5bU6kHbYEjzUXOn/oTu3iJFG/NqlbNNWEUAa2rEv6mY0+EIxfmKAA4zlVfrw+xom9RBTTFlxZBCPu3yH4VMW3E380u4XRFF2QcqMKoHutoWDxR3kTtLtvPaR1ctXqLuiymuaNzuF8SzWA0pL/Ch8FvZMl9OBudpTNuyDs1r/Th40Q8Rjmc9Jwnhk5NLg6kURoYAsVM24HwfgI+2YJU7ww==',
  'body' => '1b2a84c6-aadd-47e0-8b82-5ca3c4cff9dd',
  'buyer_id' => '2088812306188827',
  'version' => '1.0',
  'notify_id' => 'ddac81f64a9daa9d8be19a7959f631bmd8',
  'notify_type' => 'trade_status_sync',
  'out_trade_no' => '29dcffd5a2b74067b7278d2b3c41aa95',
  'total_amount' => '20.00',
  'trade_status' => 'WAIT_BUYER_PAY',
  'trade_no' => '2017110321001004825237413888',
  'auth_app_id' => '2017021605702899',
  'buyer_logon_id' => '151****2669',
  'app_id' => '2017021605702899',
  'sign_type' => 'RSA2',
  'seller_id' => '2088221931936835',
)
[2017-11-03 02:32:38][203.209.234.196][INFO]支付宝支付 成功:回调信息是:array (
  'gmt_create' => '2017-11-03 02:32:09',
  'charset' => 'utf-8',
  'seller_email' => 'qiyue@pp158.com',
  'subject' => 'pp游戏账单支付',
  'sign' => 'PgqvUco/r3w63XW4ZsnTajhroCmbWmBbCxoBa7uTbi3fvxgW0ODtBtu+aUDC7jEUQqLZ9CCvv9L5w9X6Scro0fqh7blRw6Nkn+/2C6EXHQDRUA1MWQdUh/7EytCIo0BzYx3N8ygZxhQSFdBWiiM9lX65MVaOkBzlUbQtPsMATZBA5d5yY1//MDrzpftKcv8OJMh6kkcfP0GUMXs5dIkBcJbAd/mMh7x1Hhkq6tqUKnPBTo/G8fsxSfpG7kyKuCS99PPqGL7cWYMJ8y0GeeRux8mijh0KBZYg9JCQB+qAs3jsEeiyvtulUj6Au8b4X+kq+7x75XoXr71Ti2gMy/Rr0w==',
  'body' => '1b2a84c6-aadd-47e0-8b82-5ca3c4cff9dd',
  'buyer_id' => '2088812306188827',
  'invoice_amount' => '20.00',
  'notify_id' => 'a9820fa94a9a7b2abffd40e7fd5ea2cmd8',
  'fund_bill_list' => '[{"amount":"20.00","fundChannel":"ALIPAYACCOUNT"}]',
  'notify_type' => 'trade_status_sync',
  'trade_status' => 'TRADE_SUCCESS',
  'receipt_amount' => '20.00',
  'app_id' => '2017021605702899',
  'buyer_pay_amount' => '20.00',
  'sign_type' => 'RSA2',
  'seller_id' => '2088221931936835',
  'gmt_payment' => '2017-11-03 02:32:38',
  'notify_time' => '2017-11-03 02:32:38',
  'version' => '1.0',
  'out_trade_no' => '29dcffd5a2b74067b7278d2b3c41aa95',
  'total_amount' => '20.00',
  'trade_no' => '2017110321001004825237413888',
  'auth_app_id' => '2017021605702899',
  'buyer_logon_id' => '151****2669',
  'point_amount' => '0.00',
)
[2017-11-03 02:33:11][140.207.54.76][INFO]微信支付 成功:回调信息是:array (
  'appid' => 'wxcb8a76fe730b5964',
  'attach' => '95a6db9c-e853-496d-9a93-301eb3583689',
  'bank_type' => 'CFT',
  'cash_fee' => '600',
  'fee_type' => 'CNY',
  'is_subscribe' => 'N',
  'mch_id' => '1352470102',
  'nonce_str' => 'l3fu75xi1msrsiicg8rf4efyxvi6hg90',
  'openid' => 'oFqowwJ47-ZZIAedtX9EXjW984Jc',
  'out_trade_no' => 'daa5693b4a354ba49e1b6c4ea68a7787',
  'result_code' => 'SUCCESS',
  'return_code' => 'SUCCESS',
  'sign' => '2B3350F3072BE1E330412EAE6379F777',
  'time_end' => '20171103023311',
  'total_fee' => '600',
  'trade_type' => 'JSAPI',
  'transaction_id' => '4200000005201711032061608745',
)
[2017-11-03 02:34:37][110.75.248.100][INFO]支付宝支付 :回调信息是:array (
  'gmt_create' => '2017-11-03 02:34:37',
  'charset' => 'utf-8',
  'seller_email' => 'qiyue@pp158.com',
  'notify_time' => '2017-11-03 02:34:37',
  'subject' => 'pp游戏账单支付',
  'sign' => 'MeSksy3UvGXF8bB7yFVu+RfPra2uCEq3v5fTpyWqtXS6Cp+EqtTUMFpSK2AVVKYaYtYmOIR/7jkLnQUPNJhzzTUwL2XdbHMZop5MW+GtDOBJhBMIfeS9Uw7OdsV87YqMwnR7Qtd4qobUrIk47SOgXUY93jmic5kl+JIWE0MZQXmzN9PVE965sGTnlXJGvxMJZ+FegDLIkm4/L5XPl63NffmKNY5b3rZ0mHmedHPYbAiAp2f5pk6+S0JBvHdugtF8/Au36BPafsB95akJZwZ5QxntLOo5IIcRcCtc5rnid18PbDtriNWvoD/R2qzAJPRTgERiIOpDYtL2R1dU0n28AQ==',
  'body' => '08c0f39a-8f94-4ac5-9610-701392ac9a66',
  'buyer_id' => '2088912836577743',
  'version' => '1.0',
  'notify_id' => '331671c2835a47a23bdc003fba8cbedlr1',
  'notify_type' => 'trade_status_sync',
  'out_trade_no' => '57a75669871f4fbcbc1b11f62b82357f',
  'total_amount' => '20.00',
  'trade_status' => 'WAIT_BUYER_PAY',
  'trade_no' => '2017110321001004745373441568',
  'auth_app_id' => '2017021605702899',
  'buyer_logon_id' => '183****2149',
  'app_id' => '2017021605702899',
  'sign_type' => 'RSA2',
  'seller_id' => '2088221931936835',
)
[2017-11-03 02:34:49][110.75.248.241][INFO]支付宝支付 :回调信息是:array (
  'gmt_create' => '2017-11-03 02:34:49',
  'charset' => 'utf-8',
  'seller_email' => 'qiyue@pp158.com',
  'notify_time' => '2017-11-03 02:34:49',
  'subject' => 'pp游戏账单支付',
  'sign' => 'XjtgThFkzh+loR7V3Gxs0n/bupShuq35VUOzbCXuMiACIg0MooI0isbsKdaU+w8j7VN5108gDsQSjIY0HiBY9JNWs7mmmVMEU8zK4rsen9i9Y5wLHQo8wFGY6QkldBrqjfvkwAbVuu5KRgvwU8nbZUeofKfoIQ5lIOXMnRZhP2uC7D38GGCv72+SLRl7h9nVb+N3aC6XPawKBDI3GpmdWLHRYQGPYxwI0AIKxrjVch4FHplyKLXbosexdHK/os7gPNiCIEWRXsOspeH5C4EuzlTKdXEBTOnMFGeBTaluf5KQYzB+gsUHtqe4Gpm6NmogllKIbQSD/y6Pz5yrkHh0EA==',
  'body' => '08c0f39a-8f94-4ac5-9610-701392ac9a66',
  'buyer_id' => '2088912836577743',
  'version' => '1.0',
  'notify_id' => '58b0a7db4dfad54ffb2c906b12f3297lr1',
  'notify_type' => 'trade_status_sync',
  'out_trade_no' => 'c662c2b4411d4af99c2724bc92278cf9',
  'total_amount' => '50.00',
  'trade_status' => 'WAIT_BUYER_PAY',
  'trade_no' => '2017110321001004745370710800',
  'auth_app_id' => '2017021605702899',
  'buyer_logon_id' => '183****2149',
  'app_id' => '2017021605702899',
  'sign_type' => 'RSA2',
  'seller_id' => '2088221931936835',
)
[2017-11-03 02:34:57][110.75.248.86][INFO]支付宝支付 成功:回调信息是:array (
  'gmt_create' => '2017-11-03 02:34:49',
  'charset' => 'utf-8',
  'seller_email' => 'qiyue@pp158.com',
  'subject' => 'pp游戏账单支付',
  'sign' => 'Kw1BrkFfhMNoTZN4rI/+1V/Ha9fcQa/sWmR3cVUsM/hNTN37Q//qWHuNVk8E7I6PvUs2K4bFHznNpL+E7/QxvqDl98db8+SvuxLcyN9enEED33ljxmhp8Tms/xCIra7T9wdJb16o9osw6F80ZibauENqCeAyx0nYChabC1SFOPx2QzvHlZk1VVspTV35jOphmQWbzeaYwwn5igJyN9F/8ZdjU3HWZnhMvwAmbFGGy/dW2ZO+TBnNJsBAJUj9mGqFwh3Rqtm7wFsmt8XlDWE9VZTeX/RlLBY4Tvkc6uxZPiasbRa0+SWYS0te0G3piurBhL2wQFHFW0SDKlQxlMoZvA==',
  'body' => '08c0f39a-8f94-4ac5-9610-701392ac9a66',
  'buyer_id' => '2088912836577743',
  'invoice_amount' => '50.00',
  'notify_id' => 'faf1cf926c6a9f069c9f3f1eceaf576lr1',
  'fund_bill_list' => '[{"amount":"50.00","fundChannel":"ALIPAYACCOUNT"}]',
  'notify_type' => 'trade_status_sync',
  'trade_status' => 'TRADE_SUCCESS',
  'receipt_amount' => '50.00',
  'app_id' => '2017021605702899',
  'buyer_pay_amount' => '50.00',
  'sign_type' => 'RSA2',
  'seller_id' => '2088221931936835',
  'gmt_payment' => '2017-11-03 02:34:57',
  'notify_time' => '2017-11-03 02:34:57',
  'version' => '1.0',
  'out_trade_no' => 'c662c2b4411d4af99c2724bc92278cf9',
  'total_amount' => '50.00',
  'trade_no' => '2017110321001004745370710800',
  'auth_app_id' => '2017021605702899',
  'buyer_logon_id' => '183****2149',
  'point_amount' => '0.00',
)
[2017-11-03 02:43:35][58.251.80.60][INFO]微信支付 成功:回调信息是:array (
  'appid' => 'wxcb8a76fe730b5964',
  'attach' => '77deda7f-26ef-4785-bb81-25256a6f26b4',
  'bank_type' => 'CCB_DEBIT',
  'cash_fee' => '1800',
  'fee_type' => 'CNY',
  'is_subscribe' => 'Y',
  'mch_id' => '1352470102',
  'nonce_str' => '21mdauhewiqim6795zgst1stis4k0jkk',
  'openid' => 'oFqowwAApuhXWbnjB0gtaOoYta5w',
  'out_trade_no' => 'dcf2fd5d264e4f3684aa76019078cbd3',
  'result_code' => 'SUCCESS',
  'return_code' => 'SUCCESS',
  'sign' => '4AB509DAF0982C8351BD7168A626047F',
  'time_end' => '20171103024334',
  'total_fee' => '1800',
  'trade_type' => 'JSAPI',
  'transaction_id' => '4200000025201711032061820273',
)
