[2017-11-03 03:00:46][58.251.80.56][INFO]微信支付 成功:回调信息是:array (
  'appid' => 'wxcb8a76fe730b5964',
  'attach' => 'fc3152c4-64e4-4f88-bc63-6d7af0a0fb11',
  'bank_type' => 'CFT',
  'cash_fee' => '2000',
  'fee_type' => 'CNY',
  'is_subscribe' => 'N',
  'mch_id' => '1352470102',
  'nonce_str' => '7mt6t1o8p7v2pwur9vuib10xvd7lejo9',
  'openid' => 'oFqowwLNmODDa2BPUnvIq1caK4pI',
  'out_trade_no' => 'f89864ecd70d47f49e2d85601f27300b',
  'result_code' => 'SUCCESS',
  'return_code' => 'SUCCESS',
  'sign' => '19FB3EA23A9A6E27B7D3583CEBA1819A',
  'time_end' => '20171103030046',
  'total_fee' => '2000',
  'trade_type' => 'NATIVE',
  'transaction_id' => '4200000026201711032061971181',
)
[2017-11-03 03:01:19][140.207.54.74][INFO]微信支付 成功:回调信息是:array (
  'appid' => 'wxcb8a76fe730b5964',
  'attach' => '32eba2a6-486b-4fb0-a98b-55d8eaf4f037',
  'bank_type' => 'CFT',
  'cash_fee' => '600',
  'fee_type' => 'CNY',
  'is_subscribe' => 'Y',
  'mch_id' => '1352470102',
  'nonce_str' => 'y6inu4d3myoq4bruillbaxgtlxjqmull',
  'openid' => 'oFqowwPY1BqqbAwrFpwpKD-YQJ5Q',
  'out_trade_no' => 'e9e7ac9c341b40489b66addb903fe74a',
  'result_code' => 'SUCCESS',
  'return_code' => 'SUCCESS',
  'sign' => 'D66CFCE295521DB0C7E62BBDF50CB250',
  'time_end' => '20171103030118',
  'total_fee' => '600',
  'trade_type' => 'JSAPI',
  'transaction_id' => '4200000013201711032063971011',
)
[2017-11-03 03:03:19][110.75.242.142][INFO]支付宝支付 :回调信息是:array (
  'gmt_create' => '2017-11-03 03:03:19',
  'charset' => 'utf-8',
  'seller_email' => 'qiyue@pp158.com',
  'notify_time' => '2017-11-03 03:03:19',
  'subject' => 'pp游戏账单支付',
  'sign' => 'A2IBy4z4qKKadi2jWZO9ZxbFqehAhACkhXJ5FN6Zo/7geDyYqOMNTOC1U/ABMHcCUyULlYhk9KIfsGCzdzbkUkrZlR9wgQYreaM0qpbTJahWolwmPlNatlYXk6HVjdjsTZD59qo+Vf7fMd8opDTHCR6rNz2lsFDbm8ufRgFF3P8ISVzFuB1Tcrp6ITG4Ra74+PQP+yh5KbZ9CQZ8uKOdd6OjRQBEe5t8y/rxGjiZoJRpbM+0EUh1Py4MRdnrta/eBkudWnawsO1uglWggVmq3Rmr6zzzCEZ5IE3+A9CRXZsmLQ2TduWj8Zh4Ifu5tw6SqWU5Wd/fquF6G9c71CqCSA==',
  'body' => '97c56f02-2987-4e68-ab3c-3c3e68d81712',
  'buyer_id' => '2088422459239383',
  'version' => '1.0',
  'notify_id' => '3841bc21bc46985073aaab9ab28479aiz0',
  'notify_type' => 'trade_status_sync',
  'out_trade_no' => 'a97f7a6e131b45d6b6d3558f65d25a12',
  'total_amount' => '5.00',
  'trade_status' => 'WAIT_BUYER_PAY',
  'trade_no' => '2017110321001004385263108334',
  'auth_app_id' => '2017021605702899',
  'buyer_logon_id' => '157****9756',
  'app_id' => '2017021605702899',
  'sign_type' => 'RSA2',
  'seller_id' => '2088221931936835',
)
[2017-11-03 03:03:25][110.75.242.124][INFO]支付宝支付 成功:回调信息是:array (
  'gmt_create' => '2017-11-03 03:03:19',
  'charset' => 'utf-8',
  'seller_email' => 'qiyue@pp158.com',
  'subject' => 'pp游戏账单支付',
  'sign' => 'SMCraJQOKPwOYyqI901yRfmQlP+ykULfFLlVHShX7+9zYQiLIll2obeQEDMvNBLGKP6v86IQxFHEvsJ6DJ3Fg0sYswzw6op/5Juh0fd+7d36HLMVRDbqM9FGEAAKF1rQIqe1ZuJE4GpF8HqQH5MCBZnmuq7FglVNty4kRKkErIrdfHfjUtIsjD8NeYnD2o0g5syDYFRDM2NLQA7AVsb9umjNV8e7ELUW+yTj5507n0nG8fQM1DI0lvC/kWSFGSgUl8ifiBTzdKCfonXS7FMN1DY7oKRpjNqAb8sThZ5k9Ua3GLnvQNjGwV6C0eKJ0PE7/Bvdo/7tyHS9IOMu4osXWg==',
  'body' => '97c56f02-2987-4e68-ab3c-3c3e68d81712',
  'buyer_id' => '2088422459239383',
  'invoice_amount' => '5.00',
  'notify_id' => 'ee8578b485c3954c11d2b5ce21982c1iz0',
  'fund_bill_list' => '[{"amount":"5.00","fundChannel":"PCREDIT"}]',
  'notify_type' => 'trade_status_sync',
  'trade_status' => 'TRADE_SUCCESS',
  'receipt_amount' => '5.00',
  'app_id' => '2017021605702899',
  'buyer_pay_amount' => '5.00',
  'sign_type' => 'RSA2',
  'seller_id' => '2088221931936835',
  'gmt_payment' => '2017-11-03 03:03:25',
  'notify_time' => '2017-11-03 03:03:25',
  'version' => '1.0',
  'out_trade_no' => 'a97f7a6e131b45d6b6d3558f65d25a12',
  'total_amount' => '5.00',
  'trade_no' => '2017110321001004385263108334',
  'auth_app_id' => '2017021605702899',
  'buyer_logon_id' => '157****9756',
  'point_amount' => '0.00',
)
[2017-11-03 03:07:42][110.75.242.72][INFO]支付宝支付 :回调信息是:array (
  'gmt_create' => '2017-11-03 03:07:41',
  'charset' => 'utf-8',
  'seller_email' => 'qiyue@pp158.com',
  'notify_time' => '2017-11-03 03:07:42',
  'subject' => 'pp游戏账单支付',
  'sign' => 'dmF8mKrCbYO98WMMTg02w4UjjKxYzQnfgrmsH21Nr1Nqzhhsq4N5aX3geVrta6CI45ZQFVNQ8tfmohrGxTzcFP6tszSTtwRBh7i1MnNTtwaCHuiyMmJvcPs+1BTpLeQlX0p8zLwpZoaxABDFduC2zlD/7eGDW4x785jL1OkKbYP1nf4XHN/HxGl4K/UhqvKhSBJozofXnepo6tg2qn//u569mOxNZysy2SurS/9EAUWKohM7VKXC5GwPzdqhJBoUsIeH3iUPGczJa9y94re/C7+biwakacUKxyMhLjPDuu8Y+K0cfU8WTuK2mkIR2y6YPzd7zatGhHk7IS1BMeJWiw==',
  'body' => '377e8edc-1425-4ea0-927b-118b2b27f427',
  'buyer_id' => '2088302109474204',
  'version' => '1.0',
  'notify_id' => '797d052401fa8f2aad688f8cc634e68hjm',
  'notify_type' => 'trade_status_sync',
  'out_trade_no' => '58bc1a7218a84d4fbbe67f1b65c37583',
  'total_amount' => '20.00',
  'trade_status' => 'WAIT_BUYER_PAY',
  'trade_no' => '2017110321001004200224219000',
  'auth_app_id' => '2017021605702899',
  'buyer_logon_id' => '134****5883',
  'app_id' => '2017021605702899',
  'sign_type' => 'RSA2',
  'seller_id' => '2088221931936835',
)
[2017-11-03 03:07:47][110.75.242.32][INFO]支付宝支付 成功:回调信息是:array (
  'gmt_create' => '2017-11-03 03:07:41',
  'charset' => 'utf-8',
  'seller_email' => 'qiyue@pp158.com',
  'subject' => 'pp游戏账单支付',
  'sign' => 'BDxM/1kHZV00EluJZJuYKK69jJgEV2sU+d4p28W9rmAZ1QS3YdhqOlOVeMpE0gVT+cw3gIwu++XGJgu5z9b7cZcLG6J1NnBZsGZrCIURU0e19oxT6eLz4iGOjfYRMyr5BScZq8HJvPHu9tq9EslJ5Oh0Gu7WbpFakWHHwBYkvj0eD+1z3m1Fkb09JcC2KXhDbOSiN+6vjctuQzkmqMT3GamZdLXAWkkfSKXQPNbJwt2mrDdFsCTQt5kl6lrnGP+Ll0Cb6b6pbHsSyHiZtk3J6cYW7S/qz59e96OiH4oJlPeOMdoHihLiuk03UAv3n6rxYRr6TdA+eCoZtodB4P5U6Q==',
  'body' => '377e8edc-1425-4ea0-927b-118b2b27f427',
  'buyer_id' => '2088302109474204',
  'invoice_amount' => '20.00',
  'notify_id' => '5fdda777d9fa094d9b9bfa95269c926hjm',
  'fund_bill_list' => '[{"amount":"20.00","fundChannel":"ALIPAYACCOUNT"}]',
  'notify_type' => 'trade_status_sync',
  'trade_status' => 'TRADE_SUCCESS',
  'receipt_amount' => '20.00',
  'app_id' => '2017021605702899',
  'buyer_pay_amount' => '20.00',
  'sign_type' => 'RSA2',
  'seller_id' => '2088221931936835',
  'gmt_payment' => '2017-11-03 03:07:46',
  'notify_time' => '2017-11-03 03:07:47',
  'version' => '1.0',
  'out_trade_no' => '58bc1a7218a84d4fbbe67f1b65c37583',
  'total_amount' => '20.00',
  'trade_no' => '2017110321001004200224219000',
  'auth_app_id' => '2017021605702899',
  'buyer_logon_id' => '134****5883',
  'point_amount' => '0.00',
)
[2017-11-03 03:14:38][203.209.234.142][INFO]支付宝支付 :回调信息是:array (
  'gmt_create' => '2017-11-03 03:14:38',
  'charset' => 'utf-8',
  'seller_email' => 'qiyue@pp158.com',
  'notify_time' => '2017-11-03 03:14:38',
  'subject' => 'pp游戏账单支付',
  'sign' => 'TQukx1NWzfc/S8urhmPkVcvvQDALIC39uMkcZ2Bqi5Jt4tMmvbk3nDDwqCt0n38NSn7DFYTd7T0Z3fQZxM/eQM35R9pCSzLU4lbCnPWD7vvBJn0lulrSRzeu1LlNnVNltEa9zOEtZDy0hAFwn/Pugm094lC+QcGlcFURptmYVB8dp1sbraUQfnEF+oYqTuSxYY5LgTMjPuVrVknxLq5nvGtDSxfnu6oHr0PQ44vSveUy6GmKba9LX1Z4LQL8UljBTrYyeHnWkWhsIdIlXp9lelwmZ24DsNErlDz125nhbCSFT48qQ8d8Ks9Q5JpEHOyd56gQP2vkC3zBjq9pzpa+ow==',
  'body' => '77ac26fb-ed85-4448-b12f-9984618c7b78',
  'buyer_id' => '2088422219395883',
  'version' => '1.0',
  'notify_id' => '730d9a316d96b602d1b932cafb6dedemsj',
  'notify_type' => 'trade_status_sync',
  'out_trade_no' => '74b54e8e98e84108b8bbe0fee87a2f49',
  'total_amount' => '500.00',
  'trade_status' => 'WAIT_BUYER_PAY',
  'trade_no' => '2017110321001004880327996132',
  'auth_app_id' => '2017021605702899',
  'buyer_logon_id' => '150****1154',
  'app_id' => '2017021605702899',
  'sign_type' => 'RSA2',
  'seller_id' => '2088221931936835',
)
[2017-11-03 03:20:44][140.207.54.74][INFO]微信支付 成功:回调信息是:array (
  'appid' => 'wxcb8a76fe730b5964',
  'attach' => '9c51c2e2-8cd8-4674-91c3-7aab8ff89b96',
  'bank_type' => 'CFT',
  'cash_fee' => '500',
  'fee_type' => 'CNY',
  'is_subscribe' => 'N',
  'mch_id' => '1352470102',
  'nonce_str' => 'u6eksj27td7h0767bo50kgymxnyrjcvg',
  'openid' => 'oFqowwCvxQqZuseLYPAm6-qPV4uI',
  'out_trade_no' => 'a26e1f83247a44e9bf5e849a86b499d8',
  'result_code' => 'SUCCESS',
  'return_code' => 'SUCCESS',
  'sign' => '9DB458B0F740E4A987575555EBF62F69',
  'time_end' => '20171103032044',
  'total_fee' => '500',
  'trade_type' => 'NATIVE',
  'transaction_id' => '4200000006201711032066398950',
)
[2017-11-03 03:26:26][140.207.54.74][INFO]微信支付 成功:回调信息是:array (
  'appid' => 'wxcb8a76fe730b5964',
  'attach' => '695bab74-a563-43af-8fc7-d81f54d895cd',
  'bank_type' => 'CFT',
  'cash_fee' => '600',
  'fee_type' => 'CNY',
  'is_subscribe' => 'N',
  'mch_id' => '1352470102',
  'nonce_str' => 'yiln8vmy3wrv93nfjhshrzzihfucokas',
  'openid' => 'oFqowwKbR8vRVNjUxyKki38cKMTU',
  'out_trade_no' => '722bd8e2964945f8ac5f0bbad9b2e23f',
  'result_code' => 'SUCCESS',
  'return_code' => 'SUCCESS',
  'sign' => '40E28D79B7536A5E9279B49F3739E097',
  'time_end' => '20171103032626',
  'total_fee' => '600',
  'trade_type' => 'JSAPI',
  'transaction_id' => '4200000023201711032064213259',
)
[2017-11-03 03:28:55][58.251.80.53][INFO]微信支付 成功:回调信息是:array (
  'appid' => 'wxcb8a76fe730b5964',
  'attach' => 'c559713c-3b80-43bd-9bca-03a28e0e0a58',
  'bank_type' => 'CFT',
  'cash_fee' => '500',
  'fee_type' => 'CNY',
  'is_subscribe' => 'N',
  'mch_id' => '1352470102',
  'nonce_str' => 'd8xqavab1cc9vf5sa1flylluguvtdy0m',
  'openid' => 'oFqowwBiGL0qoEKc4kkhedrc7ERU',
  'out_trade_no' => '319c0b02d6e346f0b275e8caa8e75951',
  'result_code' => 'SUCCESS',
  'return_code' => 'SUCCESS',
  'sign' => 'B5F5D1690B3E5B2847DE18557743C3D2',
  'time_end' => '20171103032854',
  'total_fee' => '500',
  'trade_type' => 'NATIVE',
  'transaction_id' => '4200000015201711032062295898',
)
[2017-11-03 03:29:17][58.251.80.55][INFO]微信支付 成功:回调信息是:array (
  'appid' => 'wxcb8a76fe730b5964',
  'attach' => '394c8146-1500-4793-9e12-542ae25ef9eb',
  'bank_type' => 'CCB_DEBIT',
  'cash_fee' => '500',
  'fee_type' => 'CNY',
  'is_subscribe' => 'N',
  'mch_id' => '1352470102',
  'nonce_str' => 'xhildbw41uhb7g63fbihhxtfe6n6cvp5',
  'openid' => 'oFqowwCvxQqZuseLYPAm6-qPV4uI',
  'out_trade_no' => '7c8953a14b194bb4a43c879e67f6ac1e',
  'result_code' => 'SUCCESS',
  'return_code' => 'SUCCESS',
  'sign' => '40B1F0CEB92AFF9919AE9FD3EE76D4B2',
  'time_end' => '20171103032917',
  'total_fee' => '500',
  'trade_type' => 'NATIVE',
  'transaction_id' => '4200000003201711032065276378',
)
[2017-11-03 03:32:08][140.207.54.76][INFO]微信支付 成功:回调信息是:array (
  'appid' => 'wxcb8a76fe730b5964',
  'attach' => 'e360ee3f-4c9c-4c66-957f-d7935c89527a',
  'bank_type' => 'CFT',
  'cash_fee' => '500',
  'fee_type' => 'CNY',
  'is_subscribe' => 'Y',
  'mch_id' => '1352470102',
  'nonce_str' => '12eeuhnsh6qsmdw46ho8l1f5stn3r4yc',
  'openid' => 'oFqowwAl1P5Vhx9OTXRUpAhAusqQ',
  'out_trade_no' => '9419f902e11a46d3b24c50983547648c',
  'result_code' => 'SUCCESS',
  'return_code' => 'SUCCESS',
  'sign' => '8BE993D29100DAE316585A7C3749D17E',
  'time_end' => '20171103033208',
  'total_fee' => '500',
  'trade_type' => 'NATIVE',
  'transaction_id' => '4200000027201711032065311096',
)
[2017-11-03 03:39:28][140.207.54.74][INFO]微信支付 成功:回调信息是:array (
  'appid' => 'wxcb8a76fe730b5964',
  'attach' => 'e360ee3f-4c9c-4c66-957f-d7935c89527a',
  'bank_type' => 'CFT',
  'cash_fee' => '500',
  'fee_type' => 'CNY',
  'is_subscribe' => 'Y',
  'mch_id' => '1352470102',
  'nonce_str' => '4dh0w28ptu96d6sj8tkdrvk83nw9h7dr',
  'openid' => 'oFqowwAl1P5Vhx9OTXRUpAhAusqQ',
  'out_trade_no' => 'eb980543613c40158bc95a38f13663da',
  'result_code' => 'SUCCESS',
  'return_code' => 'SUCCESS',
  'sign' => 'A1455701FC0E44931504C8BD9635D188',
  'time_end' => '20171103033928',
  'total_fee' => '500',
  'trade_type' => 'NATIVE',
  'transaction_id' => '4200000012201711032068452433',
)
[2017-11-03 03:41:09][58.251.80.60][INFO]微信支付 成功:回调信息是:array (
  'appid' => 'wxcb8a76fe730b5964',
  'attach' => '5f3f8577-e531-4831-bc0f-f605738b3c55',
  'bank_type' => 'CFT',
  'cash_fee' => '2000',
  'fee_type' => 'CNY',
  'is_subscribe' => 'Y',
  'mch_id' => '1352470102',
  'nonce_str' => 'n18vrl170vywqkhvzkk8rhllauvzfjjv',
  'openid' => 'oFqowwJr8qN4Xh2GUUo9cYlPTqpo',
  'out_trade_no' => 'ec1bf7b217a94ce1914fd067651bef5d',
  'result_code' => 'SUCCESS',
  'return_code' => 'SUCCESS',
  'sign' => 'F6D59AEAA6FF83A3BCC801AEAC811DF3',
  'time_end' => '20171103034108',
  'total_fee' => '2000',
  'trade_type' => 'NATIVE',
  'transaction_id' => '4200000028201711032070338130',
)
[2017-11-03 03:41:59][58.251.80.55][INFO]微信支付 成功:回调信息是:array (
  'appid' => 'wxcb8a76fe730b5964',
  'attach' => 'fd780bb7-7685-425c-8e50-fdd0df9a3e91',
  'bank_type' => 'CFT',
  'cash_fee' => '500',
  'fee_type' => 'CNY',
  'is_subscribe' => 'N',
  'mch_id' => '1352470102',
  'nonce_str' => '8zgj8teseviy00gtd41c0q0kk8sozy1n',
  'openid' => 'oFqowwJzLsxZWzyRCa2ntWwp6Yz0',
  'out_trade_no' => 'c121849d039747948e15a757cfa56414',
  'result_code' => 'SUCCESS',
  'return_code' => 'SUCCESS',
  'sign' => '68508DA53FDBFED92B47D2678184C97C',
  'time_end' => '20171103034158',
  'total_fee' => '500',
  'trade_type' => 'NATIVE',
  'transaction_id' => '4200000023201711032070382031',
)
[2017-11-03 03:44:32][140.207.54.76][INFO]微信支付 成功:回调信息是:array (
  'appid' => 'wxcb8a76fe730b5964',
  'attach' => 'e360ee3f-4c9c-4c66-957f-d7935c89527a',
  'bank_type' => 'CFT',
  'cash_fee' => '500',
  'fee_type' => 'CNY',
  'is_subscribe' => 'Y',
  'mch_id' => '1352470102',
  'nonce_str' => 'fjd7wptjfobelkuropxb2737h457kixf',
  'openid' => 'oFqowwAl1P5Vhx9OTXRUpAhAusqQ',
  'out_trade_no' => 'c9b1639bb48c492697780c64e124c7ac',
  'result_code' => 'SUCCESS',
  'return_code' => 'SUCCESS',
  'sign' => 'ACA13B1F3D50D73C8A8857FC1DFE3145',
  'time_end' => '20171103034431',
  'total_fee' => '500',
  'trade_type' => 'NATIVE',
  'transaction_id' => '4200000009201711032066640853',
)
[2017-11-03 03:47:19][110.75.242.171][INFO]支付宝支付 :回调信息是:array (
  'gmt_create' => '2017-11-03 03:47:19',
  'charset' => 'utf-8',
  'seller_email' => 'qiyue@pp158.com',
  'notify_time' => '2017-11-03 03:47:19',
  'subject' => 'pp游戏账单支付',
  'sign' => 'W6Z9km9W3dF7lUJwX2oXNCoqtwUlDqMXCAc9cBJpJnKGa/rPd7ntlqcIx4MtP/gU2Vq8ZNE4WvGBgNXhh9+KQUuzgSNTVaYCInnAmL88c7zN2QW383yQEkj5CPzs9VXkgRLI4mDiYdyoLxUaio5y5bz7Gmh6pN5lKWYDo2xqFoi8lfOqLSkCO+vTBPlQNvylUwVIFJJtjFBZC+2A4owQPJolDX5mEQY86Um6CyqeKywz5ZZXpwJIh6z7Y5dnurf//LVXNRm+nOnWCfQqkdDEB99K8yQqCZJmJ0P07qGdEYmbIFoJwfQ0H8XLDWXb0pCEjfvWhx6qP8BX3lF9TDKylg==',
  'body' => '7219c5cd-9597-42c5-b64a-a3a0f4e39684',
  'buyer_id' => '2088022186821547',
  'version' => '1.0',
  'notify_id' => 'c9720999eeb7afa530ab4c73c50dc6bk7g',
  'notify_type' => 'trade_status_sync',
  'out_trade_no' => '92059e7d2cde475a93d174e23065b69c',
  'total_amount' => '5.00',
  'trade_status' => 'WAIT_BUYER_PAY',
  'trade_no' => '2017110321001004545263357817',
  'auth_app_id' => '2017021605702899',
  'buyer_logon_id' => '452***@qq.com',
  'app_id' => '2017021605702899',
  'sign_type' => 'RSA2',
  'seller_id' => '2088221931936835',
)
[2017-11-03 03:47:28][110.75.242.251][INFO]支付宝支付 成功:回调信息是:array (
  'gmt_create' => '2017-11-03 03:47:19',
  'charset' => 'utf-8',
  'seller_email' => 'qiyue@pp158.com',
  'subject' => 'pp游戏账单支付',
  'sign' => 'VEYtI4/Yc7W/gNFyR9rFDE8JG6Xauxr09pQF+CkUm4Mlbw5GWEV9TSwpcAs5XzGUjf6EHz+eI10cwFiZk1sPYV5wcpRFLnLdgdNH8F2hY5rWpY4MP8aJY/Fq0BBGCQFIICJDf/QuzKXCjDKxgyyMmRJAGlkdXBK+0zXnoll8EE1SC2nW8Uj4RIQ6WE3Xjf9XWxYHC97UabGW/WTUoBBwnD5KC/2iX68Grr3reHIkXMY2oUX5id9g3Epl/l1aY5mxZllNFWlVA/JFtZZkKyMuVE4aJA1kUB2+WPKZx8VqVaU+m4kS11uoeSbxVEOwZ6cruefIv6fGqOiRUPUMJi5K3w==',
  'body' => '7219c5cd-9597-42c5-b64a-a3a0f4e39684',
  'buyer_id' => '2088022186821547',
  'invoice_amount' => '5.00',
  'notify_id' => '466820759a60ccff7f56128a0bb24b2k7g',
  'fund_bill_list' => '[{"amount":"5.00","fundChannel":"ALIPAYACCOUNT"}]',
  'notify_type' => 'trade_status_sync',
  'trade_status' => 'TRADE_SUCCESS',
  'receipt_amount' => '5.00',
  'app_id' => '2017021605702899',
  'buyer_pay_amount' => '5.00',
  'sign_type' => 'RSA2',
  'seller_id' => '2088221931936835',
  'gmt_payment' => '2017-11-03 03:47:28',
  'notify_time' => '2017-11-03 03:47:28',
  'version' => '1.0',
  'out_trade_no' => '92059e7d2cde475a93d174e23065b69c',
  'total_amount' => '5.00',
  'trade_no' => '2017110321001004545263357817',
  'auth_app_id' => '2017021605702899',
  'buyer_logon_id' => '452***@qq.com',
  'point_amount' => '0.00',
)
[2017-11-03 03:58:35][110.75.242.206][INFO]支付宝支付 :回调信息是:array (
  'gmt_create' => '2017-11-03 03:58:35',
  'charset' => 'utf-8',
  'seller_email' => 'qiyue@pp158.com',
  'notify_time' => '2017-11-03 03:58:35',
  'subject' => 'pp游戏账单支付',
  'sign' => 'BarKMownVuGWWk/BcRTGQVZI2zdeNT3j7hwIrEe9dKxDrI33QkZqA6uFaPHSlqJOwSM1rptvbX56D+u3CqFyiOePSFUaBUgr3cXoFBg8TPvqScnJpuLMWAg0FyiA8lcLdmMoI7t+wtjTew/QE1s8GBju/HC1rSqLjcXpE/tvJ0nAhLf5+p6w26MH5E5q3NkiRylYUCx4H9nJ2Njuj1XZ2OrDJKNiVYulZ4oh83RLMYmabORS5/T1C+xL4BT+7KA2Lvv5B8Kdy7tukOXWdJIx17Gr68VKt0ViuD9u8AI3d/FZxogKD352fAzcCMcplGI2W8Jp2X3wnGklzX2cP//8aw==',
  'body' => '7219c5cd-9597-42c5-b64a-a3a0f4e39684',
  'buyer_id' => '2088022186821547',
  'version' => '1.0',
  'notify_id' => '128d7437e86b008a3100cea2bd455c1k7g',
  'notify_type' => 'trade_status_sync',
  'out_trade_no' => '9d8d4c53dacb4439bc3fc643763e0710',
  'total_amount' => '5.00',
  'trade_status' => 'WAIT_BUYER_PAY',
  'trade_no' => '2017110321001004545263836386',
  'auth_app_id' => '2017021605702899',
  'buyer_logon_id' => '452***@qq.com',
  'app_id' => '2017021605702899',
  'sign_type' => 'RSA2',
  'seller_id' => '2088221931936835',
)
[2017-11-03 03:58:44][110.75.242.9][INFO]支付宝支付 成功:回调信息是:array (
  'gmt_create' => '2017-11-03 03:58:35',
  'charset' => 'utf-8',
  'seller_email' => 'qiyue@pp158.com',
  'subject' => 'pp游戏账单支付',
  'sign' => 'AWZqKFnlc/avZ4D7KjDodRd/kAFmBbDN9uZZlghaPMpbjR+Kzh/gsnXArvs5bOKY5UOn1mlVxGSmMsogiKou1iSw+o/QRKHS8fb1B14JKSzkquiqL2eYZc8SmYd9Q3gJSUGCaqyxHbTfKvTaL8srSqQdjdgM/4YghCr2Oxfxrq6peAI+VN255s/6rnZ4yWcMGbE7Rws6ZK8t6BVksG5iJ5W8N/wlf/N2D1DPLQImqX37wFtAkPl7jTbXuszvGcHxbuZiMvK7RXZTvQOu16AxzTlZyGyIHyyn7/UschSDUM/LcE52vje4eRwvE8i66v6gZ3x6QoySfKsIVnNFR/N96Q==',
  'body' => '7219c5cd-9597-42c5-b64a-a3a0f4e39684',
  'buyer_id' => '2088022186821547',
  'invoice_amount' => '5.00',
  'notify_id' => 'd787d2804c1d9bd49a67073bb7aec1bk7g',
  'fund_bill_list' => '[{"amount":"5.00","fundChannel":"ALIPAYACCOUNT"}]',
  'notify_type' => 'trade_status_sync',
  'trade_status' => 'TRADE_SUCCESS',
  'receipt_amount' => '5.00',
  'app_id' => '2017021605702899',
  'buyer_pay_amount' => '5.00',
  'sign_type' => 'RSA2',
  'seller_id' => '2088221931936835',
  'gmt_payment' => '2017-11-03 03:58:44',
  'notify_time' => '2017-11-03 03:58:44',
  'version' => '1.0',
  'out_trade_no' => '9d8d4c53dacb4439bc3fc643763e0710',
  'total_amount' => '5.00',
  'trade_no' => '2017110321001004545263836386',
  'auth_app_id' => '2017021605702899',
  'buyer_logon_id' => '452***@qq.com',
  'point_amount' => '0.00',
)
