[2017-11-03 04:07:20][203.209.232.225][INFO]支付宝支付 :回调信息是:array (
  'gmt_create' => '2017-11-03 04:07:20',
  'charset' => 'utf-8',
  'seller_email' => 'qiyue@pp158.com',
  'notify_time' => '2017-11-03 04:07:20',
  'subject' => 'pp游戏账单支付',
  'sign' => 'YX51n7E9z/62x4CQJi0zyAW98xq23aacjAjJOzNhb+l07ytwtEmjgkrSYIoc5pkZJT3goxzKC6mBFBSHZiZlAFsDcBIZWY9X4jRNg7EZycE9yqoqPySJTyr+OTkWm6lDfB+3fyWDicJCMBzJHob5YOFb4jVxd+SCmf7+Tutbub9WRwyg3P8Rs2lttPgTK9S5iNLjNNBzEKYgKhko+nIBV1uZumlKrf98LTkaANKKOgg4Xc5b5hHOjNMGwk67qDcSaPD41Crn3t5vS8517y/grchRP97j/V8q/VY212M4f2W5XFM2nidALLY1aCIwbbzeDplTBpjhxpwo0RaYlkcObA==',
  'body' => '6b304c52-9c7e-4956-84b2-7cc7cf996633',
  'buyer_id' => '2088012541580125',
  'version' => '1.0',
  'notify_id' => '0031f5f20474fab045b66cd471f9ecagxe',
  'notify_type' => 'trade_status_sync',
  'out_trade_no' => '2d7166e09dc6475297e021cb55259ecf',
  'total_amount' => '500.00',
  'trade_status' => 'WAIT_BUYER_PAY',
  'trade_no' => '2017110321001004120254881381',
  'auth_app_id' => '2017021605702899',
  'buyer_logon_id' => '139****3979',
  'app_id' => '2017021605702899',
  'sign_type' => 'RSA2',
  'seller_id' => '2088221931936835',
)
[2017-11-03 04:07:28][203.209.232.90][INFO]支付宝支付 成功:回调信息是:array (
  'gmt_create' => '2017-11-03 04:07:20',
  'charset' => 'utf-8',
  'seller_email' => 'qiyue@pp158.com',
  'subject' => 'pp游戏账单支付',
  'sign' => 'DM1gWZyBwEUy93Gd2SIM1jsbs/LRUDzGJt+mupMqJz1fYL/P9u4m+oJsKZcVcj/rzMNG5RL3Zvxvlotr6s7xsvxb5uomlvW+XnWtv5x078A8gsd4YZrR6bU18ObeqSvg/gnG2dvAJkKdujnR5UQ9ohtwUniBv2BkYYkchYC2hzLeIxOSUIYHmDs3F75Z1Cj+ODbh0DPF2IE+81tRFS8+RdxR3JXisGRYQQel8b8vftfoVpG6IN7fIZAFd6kHgTE6COmjqGqg0cukrB6p5DEUY6Rxnp3mrLJMPy8Q3DhG7DgEfur3kJuo2Xm1qamaO01GDcCCsS9WzgzmSz89HUCyag==',
  'body' => '6b304c52-9c7e-4956-84b2-7cc7cf996633',
  'buyer_id' => '2088012541580125',
  'invoice_amount' => '499.46',
  'notify_id' => 'fe45802fbee181f16ddddf1fceaa1cdgxe',
  'fund_bill_list' => '[{"amount":"499.46","fundChannel":"PCREDIT"},{"amount":"0.54","fundChannel":"DISCOUNT"}]',
  'notify_type' => 'trade_status_sync',
  'trade_status' => 'TRADE_SUCCESS',
  'receipt_amount' => '500.00',
  'app_id' => '2017021605702899',
  'buyer_pay_amount' => '499.46',
  'sign_type' => 'RSA2',
  'seller_id' => '2088221931936835',
  'gmt_payment' => '2017-11-03 04:07:27',
  'notify_time' => '2017-11-03 04:07:28',
  'version' => '1.0',
  'out_trade_no' => '2d7166e09dc6475297e021cb55259ecf',
  'total_amount' => '500.00',
  'trade_no' => '2017110321001004120254881381',
  'auth_app_id' => '2017021605702899',
  'buyer_logon_id' => '139****3979',
  'point_amount' => '0.54',
)
[2017-11-03 04:09:00][58.251.80.56][INFO]微信支付 成功:回调信息是:array (
  'appid' => 'wxcb8a76fe730b5964',
  'attach' => 'e360ee3f-4c9c-4c66-957f-d7935c89527a',
  'bank_type' => 'CFT',
  'cash_fee' => '500',
  'fee_type' => 'CNY',
  'is_subscribe' => 'Y',
  'mch_id' => '1352470102',
  'nonce_str' => 'qmjcdjj9uu70it4jeg5qaf0s9djo3hxj',
  'openid' => 'oFqowwAl1P5Vhx9OTXRUpAhAusqQ',
  'out_trade_no' => '9b515934c4b3400cbfda0754f7674d58',
  'result_code' => 'SUCCESS',
  'return_code' => 'SUCCESS',
  'sign' => '1973472AF3B53A6B740EF1DB58909080',
  'time_end' => '20171103040859',
  'total_fee' => '500',
  'trade_type' => 'NATIVE',
  'transaction_id' => '4200000018201711032066875517',
)
[2017-11-03 04:14:14][211.103.157.40][INFO]heepay支付 成功,pay_status = 0 , 回调信息是:array (
  'status' => true,
  'msg' => '秘钥正确',
  'data' => 
  array (
    'result' => 1,
    'agent_id' => '2070349',
    'jnet_bill_no' => 'H1711032710778AW',
    'agent_bill_id' => 'eabcb30bd26b4817b905d4731cd92b8d',
    'pay_type' => '20',
    'pay_amt' => '20.00',
    'remark' => 'ee75ee33-81d1-40b8-86d6-37ef0d26e766',
    'key' => 'AF1BB4688A994E7894465AC9',
    'sign' => '8fc6d832c11a86a07cad5f84fb3bd3e0',
    'pay_message' => '',
  ),
)
[2017-11-03 04:15:12][211.103.171.163][INFO]heepay支付 成功,pay_status = 0 , 回调信息是:array (
  'status' => true,
  'msg' => '秘钥正确',
  'data' => 
  array (
    'result' => 1,
    'agent_id' => '2070349',
    'jnet_bill_no' => 'H1711032714922AQ',
    'agent_bill_id' => '761b2f5d537241429731def84f4a27b2',
    'pay_type' => '20',
    'pay_amt' => '20.00',
    'remark' => 'ee75ee33-81d1-40b8-86d6-37ef0d26e766',
    'key' => 'AF1BB4688A994E7894465AC9',
    'sign' => 'adb460b9e0843de72b0a65cb0b276184',
    'pay_message' => '',
  ),
)
[2017-11-03 04:16:32][58.251.80.49][INFO]微信支付 成功:回调信息是:array (
  'appid' => 'wxcb8a76fe730b5964',
  'attach' => '168a23ff-5dd7-43df-8074-dc79cb6fb64d',
  'bank_type' => 'CFT',
  'cash_fee' => '500',
  'fee_type' => 'CNY',
  'is_subscribe' => 'N',
  'mch_id' => '1352470102',
  'nonce_str' => 'wg2aua2pqzsp1rtg686tl9lysoarr5nc',
  'openid' => 'oFqowwFRLYSYI7iOIlpqPMtuYIAM',
  'out_trade_no' => '4b40ff10eb2a4cc88f0ac601ad1a34c4',
  'result_code' => 'SUCCESS',
  'return_code' => 'SUCCESS',
  'sign' => 'A4EDA44056029727945F2D1282123496',
  'time_end' => '20171103041631',
  'total_fee' => '500',
  'trade_type' => 'NATIVE',
  'transaction_id' => '4200000028201711032066918381',
)
[2017-11-03 04:19:09][140.207.54.75][INFO]微信支付 成功:回调信息是:array (
  'appid' => 'wxcb8a76fe730b5964',
  'attach' => 'e360ee3f-4c9c-4c66-957f-d7935c89527a',
  'bank_type' => 'CFT',
  'cash_fee' => '500',
  'fee_type' => 'CNY',
  'is_subscribe' => 'Y',
  'mch_id' => '1352470102',
  'nonce_str' => '4uc1jeoi898pln3fhbspy8i8ph1ore3m',
  'openid' => 'oFqowwAl1P5Vhx9OTXRUpAhAusqQ',
  'out_trade_no' => 'b004db97e67c49f7bd71cc30892b634a',
  'result_code' => 'SUCCESS',
  'return_code' => 'SUCCESS',
  'sign' => 'ACB713B22519DE00272C04E6FA230E98',
  'time_end' => '20171103041908',
  'total_fee' => '500',
  'trade_type' => 'NATIVE',
  'transaction_id' => '4200000025201711032066974475',
)
[2017-11-03 04:23:37][140.207.54.74][INFO]微信支付 成功:回调信息是:array (
  'appid' => 'wxcb8a76fe730b5964',
  'attach' => '5f3f8577-e531-4831-bc0f-f605738b3c55',
  'bank_type' => 'CFT',
  'cash_fee' => '5000',
  'fee_type' => 'CNY',
  'is_subscribe' => 'Y',
  'mch_id' => '1352470102',
  'nonce_str' => '4ep8hbgjti92jetz8xml6nczsds36sdj',
  'openid' => 'oFqowwJr8qN4Xh2GUUo9cYlPTqpo',
  'out_trade_no' => '53aa8845a0994ee99afbe5a2136b9704',
  'result_code' => 'SUCCESS',
  'return_code' => 'SUCCESS',
  'sign' => 'B6045D79898F09632940D45B27EA28E6',
  'time_end' => '20171103042336',
  'total_fee' => '5000',
  'trade_type' => 'NATIVE',
  'transaction_id' => '4200000003201711032068852404',
)
[2017-11-03 04:24:02][58.251.80.49][INFO]微信支付 成功:回调信息是:array (
  'appid' => 'wxcb8a76fe730b5964',
  'attach' => '998431a3-50a2-4abe-b7ab-59b6fd8b15ff',
  'bank_type' => 'CFT',
  'cash_fee' => '600',
  'fee_type' => 'CNY',
  'is_subscribe' => 'N',
  'mch_id' => '1352470102',
  'nonce_str' => 'ctpa8js75ayklxdywfc8ikulsy36s0y2',
  'openid' => 'oFqowwG6sWR7jbwjxiLcaQyXq0Yo',
  'out_trade_no' => 'fc932a7e9c5242c9a977e805fc835265',
  'result_code' => 'SUCCESS',
  'return_code' => 'SUCCESS',
  'sign' => '203044E0167F12EE9E291D0D23E8AF2A',
  'time_end' => '20171103042401',
  'total_fee' => '600',
  'trade_type' => 'JSAPI',
  'transaction_id' => '4200000023201711032070773051',
)
[2017-11-03 04:26:42][140.207.54.76][INFO]微信支付 成功:回调信息是:array (
  'appid' => 'wxcb8a76fe730b5964',
  'attach' => 'd1454172-985d-4609-812e-473f75676278',
  'bank_type' => 'CFT',
  'cash_fee' => '500',
  'fee_type' => 'CNY',
  'is_subscribe' => 'N',
  'mch_id' => '1352470102',
  'nonce_str' => 'nsel6ndsxp6poqp7g0ktdi4zy9hk3yk5',
  'openid' => 'oFqowwEWcV-ID-_LkvJKFDIqrzqQ',
  'out_trade_no' => 'a5197ef56dae474dbda93c1ce7e84852',
  'result_code' => 'SUCCESS',
  'return_code' => 'SUCCESS',
  'sign' => '7E463154724A8999441E39056C8BF1EA',
  'time_end' => '20171103042642',
  'total_fee' => '500',
  'trade_type' => 'NATIVE',
  'transaction_id' => '4200000001201711032068851502',
)
[2017-11-03 04:31:50][110.75.248.113][INFO]支付宝支付 :回调信息是:array (
  'gmt_create' => '2017-11-03 04:31:49',
  'charset' => 'utf-8',
  'seller_email' => 'qiyue@pp158.com',
  'notify_time' => '2017-11-03 04:31:49',
  'subject' => 'pp游戏账单支付',
  'sign' => 'dYcobmbLnw4yQxPzAkKBRdC7qUTozeOb1eeVGogvm/oWFGpw7yKKXGW6HPB2RlV6RL/6nWs3O7/15oKGhAteFniiIytlc6LxibQY3d/hEoSGXMCqj7f17qyJcv+I2kFcGAH5zfbgJm9KQW0L801r2CY6/H+HuhOlOuQQ4fm5o0tQM65kDu6MpFeMqymrV5gT+Lb8Cpi1FvPKWRm3VJhbnYIH/C2pctuQmk1iGZSKTE8vSl+dd1ziJkqaa8uoixet+VYvPP2NwwLKilFKGQGeiQg2ikH8P+JTk/nDeU269H/zaAplHkOYz05PSYxkIAQclY2CdM93w9lwI/Ikq3nbJA==',
  'body' => '5b91f6d6-b5b1-40a2-92e8-5f423223f68f',
  'buyer_id' => '2088812691463622',
  'version' => '1.0',
  'notify_id' => 'ab5a679c2bef6821064fa739b8df19cktp',
  'notify_type' => 'trade_status_sync',
  'out_trade_no' => '6314a439bec9470e9f08ddba591f028e',
  'total_amount' => '5.00',
  'trade_status' => 'WAIT_BUYER_PAY',
  'trade_no' => '2017110321001004625399066275',
  'auth_app_id' => '2017021605702899',
  'buyer_logon_id' => '136****8252',
  'app_id' => '2017021605702899',
  'sign_type' => 'RSA2',
  'seller_id' => '2088221931936835',
)
[2017-11-03 04:31:56][110.75.248.239][INFO]支付宝支付 成功:回调信息是:array (
  'gmt_create' => '2017-11-03 04:31:49',
  'charset' => 'utf-8',
  'seller_email' => 'qiyue@pp158.com',
  'subject' => 'pp游戏账单支付',
  'sign' => 'Hc09p4NUQPVR5Yd91lZlTgd0DgsOI9r6DbBX7qa94bee6Ac6RkgfQ/ecsM8v6hxpGAgrQpPXNDVHrYRjqD5PzD8ZvWflVNEdgeXJW9T0ioD6yULlsIt9AL4TigR2jzVjOgwvyU53UWAl1pzoX/qvKaSNpsXcjwXW7wYCq7yYgQRoZ7ECmF+Eqqer0tVtpdjRk4fd0y9djI361WTZjWcX4h+CKMDxOhJFp20S2z76S6Qd65DEOGcwa9NE7zgS4HzEwlIhp929HXKFjpoPPeazQ+80TD1mAR+eL6mSug0p/LlnhoakL7Fl16Q4Gp92dlHY0kGI5/x4zOFxIjJUVqww1w==',
  'body' => '5b91f6d6-b5b1-40a2-92e8-5f423223f68f',
  'buyer_id' => '2088812691463622',
  'invoice_amount' => '5.00',
  'notify_id' => '62bf2ab87074432c3729c0ab6ec1c0fktp',
  'fund_bill_list' => '[{"amount":"5.00","fundChannel":"ALIPAYACCOUNT"}]',
  'notify_type' => 'trade_status_sync',
  'trade_status' => 'TRADE_SUCCESS',
  'receipt_amount' => '5.00',
  'app_id' => '2017021605702899',
  'buyer_pay_amount' => '5.00',
  'sign_type' => 'RSA2',
  'seller_id' => '2088221931936835',
  'gmt_payment' => '2017-11-03 04:31:56',
  'notify_time' => '2017-11-03 04:31:56',
  'version' => '1.0',
  'out_trade_no' => '6314a439bec9470e9f08ddba591f028e',
  'total_amount' => '5.00',
  'trade_no' => '2017110321001004625399066275',
  'auth_app_id' => '2017021605702899',
  'buyer_logon_id' => '136****8252',
  'point_amount' => '0.00',
)
[2017-11-03 04:32:03][140.207.54.76][INFO]微信支付 成功:回调信息是:array (
  'appid' => 'wxcb8a76fe730b5964',
  'attach' => 'e360ee3f-4c9c-4c66-957f-d7935c89527a',
  'bank_type' => 'CFT',
  'cash_fee' => '500',
  'fee_type' => 'CNY',
  'is_subscribe' => 'Y',
  'mch_id' => '1352470102',
  'nonce_str' => 'k8b47vzs5fgb7ix8gchplqqr5uyfjm8h',
  'openid' => 'oFqowwAl1P5Vhx9OTXRUpAhAusqQ',
  'out_trade_no' => 'f1834e91b69a4b89978156c85788caeb',
  'result_code' => 'SUCCESS',
  'return_code' => 'SUCCESS',
  'sign' => '6265CE5820AFE5478B5887EB4837309B',
  'time_end' => '20171103043202',
  'total_fee' => '500',
  'trade_type' => 'NATIVE',
  'transaction_id' => '4200000015201711032070793798',
)
[2017-11-03 04:39:06][203.209.226.20][INFO]支付宝支付 :回调信息是:array (
  'gmt_create' => '2017-11-03 04:39:06',
  'charset' => 'utf-8',
  'seller_email' => 'qiyue@pp158.com',
  'notify_time' => '2017-11-03 04:39:06',
  'subject' => 'pp游戏账单支付',
  'sign' => 'cElac4pKPx8Ai5y7Vqy+ET84dqRNXThq5z8W6EJUBHSfohkZrF0WhDU0KcQqA7cpNArs9W2vc35pN9fvtLuwwBKjUbTMgl1qaQmd2LoErXbMRhL22DJDtb/rrwVl6/ILTo0d89SSKwWUlSasLShblyRFNl4jhghaifbzQe5PaH5idnhd8TiwxrQa9EofKJfOH8CWxuFifO4T2nnFWlQuKnJg5l+9LOO5J31BzSal08EC62JKYQEDv4CKsVgYFAEHUwBU1WEGGKCjmlrVMeSrj7uioQMXSf4oX5Y33wu5JCYz/9NbKMufxuhkZIgdthA8fWSA/sPVu7dclOsy/4FvkA==',
  'body' => 'bd1c18a0-6b1f-4528-9377-59e3b44e5712',
  'buyer_id' => '2088222128179271',
  'version' => '1.0',
  'notify_id' => '98d8c5f11baddf4325ba2af2c7e2861i4g',
  'notify_type' => 'trade_status_sync',
  'out_trade_no' => '38361f29a68f483881f41e8b28f1541b',
  'total_amount' => '20.00',
  'trade_status' => 'WAIT_BUYER_PAY',
  'trade_no' => '2017110321001004275264541743',
  'auth_app_id' => '2017021605702899',
  'buyer_logon_id' => '187****6471',
  'app_id' => '2017021605702899',
  'sign_type' => 'RSA2',
  'seller_id' => '2088221931936835',
)
[2017-11-03 04:39:11][203.209.226.172][INFO]支付宝支付 成功:回调信息是:array (
  'gmt_create' => '2017-11-03 04:39:06',
  'charset' => 'utf-8',
  'seller_email' => 'qiyue@pp158.com',
  'subject' => 'pp游戏账单支付',
  'sign' => 'NXemhmwe0Iw65/6V8G4oO4n4m7Ijc/5q1FVwLVjXtGN1JozDo/CPEWsNvjR/VtuLXY6n6DxGMlT3eUkNawiWgsQYh2/I7SVY7LlVf8sd9TR0PemmeYKTkj7T8Op3X/11obXECYfVi+ISjg0AaiHqsknlUrb5Hrn6WAr+zoP9vtRPcsznn3ZsuPOYsClNreFEbGeESx3rbjxNDmo8b/c7R6e/aB+qFKzCqWcqVY2se/u9F1mQO0a2rBiQ7KfpKwo2nlQSfWPxaeznBOM6EWP7kZIYrHgtGd4KY16l8LARTRn++88JTz+SmIHdsJcA04USW97ZqkZ13LgmoGnUsGQbkw==',
  'body' => 'bd1c18a0-6b1f-4528-9377-59e3b44e5712',
  'buyer_id' => '2088222128179271',
  'invoice_amount' => '20.00',
  'notify_id' => 'd71d7b956705bbfb20c13ed52a3774ai4g',
  'fund_bill_list' => '[{"amount":"20.00","fundChannel":"PCREDIT"}]',
  'notify_type' => 'trade_status_sync',
  'trade_status' => 'TRADE_SUCCESS',
  'receipt_amount' => '20.00',
  'app_id' => '2017021605702899',
  'buyer_pay_amount' => '20.00',
  'sign_type' => 'RSA2',
  'seller_id' => '2088221931936835',
  'gmt_payment' => '2017-11-03 04:39:10',
  'notify_time' => '2017-11-03 04:39:10',
  'version' => '1.0',
  'out_trade_no' => '38361f29a68f483881f41e8b28f1541b',
  'total_amount' => '20.00',
  'trade_no' => '2017110321001004275264541743',
  'auth_app_id' => '2017021605702899',
  'buyer_logon_id' => '187****6471',
  'point_amount' => '0.00',
)
[2017-11-03 04:44:17][203.209.232.166][INFO]支付宝支付 :回调信息是:array (
  'gmt_create' => '2017-11-03 04:44:17',
  'charset' => 'utf-8',
  'seller_email' => 'qiyue@pp158.com',
  'notify_time' => '2017-11-03 04:44:17',
  'subject' => 'pp游戏账单支付',
  'sign' => 'J+JFvmk591l/i3olfXmVs6jLkGUUG6LN9qmGbuIBfSvoAReY7QeGymv6Yslva2791BDwI3LXEMy2K6W7DuXgvqrgeQKTUtzwDijBjPUVSvKvzyGMa4f0nW7jdoXRvmIysypkuh01LOEEsuE9TZ6TyKjaoMqHeSUpL+fZ/z1YUMX4YeH65pdfrLLZx0rK2lW6cszOA/aleplBjYAgvdW+1DROdSDCZ1qkzGAt8CMr40hoPw+D88p8cPGwWlNiNe1hGh6UaplfPmkZwgXU6UMSy+u6YAExKHiebjoh6xyvvhCsrwBNyQgVewuQ6DrPGiub4Ent+K7O8+iNWHpwUiiFfQ==',
  'body' => '6b304c52-9c7e-4956-84b2-7cc7cf996633',
  'buyer_id' => '2088012541580125',
  'version' => '1.0',
  'notify_id' => '26a00b52c60eb6b6da5b5f634359d85gxe',
  'notify_type' => 'trade_status_sync',
  'out_trade_no' => '6ab46af382be496dba7da03daf4307df',
  'total_amount' => '500.00',
  'trade_status' => 'WAIT_BUYER_PAY',
  'trade_no' => '2017110321001004120254848614',
  'auth_app_id' => '2017021605702899',
  'buyer_logon_id' => '139****3979',
  'app_id' => '2017021605702899',
  'sign_type' => 'RSA2',
  'seller_id' => '2088221931936835',
)
[2017-11-03 04:44:23][203.209.232.48][INFO]支付宝支付 成功:回调信息是:array (
  'gmt_create' => '2017-11-03 04:44:17',
  'charset' => 'utf-8',
  'seller_email' => 'qiyue@pp158.com',
  'subject' => 'pp游戏账单支付',
  'sign' => 'd2khNJudW4EEwTSAvzuUiXQeXEWxs+oqW4nbxHrRDc5+RmqaHrziT42u4r8iwr2O8d6Wu2xlGtbeGTSXXxoh4SMVuR6YePzkhUdcZXK8gH/0Cj3fjaSDdohagwGurNmpNsBjynNrC//tcHWZNfuV0aBWF6aaPkNiK5YGpkUMv27DC2nmIiD9c10T6e3GS6Kwv2mfMfFaCJKbqZvRAXYp89NI4IFr+xj5n56z6u/9EL7ZwVPfgwUNYYB1PAxvJCoqgRgc9t1xtJl1PE+EG7oVChITVJ7ebN4lA5ucnJeqLJzilV2XePRTCzDa2KV11D9QDCWkYH0PaCsBDZxaKnjQAg==',
  'body' => '6b304c52-9c7e-4956-84b2-7cc7cf996633',
  'buyer_id' => '2088012541580125',
  'invoice_amount' => '500.00',
  'notify_id' => '35bf6a06b420abefa2a87d8e15fec64gxe',
  'fund_bill_list' => '[{"amount":"500.00","fundChannel":"PCREDIT"}]',
  'notify_type' => 'trade_status_sync',
  'trade_status' => 'TRADE_SUCCESS',
  'receipt_amount' => '500.00',
  'app_id' => '2017021605702899',
  'buyer_pay_amount' => '500.00',
  'sign_type' => 'RSA2',
  'seller_id' => '2088221931936835',
  'gmt_payment' => '2017-11-03 04:44:23',
  'notify_time' => '2017-11-03 04:44:23',
  'version' => '1.0',
  'out_trade_no' => '6ab46af382be496dba7da03daf4307df',
  'total_amount' => '500.00',
  'trade_no' => '2017110321001004120254848614',
  'auth_app_id' => '2017021605702899',
  'buyer_logon_id' => '139****3979',
  'point_amount' => '0.00',
)
[2017-11-03 04:55:27][140.207.54.76][INFO]微信支付 成功:回调信息是:array (
  'appid' => 'wxcb8a76fe730b5964',
  'attach' => '1733be5a-84b2-405f-963b-c70767d43e7f',
  'bank_type' => 'CFT',
  'cash_fee' => '600',
  'fee_type' => 'CNY',
  'is_subscribe' => 'N',
  'mch_id' => '1352470102',
  'nonce_str' => 'whcpnei6y49ii60fadiet4k19e898l0j',
  'openid' => 'oFqowwDqWNvqutPtajcySJOPgcRQ',
  'out_trade_no' => '14c25070ab3f4b90861a261cd5770d7c',
  'result_code' => 'SUCCESS',
  'return_code' => 'SUCCESS',
  'sign' => 'F42F43EF91D54401D87752BF7823A3E0',
  'time_end' => '20171103045527',
  'total_fee' => '600',
  'trade_type' => 'JSAPI',
  'transaction_id' => '4200000013201711032067312506',
)
