[2017-11-03 05:01:32][140.207.54.74][INFO]微信支付 成功:回调信息是:array (
  'appid' => 'wxcb8a76fe730b5964',
  'attach' => 'e360ee3f-4c9c-4c66-957f-d7935c89527a',
  'bank_type' => 'CFT',
  'cash_fee' => '500',
  'fee_type' => 'CNY',
  'is_subscribe' => 'Y',
  'mch_id' => '1352470102',
  'nonce_str' => 'jr6utc19yuldu4m3pngshxh50u9kikwo',
  'openid' => 'oFqowwAl1P5Vhx9OTXRUpAhAusqQ',
  'out_trade_no' => '66d69c1074634eba9da7f4a960ec3179',
  'result_code' => 'SUCCESS',
  'return_code' => 'SUCCESS',
  'sign' => 'DB5C8A7906C9121EAFBE1E04ABB0EA60',
  'time_end' => '20171103050131',
  'total_fee' => '500',
  'trade_type' => 'NATIVE',
  'transaction_id' => '4200000002201711032071158621',
)
[2017-11-03 05:07:48][140.207.54.74][INFO]微信支付 成功:回调信息是:array (
  'appid' => 'wxcb8a76fe730b5964',
  'attach' => 'e360ee3f-4c9c-4c66-957f-d7935c89527a',
  'bank_type' => 'CFT',
  'cash_fee' => '500',
  'fee_type' => 'CNY',
  'is_subscribe' => 'Y',
  'mch_id' => '1352470102',
  'nonce_str' => '9zbjft4675ps186xuznax2x99biaqos4',
  'openid' => 'oFqowwAl1P5Vhx9OTXRUpAhAusqQ',
  'out_trade_no' => '104995779419438daf6d0a2537d00511',
  'result_code' => 'SUCCESS',
  'return_code' => 'SUCCESS',
  'sign' => 'B82958C1CB4B8FD2CC641D65D1481B04',
  'time_end' => '20171103050748',
  'total_fee' => '500',
  'trade_type' => 'NATIVE',
  'transaction_id' => '4200000003201711032071216631',
)
[2017-11-03 05:11:59][58.251.80.44][INFO]微信支付 成功:回调信息是:array (
  'appid' => 'wxcb8a76fe730b5964',
  'attach' => '1733be5a-84b2-405f-963b-c70767d43e7f',
  'bank_type' => 'CFT',
  'cash_fee' => '2000',
  'fee_type' => 'CNY',
  'is_subscribe' => 'Y',
  'mch_id' => '1352470102',
  'nonce_str' => 'm7gcsy3af1tyfmjg1f6v2xqbkobs7li4',
  'openid' => 'oFqowwDqWNvqutPtajcySJOPgcRQ',
  'out_trade_no' => '41d2a0418d404407a0b98d334893e1cc',
  'result_code' => 'SUCCESS',
  'return_code' => 'SUCCESS',
  'sign' => 'D05D78D7F95DC048565183E5FF4F0139',
  'time_end' => '20171103051158',
  'total_fee' => '2000',
  'trade_type' => 'NATIVE',
  'transaction_id' => '4200000003201711032071236079',
)
[2017-11-03 05:13:08][110.75.248.111][INFO]支付宝支付 :回调信息是:array (
  'gmt_create' => '2017-11-03 05:13:08',
  'charset' => 'utf-8',
  'seller_email' => 'qiyue@pp158.com',
  'notify_time' => '2017-11-03 05:13:08',
  'subject' => 'pp游戏账单支付',
  'sign' => 'FiFhRSq/4NoBdGVWxWdlbNPXLd4cYJb8hWGOqxjMTvj27JQ3w8H/imvnVzZNqqKgrxKHDbVDJg6B5yKXu5mFzBwNtUQosDv8jnp8gzVRELLa+b0LX+3IZ4ul8itEP//PULEl6qgbu7yGRgb7gT44Thmu3rH9KVSBuNqfSbLamhRLj/9zHAbhqtplQa8QS/Ykr6RfZxN4dKhtwUWdpXJs9qzaenK+fbZV8RmTIOdM5KC+Sr8s44v0XescDdxn3qYP+5e2t3NXsVqKXino4tnVgoZfA0S9hD2g/n4xdjO/o9Nda3aOS5k3VHVTXfVWnhTxIUj+L5OqDlAvX/mrPw1DhQ==',
  'body' => '12f0373f-b136-4554-9089-c0f7f96d43a6',
  'buyer_id' => '2088822330715687',
  'version' => '1.0',
  'notify_id' => '1983f14f767ff26a79579dd6ca0fd61l8y',
  'notify_type' => 'trade_status_sync',
  'out_trade_no' => '4d6c4d2d717245e3a5967060ad5ac76f',
  'total_amount' => '20.00',
  'trade_status' => 'WAIT_BUYER_PAY',
  'trade_no' => '2017110321001004680297010407',
  'auth_app_id' => '2017021605702899',
  'buyer_logon_id' => '185****5480',
  'app_id' => '2017021605702899',
  'sign_type' => 'RSA2',
  'seller_id' => '2088221931936835',
)
[2017-11-03 05:13:18][110.75.248.133][INFO]支付宝支付 成功:回调信息是:array (
  'gmt_create' => '2017-11-03 05:13:08',
  'charset' => 'utf-8',
  'seller_email' => 'qiyue@pp158.com',
  'subject' => 'pp游戏账单支付',
  'sign' => 'Y0fSJOjXiikBp0OKPtpvoZ9z9XU8d/alsBoCdLbPoxtIjA2w0nzkln4fcFc77chYLBlD1I+ZBT+EU+WqRtdJ4LG+gN+ggSIH2Uz0ZjGiCCtY8ygvKQTaWdQwTnc8l1EhtwFVLseIlFxun9sf3cSyuPTlm7+zQkO2n9sjgd/QZKabjyn3VGIEfr++8ecG/I4bNb8xTy4qANMxVRjT6vntUsTb8S6NCpyyJtvm6N+Qu8iV4kPmRSh+6WhoCu6VSPSu+GZ80b5Fvc9saArWUOVHTZGjbfy8BjVsBYOfMlA5Ce5dRQpsiZpS39Pyj2g6xIHPj1RazT0nKTN/kCmyVYnvOQ==',
  'body' => '12f0373f-b136-4554-9089-c0f7f96d43a6',
  'buyer_id' => '2088822330715687',
  'invoice_amount' => '20.00',
  'notify_id' => '0f1b9979353f21377a32851a6a03ed2l8y',
  'fund_bill_list' => '[{"amount":"20.00","fundChannel":"PCREDIT"}]',
  'notify_type' => 'trade_status_sync',
  'trade_status' => 'TRADE_SUCCESS',
  'receipt_amount' => '20.00',
  'app_id' => '2017021605702899',
  'buyer_pay_amount' => '20.00',
  'sign_type' => 'RSA2',
  'seller_id' => '2088221931936835',
  'gmt_payment' => '2017-11-03 05:13:18',
  'notify_time' => '2017-11-03 05:13:18',
  'version' => '1.0',
  'out_trade_no' => '4d6c4d2d717245e3a5967060ad5ac76f',
  'total_amount' => '20.00',
  'trade_no' => '2017110321001004680297010407',
  'auth_app_id' => '2017021605702899',
  'buyer_logon_id' => '185****5480',
  'point_amount' => '0.00',
)
[2017-11-03 05:14:20][110.75.248.125][INFO]支付宝支付 :回调信息是:array (
  'gmt_create' => '2017-11-03 05:14:20',
  'charset' => 'utf-8',
  'seller_email' => 'qiyue@pp158.com',
  'notify_time' => '2017-11-03 05:14:20',
  'subject' => 'pp游戏账单支付',
  'sign' => 'VOcqOxbSyJdO3vcgcuUAc5vBiZSJAeK/8RvGWqDxqOTxypw5kLRlHPhYSx3UDelfmo9wxT3x7UqMoXqewExsGb/kT0rpRRkIzPWv1WeDrEXuHMD3zpkUjA8nr+hW7Uo2MTWT0KD/7h1PuPEKOo+oylFygCRxpsdlCgn9lRPADpOnXan1Eyj+BEsZwbgkiTuV3d8IJYfUQ0mUPIDfyLKpyLUdVBOKjiTnIeCtxmy2tRl66E7+v+QsMHBMuzKE2ZFWsWySf65qpUvJRAPy2j0ATyRVfnFNgh6IDNXSMFvI92e5GCXWpy2nB492yO5YSRbQRkNUjI4mJ6WJB60wCn15ZQ==',
  'body' => '5b91f6d6-b5b1-40a2-92e8-5f423223f68f',
  'buyer_id' => '2088812691463622',
  'version' => '1.0',
  'notify_id' => '202065c1c650c9485030e224f57d7b7ktp',
  'notify_type' => 'trade_status_sync',
  'out_trade_no' => 'dd049d9b5cd04d38a35fb08e967cd284',
  'total_amount' => '5.00',
  'trade_status' => 'WAIT_BUYER_PAY',
  'trade_no' => '2017110321001004625313396936',
  'auth_app_id' => '2017021605702899',
  'buyer_logon_id' => '136****8252',
  'app_id' => '2017021605702899',
  'sign_type' => 'RSA2',
  'seller_id' => '2088221931936835',
)
[2017-11-03 05:14:27][110.75.248.22][INFO]支付宝支付 成功:回调信息是:array (
  'gmt_create' => '2017-11-03 05:14:20',
  'charset' => 'utf-8',
  'seller_email' => 'qiyue@pp158.com',
  'subject' => 'pp游戏账单支付',
  'sign' => 'HKSVZXzs0TTCNIBaaADKAqmR69Fm5fFkRomiDf6hn8rogUFrdbNHvAqzOsZmnXp+6UkgvkN966bSNzQaMtJdL3s3HbHb1Ho2UNG/fvGw4GQ3vqTauMKsl4ht8M+Btfj2+iDhSj0m+sUK+iHVNPcRcyqxtgVi+4+2+Nfu4/LTvblG4lzUD9QZyLxB31nruoj/9e2tobp+tXoGIWLTgrWDEfD20M6ZQdVStKUoQSr2CVUe0JzNwO2rhe7S45/dd1XwspUgmVkX2KiO2DU0Vg3DSqWYZwrHFwLl2uSAHZWR8JvcC0uYjQU1G9azUNCS+GY5Pw0vupQTtrM+KKC83/ptqQ==',
  'body' => '5b91f6d6-b5b1-40a2-92e8-5f423223f68f',
  'buyer_id' => '2088812691463622',
  'invoice_amount' => '5.00',
  'notify_id' => 'f4d22f0f93bd5667c4923aa2b5fda47ktp',
  'fund_bill_list' => '[{"amount":"5.00","fundChannel":"ALIPAYACCOUNT"}]',
  'notify_type' => 'trade_status_sync',
  'trade_status' => 'TRADE_SUCCESS',
  'receipt_amount' => '5.00',
  'app_id' => '2017021605702899',
  'buyer_pay_amount' => '5.00',
  'sign_type' => 'RSA2',
  'seller_id' => '2088221931936835',
  'gmt_payment' => '2017-11-03 05:14:27',
  'notify_time' => '2017-11-03 05:14:27',
  'version' => '1.0',
  'out_trade_no' => 'dd049d9b5cd04d38a35fb08e967cd284',
  'total_amount' => '5.00',
  'trade_no' => '2017110321001004625313396936',
  'auth_app_id' => '2017021605702899',
  'buyer_logon_id' => '136****8252',
  'point_amount' => '0.00',
)
[2017-11-03 05:16:58][140.207.54.76][INFO]微信支付 成功:回调信息是:array (
  'appid' => 'wxcb8a76fe730b5964',
  'attach' => 'e360ee3f-4c9c-4c66-957f-d7935c89527a',
  'bank_type' => 'CFT',
  'cash_fee' => '500',
  'fee_type' => 'CNY',
  'is_subscribe' => 'Y',
  'mch_id' => '1352470102',
  'nonce_str' => 'yr9lmx4hpqhmefa6a8f0frelu538p4qn',
  'openid' => 'oFqowwAl1P5Vhx9OTXRUpAhAusqQ',
  'out_trade_no' => 'b54bc9eb121d4ac0a4c386a1236a8100',
  'result_code' => 'SUCCESS',
  'return_code' => 'SUCCESS',
  'sign' => '5893DE9113B357865B980C7642D19DA7',
  'time_end' => '20171103051658',
  'total_fee' => '500',
  'trade_type' => 'NATIVE',
  'transaction_id' => '4200000003201711032066295388',
)
[2017-11-03 05:20:56][203.209.232.52][INFO]支付宝支付 :回调信息是:array (
  'gmt_create' => '2017-11-03 05:20:56',
  'charset' => 'utf-8',
  'seller_email' => 'qiyue@pp158.com',
  'notify_time' => '2017-11-03 05:20:56',
  'subject' => 'pp游戏账单支付',
  'sign' => 'D/X/+/lho1hJC9pMUV9MBPINYImxosjpahL9W5GzctJ4+GTlH1HaNjYvnaXh4e6Tn2UFk7YbKRhS9vCRiwiIBwSjhVb9AT97STtWgZzyay/j31RVWOAqxMzZh2foL2WWa35y/MyCruezG8a2MjD0WJ9EfNmbDyUG7ETZICCwgQmC96Zcm83GjpHh6umNWrHjH4/g07rbKsbGfRdePkoQ9/lEd9OEJ2VtyMTA5zNA2g56zhD3y0u1ZRWi6PgXne29vztff/tVnlSzryRvZm9VmQo/fa57lGFfq5nGPikOF0ogbovdY1WypTrFspN99DHD7ju5mpHTFUedI2KnglqzUg==',
  'body' => '6b304c52-9c7e-4956-84b2-7cc7cf996633',
  'buyer_id' => '2088012541580125',
  'version' => '1.0',
  'notify_id' => '2adbb35ba692ee3c2aa1445835fb6b7gxe',
  'notify_type' => 'trade_status_sync',
  'out_trade_no' => '96ec9055264e4be591ec2ffdf2ea2811',
  'total_amount' => '500.00',
  'trade_status' => 'WAIT_BUYER_PAY',
  'trade_no' => '2017110321001004120254886746',
  'auth_app_id' => '2017021605702899',
  'buyer_logon_id' => '139****3979',
  'app_id' => '2017021605702899',
  'sign_type' => 'RSA2',
  'seller_id' => '2088221931936835',
)
[2017-11-03 05:21:03][203.209.232.102][INFO]支付宝支付 成功:回调信息是:array (
  'gmt_create' => '2017-11-03 05:20:56',
  'charset' => 'utf-8',
  'seller_email' => 'qiyue@pp158.com',
  'subject' => 'pp游戏账单支付',
  'sign' => 'OYPmVoXVpNSb/R4RLomUzOeWAHhoAeNtZK49E5HPFiyl7H6rBDRN7VdzNSdDzjvHB3i/uxMlpjdIWUO+bU1Y/+Rqnf/7DCw3uenAZ7lnDFiVxV+D59AQOHAmtCkCFKubzTCr+mvakiRhdYWg8tVKSEgJIM/wAXZt7VrK4btHHlcZ0vAsf3wzkYCcTm8tWWqp7sDcZNTIJQ7pja8gnlUmu7ui+ocl+0dDIl+BFs7uQYNdXxtRMxuUUoVAIy4av7W/MoxsUlfT+HHU/PxFRzFnTjqFajNEVk6C5QduADfwr6mu07LW7oY3OvIZJFKTtTrrO9Y38b0c/61Wz41ucsBuZg==',
  'body' => '6b304c52-9c7e-4956-84b2-7cc7cf996633',
  'buyer_id' => '2088012541580125',
  'invoice_amount' => '500.00',
  'notify_id' => '6a045ad0ea6ad680afac98e885922c6gxe',
  'fund_bill_list' => '[{"amount":"500.00","fundChannel":"PCREDIT"}]',
  'notify_type' => 'trade_status_sync',
  'trade_status' => 'TRADE_SUCCESS',
  'receipt_amount' => '500.00',
  'app_id' => '2017021605702899',
  'buyer_pay_amount' => '500.00',
  'sign_type' => 'RSA2',
  'seller_id' => '2088221931936835',
  'gmt_payment' => '2017-11-03 05:21:03',
  'notify_time' => '2017-11-03 05:21:03',
  'version' => '1.0',
  'out_trade_no' => '96ec9055264e4be591ec2ffdf2ea2811',
  'total_amount' => '500.00',
  'trade_no' => '2017110321001004120254886746',
  'auth_app_id' => '2017021605702899',
  'buyer_logon_id' => '139****3979',
  'point_amount' => '0.00',
)
[2017-11-03 05:21:48][58.251.80.44][INFO]微信支付 成功:回调信息是:array (
  'appid' => 'wxcb8a76fe730b5964',
  'attach' => '77deda7f-26ef-4785-bb81-25256a6f26b4',
  'bank_type' => 'CCB_DEBIT',
  'cash_fee' => '2000',
  'fee_type' => 'CNY',
  'is_subscribe' => 'Y',
  'mch_id' => '1352470102',
  'nonce_str' => 'kibnkvrgecx85gjbg1jamplwgha3jk1t',
  'openid' => 'oFqowwAApuhXWbnjB0gtaOoYta5w',
  'out_trade_no' => '26b4ee7cc4394cabab26e8aa24438b91',
  'result_code' => 'SUCCESS',
  'return_code' => 'SUCCESS',
  'sign' => '0A3CE4922AA2C161ED4C4214D8D6ABC9',
  'time_end' => '20171103052147',
  'total_fee' => '2000',
  'trade_type' => 'NATIVE',
  'transaction_id' => '4200000009201711032067589685',
)
[2017-11-03 05:26:07][58.251.80.55][INFO]微信支付 成功:回调信息是:array (
  'appid' => 'wxcb8a76fe730b5964',
  'attach' => '77deda7f-26ef-4785-bb81-25256a6f26b4',
  'bank_type' => 'CCB_DEBIT',
  'cash_fee' => '5000',
  'fee_type' => 'CNY',
  'is_subscribe' => 'Y',
  'mch_id' => '1352470102',
  'nonce_str' => 'kn8q37fklt4nuahayxrw93vfpkots7mx',
  'openid' => 'oFqowwAApuhXWbnjB0gtaOoYta5w',
  'out_trade_no' => '7e04ee0c9e284366a5df16a89c407a06',
  'result_code' => 'SUCCESS',
  'return_code' => 'SUCCESS',
  'sign' => '8C9CDBF4D0F52AAE9CE13E21372D7D25',
  'time_end' => '20171103052607',
  'total_fee' => '5000',
  'trade_type' => 'NATIVE',
  'transaction_id' => '4200000002201711032071356191',
)
[2017-11-03 05:34:58][203.209.232.199][INFO]支付宝支付 :回调信息是:array (
  'gmt_create' => '2017-11-03 05:34:58',
  'charset' => 'utf-8',
  'seller_email' => 'qiyue@pp158.com',
  'notify_time' => '2017-11-03 05:34:58',
  'subject' => 'pp游戏账单支付',
  'sign' => 'cIJWd9LbsaSySq2tVDZxpImg5oIzuMhUK/sn3nBP16lqxFsys174c6b7l5y3gw/t9nDkJYbxRndrBhhaireZnWY0/0FNtyM96+BCGVEFN4w4RUZsS1QEXuy4NHbel9Rkopt4kg97A6J6RFCWibpI+ubWaGMSDCQsBSmhkdnTF63fj+7sMJkZu5/cy2lF3QdifFuDsRG661y73N9jOO4vGdsbS4Wgp0QJEsUFzYN3uumlpvvbf+nILGuD7MZy/6nYSAGJFUekWbaaO93diPSSExhDwQKhZB7GLUlUxOXaUZss5EsFFkDSdvBbjeqX6ZLC5u5n3bnKIzvjtVCLp4wbqg==',
  'body' => 'feb25f72-69ff-4e66-9cb4-ad4806ee4cb4',
  'buyer_id' => '2088702159584065',
  'version' => '1.0',
  'notify_id' => 'ba8d4c3b3d1466caa40ef1ec93c5586gi5',
  'notify_type' => 'trade_status_sync',
  'out_trade_no' => '07ff6c41587b477a8733d38eb1abe322',
  'total_amount' => '5.00',
  'trade_status' => 'WAIT_BUYER_PAY',
  'trade_no' => '2017110321001004065305917221',
  'auth_app_id' => '2017021605702899',
  'buyer_logon_id' => '135****3096',
  'app_id' => '2017021605702899',
  'sign_type' => 'RSA2',
  'seller_id' => '2088221931936835',
)
[2017-11-03 05:35:03][203.209.232.214][INFO]支付宝支付 成功:回调信息是:array (
  'gmt_create' => '2017-11-03 05:34:58',
  'charset' => 'utf-8',
  'seller_email' => 'qiyue@pp158.com',
  'subject' => 'pp游戏账单支付',
  'sign' => 'dCK0y9fGwz2YLKkv9zpOgBbgbSH9kS+VWH8Cnvl8QjLRU29cHfx6xn7+RqoVW5Pih8x3owT9IJM1II70kxdVuLp59F3jkudMEqFOuDtBrofUKShZGgoTQFpS2C8150C+wnXwSJFWWnGA+sNOuDGZZzjy0KVMzqM4lfrr+O+BFuMBo4tc4TBkB/WjVdTuN1MxHTkdd64S2nsnWcTPtmM6Qugp74bq0RtlkimlH0PPnPJUnmfLTJmsz99tcQbalZNUJwWdskbJhr0JAP5w3gTC5/anssftfvuiy+ImN5E00HbKSyG2U3rAFxCsacRWKgx9OlQkoLAchHcXEZCjLIuGSw==',
  'body' => 'feb25f72-69ff-4e66-9cb4-ad4806ee4cb4',
  'buyer_id' => '2088702159584065',
  'invoice_amount' => '5.00',
  'notify_id' => 'dcf216da4d74673fb132238f7dce1b2gi5',
  'fund_bill_list' => '[{"amount":"5.00","fundChannel":"PCREDIT"}]',
  'notify_type' => 'trade_status_sync',
  'trade_status' => 'TRADE_SUCCESS',
  'receipt_amount' => '5.00',
  'app_id' => '2017021605702899',
  'buyer_pay_amount' => '5.00',
  'sign_type' => 'RSA2',
  'seller_id' => '2088221931936835',
  'gmt_payment' => '2017-11-03 05:35:03',
  'notify_time' => '2017-11-03 05:35:03',
  'version' => '1.0',
  'out_trade_no' => '07ff6c41587b477a8733d38eb1abe322',
  'total_amount' => '5.00',
  'trade_no' => '2017110321001004065305917221',
  'auth_app_id' => '2017021605702899',
  'buyer_logon_id' => '135****3096',
  'point_amount' => '0.00',
)
[2017-11-03 05:38:18][140.207.54.76][INFO]微信支付 成功:回调信息是:array (
  'appid' => 'wxcb8a76fe730b5964',
  'attach' => 'd4a714dd-ba49-4017-ac95-70d4a1f8d4c0',
  'bank_type' => 'CFT',
  'cash_fee' => '500',
  'fee_type' => 'CNY',
  'is_subscribe' => 'N',
  'mch_id' => '1352470102',
  'nonce_str' => 'xpkeykqa7ooukfl91bjdkoq319x09bs6',
  'openid' => 'oFqowwDS5Mh_zBPp7MmrCEgfKhLg',
  'out_trade_no' => '095850cca9fd4fc4bd39435fcc467c14',
  'result_code' => 'SUCCESS',
  'return_code' => 'SUCCESS',
  'sign' => '741C373F2CFE31CF8FED0EADFF6D7A98',
  'time_end' => '20171103053818',
  'total_fee' => '500',
  'trade_type' => 'NATIVE',
  'transaction_id' => '4200000011201711032067763147',
)
[2017-11-03 05:41:41][140.207.54.75][INFO]微信支付 成功:回调信息是:array (
  'appid' => 'wxcb8a76fe730b5964',
  'attach' => 'd4a714dd-ba49-4017-ac95-70d4a1f8d4c0',
  'bank_type' => 'CFT',
  'cash_fee' => '600',
  'fee_type' => 'CNY',
  'is_subscribe' => 'Y',
  'mch_id' => '1352470102',
  'nonce_str' => '59fs034xs47ubw3kj07jxo0e2wda9tid',
  'openid' => 'oFqowwDS5Mh_zBPp7MmrCEgfKhLg',
  'out_trade_no' => '9b9082ab5d174f059e3d3df8223b66e3',
  'result_code' => 'SUCCESS',
  'return_code' => 'SUCCESS',
  'sign' => '05354A527E771A0535A668D65F109225',
  'time_end' => '20171103054141',
  'total_fee' => '600',
  'trade_type' => 'JSAPI',
  'transaction_id' => '4200000005201711032071551033',
)
[2017-11-03 05:43:47][140.207.54.75][INFO]微信支付 成功:回调信息是:array (
  'appid' => 'wxcb8a76fe730b5964',
  'attach' => 'be12e8e1-b877-4fac-aaf2-9722b4b5647a',
  'bank_type' => 'CFT',
  'cash_fee' => '500',
  'fee_type' => 'CNY',
  'is_subscribe' => 'N',
  'mch_id' => '1352470102',
  'nonce_str' => '2zieo5gylng9n2rss7fgbxw9gzx7rmnp',
  'openid' => 'oFqowwG6sWR7jbwjxiLcaQyXq0Yo',
  'out_trade_no' => '762905586a8a4db0b4a3ed738efdf681',
  'result_code' => 'SUCCESS',
  'return_code' => 'SUCCESS',
  'sign' => '77EF0573AA50F88214765342FEC55711',
  'time_end' => '20171103054346',
  'total_fee' => '500',
  'trade_type' => 'NATIVE',
  'transaction_id' => '4200000001201711032071543189',
)
[2017-11-03 05:46:06][140.207.54.74][INFO]微信支付 成功:回调信息是:array (
  'appid' => 'wxcb8a76fe730b5964',
  'attach' => '4e04ccfb-1eb8-4421-99ee-a5bc9c09f374',
  'bank_type' => 'CFT',
  'cash_fee' => '2000',
  'fee_type' => 'CNY',
  'is_subscribe' => 'N',
  'mch_id' => '1352470102',
  'nonce_str' => '8novhorlzmvasptw28lspxrefn6gzt9e',
  'openid' => 'oFqowwBmktr5nDF9S5mftt2XpUx4',
  'out_trade_no' => 'db293bd48df3478895abefe578c28d6b',
  'result_code' => 'SUCCESS',
  'return_code' => 'SUCCESS',
  'sign' => 'D9543096223901640997F2C660AA5E9D',
  'time_end' => '20171103054606',
  'total_fee' => '2000',
  'trade_type' => 'NATIVE',
  'transaction_id' => '4200000021201711032067866262',
)
[2017-11-03 05:46:29][140.207.54.76][INFO]微信支付 成功:回调信息是:array (
  'appid' => 'wxcb8a76fe730b5964',
  'attach' => '1733be5a-84b2-405f-963b-c70767d43e7f',
  'bank_type' => 'CFT',
  'cash_fee' => '2000',
  'fee_type' => 'CNY',
  'is_subscribe' => 'Y',
  'mch_id' => '1352470102',
  'nonce_str' => '7s5fjzkwky4fk6ndgfzva75ui9drf00m',
  'openid' => 'oFqowwDqWNvqutPtajcySJOPgcRQ',
  'out_trade_no' => 'd74505731efc4664b2f9967d1089215f',
  'result_code' => 'SUCCESS',
  'return_code' => 'SUCCESS',
  'sign' => 'C5F371955722AD0686DF36D72BCFE547',
  'time_end' => '20171103054628',
  'total_fee' => '2000',
  'trade_type' => 'NATIVE',
  'transaction_id' => '4200000011201711032072684414',
)
[2017-11-03 05:52:09][58.251.80.53][INFO]微信支付 成功:回调信息是:array (
  'appid' => 'wxcb8a76fe730b5964',
  'attach' => '1733be5a-84b2-405f-963b-c70767d43e7f',
  'bank_type' => 'CFT',
  'cash_fee' => '2000',
  'fee_type' => 'CNY',
  'is_subscribe' => 'Y',
  'mch_id' => '1352470102',
  'nonce_str' => 'rabptz1gotrtya0vhwascnvf64ymcfvh',
  'openid' => 'oFqowwDqWNvqutPtajcySJOPgcRQ',
  'out_trade_no' => '36414c22fc5d472dbad3a725c550cf39',
  'result_code' => 'SUCCESS',
  'return_code' => 'SUCCESS',
  'sign' => 'D714ED77ED3EBCEF5C95B73171A6DD57',
  'time_end' => '20171103055208',
  'total_fee' => '2000',
  'trade_type' => 'NATIVE',
  'transaction_id' => '4200000028201711032067914582',
)
[2017-11-03 05:52:42][203.209.226.229][INFO]支付宝支付 :回调信息是:array (
  'gmt_create' => '2017-11-03 05:52:42',
  'charset' => 'utf-8',
  'seller_email' => 'qiyue@pp158.com',
  'notify_time' => '2017-11-03 05:52:42',
  'subject' => 'pp游戏账单支付',
  'sign' => 'TxF4mTfmtwHgab43soutLUyHYNlvUd1jBX+tDyYPjxh0DhQbI3GECgkkMuGXBMijnA47aXka0thtG1UPO5dY+xyV1xVZtETgX2Fuw/g/TtfmOCU7CZOpRKsEvLm7NXikUdUhZVSBYgBMwIKVsDRqGJV9/Pw38+qACG+sSiB7A6jdQOX7tIgN2PEo/Ynya9y4hCXlg6b78BCGIm6O0MkooDk0G4aebv/AyN9TF2JHQMlDxnLeHrUChKdOUzTBS8jB+UQlK3cddO/zZxMNOu/8o0WUHLddvW4T3XInoTIc4nvMwM6qPGzNsCGfsQGXukeAfpOna5sbmAVmtyPz5/BpmQ==',
  'body' => '93a0b891-39ce-4727-b3f2-6f25ac4110ea',
  'buyer_id' => '2088612593743255',
  'version' => '1.0',
  'notify_id' => 'f10a2ca032c8e4fde57b19eb7a41234hyx',
  'notify_type' => 'trade_status_sync',
  'out_trade_no' => '66ba3365e2a54b1c89661e02fe09411f',
  'total_amount' => '5.00',
  'trade_status' => 'WAIT_BUYER_PAY',
  'trade_no' => '2017110321001004255363673281',
  'auth_app_id' => '2017021605702899',
  'buyer_logon_id' => '151****0255',
  'app_id' => '2017021605702899',
  'sign_type' => 'RSA2',
  'seller_id' => '2088221931936835',
)
[2017-11-03 05:52:46][203.209.227.129][INFO]支付宝支付 成功:回调信息是:array (
  'gmt_create' => '2017-11-03 05:52:42',
  'charset' => 'utf-8',
  'seller_email' => 'qiyue@pp158.com',
  'subject' => 'pp游戏账单支付',
  'sign' => 'X9V0Y2Sz6+iinkli8TvfWJwnXMdeJHRLyNnLfRcH3WMeuvCDPBh2Jn/SQxbFLsw3JMLfvOJ34uMJraUMU6QesM7snExcS3oXLyglW6MLoqczHt/ihxVJ81SiQzA9sufHpYOggJLhxO11Y3OyJQo29BfiOhDwG+AMt7JOJLd6gZzvEQMlm3zdpZRxkU7WmyZ/jJ9X1SdBOelq2WawuUEK9ZpnE0TTCEn/UVatsVTZnijcv4i71F+Nt7r5Hu1iOflK3CbA6QOyLP74hawNOFm9mamVwn0wGfoWvCn2IFUmZL4gkTHYJTRQTbJRwuqsRYDzKN4DVZDm8tcitkPjyPRHEQ==',
  'body' => '93a0b891-39ce-4727-b3f2-6f25ac4110ea',
  'buyer_id' => '2088612593743255',
  'invoice_amount' => '5.00',
  'notify_id' => '6cfd001c0b6f6fd274555f4310e79f4hyx',
  'fund_bill_list' => '[{"amount":"5.00","fundChannel":"ALIPAYACCOUNT"}]',
  'notify_type' => 'trade_status_sync',
  'trade_status' => 'TRADE_SUCCESS',
  'receipt_amount' => '5.00',
  'app_id' => '2017021605702899',
  'buyer_pay_amount' => '5.00',
  'sign_type' => 'RSA2',
  'seller_id' => '2088221931936835',
  'gmt_payment' => '2017-11-03 05:52:46',
  'notify_time' => '2017-11-03 05:52:46',
  'version' => '1.0',
  'out_trade_no' => '66ba3365e2a54b1c89661e02fe09411f',
  'total_amount' => '5.00',
  'trade_no' => '2017110321001004255363673281',
  'auth_app_id' => '2017021605702899',
  'buyer_logon_id' => '151****0255',
  'point_amount' => '0.00',
)
[2017-11-03 05:55:12][140.207.54.75][INFO]微信支付 成功:回调信息是:array (
  'appid' => 'wxcb8a76fe730b5964',
  'attach' => 'd4a714dd-ba49-4017-ac95-70d4a1f8d4c0',
  'bank_type' => 'CFT',
  'cash_fee' => '500',
  'fee_type' => 'CNY',
  'is_subscribe' => 'Y',
  'mch_id' => '1352470102',
  'nonce_str' => 'ndatl1dulc984o9nhcz5s4rm8vsjtlz0',
  'openid' => 'oFqowwDS5Mh_zBPp7MmrCEgfKhLg',
  'out_trade_no' => '975e8f4e5cc8432abe5978a09adb043f',
  'result_code' => 'SUCCESS',
  'return_code' => 'SUCCESS',
  'sign' => '7039C1820BE1883B5B86BF7254DF4773',
  'time_end' => '20171103055512',
  'total_fee' => '500',
  'trade_type' => 'NATIVE',
  'transaction_id' => '4200000006201711032071678140',
)
