[2017-11-03 06:04:32][58.251.80.60][INFO]微信支付 成功:回调信息是:array (
  'appid' => 'wxcb8a76fe730b5964',
  'attach' => '25105c4b-a5d6-4a25-963a-9ff237575121',
  'bank_type' => 'CFT',
  'cash_fee' => '600',
  'fee_type' => 'CNY',
  'is_subscribe' => 'N',
  'mch_id' => '1352470102',
  'nonce_str' => '5wfu0oahmtdursmytj6az5d6ggqmuxot',
  'openid' => 'oFqowwFRLYSYI7iOIlpqPMtuYIAM',
  'out_trade_no' => 'cc9b2d63768541b39838c2c239f4f320',
  'result_code' => 'SUCCESS',
  'return_code' => 'SUCCESS',
  'sign' => '8D65FA8D57F04C6672B2D53910AFCD8F',
  'time_end' => '20171103060431',
  'total_fee' => '600',
  'trade_type' => 'JSAPI',
  'transaction_id' => '4200000016201711032071805199',
)
[2017-11-03 06:04:43][58.251.80.49][INFO]微信支付 成功:回调信息是:array (
  'appid' => 'wxcb8a76fe730b5964',
  'attach' => 'e0e2b5a4-3ca2-4d52-97a6-e5fe488b0516',
  'bank_type' => 'CFT',
  'cash_fee' => '500',
  'fee_type' => 'CNY',
  'is_subscribe' => 'Y',
  'mch_id' => '1352470102',
  'nonce_str' => 'k0dumw5s21b6ae0wdmgltnhocj067sjk',
  'openid' => 'oFqowwDS5Mh_zBPp7MmrCEgfKhLg',
  'out_trade_no' => '2eea071be62e489291d6bde30c632536',
  'result_code' => 'SUCCESS',
  'return_code' => 'SUCCESS',
  'sign' => '3E49ADE7FDB4D89370F38D90DE6D1CAE',
  'time_end' => '20171103060442',
  'total_fee' => '500',
  'trade_type' => 'NATIVE',
  'transaction_id' => '4200000021201711032072899875',
)
[2017-11-03 06:06:26][203.209.232.114][INFO]支付宝支付 :回调信息是:array (
  'gmt_create' => '2017-11-03 06:06:26',
  'charset' => 'utf-8',
  'seller_email' => 'qiyue@pp158.com',
  'notify_time' => '2017-11-03 06:06:26',
  'subject' => 'pp游戏账单支付',
  'sign' => 'b40RV8f1yBjs0W+Lk0um8VQd2HdCnsWi7yCRKNwlwvWvIdpzFURmep2pHnM181yUXwRUZc1qhesp+TwBFopfrYbJMdvvtWjUuaJY9zoSNF8HNa2Uk9uoWnngZwjYWtrGcCxylPHqTLbQIOwbjLeDtyYRw3HuOOM3X1LpniAjWbLC3yMy5OZvod7jaxlTwxW/Z02xqR5ySljYbK3fSQi5wuvjGxWpK4SUk+9RNAv3GSHUH3nXfk9GmQ0+Y1nvKm2PCdy9mBJwFoNpq6Mm6MkOat4f/uDgWJa5R89QAM3goJxFSeEWSr1JOT0539ar4cLqyCdyEFFsuuTWdpMxF2Lddw==',
  'body' => 'e109808d-698c-4614-bce7-8cf0609c1674',
  'buyer_id' => '2088222618884054',
  'version' => '1.0',
  'notify_id' => 'babf523b9aa6aa9963c3f3e3a0ba538gfd',
  'notify_type' => 'trade_status_sync',
  'out_trade_no' => '20ed34fa2f8044d6aff5e3c6cd01274a',
  'total_amount' => '5.00',
  'trade_status' => 'WAIT_BUYER_PAY',
  'trade_no' => '2017110321001004055321230275',
  'auth_app_id' => '2017021605702899',
  'buyer_logon_id' => '182****2382',
  'app_id' => '2017021605702899',
  'sign_type' => 'RSA2',
  'seller_id' => '2088221931936835',
)
[2017-11-03 06:06:32][203.209.232.120][INFO]支付宝支付 成功:回调信息是:array (
  'gmt_create' => '2017-11-03 06:06:26',
  'charset' => 'utf-8',
  'seller_email' => 'qiyue@pp158.com',
  'subject' => 'pp游戏账单支付',
  'sign' => 'QvZbvFgMtGXT7+Rf3VBSVzWC5IHLrqzKiRVhpGiw1RN+YcQ34vPkptQRiE8zO0Nmh8s3sLGVvYbnojiUXNfwLl0hm74Vtrm6XSeTG8p65vZauz26plX5I1OBXpVO/H2f62RrDOCyTOAY5Oj1Ye56HojqTVg08LPJxTN244i9bDzifBAEdH2sZgVT6GYgvDWuAe+oJhEm6j/hp9TRKh4gv5Z9gEvwC2FiOlbvEUw5V/rlrGdzGFcD6va6sCPvsMsAbGNgH9ChzCq38aOc7yfZjg3RiYnAlOnrVXPnc6Lu+XAo5qK4eiNwlLPDId8rbBQbsDJMiiv7i8uo5BDRLTJHpw==',
  'body' => 'e109808d-698c-4614-bce7-8cf0609c1674',
  'buyer_id' => '2088222618884054',
  'invoice_amount' => '5.00',
  'notify_id' => 'b19604024fdef25623d64d31159b875gfd',
  'fund_bill_list' => '[{"amount":"5.00","fundChannel":"PCREDIT"}]',
  'notify_type' => 'trade_status_sync',
  'trade_status' => 'TRADE_SUCCESS',
  'receipt_amount' => '5.00',
  'app_id' => '2017021605702899',
  'buyer_pay_amount' => '5.00',
  'sign_type' => 'RSA2',
  'seller_id' => '2088221931936835',
  'gmt_payment' => '2017-11-03 06:06:31',
  'notify_time' => '2017-11-03 06:06:32',
  'version' => '1.0',
  'out_trade_no' => '20ed34fa2f8044d6aff5e3c6cd01274a',
  'total_amount' => '5.00',
  'trade_no' => '2017110321001004055321230275',
  'auth_app_id' => '2017021605702899',
  'buyer_logon_id' => '182****2382',
  'point_amount' => '0.00',
)
[2017-11-03 06:13:35][140.207.54.75][INFO]微信支付 成功:回调信息是:array (
  'appid' => 'wxcb8a76fe730b5964',
  'attach' => '10462c2b-f745-4f72-826c-6a3c5e86407e',
  'bank_type' => 'CFT',
  'cash_fee' => '600',
  'fee_type' => 'CNY',
  'is_subscribe' => 'Y',
  'mch_id' => '1352470102',
  'nonce_str' => '1haa2wxyod27razce4wqjibanuamw2qt',
  'openid' => 'oFqowwGNWj8dNvfaKNGTOtYACwQI',
  'out_trade_no' => '1180af1553834666a277cab54c5d02e8',
  'result_code' => 'SUCCESS',
  'return_code' => 'SUCCESS',
  'sign' => '4C9C5C9C674EA57CBFFF18C0E4605D5B',
  'time_end' => '20171103061335',
  'total_fee' => '600',
  'trade_type' => 'JSAPI',
  'transaction_id' => '4200000028201711032068242926',
)
[2017-11-03 06:17:03][58.251.80.44][INFO]微信支付 成功:回调信息是:array (
  'appid' => 'wxcb8a76fe730b5964',
  'attach' => '25105c4b-a5d6-4a25-963a-9ff237575121',
  'bank_type' => 'CFT',
  'cash_fee' => '500',
  'fee_type' => 'CNY',
  'is_subscribe' => 'N',
  'mch_id' => '1352470102',
  'nonce_str' => '6qtxu42ys5t4piceu8aasverqyl9vuz5',
  'openid' => 'oFqowwFRLYSYI7iOIlpqPMtuYIAM',
  'out_trade_no' => 'ac621ecdddbe42d5bde35383066efa7d',
  'result_code' => 'SUCCESS',
  'return_code' => 'SUCCESS',
  'sign' => '6A2764A32021A27332C36C79B3B8745D',
  'time_end' => '20171103061702',
  'total_fee' => '500',
  'trade_type' => 'NATIVE',
  'transaction_id' => '4200000023201711032068301909',
)
[2017-11-03 06:17:58][203.209.232.119][INFO]支付宝支付 成功:回调信息是:array (
  'gmt_create' => '2017-11-03 06:17:57',
  'charset' => 'UTF-8',
  'seller_email' => 'qiyue@pp158.com',
  'subject' => 'pp游戏账单支付',
  'sign' => 'KxJ1X+xEmJo9cPrdxxU2wmiHgXp2hPkD6Kk8jK4XDnmwhgn2giJRjJrqaapVlmGFNvsCXDKHBavm/W1dmjidxljXI3yK5CNVKJJ5suZYLBGR1PkPOTljoV8FFLY79crc658zf0YvbTqvmgobJ1rTR0SXh05a7TgYmWUjqCmx6OYEqUNzXVRYvmGlwjUZLJkv7Cy2PwlrXsTiNgeoBh/Knei52FGoTJOqI/IngsuQOwP5kdR0Cgmj2cJCYFxudf3fIgEuc+sY/yB29lEbcJ0R8nqiSW8ytR0Sn/rBJcG4x8L1BqYX/86PnzgSNRwi3uYSQmk/v/J4qh0Gql4Whmc+Ig==',
  'body' => 'feb25f72-69ff-4e66-9cb4-ad4806ee4cb4',
  'buyer_id' => '2088702159584065',
  'invoice_amount' => '18.00',
  'notify_id' => '60f5131f099d0a211187d100986473fggq',
  'fund_bill_list' => '[{"amount":"18.00","fundChannel":"ALIPAYACCOUNT"}]',
  'notify_type' => 'trade_status_sync',
  'trade_status' => 'TRADE_SUCCESS',
  'receipt_amount' => '18.00',
  'app_id' => '2017021605702899',
  'buyer_pay_amount' => '18.00',
  'sign_type' => 'RSA2',
  'seller_id' => '2088221931936835',
  'gmt_payment' => '2017-11-03 06:17:58',
  'notify_time' => '2017-11-03 06:17:58',
  'version' => '1.0',
  'out_trade_no' => '7197641a96fd4581bba2e3db6820b9ab',
  'total_amount' => '18.00',
  'trade_no' => '2017110321001004060264172545',
  'auth_app_id' => '2017021605702899',
  'buyer_logon_id' => '135****3096',
  'point_amount' => '0.00',
)
[2017-11-03 06:26:15][58.251.80.53][INFO]微信支付 成功:回调信息是:array (
  'appid' => 'wxcb8a76fe730b5964',
  'attach' => '1733be5a-84b2-405f-963b-c70767d43e7f',
  'bank_type' => 'CFT',
  'cash_fee' => '500',
  'fee_type' => 'CNY',
  'is_subscribe' => 'Y',
  'mch_id' => '1352470102',
  'nonce_str' => 'w0q4lroba3d1wtz2a8pte85w0gq22o2r',
  'openid' => 'oFqowwDqWNvqutPtajcySJOPgcRQ',
  'out_trade_no' => 'c9da05f6d7ab415d9b5681400ff0684b',
  'result_code' => 'SUCCESS',
  'return_code' => 'SUCCESS',
  'sign' => '92D648751BC918D5012B1509C977C940',
  'time_end' => '20171103062614',
  'total_fee' => '500',
  'trade_type' => 'NATIVE',
  'transaction_id' => '4200000019201711032074456318',
)
[2017-11-03 06:28:32][140.207.54.74][INFO]微信支付 成功:回调信息是:array (
  'appid' => 'wxcb8a76fe730b5964',
  'attach' => '9d95ce2b-30b8-417c-86bd-f19c33cd0fa4',
  'bank_type' => 'CFT',
  'cash_fee' => '500',
  'fee_type' => 'CNY',
  'is_subscribe' => 'N',
  'mch_id' => '1352470102',
  'nonce_str' => 'xptfxl9mc9bao64g7djd6gve14cljt7n',
  'openid' => 'oFqowwHNcsUzzk9idSNqE9YYuP44',
  'out_trade_no' => '081e84a1bca64c14a8d4b1ae4fbff700',
  'result_code' => 'SUCCESS',
  'return_code' => 'SUCCESS',
  'sign' => '664EE257BD60EC80666FF60414CC597F',
  'time_end' => '20171103062832',
  'total_fee' => '500',
  'trade_type' => 'NATIVE',
  'transaction_id' => '4200000013201711032070291446',
)
[2017-11-03 06:32:50][58.251.80.53][INFO]微信支付 成功:回调信息是:array (
  'appid' => 'wxcb8a76fe730b5964',
  'attach' => '9d95ce2b-30b8-417c-86bd-f19c33cd0fa4',
  'bank_type' => 'CFT',
  'cash_fee' => '500',
  'fee_type' => 'CNY',
  'is_subscribe' => 'Y',
  'mch_id' => '1352470102',
  'nonce_str' => 'zqjgsjvwhvflpzf8irne5ypevq623d7s',
  'openid' => 'oFqowwHNcsUzzk9idSNqE9YYuP44',
  'out_trade_no' => '01ee639a88a1496789e00114f506a78e',
  'result_code' => 'SUCCESS',
  'return_code' => 'SUCCESS',
  'sign' => '64CCD079DC2A8DA13FC8B0A60287B376',
  'time_end' => '20171103063249',
  'total_fee' => '500',
  'trade_type' => 'NATIVE',
  'transaction_id' => '4200000028201711032078316866',
)
[2017-11-03 06:33:31][110.75.242.111][INFO]支付宝支付 成功:回调信息是:array (
  'gmt_create' => '2017-11-03 06:33:29',
  'charset' => 'UTF-8',
  'seller_email' => 'qiyue@pp158.com',
  'subject' => 'pp游戏账单支付',
  'sign' => 'WBM2Hv0k/7yIzJznVFcuV/8GOP0IMhitNsjymq3XWlWwO89sw9NCG+em0ajHYMWX+SJ3yOXCRH6yQqc3mcYcl72Fyq7mWNtdvSbCDwSskhKBJERK0uZDJ9KezTaC1GzS107uBZtk5adPNjggBvkv3Es33feqmwRqEPe/W8WASWCwNiLhjMvQOApB/7Q7fSIUAeEZ6LboPxeo4pP3hBc+ICqRc5FWE5z3OS7ZZ9Cv/6ESm/+DmyG7BebdoqUGyjiiabr+ZdiRGglD5Rl/a4YNUJvlepTYycVDXTxoTbLgjFUaMeb22yAIADmB2V11Gz3mzHETQ1DoYKjf/KIyJ3Q/EA==',
  'body' => '93a0b891-39ce-4727-b3f2-6f25ac4110ea',
  'buyer_id' => '2088612593743255',
  'invoice_amount' => '18.00',
  'notify_id' => '914255e65cc785d25a7c1f3b76c5a27hxi',
  'fund_bill_list' => '[{"amount":"18.00","fundChannel":"ALIPAYACCOUNT"}]',
  'notify_type' => 'trade_status_sync',
  'trade_status' => 'TRADE_SUCCESS',
  'receipt_amount' => '18.00',
  'app_id' => '2017021605702899',
  'buyer_pay_amount' => '18.00',
  'sign_type' => 'RSA2',
  'seller_id' => '2088221931936835',
  'gmt_payment' => '2017-11-03 06:33:31',
  'notify_time' => '2017-11-03 06:33:31',
  'version' => '1.0',
  'out_trade_no' => '627b794b3d9344e2a5b5392a1d071273',
  'total_amount' => '18.00',
  'trade_no' => '2017110321001004250298108748',
  'auth_app_id' => '2017021605702899',
  'buyer_logon_id' => '151****0255',
  'point_amount' => '0.00',
)
[2017-11-03 06:34:57][140.207.54.76][INFO]微信支付 成功:回调信息是:array (
  'appid' => 'wxcb8a76fe730b5964',
  'attach' => '25105c4b-a5d6-4a25-963a-9ff237575121',
  'bank_type' => 'CFT',
  'cash_fee' => '500',
  'fee_type' => 'CNY',
  'is_subscribe' => 'N',
  'mch_id' => '1352470102',
  'nonce_str' => 'cim50ojazb54gu453w64hktpizmpjp4l',
  'openid' => 'oFqowwFRLYSYI7iOIlpqPMtuYIAM',
  'out_trade_no' => '6d6cc88814b2440bbd540cfb4b2b5c98',
  'result_code' => 'SUCCESS',
  'return_code' => 'SUCCESS',
  'sign' => '6A5CE43920CBBCB303D38468A10DF644',
  'time_end' => '20171103063456',
  'total_fee' => '500',
  'trade_type' => 'NATIVE',
  'transaction_id' => '4200000018201711032076321113',
)
[2017-11-03 06:38:51][203.209.234.221][INFO]支付宝支付 :回调信息是:array (
  'gmt_create' => '2017-11-03 06:38:51',
  'charset' => 'utf-8',
  'seller_email' => 'qiyue@pp158.com',
  'notify_time' => '2017-11-03 06:38:51',
  'subject' => 'pp游戏账单支付',
  'sign' => 'McZgDsVJ2TEVOHfU+fzsDRG4oLGm+O/3ZLCFh9+72XoqJJG6DDTD2fzntyvlLbiPFogKzFhjrWtK8EuYUUUrhfHApyziFLQoZvaxFNkm8vCBKMbCa1D5HW3N9CcDSTyRfl00F9sdZfmeFoLF7BFRh9it5XG2Kj4wSBZXgQbLQF9EM22E9nj4jpVuhrAvoyyHWtVykUtzbBfD0cOGKEZDqDE24Ftd76nHKVxopv8VERTuzKXLPPqijhrbhHNimy9KwmeVnzihQgg8QV1D96BDwyHfYK0ZTwcf/ftJCSwvCAizxBtxeLysDRJdixrRdx6KJOeRxGTCDv7RMqs06vSWvw==',
  'body' => 'a96f57bf-005f-4a31-a52e-0dcfbbec1079',
  'buyer_id' => '2088122883346991',
  'version' => '1.0',
  'notify_id' => '05de680d89c945ce68ff1229402dfd4nog',
  'notify_type' => 'trade_status_sync',
  'out_trade_no' => 'd1069b1df78a4077ae3757a94d1f3ffd',
  'total_amount' => '20.00',
  'trade_status' => 'WAIT_BUYER_PAY',
  'trade_no' => '2017110321001004995287661874',
  'auth_app_id' => '2017021605702899',
  'buyer_logon_id' => '177****0851',
  'app_id' => '2017021605702899',
  'sign_type' => 'RSA2',
  'seller_id' => '2088221931936835',
)
[2017-11-03 06:43:21][203.209.232.205][INFO]支付宝支付 :回调信息是:array (
  'gmt_create' => '2017-11-03 06:43:21',
  'charset' => 'utf-8',
  'seller_email' => 'qiyue@pp158.com',
  'notify_time' => '2017-11-03 06:43:21',
  'subject' => 'pp游戏账单支付',
  'sign' => 'eIQ4fBa503964nPx+dR+e7+UTW+/LaToSG84IM3fldK/3xt6RTwCQLq7YqOegSolK3NKsZOuY0Rjw4j2ncU5t92N4ukyvcz/hKuuHM5rbHgnEvTLnRUDg7//VAYuL+SAc6CEjqamfT7skdMjDTWnGFdnL8Wpyx8BANjw+3MTNigBEyaXi41Tw2cjjtpbDlPw11fhWEFog/lKGpW/Wo70GNKTCxaZXJ1FH2CejxJdxB2DJLT2EFBSAIyVXhx2CGJk1dmiLlAnBCr7m+NYtxyG/tMAq7G6yUcBSw9fry4Wicj5oLDDoZQhyQI3gfTMitwRWyGb+ug8n9xpHNTLkQ04Ow==',
  'body' => 'e109808d-698c-4614-bce7-8cf0609c1674',
  'buyer_id' => '2088222618884054',
  'version' => '1.0',
  'notify_id' => '7545266f3233d6cff7147dc13c022afgfd',
  'notify_type' => 'trade_status_sync',
  'out_trade_no' => 'bc5772c41a4e4ba68e23fa64e419144b',
  'total_amount' => '20.00',
  'trade_status' => 'WAIT_BUYER_PAY',
  'trade_no' => '2017110321001004055322912228',
  'auth_app_id' => '2017021605702899',
  'buyer_logon_id' => '182****2382',
  'app_id' => '2017021605702899',
  'sign_type' => 'RSA2',
  'seller_id' => '2088221931936835',
)
[2017-11-03 06:43:25][203.209.232.144][INFO]支付宝支付 成功:回调信息是:array (
  'gmt_create' => '2017-11-03 06:43:21',
  'charset' => 'utf-8',
  'seller_email' => 'qiyue@pp158.com',
  'subject' => 'pp游戏账单支付',
  'sign' => 'CeVPozW9HvZ4abOh1NMqn18AojVLm8JRUx8K0/z1wmolcrJoeLVXi5crpVpobE9Bx9B4yMkE0I1t2hNzJLUs5o/mEMXv+5DWI2ei3hAPW/KXlFYjJGvVE/TPYziyr4SaOVNG3Vgkh9ftQZwLc2KoAiMuP10EsESPqxO3DVK61bJOrkudI6ATbsmwEsUjt2TnEyQa8gqIWICL7J4a9VGw3SeYiJ1E/vKcY4EZmzwZUHBO6nX9N2KlaRKcX2QOrBH5LITwijaU78CsJirX26/CEZK8UGkgzPFQEuBuW8GeySB4zP9s976K6Ij80R+tZRPFIBFOSvWqydJ0RY4qoJx6mw==',
  'body' => 'e109808d-698c-4614-bce7-8cf0609c1674',
  'buyer_id' => '2088222618884054',
  'invoice_amount' => '20.00',
  'notify_id' => '258102759938b5dcbcaa144ef1e21d0gfd',
  'fund_bill_list' => '[{"amount":"20.00","fundChannel":"PCREDIT"}]',
  'notify_type' => 'trade_status_sync',
  'trade_status' => 'TRADE_SUCCESS',
  'receipt_amount' => '20.00',
  'app_id' => '2017021605702899',
  'buyer_pay_amount' => '20.00',
  'sign_type' => 'RSA2',
  'seller_id' => '2088221931936835',
  'gmt_payment' => '2017-11-03 06:43:25',
  'notify_time' => '2017-11-03 06:43:25',
  'version' => '1.0',
  'out_trade_no' => 'bc5772c41a4e4ba68e23fa64e419144b',
  'total_amount' => '20.00',
  'trade_no' => '2017110321001004055322912228',
  'auth_app_id' => '2017021605702899',
  'buyer_logon_id' => '182****2382',
  'point_amount' => '0.00',
)
[2017-11-03 06:53:21][203.209.232.191][INFO]支付宝支付 :回调信息是:array (
  'gmt_create' => '2017-11-03 06:53:21',
  'charset' => 'utf-8',
  'seller_email' => 'qiyue@pp158.com',
  'notify_time' => '2017-11-03 06:53:21',
  'subject' => 'pp游戏账单支付',
  'sign' => 'Z4eZjkOgy9LbvpRbr8rzqXmAZPNlP3sqOS2K+spXPpZN5xywDgEoBCpsJ6sesXwXgxPxEDcq9IYhmvtO4N0C2zL0u9MyOjDLUYvle2+Juyps/woUMdVLLBTxQ9kfbaPTbjPnOGPd0i7I/uh9lpVsYhcZPssdJthJHndwbM986MbvX4X1o0oj2wKjCIBH/UNbMZ4Y/5HS4NAhlDMWxXMk6GB6jjv8WwralArj5jINKVB5fmFqojCrlkK7t4svURaN6QaHO/9hQOnx+p6gFW44J+IuBDCmuvgADEjD8dvwakvMo5c/m2WU6wfD2EeTPtqNzmTMBvqXRyfUDqmkK5oVXg==',
  'body' => 'e109808d-698c-4614-bce7-8cf0609c1674',
  'buyer_id' => '2088222618884054',
  'version' => '1.0',
  'notify_id' => 'e5422d5b0a26428806689a1103dca1bgfd',
  'notify_type' => 'trade_status_sync',
  'out_trade_no' => '23eb00e95e604e59b75ca3c361e9c62a',
  'total_amount' => '20.00',
  'trade_status' => 'WAIT_BUYER_PAY',
  'trade_no' => '2017110321001004055304133218',
  'auth_app_id' => '2017021605702899',
  'buyer_logon_id' => '182****2382',
  'app_id' => '2017021605702899',
  'sign_type' => 'RSA2',
  'seller_id' => '2088221931936835',
)
[2017-11-03 06:53:25][203.209.232.117][INFO]支付宝支付 成功:回调信息是:array (
  'gmt_create' => '2017-11-03 06:53:21',
  'charset' => 'utf-8',
  'seller_email' => 'qiyue@pp158.com',
  'subject' => 'pp游戏账单支付',
  'sign' => 'NgnEnA14q+L01oVlJ+gWNALt0ifLPna5sXofaoBJblK8vSK5DFfGFgDIOByFkqeGHNd0oheCbsd/GXFku8bGed+teK87ohPt7tuz+o+C1KAQ3mo0/PRVfhIlTuvqMw6NnC9aKK+3o1cSvW4+3n6A6I5todw/ETh/7r4F124m30zAywljh6gv8BeUiHPlxFY/41Mpr6JBMWWWPOWdijKZE62IKlSTqEbWzKN+gzbQeovjmVqoTTSW0CZjGKvljLj3kWGT0J6eXgSsEzXKVF/VZ760W/USAvyvTl4wX0z/uRltaAIQP87iBnWn8fC29iFrt3ZJ2nx1/75hkmkegvOaKA==',
  'body' => 'e109808d-698c-4614-bce7-8cf0609c1674',
  'buyer_id' => '2088222618884054',
  'invoice_amount' => '20.00',
  'notify_id' => 'd2f525b7953b567fddf8490b01fb86bgfd',
  'fund_bill_list' => '[{"amount":"20.00","fundChannel":"PCREDIT"}]',
  'notify_type' => 'trade_status_sync',
  'trade_status' => 'TRADE_SUCCESS',
  'receipt_amount' => '20.00',
  'app_id' => '2017021605702899',
  'buyer_pay_amount' => '20.00',
  'sign_type' => 'RSA2',
  'seller_id' => '2088221931936835',
  'gmt_payment' => '2017-11-03 06:53:24',
  'notify_time' => '2017-11-03 06:53:25',
  'version' => '1.0',
  'out_trade_no' => '23eb00e95e604e59b75ca3c361e9c62a',
  'total_amount' => '20.00',
  'trade_no' => '2017110321001004055304133218',
  'auth_app_id' => '2017021605702899',
  'buyer_logon_id' => '182****2382',
  'point_amount' => '0.00',
)
[2017-11-03 06:55:20][140.207.54.76][INFO]微信支付 成功:回调信息是:array (
  'appid' => 'wxcb8a76fe730b5964',
  'attach' => '4f1c4246-51e3-4f51-bff6-10411a74eaa9',
  'bank_type' => 'CFT',
  'cash_fee' => '500',
  'fee_type' => 'CNY',
  'is_subscribe' => 'Y',
  'mch_id' => '1352470102',
  'nonce_str' => 'i83dasebqn349zik4xitumd0329njkci',
  'openid' => 'oFqowwPbTsimObBkYi6ra4IvMLsQ',
  'out_trade_no' => 'd2585493560146edacf340de13cd6a2f',
  'result_code' => 'SUCCESS',
  'return_code' => 'SUCCESS',
  'sign' => '4B5B25E6228A76B203C4CD2DBA006B22',
  'time_end' => '20171103065520',
  'total_fee' => '500',
  'trade_type' => 'NATIVE',
  'transaction_id' => '4200000022201711032076803382',
)
[2017-11-03 06:59:55][58.251.80.60][INFO]微信支付 成功:回调信息是:array (
  'appid' => 'wxcb8a76fe730b5964',
  'attach' => 'b82ba345-d8fb-4c02-a4bb-4e9222661114',
  'bank_type' => 'CFT',
  'cash_fee' => '500',
  'fee_type' => 'CNY',
  'is_subscribe' => 'N',
  'mch_id' => '1352470102',
  'nonce_str' => '0kmnnam6po21t2ln3yzie6sauexec7li',
  'openid' => 'oFqowwPZPGeR33Ix_hTGbQCzErms',
  'out_trade_no' => 'd91fc3d3d9d44dd3a4a00a987bdff7d6',
  'result_code' => 'SUCCESS',
  'return_code' => 'SUCCESS',
  'sign' => '2A004379E578989906C0CD08347787E4',
  'time_end' => '20171103065954',
  'total_fee' => '500',
  'trade_type' => 'NATIVE',
  'transaction_id' => '4200000003201711032076952660',
)
