[2017-11-03 07:04:00][203.209.232.116][INFO]支付宝支付 :回调信息是:array (
  'gmt_create' => '2017-11-03 07:04:00',
  'charset' => 'utf-8',
  'seller_email' => 'qiyue@pp158.com',
  'notify_time' => '2017-11-03 07:04:00',
  'subject' => 'pp游戏账单支付',
  'sign' => 'R0wqxE41Wm/VYVudYnvYohqDk5wgXI7+YY+jaMEDIVgFvWnHs4arpNPP/XfaXt4hapr+9J9z8xZFU839tJQJzgt/u6KvaKw6h0s9VtMyYwULuNABJGn4Vuih1Ly+ShBLuKWhWwkgdUQCda8aPHrJ5VhoWxnsLb0u5sTHyXviMQt6L71rCYFonPI2yrpqBf/VvTr7DkjV7X/g1WjwGC40SIMlzXq28LX5Fy888iw6CcBVyeY4iNpC7DVDKD2Vx/pngX1RsbpVOtjk/n7XzFH3i65w2UONjDVt4AOUQ839uY+M+mQPz5P5Yag4qdfsy9q1TuzhIHrPBchrb4AdmZARNA==',
  'body' => 'e109808d-698c-4614-bce7-8cf0609c1674',
  'buyer_id' => '2088222618884054',
  'version' => '1.0',
  'notify_id' => '8aa025fdae306c17671a365c2117e1cgfd',
  'notify_type' => 'trade_status_sync',
  'out_trade_no' => '237e816f227d4d3eb20da7d80e0b3007',
  'total_amount' => '20.00',
  'trade_status' => 'WAIT_BUYER_PAY',
  'trade_no' => '2017110321001004055302032856',
  'auth_app_id' => '2017021605702899',
  'buyer_logon_id' => '182****2382',
  'app_id' => '2017021605702899',
  'sign_type' => 'RSA2',
  'seller_id' => '2088221931936835',
)
[2017-11-03 07:04:04][203.209.232.86][INFO]支付宝支付 成功:回调信息是:array (
  'gmt_create' => '2017-11-03 07:04:00',
  'charset' => 'utf-8',
  'seller_email' => 'qiyue@pp158.com',
  'subject' => 'pp游戏账单支付',
  'sign' => 'd4hLbLR+Ap9mo3lj50K5Xa2AlGhhSsq4o8sxMq4RkaD3GRYoxNAHu//z40A/IOOQIe1BbH6vGZay1xgQjadK4vq8aEw5zMOljxagILcompyX8T9ze/Erhk86cFkiMy1Rj+xf2W7+YgieeJN6SlQnmQ6VbPAiXwFzhtew+dDT6OAkA0vwkdXfeM4PqqzQ+iKXACqrS8RhUkGzLY8mzvSrnpAhGIWVWF3Fur8dBbQN1zZW1Ue09irZpiB57cQjJRmxiHy5cM9I5pHQsopBOSPF2n0Acra7yp0Cj6elKQwEp53b3hZFPK8/jB+BP8JQcWSgEyhTxJZw8/hoQCJsvat+jw==',
  'body' => 'e109808d-698c-4614-bce7-8cf0609c1674',
  'buyer_id' => '2088222618884054',
  'invoice_amount' => '20.00',
  'notify_id' => '733086d2bac4e5c8214e28625baeebdgfd',
  'fund_bill_list' => '[{"amount":"20.00","fundChannel":"PCREDIT"}]',
  'notify_type' => 'trade_status_sync',
  'trade_status' => 'TRADE_SUCCESS',
  'receipt_amount' => '20.00',
  'app_id' => '2017021605702899',
  'buyer_pay_amount' => '20.00',
  'sign_type' => 'RSA2',
  'seller_id' => '2088221931936835',
  'gmt_payment' => '2017-11-03 07:04:03',
  'notify_time' => '2017-11-03 07:04:04',
  'version' => '1.0',
  'out_trade_no' => '237e816f227d4d3eb20da7d80e0b3007',
  'total_amount' => '20.00',
  'trade_no' => '2017110321001004055302032856',
  'auth_app_id' => '2017021605702899',
  'buyer_logon_id' => '182****2382',
  'point_amount' => '0.00',
)
[2017-11-03 07:10:29][203.209.232.219][INFO]支付宝支付 :回调信息是:array (
  'gmt_create' => '2017-11-03 07:10:29',
  'charset' => 'utf-8',
  'seller_email' => 'qiyue@pp158.com',
  'notify_time' => '2017-11-03 07:10:29',
  'subject' => 'pp游戏账单支付',
  'sign' => 'TcCosblZtH8Cb4vMp9NXdBT0zpV0BgF3HKwMKhdG3aC7s9d5cejHGzDbJ9T0YQrO8mINjYLj0kkEiu08f6yX6ixr7aNH2t6swIXDsyP+0am3sTM0Prs8c4rDZ1jTljyw41aD0Y1sOegb1pWr8Os7dSkQr0/6aw/rgvS1g4WOSr9NVQ//phckgcN4a47+TumXavQRCA/LWzgnH/nmnUbKw0mcGzINIk5e8otvuoqnhz8qeIHbsNIhHft0/sXX33WDemyr2IguAwZ1lQvwYonAuNHFcDJjVPKH9ndRsLDDHDUFSTNX0SEsKqs0wemNZxvjtdrFCoaS3BBoN4OAxvefEg==',
  'body' => 'e109808d-698c-4614-bce7-8cf0609c1674',
  'buyer_id' => '2088222618884054',
  'version' => '1.0',
  'notify_id' => '931942c3b5e56acf47c2edc1a1fbf3fgfd',
  'notify_type' => 'trade_status_sync',
  'out_trade_no' => '7ce1627364e7400a99731703e3ce88c6',
  'total_amount' => '20.00',
  'trade_status' => 'WAIT_BUYER_PAY',
  'trade_no' => '2017110321001004055320986667',
  'auth_app_id' => '2017021605702899',
  'buyer_logon_id' => '182****2382',
  'app_id' => '2017021605702899',
  'sign_type' => 'RSA2',
  'seller_id' => '2088221931936835',
)
[2017-11-03 07:10:32][203.209.232.23][INFO]支付宝支付 成功:回调信息是:array (
  'gmt_create' => '2017-11-03 07:10:29',
  'charset' => 'utf-8',
  'seller_email' => 'qiyue@pp158.com',
  'subject' => 'pp游戏账单支付',
  'sign' => 'UPj06z9iis9fmDgAtn3vDIFcnernJW9gS6kXZy2L5x7sS24b1/dOvlop0l2SbaAcycIITViN2nA9bWkWLyGW3OrnTCvftu8+RINXnCx+B3nmvbbE59S0bJJrrlv2c0A+RVQzzHoMGJ9MklA5A5b1iUB2VxX0/lI3YUud1E8MJhMlQzXUl9lUp24X0u5KmYnF4JZHrOlqLH1kL4FXqEnCr/WwxzYao8CsPUOqqRCWMvs9C4W+p2WIwbaHTifSCQkEKiwcdX+1uCPl4EANkct0FaM2g9Gtn1x7CMeh70LRT2SUlNT1gHlIBcnDpeSQVC7sUQIL2Cyv/khn4lAlGKAwKw==',
  'body' => 'e109808d-698c-4614-bce7-8cf0609c1674',
  'buyer_id' => '2088222618884054',
  'invoice_amount' => '20.00',
  'notify_id' => '132c3310bd996109c286f0416597afegfd',
  'fund_bill_list' => '[{"amount":"20.00","fundChannel":"PCREDIT"}]',
  'notify_type' => 'trade_status_sync',
  'trade_status' => 'TRADE_SUCCESS',
  'receipt_amount' => '20.00',
  'app_id' => '2017021605702899',
  'buyer_pay_amount' => '20.00',
  'sign_type' => 'RSA2',
  'seller_id' => '2088221931936835',
  'gmt_payment' => '2017-11-03 07:10:32',
  'notify_time' => '2017-11-03 07:10:32',
  'version' => '1.0',
  'out_trade_no' => '7ce1627364e7400a99731703e3ce88c6',
  'total_amount' => '20.00',
  'trade_no' => '2017110321001004055320986667',
  'auth_app_id' => '2017021605702899',
  'buyer_logon_id' => '182****2382',
  'point_amount' => '0.00',
)
[2017-11-03 07:17:02][203.209.232.183][INFO]支付宝支付 :回调信息是:array (
  'gmt_create' => '2017-11-03 07:17:02',
  'charset' => 'utf-8',
  'seller_email' => 'qiyue@pp158.com',
  'notify_time' => '2017-11-03 07:17:02',
  'subject' => 'pp游戏账单支付',
  'sign' => 'YoQcy3Q+l7ADFqmEj1gQzSkb3zJpz/si+7tGLEk+GAX1QEeVgxwWSFpHZEcHkOwkWyEwakP7EhyhWkKkR2hxEDpYa0rzF21LCFlQjwOxz/JEVsyA9LaPOxkcU38/OpAUnbJMQADjqfOLeSrncLbpcvhvZcx7iRMFCfYcu6kyp3mrBlMTpnRPpsICuDimUjWr2bpTnDb27A6Yft/mSjZfr3f9/byN+1frYQcyQZVuYmoLmKFSdcvK4CAGAxlD6m6A3s0+2fE4Ku8lvFs595c47v9515sMuBPkrwBo6OWJFHP2z7NZ2pS1QGLYRLvzXtvxQC1wYJvolGsm68Eh6J0wAQ==',
  'body' => 'e109808d-698c-4614-bce7-8cf0609c1674',
  'buyer_id' => '2088222618884054',
  'version' => '1.0',
  'notify_id' => 'bf29b87faa32b4b48f26059af0e7315gfd',
  'notify_type' => 'trade_status_sync',
  'out_trade_no' => 'ea94c14194854cb2b20ea5fc8109af12',
  'total_amount' => '20.00',
  'trade_status' => 'WAIT_BUYER_PAY',
  'trade_no' => '2017110321001004055302438726',
  'auth_app_id' => '2017021605702899',
  'buyer_logon_id' => '182****2382',
  'app_id' => '2017021605702899',
  'sign_type' => 'RSA2',
  'seller_id' => '2088221931936835',
)
[2017-11-03 07:17:05][203.209.232.35][INFO]支付宝支付 成功:回调信息是:array (
  'gmt_create' => '2017-11-03 07:17:02',
  'charset' => 'utf-8',
  'seller_email' => 'qiyue@pp158.com',
  'subject' => 'pp游戏账单支付',
  'sign' => 'NyF+yh3ebdlG8bHscQP3FQT7S7ML6SfQlGkFwiqszET4+brCITRdNgllzNoseOO28DIsZDjRi9XJbrdXvDkbnS7XKoKi0SrI0XnuCuTGmuuGBukBqEeAgUSYrBPbdqus+x6wnuRxPXN4MS7X7IbxjHkM63NRB9cIeKo/Prexkn9kOlxGsZnEix/7oPNk0/80I3Ak0YDyhUB2M2u2gR+bPrRE8YNBpc3yUDPxu556t9g8sosaUMW5Gr1xe1ayKpG2dNxLcL140x//1aJHLg4uJde8XLwMnTyyT1DO4dYnLhhsAkAgHs7i5MwcO+AmtRUUneIQ1vFzvgkaW2LkJbhPkw==',
  'body' => 'e109808d-698c-4614-bce7-8cf0609c1674',
  'buyer_id' => '2088222618884054',
  'invoice_amount' => '20.00',
  'notify_id' => 'a993507b65f726e0dcea21265ecb486gfd',
  'fund_bill_list' => '[{"amount":"20.00","fundChannel":"PCREDIT"}]',
  'notify_type' => 'trade_status_sync',
  'trade_status' => 'TRADE_SUCCESS',
  'receipt_amount' => '20.00',
  'app_id' => '2017021605702899',
  'buyer_pay_amount' => '20.00',
  'sign_type' => 'RSA2',
  'seller_id' => '2088221931936835',
  'gmt_payment' => '2017-11-03 07:17:04',
  'notify_time' => '2017-11-03 07:17:05',
  'version' => '1.0',
  'out_trade_no' => 'ea94c14194854cb2b20ea5fc8109af12',
  'total_amount' => '20.00',
  'trade_no' => '2017110321001004055302438726',
  'auth_app_id' => '2017021605702899',
  'buyer_logon_id' => '182****2382',
  'point_amount' => '0.00',
)
[2017-11-03 07:20:58][140.207.54.76][INFO]微信支付 成功:回调信息是:array (
  'appid' => 'wxcb8a76fe730b5964',
  'attach' => '31dca27d-e1a7-4664-996a-040b727cde71',
  'bank_type' => 'ABC_DEBIT',
  'cash_fee' => '500',
  'fee_type' => 'CNY',
  'is_subscribe' => 'Y',
  'mch_id' => '1352470102',
  'nonce_str' => 'f1y6byxwaipyu2177f0tltliyxoepm2k',
  'openid' => 'oFqowwGsZIfG3GFCpkRFpBTN8hMQ',
  'out_trade_no' => '1445c6700de845259b8da16ef3cbae39',
  'result_code' => 'SUCCESS',
  'return_code' => 'SUCCESS',
  'sign' => 'FD00B4CE05C561FB48FB92B9832E0227',
  'time_end' => '20171103072058',
  'total_fee' => '500',
  'trade_type' => 'NATIVE',
  'transaction_id' => '4200000019201711032075537982',
)
[2017-11-03 07:23:35][58.251.80.60][INFO]微信支付 成功:回调信息是:array (
  'appid' => 'wxcb8a76fe730b5964',
  'attach' => '7d7a3b85-4fbf-4ae3-9ebf-e32b6fdca727',
  'bank_type' => 'CFT',
  'cash_fee' => '500',
  'fee_type' => 'CNY',
  'is_subscribe' => 'N',
  'mch_id' => '1352470102',
  'nonce_str' => 'znoe9nkbq1tfo1msi8yhsozr2sj6r9o7',
  'openid' => 'oFqowwDdvYIARmB74X28vbPpvI_c',
  'out_trade_no' => '6cbac9ff8c42448b898736378673f2da',
  'result_code' => 'SUCCESS',
  'return_code' => 'SUCCESS',
  'sign' => '680E5327F51E7E319BBB3CED2C6FDEBB',
  'time_end' => '20171103072335',
  'total_fee' => '500',
  'trade_type' => 'NATIVE',
  'transaction_id' => '4200000025201711032079381536',
)
[2017-11-03 07:42:38][58.251.80.53][INFO]微信支付 成功:回调信息是:array (
  'appid' => 'wxcb8a76fe730b5964',
  'attach' => 'db043cf1-74fe-438e-8b9e-bc675a96d38e',
  'bank_type' => 'CFT',
  'cash_fee' => '2000',
  'fee_type' => 'CNY',
  'is_subscribe' => 'Y',
  'mch_id' => '1352470102',
  'nonce_str' => 'jcyl4g1zh6fuffrk188al47qm40aqcw0',
  'openid' => 'oFqowwANaANXYMbk0kfda6xu3-cA',
  'out_trade_no' => '0a41614c7086465ab441fa1c06d60689',
  'result_code' => 'SUCCESS',
  'return_code' => 'SUCCESS',
  'sign' => 'EE82C449D21B3C67D11013F2420FAF73',
  'time_end' => '20171103074237',
  'total_fee' => '2000',
  'trade_type' => 'NATIVE',
  'transaction_id' => '4200000024201711032081072080',
)
[2017-11-03 07:43:14][58.251.80.53][INFO]微信支付 成功:回调信息是:array (
  'appid' => 'wxcb8a76fe730b5964',
  'attach' => '05eb8fe3-eeef-49ca-81d5-ef33c6222f16',
  'bank_type' => 'ABC_DEBIT',
  'cash_fee' => '500',
  'fee_type' => 'CNY',
  'is_subscribe' => 'N',
  'mch_id' => '1352470102',
  'nonce_str' => 'i2n2y1ywvm9j8jpnc8bh664si68zq3zd',
  'openid' => 'oFqowwE-4FdAjP8UyE72SWvMWB80',
  'out_trade_no' => '20ec698a8a3b4bfea41e7c65f51bfe60',
  'result_code' => 'SUCCESS',
  'return_code' => 'SUCCESS',
  'sign' => '5DD47A5C58D8B9A19A9FCE4639274334',
  'time_end' => '20171103074313',
  'total_fee' => '500',
  'trade_type' => 'NATIVE',
  'transaction_id' => '4200000003201711032079956343',
)
[2017-11-03 07:48:14][110.75.242.43][INFO]支付宝支付 :回调信息是:array (
  'gmt_create' => '2017-11-03 07:48:14',
  'charset' => 'utf-8',
  'seller_email' => 'qiyue@pp158.com',
  'notify_time' => '2017-11-03 07:48:14',
  'subject' => 'pp游戏账单支付',
  'sign' => 'fCuV31+LwNOhix7SIfZ3OToIf6HDtvdBTxfBEtAa09HnW8A8n/Xze5igv57Btvhw7yw4XFGzY1FRPfDoLzCl6tQyO2ZeUN2Dkar/OlurOWnujNT+ewYzDcViUH9/Hf9vXFU1TieRAm33E23gwn/l/NtI3L6eY7I1trdbcuGPLL/gRO76Q6z6zKxAeEQyoQG3zXNmTDYNjHwsHVCwusa4HpXe8AZRnEBy5uz5LhdZ72eQ/8w1LpKTN1UexkJA/zgdw8sf78CH8bxqO/LE60fuj+EehZKmoX2BATLdvmzznqOxotnMgbqTSrSAiSwzg/LbyG1hwOYeEWvbKkarr+T5Qg==',
  'body' => '665ae359-fea8-4ea9-9f2f-dfc8834cf242',
  'buyer_id' => '2088122000311321',
  'version' => '1.0',
  'notify_id' => '6874d661918637ba16de8293844455digy',
  'notify_type' => 'trade_status_sync',
  'out_trade_no' => 'a089d2063db94d978a89bba9125486cb',
  'total_amount' => '20.00',
  'trade_status' => 'WAIT_BUYER_PAY',
  'trade_no' => '2017110321001004320264285339',
  'auth_app_id' => '2017021605702899',
  'buyer_logon_id' => '183****6231',
  'app_id' => '2017021605702899',
  'sign_type' => 'RSA2',
  'seller_id' => '2088221931936835',
)
[2017-11-03 07:48:19][110.75.242.214][INFO]支付宝支付 成功:回调信息是:array (
  'gmt_create' => '2017-11-03 07:48:14',
  'charset' => 'utf-8',
  'seller_email' => 'qiyue@pp158.com',
  'subject' => 'pp游戏账单支付',
  'sign' => 'R07TobM6TgNwRS1EED39abll6e2d+K5NRmRs2JBX68FNfEM0yK/1Up9Njma47s+ePDnAzsaIcEpz0x53IZtjKbdnaUIN6bwKNzIbzaUCaL1VgZiQTrtkA0QfNWCnFZDeaGdCI4wE1HN2fIojKEFZCuDcThhbDU1mcuq3evlJy/X8+GryTialtOn9vs9nTtSqvnYPWTeKi58M8dl+2SX2hLfQZtRY+BYiFMcZl9T5vcsweNsfSpT8kJgRVv1E1vmirS59gt9nCpECz15UmpZMtD6vgNToOVWvPlG8+CyFn3l/i5PGoIXf8/JMDmRIXYBrqRBqso/klmyKGSfYDHjO3w==',
  'body' => '665ae359-fea8-4ea9-9f2f-dfc8834cf242',
  'buyer_id' => '2088122000311321',
  'invoice_amount' => '20.00',
  'notify_id' => 'dad0791dbb560011f780a4347981e45igy',
  'fund_bill_list' => '[{"amount":"20.00","fundChannel":"PCREDIT"}]',
  'notify_type' => 'trade_status_sync',
  'trade_status' => 'TRADE_SUCCESS',
  'receipt_amount' => '20.00',
  'app_id' => '2017021605702899',
  'buyer_pay_amount' => '20.00',
  'sign_type' => 'RSA2',
  'seller_id' => '2088221931936835',
  'gmt_payment' => '2017-11-03 07:48:19',
  'notify_time' => '2017-11-03 07:48:19',
  'version' => '1.0',
  'out_trade_no' => 'a089d2063db94d978a89bba9125486cb',
  'total_amount' => '20.00',
  'trade_no' => '2017110321001004320264285339',
  'auth_app_id' => '2017021605702899',
  'buyer_logon_id' => '183****6231',
  'point_amount' => '0.00',
)
[2017-11-03 07:52:51][203.209.227.100][INFO]支付宝支付 :回调信息是:array (
  'gmt_create' => '2017-11-03 07:52:51',
  'charset' => 'utf-8',
  'seller_email' => 'qiyue@pp158.com',
  'notify_time' => '2017-11-03 07:52:51',
  'subject' => 'pp游戏账单支付',
  'sign' => 'Bkj6LCr5AN9htnFbgguYTJ6p69YiQyXTEVrISOE/uwSz1d0QUS21wxnxIZ0zgm14IO9n+CjgJPmGVCfakQ0NY8T71mpG4uxea7numczV/xP1MFUlE7+auEEfNRPr5b+ecmug+O/ANHbhXvS7dd89GioW8sNOHbqfl9xgkT8qe5eCrvpjJEG4YE/PZBJeZZfmVkOu3E3Sgp4RjkkLB4r3AG1CW+Zx7YDkw6RPnTcY/WZvANSfZWZpZviHCj4FTRgDdrGj4y+e6cfWEaZQtYdwuZnSycl+P9kpkdO6Ght90xoWYbTOS5KiWoM0qV7zJkxQIrRny2McJphLv2v/0/W7Lw==',
  'body' => 'c2f861c6-f582-45e4-aaf8-11fd247b8ea6',
  'buyer_id' => '2088712871962216',
  'version' => '1.0',
  'notify_id' => '9299bee5f4fa448537a22cd875d1590hnt',
  'notify_type' => 'trade_status_sync',
  'out_trade_no' => '2977208a042f4930a0034d5ac5098790',
  'total_amount' => '500.00',
  'trade_status' => 'WAIT_BUYER_PAY',
  'trade_no' => '2017110321001004215381880678',
  'auth_app_id' => '2017021605702899',
  'buyer_logon_id' => '138****0405',
  'app_id' => '2017021605702899',
  'sign_type' => 'RSA2',
  'seller_id' => '2088221931936835',
)
[2017-11-03 07:52:59][203.209.226.77][INFO]支付宝支付 成功:回调信息是:array (
  'gmt_create' => '2017-11-03 07:52:51',
  'charset' => 'utf-8',
  'seller_email' => 'qiyue@pp158.com',
  'subject' => 'pp游戏账单支付',
  'sign' => 'e2hj7yPJWjDzcc0tc5v93RaMdqVUdtKwV5oKS7lgNCJctSkT+2tqrbu/brwc4TtquZ8jPpvJmMTYfRk3oOi99oGYNSICewvdtErB/EQWKr8aSiaAOcwxTWCA510D7fGpHxmGYzFY3SSqvNU/SCwkiyqu+gmPLEPJD0T+DoT1vFjlK2isRSDkh9Po2UCOYr7MFQn5Z1Qc2GNi3Qw9PBoZ7OpOBHAgglNOiUX2keFl9UhVVMAcxSKmr3vizlBi1WC9GJUe/fXq7WNdR2ww4e8PnKKjBXDGtjBfkOSdDYYg1doSzrB7PuVAoyd6JKZvbrY6BjFzjqThFtQOjj0ccQ9pIg==',
  'body' => 'c2f861c6-f582-45e4-aaf8-11fd247b8ea6',
  'buyer_id' => '2088712871962216',
  'invoice_amount' => '499.87',
  'notify_id' => 'b93915476ba84528021c76b5ed21f7bhnt',
  'fund_bill_list' => '[{"amount":"499.87","fundChannel":"PCREDIT"},{"amount":"0.13","fundChannel":"DISCOUNT"}]',
  'notify_type' => 'trade_status_sync',
  'trade_status' => 'TRADE_SUCCESS',
  'receipt_amount' => '500.00',
  'app_id' => '2017021605702899',
  'buyer_pay_amount' => '499.87',
  'sign_type' => 'RSA2',
  'seller_id' => '2088221931936835',
  'gmt_payment' => '2017-11-03 07:52:58',
  'notify_time' => '2017-11-03 07:52:59',
  'version' => '1.0',
  'out_trade_no' => '2977208a042f4930a0034d5ac5098790',
  'total_amount' => '500.00',
  'trade_no' => '2017110321001004215381880678',
  'auth_app_id' => '2017021605702899',
  'buyer_logon_id' => '138****0405',
  'point_amount' => '0.13',
)
[2017-11-03 07:58:28][203.209.227.214][INFO]支付宝支付 :回调信息是:array (
  'gmt_create' => '2017-11-03 07:58:28',
  'charset' => 'utf-8',
  'seller_email' => 'qiyue@pp158.com',
  'notify_time' => '2017-11-03 07:58:28',
  'subject' => 'pp游戏账单支付',
  'sign' => 'aDaWxpzJbr02uzBo/1xS5MGMUkXsYeybWn172pZWcY4NKPOsj6h898ZqeQ2/7szsAQcoHVdRfJIjpRzOz4E2WldLUvJjvLQ1yEFTI6CBGgN8DOROQxpRQLyy0Z81TjEHQ69WkGUU2GMIR7G5eSxnuUGDkuKYWHFkyTIyNSbEtc7/bQ+Xb9Sl8hR0ODmDfwMMVp5erbJwHKzxftY3awl8NjWZaH7VVYpXHpZrBCx/X2no3+8TMg1TM5mvrW1cYW67mvwDiR4wap7aUiHYm4BZTCxK5Wut4NDjaOGy33a6NSuUzXV8Y+LcEJ912oAyuQP7ZjWNeNASSgE5+X3gATJgaA==',
  'body' => 'c2f861c6-f582-45e4-aaf8-11fd247b8ea6',
  'buyer_id' => '2088712871962216',
  'version' => '1.0',
  'notify_id' => '38e427cfbd164e63877b7a6d017425bhnt',
  'notify_type' => 'trade_status_sync',
  'out_trade_no' => 'e143cc612d7643a980d7556180e89277',
  'total_amount' => '500.00',
  'trade_status' => 'WAIT_BUYER_PAY',
  'trade_no' => '2017110321001004215359673477',
  'auth_app_id' => '2017021605702899',
  'buyer_logon_id' => '138****0405',
  'app_id' => '2017021605702899',
  'sign_type' => 'RSA2',
  'seller_id' => '2088221931936835',
)
[2017-11-03 07:58:39][203.209.226.54][INFO]支付宝支付 成功:回调信息是:array (
  'gmt_create' => '2017-11-03 07:58:28',
  'charset' => 'utf-8',
  'seller_email' => 'qiyue@pp158.com',
  'subject' => 'pp游戏账单支付',
  'sign' => 'JKWt3fyFcLhMpsvsCe3ce6j08U+rRUGlx0z77NYmzLk78QtDY6VtMXfJg55AJH23Ov7teDqyhh+7R2RbXpAZ203k4HzZFRwa3Bj47h6COYe3zsqhUYeYadrqJFATmaTQ7lWl1onwd+3ByCUK4RtpItJf40MGqM3rDG5aBLqg+7CmhB3ocOJGX8n3vawjLHTO5DzqGhcEc87Y9w8hVRagoV20agy6GKRmviLaVFDCX+gWG5eo0as5Nf/U88t31LVW25H4C5O4IkS76MF6uIMRddE1drCY/lhg7UjKnbkdZxmnP6UTkRC+XoJ+CcwnvvkE8yEGcPAejBkI3snfiQHLPw==',
  'body' => 'c2f861c6-f582-45e4-aaf8-11fd247b8ea6',
  'buyer_id' => '2088712871962216',
  'invoice_amount' => '500.00',
  'notify_id' => '8ba4809702f9edeb01a9b381d938f00hnt',
  'fund_bill_list' => '[{"amount":"500.00","fundChannel":"ALIPAYACCOUNT"}]',
  'notify_type' => 'trade_status_sync',
  'trade_status' => 'TRADE_SUCCESS',
  'receipt_amount' => '500.00',
  'app_id' => '2017021605702899',
  'buyer_pay_amount' => '500.00',
  'sign_type' => 'RSA2',
  'seller_id' => '2088221931936835',
  'gmt_payment' => '2017-11-03 07:58:38',
  'notify_time' => '2017-11-03 07:58:38',
  'version' => '1.0',
  'out_trade_no' => 'e143cc612d7643a980d7556180e89277',
  'total_amount' => '500.00',
  'trade_no' => '2017110321001004215359673477',
  'auth_app_id' => '2017021605702899',
  'buyer_logon_id' => '138****0405',
  'point_amount' => '0.00',
)
