[2017-11-03 08:02:36][203.209.226.247][INFO]支付宝支付 :回调信息是:array (
  'gmt_create' => '2017-11-03 08:02:36',
  'charset' => 'utf-8',
  'seller_email' => 'qiyue@pp158.com',
  'notify_time' => '2017-11-03 08:02:36',
  'subject' => 'pp游戏账单支付',
  'sign' => 'c1NmN1VZ2LMwfoGMJtmEmpytSuXuJU78SHXfI0rBbZbT0uwomjuZqCWtHSN7ipzbXakb/0TGquDNfHyrWKeCL7cpbWKdTBdNdaqZdMqe8GLzHJPKzDVrUFJzUK9TH+fge7w7fHnBoJ1/3hDjw+4DwpsIy0YPmggp1aAXTxVaCnHOtqIROkH0kGGOnFi+3fAHJOlLb1Bu0Lg3y1bQy5Jkir97TUSruEDOnC3vNpA8nJKV+5ptXhxa5H44HuhH4UgjziFYzgNbEQLvLlphWNhwBYHC4pBdOvgy5A/uiMKNq5XXq0+D4MtZOLyweLfdXrAceDzkO+u4N0TKjQKzutPkyw==',
  'body' => 'ca273a11-e46f-4f89-9d25-89b197fdf0ba',
  'buyer_id' => '2088522142822211',
  'version' => '1.0',
  'notify_id' => 'a999c4a0d20a3baf88d2f3cbfc5c937hnt',
  'notify_type' => 'trade_status_sync',
  'out_trade_no' => '1c7fd66fc43b45059536f719aefc6c9a',
  'total_amount' => '20.00',
  'trade_status' => 'WAIT_BUYER_PAY',
  'trade_no' => '2017110321001004215381237310',
  'auth_app_id' => '2017021605702899',
  'buyer_logon_id' => '159****2100',
  'app_id' => '2017021605702899',
  'sign_type' => 'RSA2',
  'seller_id' => '2088221931936835',
)
[2017-11-03 08:02:40][203.209.227.82][INFO]支付宝支付 成功:回调信息是:array (
  'gmt_create' => '2017-11-03 08:02:36',
  'charset' => 'utf-8',
  'seller_email' => 'qiyue@pp158.com',
  'subject' => 'pp游戏账单支付',
  'sign' => 'fG0HywrGR/7aXvFxQe80HIawEApUWx5ZmDJTCYamsJgvw0wwyG0LHXP+nxLzWQhxku8CHj+tmFCqLg0cIg+15ia/XVN34N3SQz9qRsJMzXaxAjv0rz49rSdC9vJ69DKgnFmc/AQBh/by15WVdEhQyBDh45AjUF6wHaiHjR3RV0Q88wnpS657kjxmH8KYFJz/jpEBiKEShR6D/mIFC41zmMQTBTs3X/HZVJPOW2zNKBx0zsKdwmRmDDvq65tc4kh5h2eAuDh2Pa4ix5ADo1AHgJF2/DrQnuV/90MAKzTEruzLn5ki4Ni1lmpOLoimUyORZ8bZ5T4y6QIsQqOvXLhE/w==',
  'body' => 'ca273a11-e46f-4f89-9d25-89b197fdf0ba',
  'buyer_id' => '2088522142822211',
  'invoice_amount' => '20.00',
  'notify_id' => '1f024dbea557405a4c8b4833cd66e7dhnt',
  'fund_bill_list' => '[{"amount":"20.00","fundChannel":"PCREDIT"}]',
  'notify_type' => 'trade_status_sync',
  'trade_status' => 'TRADE_SUCCESS',
  'receipt_amount' => '20.00',
  'app_id' => '2017021605702899',
  'buyer_pay_amount' => '20.00',
  'sign_type' => 'RSA2',
  'seller_id' => '2088221931936835',
  'gmt_payment' => '2017-11-03 08:02:39',
  'notify_time' => '2017-11-03 08:02:40',
  'version' => '1.0',
  'out_trade_no' => '1c7fd66fc43b45059536f719aefc6c9a',
  'total_amount' => '20.00',
  'trade_no' => '2017110321001004215381237310',
  'auth_app_id' => '2017021605702899',
  'buyer_logon_id' => '159****2100',
  'point_amount' => '0.00',
)
[2017-11-03 08:05:19][203.209.227.10][INFO]支付宝支付 :回调信息是:array (
  'gmt_create' => '2017-11-03 08:05:19',
  'charset' => 'utf-8',
  'seller_email' => 'qiyue@pp158.com',
  'notify_time' => '2017-11-03 08:05:19',
  'subject' => 'pp游戏账单支付',
  'sign' => 'Mz2g0H3Vu4AlYKPKe/5qEjFzgmrfbahndYnvxjoD0FXiG4x34GViSJZlCaz/kDfrTUrIIO29bcLLP2Eb2Hc9z8lJVszFktRyMBfz2ZnJPYfZ8wnTyzU/WLRWl3cmugDeBVUwAHH6dxEyR1CHWYNW1XuDbeQ8PuK2bX11Pd7915Nt2J3LrolNtppLHbXfgUTY64mDFqdWgmZ4PgEducOtWwO42w+zXA5bwVbBcD7cb7Axn1LrfDelbAfZJzPYhURWuc3EnLhkDTq/SE3nOhYFMfoeodeaFoiTVPHfDPFZZYk0XD/FGTCnWUUeEkLx8sehqBlWfjQsXlwlpuG0plFSew==',
  'body' => 'c2f861c6-f582-45e4-aaf8-11fd247b8ea6',
  'buyer_id' => '2088712871962216',
  'version' => '1.0',
  'notify_id' => '7479b4d337ac8f4e4ac8794db6f97a0hnt',
  'notify_type' => 'trade_status_sync',
  'out_trade_no' => 'fbd2e9e7b95a43a2a4de2b29420ae427',
  'total_amount' => '500.00',
  'trade_status' => 'WAIT_BUYER_PAY',
  'trade_no' => '2017110321001004215381077395',
  'auth_app_id' => '2017021605702899',
  'buyer_logon_id' => '138****0405',
  'app_id' => '2017021605702899',
  'sign_type' => 'RSA2',
  'seller_id' => '2088221931936835',
)
[2017-11-03 08:05:28][203.209.227.20][INFO]支付宝支付 成功:回调信息是:array (
  'gmt_create' => '2017-11-03 08:05:19',
  'charset' => 'utf-8',
  'seller_email' => 'qiyue@pp158.com',
  'subject' => 'pp游戏账单支付',
  'sign' => 'PeVWqQmP9VbwKmI2YjfgAgg6wLh1mGKkGxXGug/io5woYlz+d9zBxwotVLR4SEDhfLnJL+47Ri7kk/SmbL4w6V4l+Fi/pKqReIdbuRC9OBQVFEyVhFqUoXB5zQJE/9/3p4XUGxs0hdaVgHZYSTThxtGz/J+xVrpZGKQ/583t0HBCDePMTS3agVthJg6cnFEnTNVZIpBzryFoOjrkeykJ/C8BRU7WzO/cc2dsLEeA+CAhAn/6GxoElhWNLm3LZ8eqce1LxoQHMwgCJL7g/3xa6aVZM28qZwFZUeZlUFubG08oW0RvDaKe4zzWnmD6ugKvL6v4s2itETWNl9LL7N9qPQ==',
  'body' => 'c2f861c6-f582-45e4-aaf8-11fd247b8ea6',
  'buyer_id' => '2088712871962216',
  'invoice_amount' => '500.00',
  'notify_id' => '9d26cc7292858241efc1274b0dec4d7hnt',
  'fund_bill_list' => '[{"amount":"500.00","fundChannel":"ALIPAYACCOUNT"}]',
  'notify_type' => 'trade_status_sync',
  'trade_status' => 'TRADE_SUCCESS',
  'receipt_amount' => '500.00',
  'app_id' => '2017021605702899',
  'buyer_pay_amount' => '500.00',
  'sign_type' => 'RSA2',
  'seller_id' => '2088221931936835',
  'gmt_payment' => '2017-11-03 08:05:28',
  'notify_time' => '2017-11-03 08:05:28',
  'version' => '1.0',
  'out_trade_no' => 'fbd2e9e7b95a43a2a4de2b29420ae427',
  'total_amount' => '500.00',
  'trade_no' => '2017110321001004215381077395',
  'auth_app_id' => '2017021605702899',
  'buyer_logon_id' => '138****0405',
  'point_amount' => '0.00',
)
[2017-11-03 08:08:11][110.75.242.56][INFO]支付宝支付 :回调信息是:array (
  'gmt_create' => '2017-11-03 08:08:11',
  'charset' => 'utf-8',
  'seller_email' => 'qiyue@pp158.com',
  'notify_time' => '2017-11-03 08:08:11',
  'subject' => 'pp游戏账单支付',
  'sign' => 'T62cBejqhL7dKR5ExxWLf3EsPygeMsMfjwwi8XD0+Kayqu9P6pQk6GrVaJfGyVYx+jEoAbd3yRByjWFzElvXIjEiI560TUS2WvMGCj9NhwWQyWAvPLfbg03EqCsIZ5Qif5jkMru9Iei/HcfeCYX9PzHKoOb2V70UJzhFzLPrK7ZmxUv+uKvfDO7bnt/vGwg1uHMp2YBZc/0c0bH3cnEM0FpDXTmSYFSqgULMc46EMNFR6JTAhLBh7rHura4E54GOYlV4XRLIaClLSKXhgISdBfwP0qVEt0idxPS+uVvPHzMDRtDoEiFX8Bw4Ou7lh0tpi0wHN31g9yW0XlsvdknWZg==',
  'body' => '665ae359-fea8-4ea9-9f2f-dfc8834cf242',
  'buyer_id' => '2088122000311321',
  'version' => '1.0',
  'notify_id' => '57588e08281077d769d0431c7d2a30cigy',
  'notify_type' => 'trade_status_sync',
  'out_trade_no' => '9910ad33224242409f2e654fa4d3da22',
  'total_amount' => '20.00',
  'trade_status' => 'WAIT_BUYER_PAY',
  'trade_no' => '2017110321001004320264345855',
  'auth_app_id' => '2017021605702899',
  'buyer_logon_id' => '183****6231',
  'app_id' => '2017021605702899',
  'sign_type' => 'RSA2',
  'seller_id' => '2088221931936835',
)
[2017-11-03 08:08:15][110.75.242.141][INFO]支付宝支付 成功:回调信息是:array (
  'gmt_create' => '2017-11-03 08:08:11',
  'charset' => 'utf-8',
  'seller_email' => 'qiyue@pp158.com',
  'subject' => 'pp游戏账单支付',
  'sign' => 'ZaYLR4Y4eax2+4NicIWm0esOFbb8SDLiWKGlFqJXC+OBdYHI0Crt8fmX785d9zbu9d7ATmy3cP2dN/S3GktiYIlwZD7vFWclq6RfErsmPaBhP8WY9DoPNWRYXeK8bKvJBL6z0vosHDhjbd7tA5sq5gfv7th/Aki53PLByb6+axerB+RKGOQEZjEyBumE4tAqdZwenPbut3fP2LMUu/5VVpR8wvWtRtWD/Ku9ZZjsscFvcO19VQt7bn9t3G6H8omfPwqr3ItWjvM677KEXCXGjbNSVIJt6OIKxh4B2RhER8sRgC1uIH4nCODpoEmmDrrT7Y1URMBhtjr8z+cPTnFKww==',
  'body' => '665ae359-fea8-4ea9-9f2f-dfc8834cf242',
  'buyer_id' => '2088122000311321',
  'invoice_amount' => '20.00',
  'notify_id' => '36b65bff09eec9fcc729ceff2abecd1igy',
  'fund_bill_list' => '[{"amount":"20.00","fundChannel":"PCREDIT"}]',
  'notify_type' => 'trade_status_sync',
  'trade_status' => 'TRADE_SUCCESS',
  'receipt_amount' => '20.00',
  'app_id' => '2017021605702899',
  'buyer_pay_amount' => '20.00',
  'sign_type' => 'RSA2',
  'seller_id' => '2088221931936835',
  'gmt_payment' => '2017-11-03 08:08:15',
  'notify_time' => '2017-11-03 08:08:15',
  'version' => '1.0',
  'out_trade_no' => '9910ad33224242409f2e654fa4d3da22',
  'total_amount' => '20.00',
  'trade_no' => '2017110321001004320264345855',
  'auth_app_id' => '2017021605702899',
  'buyer_logon_id' => '183****6231',
  'point_amount' => '0.00',
)
[2017-11-03 08:08:39][203.209.227.192][INFO]支付宝支付 :回调信息是:array (
  'gmt_create' => '2017-11-03 08:08:39',
  'charset' => 'utf-8',
  'seller_email' => 'qiyue@pp158.com',
  'notify_time' => '2017-11-03 08:08:39',
  'subject' => 'pp游戏账单支付',
  'sign' => 'PtOQnvdUI+5IJ+9jotuXll8jTWA85JmeEYtvn/WXC/humPjZHI+/7/gCDhmQKGT4qpKf3zKUsx3fL+Sn8VQPcJDSGUkE0sr2KC2Fh8R6hW+bpvTmz8RlSccohec9YwRAEPvpLp7j/+NnqP7oUZ+1HCjqCf+dIWuThM6+8DY59kXeCYWwKvlorSXFtIzWa3OPp/mGO1+JbwJS8XQlcuJhvbjK4usZm9SxzGe2uWLdfNGV8Dinpu3V75KrVRPxnsqe1GW6EkHbU9hS0b15YrHYum0z763JOc2Xe+bfsuMvxRV22arzwCGs5cVc7VNQW1+OZjEUEHGEgRwQVg2TLJNx8Q==',
  'body' => 'c2f861c6-f582-45e4-aaf8-11fd247b8ea6',
  'buyer_id' => '2088712871962216',
  'version' => '1.0',
  'notify_id' => 'c3778d555ac64b1291aee8f7a8a5af4hnt',
  'notify_type' => 'trade_status_sync',
  'out_trade_no' => '01622da1a28444c5b55e4073a5b8cc2d',
  'total_amount' => '200.00',
  'trade_status' => 'WAIT_BUYER_PAY',
  'trade_no' => '2017110321001004215381384688',
  'auth_app_id' => '2017021605702899',
  'buyer_logon_id' => '138****0405',
  'app_id' => '2017021605702899',
  'sign_type' => 'RSA2',
  'seller_id' => '2088221931936835',
)
[2017-11-03 08:08:45][203.209.226.205][INFO]支付宝支付 成功:回调信息是:array (
  'gmt_create' => '2017-11-03 08:08:39',
  'charset' => 'utf-8',
  'seller_email' => 'qiyue@pp158.com',
  'subject' => 'pp游戏账单支付',
  'sign' => 'T/Q+/vCAOoPQASV+ZacQ8Bo18X1CjyCbLoXSTsIPxYpIcBavRfCUDENWO8h99L0aamNH0tkF6m2XzELFpivkjqDrQT41D1jhLtYoOxyBns7VlBu7YpZWOnZ/HL62dOwNbux+9bkTZGmEWnITaHgpYnoGaDHTZ8mZN668LhB9lArsCGe1wz8yX8gG4OMrpv+Qlzmk0PiSIh7OOX4+e6A6r210fMWfbDSfHjs8de1rdnaVTvulziLfB3RXw6rZ3Ypsi3rdrpYBgIo9DpMfqg3eMj9x6KVWNlhUG/lToBGuLZO3OObijSLZde+MOu9wYiLfd36LUVDZp/gRwOa4skU7yQ==',
  'body' => 'c2f861c6-f582-45e4-aaf8-11fd247b8ea6',
  'buyer_id' => '2088712871962216',
  'invoice_amount' => '200.00',
  'notify_id' => '5155612abd9eceee7e807f41e7d90a3hnt',
  'fund_bill_list' => '[{"amount":"200.00","fundChannel":"PCREDIT"}]',
  'notify_type' => 'trade_status_sync',
  'trade_status' => 'TRADE_SUCCESS',
  'receipt_amount' => '200.00',
  'app_id' => '2017021605702899',
  'buyer_pay_amount' => '200.00',
  'sign_type' => 'RSA2',
  'seller_id' => '2088221931936835',
  'gmt_payment' => '2017-11-03 08:08:45',
  'notify_time' => '2017-11-03 08:08:45',
  'version' => '1.0',
  'out_trade_no' => '01622da1a28444c5b55e4073a5b8cc2d',
  'total_amount' => '200.00',
  'trade_no' => '2017110321001004215381384688',
  'auth_app_id' => '2017021605702899',
  'buyer_logon_id' => '138****0405',
  'point_amount' => '0.00',
)
[2017-11-03 08:12:51][203.209.227.229][INFO]支付宝支付 :回调信息是:array (
  'gmt_create' => '2017-11-03 08:12:51',
  'charset' => 'utf-8',
  'seller_email' => 'qiyue@pp158.com',
  'notify_time' => '2017-11-03 08:12:51',
  'subject' => 'pp游戏账单支付',
  'sign' => 'Bs/zfb3KRdRwh05T+Q8hDljvGftTipy//EasyrnDm8O9FFHT6F+U+d8f8ud8KVIxEA7of1lOucAY1bUDjZW4Qf8XQ2HKUWiQx8kUc1D4Gmwh32/tAVnSag3JBLtKicTgHDwRUnXybQINGz/8x7LGYq/1GD0AGii0ioTv4PXshVj6Sob8jovqQf01J017VlCFmcHvTK1IXrqEcHhB/Gkl9F35oyzXVRGYRGtX66Rw67dGrZgEspHwxt9cpJMPkQP4YnyINTe4TN1ULuPEU3Ywszgvs/F82jsipOQs+Nauqi4ctxACHd9H786nHS2B8EcN+AOB/GK16Zge87Dg3nrnjg==',
  'body' => 'c2f861c6-f582-45e4-aaf8-11fd247b8ea6',
  'buyer_id' => '2088712871962216',
  'version' => '1.0',
  'notify_id' => '2b2a33d93fa9b296f844bcf0e6e91bdhnt',
  'notify_type' => 'trade_status_sync',
  'out_trade_no' => '9484e633618a448d9f8e061e8993c893',
  'total_amount' => '500.00',
  'trade_status' => 'WAIT_BUYER_PAY',
  'trade_no' => '2017110321001004215381573831',
  'auth_app_id' => '2017021605702899',
  'buyer_logon_id' => '138****0405',
  'app_id' => '2017021605702899',
  'sign_type' => 'RSA2',
  'seller_id' => '2088221931936835',
)
[2017-11-03 08:12:59][203.209.227.91][INFO]支付宝支付 成功:回调信息是:array (
  'gmt_create' => '2017-11-03 08:12:51',
  'charset' => 'utf-8',
  'seller_email' => 'qiyue@pp158.com',
  'subject' => 'pp游戏账单支付',
  'sign' => 'H7xMn9FHqGe19dYfRStv9lOXcMYEnVPLSekeHXAoLpGtaWBT2WG2ekM1ENykJpNODC13rDI5r26DmeG0LP7bSXI2tcQISuajykODVjrAqDGxd35ADDD+HnEZH625ywuS0qTtyfNznQYa10j9+HhuZGkUn4e7QaKr4m0yyHAt1mudzVHzQ+LAOO5VY1RMblhQkDJOHJTSODN16HDem6heXETf1Jl8HaSTRG9OXejtDQzjS2cLm/UjlNxJdae+ALp5yPLsRVNHAEac5SqXcouJuICOpBmt8n/2JBqFYRvEW5DAETDicoUH1pwg3SqmKgg0Gel5SHM2Nb50oKR7BnGSuQ==',
  'body' => 'c2f861c6-f582-45e4-aaf8-11fd247b8ea6',
  'buyer_id' => '2088712871962216',
  'invoice_amount' => '500.00',
  'notify_id' => '5a60b93d9bf653eb544d1da7761dc2ahnt',
  'fund_bill_list' => '[{"amount":"500.00","fundChannel":"ALIPAYACCOUNT"}]',
  'notify_type' => 'trade_status_sync',
  'trade_status' => 'TRADE_SUCCESS',
  'receipt_amount' => '500.00',
  'app_id' => '2017021605702899',
  'buyer_pay_amount' => '500.00',
  'sign_type' => 'RSA2',
  'seller_id' => '2088221931936835',
  'gmt_payment' => '2017-11-03 08:12:59',
  'notify_time' => '2017-11-03 08:12:59',
  'version' => '1.0',
  'out_trade_no' => '9484e633618a448d9f8e061e8993c893',
  'total_amount' => '500.00',
  'trade_no' => '2017110321001004215381573831',
  'auth_app_id' => '2017021605702899',
  'buyer_logon_id' => '138****0405',
  'point_amount' => '0.00',
)
[2017-11-03 08:14:23][140.207.54.74][INFO]微信支付 成功:回调信息是:array (
  'appid' => 'wxcb8a76fe730b5964',
  'attach' => '5a6c91b6-ed0c-4798-a035-56e84c2c6cdb',
  'bank_type' => 'CFT',
  'cash_fee' => '2000',
  'fee_type' => 'CNY',
  'is_subscribe' => 'N',
  'mch_id' => '1352470102',
  'nonce_str' => '99ddkyo8ybrf7u1i3wlo1gdh8pjaov6u',
  'openid' => 'oFqowwMgWDiUBeN-9Ef13m1sjsb0',
  'out_trade_no' => '0b47bbfa661e427d89df8a7cfbef685a',
  'result_code' => 'SUCCESS',
  'return_code' => 'SUCCESS',
  'sign' => '1DCB52402462D6BFE5DB2D5A20618085',
  'time_end' => '20171103081423',
  'total_fee' => '2000',
  'trade_type' => 'NATIVE',
  'transaction_id' => '4200000011201711032088338706',
)
[2017-11-03 08:18:50][58.251.80.55][INFO]微信支付 成功:回调信息是:array (
  'appid' => 'wxcb8a76fe730b5964',
  'attach' => '05eb8fe3-eeef-49ca-81d5-ef33c6222f16',
  'bank_type' => 'ABC_DEBIT',
  'cash_fee' => '600',
  'fee_type' => 'CNY',
  'is_subscribe' => 'N',
  'mch_id' => '1352470102',
  'nonce_str' => '7o3lfjxycdb0t5c2nm4xw3g4ccaubfsu',
  'openid' => 'oFqowwE-4FdAjP8UyE72SWvMWB80',
  'out_trade_no' => 'e54dcb5358504e41b0c86a0916011267',
  'result_code' => 'SUCCESS',
  'return_code' => 'SUCCESS',
  'sign' => '44D72FB869A39D51EA688414F52A4E12',
  'time_end' => '20171103081849',
  'total_fee' => '600',
  'trade_type' => 'JSAPI',
  'transaction_id' => '4200000008201711032088513480',
)
[2017-11-03 08:21:01][110.75.242.246][INFO]支付宝支付 成功:回调信息是:array (
  'gmt_create' => '2017-11-03 08:21:00',
  'charset' => 'UTF-8',
  'seller_email' => 'qiyue@pp158.com',
  'subject' => 'pp游戏账单支付',
  'sign' => 'CPXSSKAZWc4hJS0Ll03JlokTo2Fp93fo+AFrkjGsk2oUQxAAich8hpXveMqgv6l4zJp07M2elw3Ltfs9qSF5Js1mDxPLFH7iWIT2ObV/6++VovaJS15/kbT8GL5Vwsitqnio4+SBTVY0orKAI0rd/ggFdXb8LJbLD5xZPapw5YEcuTlC+enjtz5mUDP8j5sol7dJfwdQ7wh98qS5sxCAxZE76vqATJWJbCjrpoMeKWmzrvv77hZVfIhoZc2tnkRk115PcnYvCmDhGaaPQLsEhu0dMPG5ZwuW2y0sqhnsZR/WXlp/FFJR7gGUi/OBU9VHd4+4nVdoMhqYPnjZrMj8HQ==',
  'body' => '665ae359-fea8-4ea9-9f2f-dfc8834cf242',
  'buyer_id' => '2088122000311321',
  'invoice_amount' => '6.00',
  'notify_id' => '51ffdc7d96112a81dcacbb37dddd0dcigy',
  'fund_bill_list' => '[{"amount":"6.00","fundChannel":"ALIPAYACCOUNT"}]',
  'notify_type' => 'trade_status_sync',
  'trade_status' => 'TRADE_SUCCESS',
  'receipt_amount' => '6.00',
  'app_id' => '2017021605702899',
  'buyer_pay_amount' => '6.00',
  'sign_type' => 'RSA2',
  'seller_id' => '2088221931936835',
  'gmt_payment' => '2017-11-03 08:21:01',
  'notify_time' => '2017-11-03 08:21:01',
  'version' => '1.0',
  'out_trade_no' => 'a5ad23e8d6d14115b29397a26fa76635',
  'total_amount' => '6.00',
  'trade_no' => '2017110321001004320264317226',
  'auth_app_id' => '2017021605702899',
  'buyer_logon_id' => '183****6231',
  'point_amount' => '0.00',
)
[2017-11-03 08:22:54][110.75.242.39][INFO]支付宝支付 :回调信息是:array (
  'gmt_create' => '2017-11-03 08:22:54',
  'charset' => 'utf-8',
  'seller_email' => 'qiyue@pp158.com',
  'notify_time' => '2017-11-03 08:22:54',
  'subject' => 'pp游戏账单支付',
  'sign' => 'M0h9d96+o7bOXknrQIJw/PiSX1CDe2YdTcbAGX5jOtm0dJR236R1lB4vGN+t8miEfuEGTBTWd4CVL83wt7IB9EXhq6XKg+6s2Ul4VHiCwIjRJeiQaWdkX+rnnenDZSg+Uf2GWQb3iApB+B/10ZWoOqvzBWFPC6Lj8ewNJI64znB9uD/gkUjcChYHsQdU+IdLk2GPu2RfXS0R18EtPJc8QrSuh6otLDoh1Rj+A/+bjHLGdXJcQbri/dVpxid+SgP5scXzhxMEdScuAkR51i2PzrvaD9P/ad1VRzdfOBfvutz7Uz6DO1ND0D/Z6EabAV8SExPpZIsQpsWsCeEit38glg==',
  'body' => '665ae359-fea8-4ea9-9f2f-dfc8834cf242',
  'buyer_id' => '2088122000311321',
  'version' => '1.0',
  'notify_id' => 'baf66e8d6eef13f5736f283475c6090igy',
  'notify_type' => 'trade_status_sync',
  'out_trade_no' => '8bb78ebcc8e1479e96ada10d79c04a0c',
  'total_amount' => '20.00',
  'trade_status' => 'WAIT_BUYER_PAY',
  'trade_no' => '2017110321001004320264352848',
  'auth_app_id' => '2017021605702899',
  'buyer_logon_id' => '183****6231',
  'app_id' => '2017021605702899',
  'sign_type' => 'RSA2',
  'seller_id' => '2088221931936835',
)
[2017-11-03 08:22:59][110.75.242.151][INFO]支付宝支付 成功:回调信息是:array (
  'gmt_create' => '2017-11-03 08:22:54',
  'charset' => 'utf-8',
  'seller_email' => 'qiyue@pp158.com',
  'subject' => 'pp游戏账单支付',
  'sign' => 'BFtzhMJHt5kGHbGPJQizq/z11HvQxaLLgN5OW1xevvXbXk1i3P/17Jr9LaYBWWYPYcXfebhUdmAmmgKM3i/XlQ/lxb0CVcb/4xYAzjP+X+1mJNJ7vZSJsrCfe5PrUykMhj4VsHbOzTEgguVKJXhOgfGDsQ9oEzd/IlRTgrBShwV3n0kWqG3MbXh4fnwoESJ/D1uLX50xJVnXYr6Ev1a2RI5laBG9gP+XHWNzl5dxLzeAronEroAQY09EwF4ZSCZm1emoTr8rnv6Pm4B+EByyCLn7vikjwUP4KxdsXYMggjkAs3tkGp+VrAnoRrztE8+B9F4Tfs7hCahu1mAuiDNOKA==',
  'body' => '665ae359-fea8-4ea9-9f2f-dfc8834cf242',
  'buyer_id' => '2088122000311321',
  'invoice_amount' => '20.00',
  'notify_id' => 'a6a815e1686cb007d1e20c3eb184809igy',
  'fund_bill_list' => '[{"amount":"20.00","fundChannel":"PCREDIT"}]',
  'notify_type' => 'trade_status_sync',
  'trade_status' => 'TRADE_SUCCESS',
  'receipt_amount' => '20.00',
  'app_id' => '2017021605702899',
  'buyer_pay_amount' => '20.00',
  'sign_type' => 'RSA2',
  'seller_id' => '2088221931936835',
  'gmt_payment' => '2017-11-03 08:22:58',
  'notify_time' => '2017-11-03 08:22:59',
  'version' => '1.0',
  'out_trade_no' => '8bb78ebcc8e1479e96ada10d79c04a0c',
  'total_amount' => '20.00',
  'trade_no' => '2017110321001004320264352848',
  'auth_app_id' => '2017021605702899',
  'buyer_logon_id' => '183****6231',
  'point_amount' => '0.00',
)
[2017-11-03 08:29:51][58.251.80.49][INFO]微信支付 成功:回调信息是:array (
  'appid' => 'wxcb8a76fe730b5964',
  'attach' => 'db043cf1-74fe-438e-8b9e-bc675a96d38e',
  'bank_type' => 'CFT',
  'cash_fee' => '5000',
  'fee_type' => 'CNY',
  'is_subscribe' => 'Y',
  'mch_id' => '1352470102',
  'nonce_str' => 'vrtxmewrbjneilamqmhj9qgy9zrthfrm',
  'openid' => 'oFqowwANaANXYMbk0kfda6xu3-cA',
  'out_trade_no' => '986425ca94f5400caf28c4d88de7d363',
  'result_code' => 'SUCCESS',
  'return_code' => 'SUCCESS',
  'sign' => '7944B6914EB1B4C969F620CC473BFA58',
  'time_end' => '20171103082950',
  'total_fee' => '5000',
  'trade_type' => 'NATIVE',
  'transaction_id' => '4200000028201711032085958451',
)
[2017-11-03 08:31:49][140.207.54.76][INFO]微信支付 成功:回调信息是:array (
  'appid' => 'wxcb8a76fe730b5964',
  'attach' => '178b2edc-a831-4aac-a20d-b4bfe774161c',
  'bank_type' => 'CFT',
  'cash_fee' => '2000',
  'fee_type' => 'CNY',
  'is_subscribe' => 'N',
  'mch_id' => '1352470102',
  'nonce_str' => 'kjs0s7y161km00vjxl0fe38onaicz1bo',
  'openid' => 'oFqowwMOPCDcQRauGMTPALwi5KoA',
  'out_trade_no' => '23913152c3db4fc7a327dd96ff30fde7',
  'result_code' => 'SUCCESS',
  'return_code' => 'SUCCESS',
  'sign' => '0DF253F6B525657A2BF68EE144715C78',
  'time_end' => '20171103083149',
  'total_fee' => '2000',
  'trade_type' => 'NATIVE',
  'transaction_id' => '4200000016201711032086029134',
)
[2017-11-03 08:38:28][110.75.242.163][INFO]支付宝支付 :回调信息是:array (
  'gmt_create' => '2017-11-03 08:38:28',
  'charset' => 'utf-8',
  'seller_email' => 'qiyue@pp158.com',
  'notify_time' => '2017-11-03 08:38:28',
  'subject' => 'pp游戏账单支付',
  'sign' => 'M7EjlvC0HY+C5bTEzuZFj4MC4ygI4smFeXf3xobRf2hFGwlMXVhFLWS5iKuK0tXePsg+KklU2dBkLMeTrSMa7iqNHByj1TujwFGPAhCEO53DYDNrL2nQU/U6vYgjyUATIQgBvEDCKE6xuGgtpP2pNBNy/tTxI3QeyxiVAGQxJ68IxEyJl0gEvtSXxls1KEi8Qwqae3bAsq29kboBrhQ93Ipod7NIr6XcYqTgIJaCUt1nznpYr+CoxQU8BZisAAnUrcsWX/Ft5H9Z4YN6NDSvy4QJ1GpWaQjp/xtPcV2z5ZukdNZisYYUYJ0LjmQ3CVxQBJd/dVQpbWcXrBXUABC02Q==',
  'body' => '48ed2aa7-c39e-40f9-8806-b41de5e03f07',
  'buyer_id' => '2088502650250504',
  'version' => '1.0',
  'notify_id' => '108825e2432053cda81db7650335b78jwc',
  'notify_type' => 'trade_status_sync',
  'out_trade_no' => 'e4c37f7c9fa6411bbbb174c73f962acc',
  'total_amount' => '100.00',
  'trade_status' => 'WAIT_BUYER_PAY',
  'trade_no' => '2017110321001004505289591080',
  'auth_app_id' => '2017021605702899',
  'buyer_logon_id' => '379***@qq.com',
  'app_id' => '2017021605702899',
  'sign_type' => 'RSA2',
  'seller_id' => '2088221931936835',
)
[2017-11-03 08:38:37][110.75.242.154][INFO]支付宝支付 成功:回调信息是:array (
  'gmt_create' => '2017-11-03 08:38:28',
  'charset' => 'utf-8',
  'seller_email' => 'qiyue@pp158.com',
  'subject' => 'pp游戏账单支付',
  'sign' => 'Y8GQUAtyvzEzRGeGV529lHCrKfo2CdmRLhTDsabqcDoX1358/kkVsOkgZnRJ+b60UcTGJbAsTXXckjWEo6U03v3hp16EYf1gJnlf5e9TqjCtcYO1E3+hIrexzDbM1YKKiSPdLcoP9uNGklxpE3qetMPN1A9+KuHEwa1oLcS3VMTzcZ4acr71/NNwbHM7W6yvPRd6M+VqZ/1uiuHRPpqR4cVNzcQyiwlF3Yek/X118eJvk4rCYJXwYaqAef6QWEHAumJLvCjEgxvYINnht5DK1VI7A0F/W4Tyv7miP0sPMCBA1DwPHnmoGln9Zk1xpeNUgkZyFPG6qhTMt8elYPhpog==',
  'body' => '48ed2aa7-c39e-40f9-8806-b41de5e03f07',
  'buyer_id' => '2088502650250504',
  'invoice_amount' => '99.81',
  'notify_id' => '5b84e87980446b5d9758d92fda14a4ajwc',
  'fund_bill_list' => '[{"amount":"99.81","fundChannel":"ALIPAYACCOUNT"},{"amount":"0.19","fundChannel":"DISCOUNT"}]',
  'notify_type' => 'trade_status_sync',
  'trade_status' => 'TRADE_SUCCESS',
  'receipt_amount' => '100.00',
  'app_id' => '2017021605702899',
  'buyer_pay_amount' => '99.81',
  'sign_type' => 'RSA2',
  'seller_id' => '2088221931936835',
  'gmt_payment' => '2017-11-03 08:38:37',
  'notify_time' => '2017-11-03 08:38:37',
  'version' => '1.0',
  'out_trade_no' => 'e4c37f7c9fa6411bbbb174c73f962acc',
  'total_amount' => '100.00',
  'trade_no' => '2017110321001004505289591080',
  'auth_app_id' => '2017021605702899',
  'buyer_logon_id' => '379***@qq.com',
  'point_amount' => '0.19',
)
[2017-11-03 08:49:27][140.207.54.74][INFO]微信支付 成功:回调信息是:array (
  'appid' => 'wxcb8a76fe730b5964',
  'attach' => 'c43dcc2a-1915-49e4-b34f-5b77ba501575',
  'bank_type' => 'CFT',
  'cash_fee' => '500',
  'fee_type' => 'CNY',
  'is_subscribe' => 'N',
  'mch_id' => '1352470102',
  'nonce_str' => '4i75zfv5xegxiv8zjjuglmxngp26rlin',
  'openid' => 'oFqowwGFH_RYwu_DnE9oV78DdZwE',
  'out_trade_no' => 'ab385f123ae04af8bf383d536eb91065',
  'result_code' => 'SUCCESS',
  'return_code' => 'SUCCESS',
  'sign' => '0367EDAF5EB6975BB0AED4A8AB82433C',
  'time_end' => '20171103084927',
  'total_fee' => '500',
  'trade_type' => 'NATIVE',
  'transaction_id' => '4200000014201711032089939698',
)
[2017-11-03 08:52:28][140.207.54.76][INFO]微信支付 成功:回调信息是:array (
  'appid' => 'wxcb8a76fe730b5964',
  'attach' => 'eac2bef6-1e1b-4e8f-9fd3-9d1093ea288f',
  'bank_type' => 'CFT',
  'cash_fee' => '500',
  'fee_type' => 'CNY',
  'is_subscribe' => 'N',
  'mch_id' => '1352470102',
  'nonce_str' => '87uyuqx8v86afrj715wlr9ls4tm8ocyr',
  'openid' => 'oFqowwG6sWR7jbwjxiLcaQyXq0Yo',
  'out_trade_no' => 'ded640f9447f474282fe8d01e33e3b91',
  'result_code' => 'SUCCESS',
  'return_code' => 'SUCCESS',
  'sign' => '1CBD5C4E94D5942891B7ED7ED45EC74F',
  'time_end' => '20171103085228',
  'total_fee' => '500',
  'trade_type' => 'NATIVE',
  'transaction_id' => '4200000029201711032090042396',
)
[2017-11-03 08:59:03][140.207.54.76][INFO]微信支付 成功:回调信息是:array (
  'appid' => 'wxcb8a76fe730b5964',
  'attach' => '31dca27d-e1a7-4664-996a-040b727cde71',
  'bank_type' => 'ABC_DEBIT',
  'cash_fee' => '500',
  'fee_type' => 'CNY',
  'is_subscribe' => 'Y',
  'mch_id' => '1352470102',
  'nonce_str' => 'zmvy2ao40fx4blpn72q856bw8qmar69b',
  'openid' => 'oFqowwGsZIfG3GFCpkRFpBTN8hMQ',
  'out_trade_no' => '39ec78261dc847948dcbc656930e63f0',
  'result_code' => 'SUCCESS',
  'return_code' => 'SUCCESS',
  'sign' => '3CC834BA4036113B8FC329D4ECDA597C',
  'time_end' => '20171103085903',
  'total_fee' => '500',
  'trade_type' => 'NATIVE',
  'transaction_id' => '4200000004201711032091525075',
)
