[2017-11-03 09:08:33][203.209.227.161][INFO]支付宝支付 :回调信息是:array (
  'gmt_create' => '2017-11-03 09:08:33',
  'charset' => 'utf-8',
  'seller_email' => 'qiyue@pp158.com',
  'notify_time' => '2017-11-03 09:08:33',
  'subject' => 'pp游戏账单支付',
  'sign' => 'KtZb1e57ul9LEzMT1GLLEvFdKWsai6J9Uve+8YLAl3A1bYTVzwKh7QSmGKfxVaO7rBPq9svFOkK9lLZ7o0vChNpynmwg8WpPUGBVU1dayaAY2pC3hjkg35lE6O2r5WSU4RLk74l07S9D4qbVDjQ1iqZeBzBwL+UtwweK4EkJDkNW+m2/GZWfRbqTb4ES7yX+5K7CySM+mvxxHo0zaRvPngOdN1oIFpwQPEfpzXsT1SocO2J1OPLTkkVkDb0tpr5Pq87KbHkcCX7rpibhCNtGkRVKpuA6kwU8CmZ+rW2+INE6yY/545Tg+TNhHMKFP952ORlu6MZMuwWOnhYhWJliyw==',
  'body' => 'ed79303c-5702-41b9-9dea-dd24db3c2f52',
  'buyer_id' => '2088712871962216',
  'version' => '1.0',
  'notify_id' => 'f73bb16dce59f8a4f9c244dce0b1082hnt',
  'notify_type' => 'trade_status_sync',
  'out_trade_no' => '07ee07731b074e6189ff5a673cbea273',
  'total_amount' => '500.00',
  'trade_status' => 'WAIT_BUYER_PAY',
  'trade_no' => '2017110321001004215377413549',
  'auth_app_id' => '2017021605702899',
  'buyer_logon_id' => '138****0405',
  'app_id' => '2017021605702899',
  'sign_type' => 'RSA2',
  'seller_id' => '2088221931936835',
)
[2017-11-03 09:08:42][203.209.227.114][INFO]支付宝支付 成功:回调信息是:array (
  'gmt_create' => '2017-11-03 09:08:33',
  'charset' => 'utf-8',
  'seller_email' => 'qiyue@pp158.com',
  'subject' => 'pp游戏账单支付',
  'sign' => 'WNXVidFMtlwpj1ur3oYf5S+JP0Chst1lt3YmuKwSjicD9eyY1fx5y8GdAUSTZ59VBk1N5WaUNG6W2AB0IPpMF8UY2Ploy9r/IRda0Cwi4wApL52lRDKAadITrYgG1P1aSgkc82g1wRRapGY/OMOIiQr4jKzU/7RSyA7MnwYwOPAET5xPH5Ys2hFC3UXPTcU7sq9kLo+fs3M3RIa5VuZwp7q4taO4vE3jdkRyjLb3aHrKFXgu5IQmi3RPrA4UNZ1vEP97zHw7Q4HClPYnKNmfNE4IC3ZTd+fJId3PKdR3vEY2ea/otEM4ziQCfheCk4gFCdUkaI6IbHf3FgKzYGTNJg==',
  'body' => 'ed79303c-5702-41b9-9dea-dd24db3c2f52',
  'buyer_id' => '2088712871962216',
  'invoice_amount' => '500.00',
  'notify_id' => 'bd7b1d5f3c20638e4c1c990664d696bhnt',
  'fund_bill_list' => '[{"amount":"500.00","fundChannel":"ALIPAYACCOUNT"}]',
  'notify_type' => 'trade_status_sync',
  'trade_status' => 'TRADE_SUCCESS',
  'receipt_amount' => '500.00',
  'app_id' => '2017021605702899',
  'buyer_pay_amount' => '500.00',
  'sign_type' => 'RSA2',
  'seller_id' => '2088221931936835',
  'gmt_payment' => '2017-11-03 09:08:42',
  'notify_time' => '2017-11-03 09:08:42',
  'version' => '1.0',
  'out_trade_no' => '07ee07731b074e6189ff5a673cbea273',
  'total_amount' => '500.00',
  'trade_no' => '2017110321001004215377413549',
  'auth_app_id' => '2017021605702899',
  'buyer_logon_id' => '138****0405',
  'point_amount' => '0.00',
)
[2017-11-03 09:10:32][140.207.54.75][INFO]微信支付 成功:回调信息是:array (
  'appid' => 'wxcb8a76fe730b5964',
  'attach' => '43a6f8e0-ccc9-4c70-9ba4-833c1ca5dc2f',
  'bank_type' => 'COMM_CREDIT',
  'cash_fee' => '5000',
  'fee_type' => 'CNY',
  'is_subscribe' => 'Y',
  'mch_id' => '1352470102',
  'nonce_str' => 'p753r1hl83guozjta8csv7b5m1morlza',
  'openid' => 'oFqowwCFl5q3WWfz4ct3WIsRLtzg',
  'out_trade_no' => '1f07a996c2ea43b99739f00d40f18b18',
  'result_code' => 'SUCCESS',
  'return_code' => 'SUCCESS',
  'sign' => '6547063A7CA4E6616742130F82A1EE7B',
  'time_end' => '20171103091032',
  'total_fee' => '5000',
  'trade_type' => 'NATIVE',
  'transaction_id' => '4200000012201711032095721454',
)
[2017-11-03 09:19:37][58.251.80.49][INFO]微信支付 成功:回调信息是:array (
  'appid' => 'wxcb8a76fe730b5964',
  'attach' => '609d2219-d9a3-4ada-9297-97085ef38068',
  'bank_type' => 'CFT',
  'cash_fee' => '500',
  'fee_type' => 'CNY',
  'is_subscribe' => 'N',
  'mch_id' => '1352470102',
  'nonce_str' => 'eza89m3jimiy4pz18u548hnoh0ll2kk8',
  'openid' => 'oFqowwD6OgFiBSuGDoCd-wC8SG7o',
  'out_trade_no' => '276e5ae83d6d425eacd817caf7ebba22',
  'result_code' => 'SUCCESS',
  'return_code' => 'SUCCESS',
  'sign' => '27795FCA7A480794552B56019279B6FD',
  'time_end' => '20171103091936',
  'total_fee' => '500',
  'trade_type' => 'NATIVE',
  'transaction_id' => '4200000026201711032097313608',
)
[2017-11-03 09:21:36][140.207.54.76][INFO]微信支付 成功:回调信息是:array (
  'appid' => 'wxcb8a76fe730b5964',
  'attach' => '7b3133e4-56ef-4bec-8912-bd7b204a5c7f',
  'bank_type' => 'CFT',
  'cash_fee' => '500',
  'fee_type' => 'CNY',
  'is_subscribe' => 'N',
  'mch_id' => '1352470102',
  'nonce_str' => 'mn1439x26je18np689pkjaklihcd1sp6',
  'openid' => 'oFqowwOqlgBlyVdwt0qTJTVO1Kw8',
  'out_trade_no' => '2ebc044c17fd433d95c9b867ae2b134e',
  'result_code' => 'SUCCESS',
  'return_code' => 'SUCCESS',
  'sign' => '016377975457104026ECC0AD6FB9EB5D',
  'time_end' => '20171103092136',
  'total_fee' => '500',
  'trade_type' => 'NATIVE',
  'transaction_id' => '4200000027201711032100403887',
)
[2017-11-03 09:27:08][140.207.54.75][INFO]微信支付 成功:回调信息是:array (
  'appid' => 'wxcb8a76fe730b5964',
  'attach' => '31dca27d-e1a7-4664-996a-040b727cde71',
  'bank_type' => 'ABC_DEBIT',
  'cash_fee' => '600',
  'fee_type' => 'CNY',
  'is_subscribe' => 'Y',
  'mch_id' => '1352470102',
  'nonce_str' => 'zcxqaptkq9nyds1cqre3g5eq0i3l3fl0',
  'openid' => 'oFqowwGsZIfG3GFCpkRFpBTN8hMQ',
  'out_trade_no' => '26893891f2b04a4e99fe983a4ee8a7da',
  'result_code' => 'SUCCESS',
  'return_code' => 'SUCCESS',
  'sign' => 'EEFE6D9B44CC0C5663DDC574CAF73005',
  'time_end' => '20171103092708',
  'total_fee' => '600',
  'trade_type' => 'JSAPI',
  'transaction_id' => '4200000014201711032102475529',
)
[2017-11-03 09:29:52][140.207.54.75][INFO]微信支付 成功:回调信息是:array (
  'appid' => 'wxcb8a76fe730b5964',
  'attach' => '31dca27d-e1a7-4664-996a-040b727cde71',
  'bank_type' => 'CFT',
  'cash_fee' => '500',
  'fee_type' => 'CNY',
  'is_subscribe' => 'N',
  'mch_id' => '1352470102',
  'nonce_str' => 'ksvghs0lu4l6nldeb06nz5wbywcwpq6i',
  'openid' => 'oFqowwMcqNaFe89js_ryG7XcayjU',
  'out_trade_no' => '2e78ebcaa0664408bcb869914ceec63e',
  'result_code' => 'SUCCESS',
  'return_code' => 'SUCCESS',
  'sign' => '72AB6F35B6C466B89D397CAB7D16DE7F',
  'time_end' => '20171103092952',
  'total_fee' => '500',
  'trade_type' => 'NATIVE',
  'transaction_id' => '4200000019201711032098954009',
)
[2017-11-03 09:31:13][110.75.242.59][INFO]支付宝支付 :回调信息是:array (
  'gmt_create' => '2017-11-03 09:31:13',
  'charset' => 'utf-8',
  'seller_email' => 'qiyue@pp158.com',
  'notify_time' => '2017-11-03 09:31:13',
  'subject' => 'pp游戏账单支付',
  'sign' => 'MpvkNjB4svDnbvPQHzMSXfD1S6JqEB3SLZC+y2SeNSdKN/xEpcyNnW5nG9/AmW32Ug2tcLvlML5Fni7DdoTFRbZiUpiIdk0DSQ9kQ3ESdefvBeCAe6UsryB0kvPBB+wKuxSMKWxIrEbAxKIDQWke76SiyXnM6kUZq6Ngj3TolHoGTlPxQeRGWSZADN8TjzCSi/88PhgTPEtOI0XreNdhOaK2B45/d5/4HjGxBQrCNbqNLDZll2qO41J6cOGHnAixrypR8mOnHrawM8f3sGr/yzj1nmDAcC5g7kG/WbG6fRXXYuqB44ObPLjaId8Kw6Ef/XvEJs3mVwQd/6Mcfggzdg==',
  'body' => '48ed2aa7-c39e-40f9-8806-b41de5e03f07',
  'buyer_id' => '2088502650250504',
  'version' => '1.0',
  'notify_id' => '42f91890d33866b114439c4bec0b25ejwc',
  'notify_type' => 'trade_status_sync',
  'out_trade_no' => 'ab038fd6ed3d46258aede765b5e6b6c9',
  'total_amount' => '100.00',
  'trade_status' => 'WAIT_BUYER_PAY',
  'trade_no' => '2017110321001004505284976825',
  'auth_app_id' => '2017021605702899',
  'buyer_logon_id' => '379***@qq.com',
  'app_id' => '2017021605702899',
  'sign_type' => 'RSA2',
  'seller_id' => '2088221931936835',
)
[2017-11-03 09:31:17][110.75.242.71][INFO]支付宝支付 成功:回调信息是:array (
  'gmt_create' => '2017-11-03 09:31:13',
  'charset' => 'utf-8',
  'seller_email' => 'qiyue@pp158.com',
  'subject' => 'pp游戏账单支付',
  'sign' => 'CE8/oTUAXXaDnQW+T/1mvZdAVs8TjxbuvNm4McxsQMVmAzgNLs2ekaGTDtJpSwq2U20CshNwNELCuH+zMgAZ6fo5KHJDhO/7fEhVKky6f60tuW4Y1WB+Zk8VBFtgdRh5MRr+OCShZA3oGVdTcA0DuwAcEARTKQlNfFOJXSOEmYuF9HyMlotP2mpcirC7I20WguTk0PB9oDd4c3Xixhj12lkDehVN5hVH9dQBannqyBCyfsOoUZmAEQC3C3NUoWa3ZCEbPxYRwaK1np4pUQUI7Gak1sfkdcq78f9CFlI1kuYhI5+o2fKSiROVOPwkNBg4f+hoRoKb2HLUnNiKyUhqVQ==',
  'body' => '48ed2aa7-c39e-40f9-8806-b41de5e03f07',
  'buyer_id' => '2088502650250504',
  'invoice_amount' => '100.00',
  'notify_id' => '66f7c43643a00a19476a07bfe9e0b53jwc',
  'fund_bill_list' => '[{"amount":"100.00","fundChannel":"ALIPAYACCOUNT"}]',
  'notify_type' => 'trade_status_sync',
  'trade_status' => 'TRADE_SUCCESS',
  'receipt_amount' => '100.00',
  'app_id' => '2017021605702899',
  'buyer_pay_amount' => '100.00',
  'sign_type' => 'RSA2',
  'seller_id' => '2088221931936835',
  'gmt_payment' => '2017-11-03 09:31:17',
  'notify_time' => '2017-11-03 09:31:17',
  'version' => '1.0',
  'out_trade_no' => 'ab038fd6ed3d46258aede765b5e6b6c9',
  'total_amount' => '100.00',
  'trade_no' => '2017110321001004505284976825',
  'auth_app_id' => '2017021605702899',
  'buyer_logon_id' => '379***@qq.com',
  'point_amount' => '0.00',
)
[2017-11-03 09:32:03][140.207.54.76][INFO]微信支付 成功:回调信息是:array (
  'appid' => 'wxcb8a76fe730b5964',
  'attach' => '31dca27d-e1a7-4664-996a-040b727cde71',
  'bank_type' => 'ABC_DEBIT',
  'cash_fee' => '500',
  'fee_type' => 'CNY',
  'is_subscribe' => 'Y',
  'mch_id' => '1352470102',
  'nonce_str' => '1wyocw82a4vg9mi98z1f1atqocmh3np8',
  'openid' => 'oFqowwGsZIfG3GFCpkRFpBTN8hMQ',
  'out_trade_no' => '8d677a3eae774fcda5845a87dba8e3a1',
  'result_code' => 'SUCCESS',
  'return_code' => 'SUCCESS',
  'sign' => '470142AC7CAEEBE1CCC161873DB0952A',
  'time_end' => '20171103093203',
  'total_fee' => '500',
  'trade_type' => 'NATIVE',
  'transaction_id' => '4200000019201711032098997983',
)
[2017-11-03 09:33:07][140.207.54.76][INFO]微信支付 成功:回调信息是:array (
  'appid' => 'wxcb8a76fe730b5964',
  'attach' => '31dca27d-e1a7-4664-996a-040b727cde71',
  'bank_type' => 'ABC_DEBIT',
  'cash_fee' => '500',
  'fee_type' => 'CNY',
  'is_subscribe' => 'Y',
  'mch_id' => '1352470102',
  'nonce_str' => 'kqxpklx7dy97qiv9t36rjecngjhgkyn2',
  'openid' => 'oFqowwGsZIfG3GFCpkRFpBTN8hMQ',
  'out_trade_no' => '7f9dc6991dcf400ab50d1e2f40dfe543',
  'result_code' => 'SUCCESS',
  'return_code' => 'SUCCESS',
  'sign' => '9D14A88B1226F4A75CC0D46BC76D1D7C',
  'time_end' => '20171103093307',
  'total_fee' => '500',
  'trade_type' => 'NATIVE',
  'transaction_id' => '4200000026201711032100954045',
)
[2017-11-03 09:34:54][110.75.248.175][INFO]支付宝支付 :回调信息是:array (
  'gmt_create' => '2017-11-03 09:34:53',
  'charset' => 'utf-8',
  'seller_email' => 'qiyue@pp158.com',
  'notify_time' => '2017-11-03 09:34:53',
  'subject' => 'pp游戏账单支付',
  'sign' => 'EvOo6Lt/X8Q/Bbwjq9WWmtNPT3IG+p9PVzSdBl2kVVaWvbb4kGi76B5yd2T31MAA5EDJn7aaNbJ1dfI5O2RIqAWhHu/qGxCgzsDUwF1S5BHdYjve3DaarbRADoFQQ9BIHYM0WblV4FPN8hu6LcFAahJUI3ylJbFCJYD7an0ytRxdpYs9xpEzauMYaWZ5BphUOnM+oQnhn7OeTcLEc+BYwc1dzumV7CUKWp2cxKVXn9jzI2ddD777t5AL/P2r4zHv+BzsftXSVf4bjle1IsmyKBTLw7em74XJzoBSI2G/ptaiwDGVlpjq42rVMJfRS7SkPJIwMaeA9DFIBW2SDIkiHQ==',
  'body' => '31dca27d-e1a7-4664-996a-040b727cde71',
  'buyer_id' => '2088702208843693',
  'version' => '1.0',
  'notify_id' => '17041d0a7476095cfdec69fa6853b83ld5',
  'notify_type' => 'trade_status_sync',
  'out_trade_no' => 'f4b8856ca319412db8804765f774c14f',
  'total_amount' => '50.00',
  'trade_status' => 'WAIT_BUYER_PAY',
  'trade_no' => '2017110321001004695301394888',
  'auth_app_id' => '2017021605702899',
  'buyer_logon_id' => '186****9994',
  'app_id' => '2017021605702899',
  'sign_type' => 'RSA2',
  'seller_id' => '2088221931936835',
)
[2017-11-03 09:34:58][110.75.242.35][INFO]支付宝支付 :回调信息是:array (
  'gmt_create' => '2017-11-03 09:34:58',
  'charset' => 'utf-8',
  'seller_email' => 'qiyue@pp158.com',
  'notify_time' => '2017-11-03 09:34:58',
  'subject' => 'pp游戏账单支付',
  'sign' => 'WU1vOuEb5gRoz4E59Yhh/656y2B7royhC8V+ocpKSFjbsv/4twCdf67gg2T2mCY9Er1wVaFD1Dr/ux/IiAs6NuW/B53yMeOHjshUJdKUvSCBk7Dbwly9/8MuTIRQD13qT5lgIt6ebbxSoKxf3eG1O7J5T1JL7ub8ZgMEnLhv4phVHo2+l5hf7Vy8BelfNaN1kY3+I5jOLS+0F/gb+S/Mi2qXuzDvutTiPwtv0F4VsSZGe8+VMXDaS7L70Q82gGyWVWJ1T+BEiV93JLjwpmKQNCqLb4ezv+O+BKRXmXovgkKy/ibaRD28eglGuAWjdtnZnNcZXGsZlM13SXpIWmjSUQ==',
  'body' => '48ed2aa7-c39e-40f9-8806-b41de5e03f07',
  'buyer_id' => '2088502650250504',
  'version' => '1.0',
  'notify_id' => '6bfcac2cdf1bac248c3aca824dbad8cjwc',
  'notify_type' => 'trade_status_sync',
  'out_trade_no' => '6538493de3044f39988a53fcd91566b3',
  'total_amount' => '100.00',
  'trade_status' => 'WAIT_BUYER_PAY',
  'trade_no' => '2017110321001004505284976985',
  'auth_app_id' => '2017021605702899',
  'buyer_logon_id' => '379***@qq.com',
  'app_id' => '2017021605702899',
  'sign_type' => 'RSA2',
  'seller_id' => '2088221931936835',
)
[2017-11-03 09:34:59][110.75.248.227][INFO]支付宝支付 成功:回调信息是:array (
  'gmt_create' => '2017-11-03 09:34:53',
  'charset' => 'utf-8',
  'seller_email' => 'qiyue@pp158.com',
  'subject' => 'pp游戏账单支付',
  'sign' => 'GazYxNXwH/Vq7fC/UZ3TEZxxJ7uNnQhpGFCyHj9sr8TpsCSkGuRzWhAjuMAOnfOgZWRu9Lmlml9MF37dDVB4zSX7i49heHYhoRhV9OUxAKOvFAS2h6dw/0R2zfnrCn3+ipQPSVe3XcAN6BlRubqixm6EmPVGPQJQYS0iJM9UU0xWJ/uHy0Bj+xFfkuMeYMn/xhN7KAxvcVppR3njbYkeWxDzdoxyuQu9bup/srSNWJH+G/jKJLzf3UrVRrYjq55cP08QkREPPlC2Q3nMzcMbDHdg6fsPqLBETzyX5xNOAFMmViprr9E/0H46cwmZPV7jLgVojL5nGpSKbYUr9fOOgg==',
  'body' => '31dca27d-e1a7-4664-996a-040b727cde71',
  'buyer_id' => '2088702208843693',
  'invoice_amount' => '50.00',
  'notify_id' => '4df74170b7d780bda86d1977e377e91ld5',
  'fund_bill_list' => '[{"amount":"50.00","fundChannel":"PCREDIT"}]',
  'notify_type' => 'trade_status_sync',
  'trade_status' => 'TRADE_SUCCESS',
  'receipt_amount' => '50.00',
  'app_id' => '2017021605702899',
  'buyer_pay_amount' => '50.00',
  'sign_type' => 'RSA2',
  'seller_id' => '2088221931936835',
  'gmt_payment' => '2017-11-03 09:34:58',
  'notify_time' => '2017-11-03 09:34:59',
  'version' => '1.0',
  'out_trade_no' => 'f4b8856ca319412db8804765f774c14f',
  'total_amount' => '50.00',
  'trade_no' => '2017110321001004695301394888',
  'auth_app_id' => '2017021605702899',
  'buyer_logon_id' => '186****9994',
  'point_amount' => '0.00',
)
[2017-11-03 09:35:04][110.75.242.244][INFO]支付宝支付 成功:回调信息是:array (
  'gmt_create' => '2017-11-03 09:34:58',
  'charset' => 'utf-8',
  'seller_email' => 'qiyue@pp158.com',
  'subject' => 'pp游戏账单支付',
  'sign' => 'UVjdNX+MssUpN6LagWFDRepyefd2+zlkVHuecMhxmmDiinEOi1FFjeiICwIjIaRDOiIKGAH74s5ZtiPA9DXUQHwJe2TACh1H9Wt3SQ9pPdguR/znOo0eqitgbOOOJZoLVA2zVWZ+RwHPvwElhhtX/oodODWo0bjcc7Ak7+Kr1KnlEOL/O/SizuH9xi0UGd0uwlFZd/yqi9qpATMBwmp23Ch2Hc6LA20NevE04+YN6jqxtXpLgAp+mDwUHhpygTHMrHdxlL1Mk92fNqgD8QMVrUbQd/T6XVqW9QNZPMiHuwGJs/KJSb/vKgTJnDmd/EUt0Cl9xW7iZCS/XYR84ClHYQ==',
  'body' => '48ed2aa7-c39e-40f9-8806-b41de5e03f07',
  'buyer_id' => '2088502650250504',
  'invoice_amount' => '100.00',
  'notify_id' => '6fd54c55d166fdd4683fd30ce14a22cjwc',
  'fund_bill_list' => '[{"amount":"100.00","fundChannel":"ALIPAYACCOUNT"}]',
  'notify_type' => 'trade_status_sync',
  'trade_status' => 'TRADE_SUCCESS',
  'receipt_amount' => '100.00',
  'app_id' => '2017021605702899',
  'buyer_pay_amount' => '100.00',
  'sign_type' => 'RSA2',
  'seller_id' => '2088221931936835',
  'gmt_payment' => '2017-11-03 09:35:04',
  'notify_time' => '2017-11-03 09:35:04',
  'version' => '1.0',
  'out_trade_no' => '6538493de3044f39988a53fcd91566b3',
  'total_amount' => '100.00',
  'trade_no' => '2017110321001004505284976985',
  'auth_app_id' => '2017021605702899',
  'buyer_logon_id' => '379***@qq.com',
  'point_amount' => '0.00',
)
[2017-11-03 09:36:17][203.209.227.226][INFO]支付宝支付 :回调信息是:array (
  'gmt_create' => '2017-11-03 09:36:17',
  'charset' => 'utf-8',
  'seller_email' => 'qiyue@pp158.com',
  'notify_time' => '2017-11-03 09:36:17',
  'subject' => 'pp游戏账单支付',
  'sign' => 'gTWG7Fgr5KHvHGb1yZ46UAIwZufQ+fO/y5BK7t47zmzPd9kIVcxDXBZEByv0DrW9ivMCw+15qXzFFLP5l6k5e4bz6VZa4C+V3jET7ZBYQhlPAqXU6KpWEVgqqnWcBQybvfK6R6+s8e+wqQvUCNhwKrsRE1BvICu1nTzZmvtyIVxDF7NLyndNjdwU+vVdUREnrZhM8dUkaCrmJsU9xnvFpgOeKDa+1N3aI/ud7GB7yABVkGXcLpW2gUpIpuDWKExS7pd+F2nyVaMeGHIDLgzZ84LumSeJX3lo2LY9cDY8cFaGDyB9L8G7wfCpE1Z052k4H6scNpzaX20tFC9Ewb4r6g==',
  'body' => 'ed79303c-5702-41b9-9dea-dd24db3c2f52',
  'buyer_id' => '2088712871962216',
  'version' => '1.0',
  'notify_id' => 'e44e4b424d94267f283cdcc17d63317hnt',
  'notify_type' => 'trade_status_sync',
  'out_trade_no' => '344ffecdec2e40359c04e0ce654024dd',
  'total_amount' => '500.00',
  'trade_status' => 'WAIT_BUYER_PAY',
  'trade_no' => '2017110321001004215381385910',
  'auth_app_id' => '2017021605702899',
  'buyer_logon_id' => '138****0405',
  'app_id' => '2017021605702899',
  'sign_type' => 'RSA2',
  'seller_id' => '2088221931936835',
)
[2017-11-03 09:36:35][203.209.226.50][INFO]支付宝支付 成功:回调信息是:array (
  'gmt_create' => '2017-11-03 09:36:17',
  'charset' => 'utf-8',
  'seller_email' => 'qiyue@pp158.com',
  'subject' => 'pp游戏账单支付',
  'sign' => 'Oycv85RyK/XMRM7b/2zebLM9DM30DiqFb+ybu9v7di/4+8O71pIQBxZYQcbQaF/91aN2bwjgQI9KCHQrbHLqb0a2OuXh3KmXoluR0rCZGeBd+21OOpmI+WK+1p0dNuJn3mokTGZjArBot81eok2mP+oi7cK7gSfd1swIZrqqQkpsI2xFjP7lTJ8/H/psUd/bCEfTdDiSikCMKvARevgxP5qZQU8W9rrAC4ELlztpZiuhSyjXrPTkg4blxQd1HRKASygMmjLmffWOiGb7Su1BxUQgX1kWN3bewdvv6nOGoLb15G7ASj2wmythzuPnP+V5gnpMPHSTx+/6aUzDpAOi5A==',
  'body' => 'ed79303c-5702-41b9-9dea-dd24db3c2f52',
  'buyer_id' => '2088712871962216',
  'invoice_amount' => '500.00',
  'notify_id' => 'a1fe7336757c408b4801d67d87a1432hnt',
  'fund_bill_list' => '[{"amount":"500.00","fundChannel":"ALIPAYACCOUNT"}]',
  'notify_type' => 'trade_status_sync',
  'trade_status' => 'TRADE_SUCCESS',
  'receipt_amount' => '500.00',
  'app_id' => '2017021605702899',
  'buyer_pay_amount' => '500.00',
  'sign_type' => 'RSA2',
  'seller_id' => '2088221931936835',
  'gmt_payment' => '2017-11-03 09:36:35',
  'notify_time' => '2017-11-03 09:36:35',
  'version' => '1.0',
  'out_trade_no' => '344ffecdec2e40359c04e0ce654024dd',
  'total_amount' => '500.00',
  'trade_no' => '2017110321001004215381385910',
  'auth_app_id' => '2017021605702899',
  'buyer_logon_id' => '138****0405',
  'point_amount' => '0.00',
)
