[2017-11-02 10:14:20][140.207.54.74][INFO]微信支付 c++服务端通信验证失败 pay_status = 1:回调信息是:array (
  'appid' => 'wxcb8a76fe730b5964',
  'attach' => '6D82324B-1CF1-4DC9-B457-9F8AD5B54B31',
  'bank_type' => 'CFT',
  'cash_fee' => '1',
  'fee_type' => 'CNY',
  'is_subscribe' => 'Y',
  'mch_id' => '1352470102',
  'nonce_str' => 'tfjrr45uvf68z4gqtgcge5sljghyr8fg',
  'openid' => 'oFqowwOQjeIpi6_WhZvWw7PAQzmM',
  'out_trade_no' => 'fdr_1111111',
  'result_code' => 'SUCCESS',
  'return_code' => 'SUCCESS',
  'sign' => '38158675F962BE4EFCDF5EFC910547E8',
  'time_end' => '20171102094013',
  'total_fee' => '1',
  'trade_type' => 'NATIVE',
  'transaction_id' => '4200000010201711021865754249',
)
[2017-11-02 10:44:22][58.251.80.55][INFO]微信支付 c++服务端通信验证失败 pay_status = 1:回调信息是:array (
  'appid' => 'wxcb8a76fe730b5964',
  'attach' => '6D82324B-1CF1-4DC9-B457-9F8AD5B54B31',
  'bank_type' => 'CFT',
  'cash_fee' => '1',
  'fee_type' => 'CNY',
  'is_subscribe' => 'Y',
  'mch_id' => '1352470102',
  'nonce_str' => 'tfjrr45uvf68z4gqtgcge5sljghyr8fg',
  'openid' => 'oFqowwOQjeIpi6_WhZvWw7PAQzmM',
  'out_trade_no' => 'fdr_1111111',
  'result_code' => 'SUCCESS',
  'return_code' => 'SUCCESS',
  'sign' => '38158675F962BE4EFCDF5EFC910547E8',
  'time_end' => '20171102094013',
  'total_fee' => '1',
  'trade_type' => 'NATIVE',
  'transaction_id' => '4200000010201711021865754249',
)
[2017-11-02 10:59:51][203.209.227.135][INFO]支付宝支付 :回调信息是:array (
  'gmt_create' => '2017-11-02 10:59:51',
  'charset' => 'utf-8',
  'seller_email' => 'qiyue@pp158.com',
  'notify_time' => '2017-11-02 10:59:51',
  'subject' => 'pp游戏账单支付',
  'sign' => 'W1xeRv82BQksEytYBC1a7ix8tpj4lxtQddCSwRa+Am5oGz/qzij59fwEZluct91Ws7uzv18jPYsRxamy95MQbZ3i3BQEKrdScbHgsA2rVcDkkY3P/3CPNWk7lSss0J4OuEOTsim/84L/S8Qr28cfES1je1+Pn04IjmYI3TLfj2JAqpBRpwJ+g9PRZK1MdMKVw1sTf8mQcTiJbpVxJtF/94K3/0EC94nOLFU8wZeWcx3QewuwoiOID6+IRnx2sbxNmGhqgpsooQ9GjWAsL0BOwaySMH62BksLG9kpoEXYe2luMsSUn1yoxVr/gb2uxyPNMDpZEtgzDRes8wVqpZIlGQ==',
  'body' => '01520db8-23f4-4913-af24-5c73972e55f5',
  'buyer_id' => '2088802602382599',
  'version' => '1.0',
  'notify_id' => 'da410a06cc444e7db8faa564c9c27b4kld',
  'notify_type' => 'trade_status_sync',
  'out_trade_no' => '024dd4b685a94f72a31c6803617acad4',
  'total_amount' => '20.00',
  'trade_status' => 'WAIT_BUYER_PAY',
  'trade_no' => '2017110221001004595329484183',
  'auth_app_id' => '2017021605702899',
  'buyer_logon_id' => 'cao***@163.com',
  'app_id' => '2017021605702899',
  'sign_type' => 'RSA2',
  'seller_id' => '2088221931936835',
)
