[2017-11-02 11:14:23][140.207.54.75][INFO]微信支付 c++服务端通信验证失败 pay_status = 1:回调信息是:array (
  'appid' => 'wxcb8a76fe730b5964',
  'attach' => '6D82324B-1CF1-4DC9-B457-9F8AD5B54B31',
  'bank_type' => 'CFT',
  'cash_fee' => '1',
  'fee_type' => 'CNY',
  'is_subscribe' => 'Y',
  'mch_id' => '1352470102',
  'nonce_str' => 'tfjrr45uvf68z4gqtgcge5sljghyr8fg',
  'openid' => 'oFqowwOQjeIpi6_WhZvWw7PAQzmM',
  'out_trade_no' => 'fdr_1111111',
  'result_code' => 'SUCCESS',
  'return_code' => 'SUCCESS',
  'sign' => '38158675F962BE4EFCDF5EFC910547E8',
  'time_end' => '20171102094013',
  'total_fee' => '1',
  'trade_type' => 'NATIVE',
  'transaction_id' => '4200000010201711021865754249',
)
[2017-11-02 11:20:17][110.75.248.196][INFO]支付宝支付 :回调信息是:array (
  'gmt_create' => '2017-11-02 11:20:17',
  'charset' => 'utf-8',
  'seller_email' => 'qiyue@pp158.com',
  'notify_time' => '2017-11-02 11:20:17',
  'subject' => 'pp游戏账单支付',
  'sign' => 'gZhkkcYIQz86cnGiCN+gCFSxFxQ61GkxWaDhYNxVAfeLRUdMOitayrqkN26mA0aMFPbmnnbkPyV7NHQXR4/79UX522gqdCGwWSXmOCe8u1uUV78kBWHEjSRj58Ptwpiym9InBvcXQa5NgO5mCMuNnZPx2OFdFep9OUFu/Yj4Ais6L3fRHOtV4+nPZfUCmau52v1owC+YYopq/HFXdtRMOcdlYnU3eK52/pDQquOUZ2kYQomM1z/olr8P4W0DaN0nf2wC46nxbyfFl8m0xnCdlztCjhqtygwO61LNoLhGwLjnXLEBhht/SIBPXsCbfigSZOmOZ+P9SeLSxH8H8gp+KQ==',
  'body' => '1d4a7337-b8a0-43f8-93a1-3ff4b68d331c',
  'buyer_id' => '2088022668838733',
  'version' => '1.0',
  'notify_id' => 'e66d682cc8b28b875d95b2690df80f5lo8',
  'notify_type' => 'trade_status_sync',
  'out_trade_no' => '25e21384413f4bb5be145051c65bf5f3',
  'total_amount' => '5.00',
  'trade_status' => 'WAIT_BUYER_PAY',
  'trade_no' => '2017110221001004735252684931',
  'auth_app_id' => '2017021605702899',
  'buyer_logon_id' => '137****0841',
  'app_id' => '2017021605702899',
  'sign_type' => 'RSA2',
  'seller_id' => '2088221931936835',
)
[2017-11-02 11:20:23][110.75.248.125][INFO]支付宝支付 成功:回调信息是:array (
  'gmt_create' => '2017-11-02 11:20:17',
  'charset' => 'utf-8',
  'seller_email' => 'qiyue@pp158.com',
  'subject' => 'pp游戏账单支付',
  'sign' => 'eQonajZtxHcpENCdxWL5DPkM+SZp4MsyQNBTNnkj72tLtdB6dx+rIH1+ynvM1SbXrO3hkU6PUWMsayvnlPOTwIu79qEivAHqhbqTHkCnYnN1992fSqkQLNetM6kUaN7WaJh6vY3E9ikSspm2GNEmkjx3chHhqcSCH5hkYrTIWtLwCbN6Y7G7vTa6VMHarRPsejMx1AEhaUtojYBKiyjqQQJMQmWwjRi0LRSgGmmBj/EToaCnLEPAqfLXTIAyTmuyv2lR3ohO47ERSrnXGh3vbfQ0btEwbR1i9uteIRu272sJ/4T4p3LI0CBhz+Qi6CiGdyHnSWhqIrbsjzizqfxd9w==',
  'body' => '1d4a7337-b8a0-43f8-93a1-3ff4b68d331c',
  'buyer_id' => '2088022668838733',
  'invoice_amount' => '5.00',
  'notify_id' => '2ec1a7d54fd3891aeb76e4fbe992121lo8',
  'fund_bill_list' => '[{"amount":"5.00","fundChannel":"ALIPAYACCOUNT"}]',
  'notify_type' => 'trade_status_sync',
  'trade_status' => 'TRADE_SUCCESS',
  'receipt_amount' => '5.00',
  'app_id' => '2017021605702899',
  'buyer_pay_amount' => '5.00',
  'sign_type' => 'RSA2',
  'seller_id' => '2088221931936835',
  'gmt_payment' => '2017-11-02 11:20:22',
  'notify_time' => '2017-11-02 11:20:23',
  'version' => '1.0',
  'out_trade_no' => '25e21384413f4bb5be145051c65bf5f3',
  'total_amount' => '5.00',
  'trade_no' => '2017110221001004735252684931',
  'auth_app_id' => '2017021605702899',
  'buyer_logon_id' => '137****0841',
  'point_amount' => '0.00',
)
[2017-11-02 11:20:58][58.251.80.49][INFO]微信支付 成功:回调信息是:array (
  'appid' => 'wxcb8a76fe730b5964',
  'attach' => '1d4a7337-b8a0-43f8-93a1-3ff4b68d331c',
  'bank_type' => 'CFT',
  'cash_fee' => '500',
  'fee_type' => 'CNY',
  'is_subscribe' => 'N',
  'mch_id' => '1352470102',
  'nonce_str' => 'morq7ko6kh93tfn1s3mmvj7gfc2xipgg',
  'openid' => 'oFqowwLWz7mrypXRp5PzUdHVgois',
  'out_trade_no' => '67f9fae0b4ba4c949640a200a4d4a1c2',
  'result_code' => 'SUCCESS',
  'return_code' => 'SUCCESS',
  'sign' => 'D345C9CFF51660E0ABB6189E611B117D',
  'time_end' => '20171102112058',
  'total_fee' => '500',
  'trade_type' => 'NATIVE',
  'transaction_id' => '4200000027201711021887983414',
)
[2017-11-02 11:39:06][110.75.248.81][INFO]支付宝支付 成功:回调信息是:array (
  'gmt_create' => '2017-11-02 11:38:46',
  'charset' => 'UTF-8',
  'seller_email' => 'qiyue@pp158.com',
  'subject' => 'pp游戏账单支付',
  'sign' => 'GidboaS9CAxpRxYkjqZSOiKWqSPLjvbOp189EjDv9cjWEwnNZRQcvT+dLHWOL4FBvjUkvQG2NC3CM9oUrcgPkY4HiBlRgUyyv9mvCMRNcZtdzl3ZzO4uEvL0uow07xftvBZUFkKlJyqgtHnp8YdRf66qPgR2NCIFpizluE1W7BFzjLe34UYzI7u3NLB7AYdnosPWzZ2O+haUNbEBwzFIEpJ7ep1NJiY0KrDGdAzo2nsdeFzUIsqiJ24IKfm0VXBscw4oE1HY9SAffWo4HRRdFbml/GuFwtXEMHjaCh8HpY/yxEm3/zQqW9ebrUygYpGwqXKUj4mC4gGVaqiXwYm1Jw==',
  'body' => '28620b66-05b0-4bb7-8105-e6e6aee80c5e',
  'buyer_id' => '2088022668838733',
  'invoice_amount' => '6.00',
  'notify_id' => '3cb78d0344b952199a3526d55251610lmu',
  'fund_bill_list' => '[{"amount":"6.00","fundChannel":"ALIPAYACCOUNT"}]',
  'notify_type' => 'trade_status_sync',
  'trade_status' => 'TRADE_SUCCESS',
  'receipt_amount' => '6.00',
  'app_id' => '2017021605702899',
  'buyer_pay_amount' => '6.00',
  'sign_type' => 'RSA2',
  'seller_id' => '2088221931936835',
  'gmt_payment' => '2017-11-02 11:39:06',
  'notify_time' => '2017-11-02 11:39:06',
  'version' => '1.0',
  'out_trade_no' => '5e32ab9a3c294115933f15da6d700e57',
  'total_amount' => '6.00',
  'trade_no' => '2017110221001004730281553260',
  'auth_app_id' => '2017021605702899',
  'buyer_logon_id' => '137****0841',
  'point_amount' => '0.00',
)
[2017-11-02 11:44:25][140.207.54.74][INFO]微信支付 c++服务端通信验证失败 pay_status = 1:回调信息是:array (
  'appid' => 'wxcb8a76fe730b5964',
  'attach' => '6D82324B-1CF1-4DC9-B457-9F8AD5B54B31',
  'bank_type' => 'CFT',
  'cash_fee' => '1',
  'fee_type' => 'CNY',
  'is_subscribe' => 'Y',
  'mch_id' => '1352470102',
  'nonce_str' => 'tfjrr45uvf68z4gqtgcge5sljghyr8fg',
  'openid' => 'oFqowwOQjeIpi6_WhZvWw7PAQzmM',
  'out_trade_no' => 'fdr_1111111',
  'result_code' => 'SUCCESS',
  'return_code' => 'SUCCESS',
  'sign' => '38158675F962BE4EFCDF5EFC910547E8',
  'time_end' => '20171102094013',
  'total_fee' => '1',
  'trade_type' => 'NATIVE',
  'transaction_id' => '4200000010201711021865754249',
)
[2017-11-02 11:53:20][58.251.80.60][INFO]微信支付 成功:回调信息是:array (
  'appid' => 'wxcb8a76fe730b5964',
  'attach' => '33b6b932-22ca-43e6-ba63-68071a017204',
  'bank_type' => 'CFT',
  'cash_fee' => '2000',
  'fee_type' => 'CNY',
  'is_subscribe' => 'Y',
  'mch_id' => '1352470102',
  'nonce_str' => '1n4qcbd69tkzrw84nln3gcdkwojk8ahz',
  'openid' => 'oFqowwJc7JZxQp_A5bb44Tt4_61c',
  'out_trade_no' => 'e834fed8d4484a92913a320824404049',
  'result_code' => 'SUCCESS',
  'return_code' => 'SUCCESS',
  'sign' => 'A3E6940993A6AE9385F6BCDB3DC6865C',
  'time_end' => '20171102115319',
  'total_fee' => '2000',
  'trade_type' => 'NATIVE',
  'transaction_id' => '4200000005201711021896034900',
)
[2017-11-02 11:55:26][58.251.80.56][INFO]微信支付 成功:回调信息是:array (
  'appid' => 'wxcb8a76fe730b5964',
  'attach' => 'fa3b11d2-55f1-4bac-a235-9007476d0350',
  'bank_type' => 'CFT',
  'cash_fee' => '2000',
  'fee_type' => 'CNY',
  'is_subscribe' => 'Y',
  'mch_id' => '1352470102',
  'nonce_str' => 'c95tsxpwlg7oaju5rzon4098c8lhwsmf',
  'openid' => 'oFqowwJc7JZxQp_A5bb44Tt4_61c',
  'out_trade_no' => '40392f85c741445e83da63d7fe526bdd',
  'result_code' => 'SUCCESS',
  'return_code' => 'SUCCESS',
  'sign' => 'D88001053316D0CC09156F9C8B1DBA12',
  'time_end' => '20171102115525',
  'total_fee' => '2000',
  'trade_type' => 'NATIVE',
  'transaction_id' => '4200000015201711021896129174',
)
