[2017-11-02 12:00:54][110.75.248.62][INFO]支付宝支付 :回调信息是:array (
  'gmt_create' => '2017-11-02 12:00:54',
  'charset' => 'utf-8',
  'seller_email' => 'qiyue@pp158.com',
  'notify_time' => '2017-11-02 12:00:54',
  'subject' => 'pp游戏账单支付',
  'sign' => 'JRNSKSsRfJOJUWmDZKiU72vAbfTbX97RiTKDm4u3fVSIzy+x8i4jjjAYEqTrM3AZiPf3pcwxa+dua/ioRT1L6JpWH+5nWX6fldyxL1TJN0+c7yPmX7rjO4gcMzrXwk9zcunUR/ok5Pc9yDzChzLjsnZRtBoFMkw7aY+19C762cYMz/hzbMz+4JudkCxTt+ouUpyCSNC5M/g7Ds5uDd56YgywS0ZrGZtiXYHGKIw2l6pIjrWO50pHvHYE5w0wQ8+CdxN99G162jPjYQzsC4o3dHIuVmu78DJkKHNFIhlK/jnMStwnh2iE5jPlJ7X27djsV9ZHms6boT3kwb7OcfkZkA==',
  'body' => 'c0b22dc8-5ff9-47db-8d6b-31b0cfd07f0c',
  'buyer_id' => '2088122549031678',
  'version' => '1.0',
  'notify_id' => 'c170f4372e4298dd9a90fa83eb90bb0l7l',
  'notify_type' => 'trade_status_sync',
  'out_trade_no' => '6d18a1ed6929498faef014ceed32d23c',
  'total_amount' => '5.00',
  'trade_status' => 'WAIT_BUYER_PAY',
  'trade_no' => '2017110221001004675305884192',
  'auth_app_id' => '2017021605702899',
  'buyer_logon_id' => '187****3188',
  'app_id' => '2017021605702899',
  'sign_type' => 'RSA2',
  'seller_id' => '2088221931936835',
)
[2017-11-02 12:01:03][110.75.248.166][INFO]支付宝支付 成功:回调信息是:array (
  'gmt_create' => '2017-11-02 12:00:54',
  'charset' => 'utf-8',
  'seller_email' => 'qiyue@pp158.com',
  'subject' => 'pp游戏账单支付',
  'sign' => 'b9i/f+gt77zfWn7v1uRxeD+5a8VueRUnZiDsGakNJrAcZapV8yygcDA9PtoBzXX6FqWXzMikdJ9MrYwAUTHxHUztGXxfGfUUqivjDAfZO9mHk2b2rixTxK42vIkWNtdtWoZbkqPO+vgufGUZknzW9KdMRu3STViAK6GEM7x0nZ4m69wzKjjn2gtufVcRb3W9VnWYlnsMD1Ttw27vZKjd5LW0BRkftcbmdY8WW7ElX5LiwG4Qy63PM3mUnNWgStpyXlEu6WJNPRw8CK/MKNBnBGiPfI68sr18FH7ARodLVpBDpY4ri8m4oi5mbLBPWSTGSyk0XbtI3Kgay70vjqmA8Q==',
  'body' => 'c0b22dc8-5ff9-47db-8d6b-31b0cfd07f0c',
  'buyer_id' => '2088122549031678',
  'invoice_amount' => '5.00',
  'notify_id' => '88116e2da20a5cc96b41a64266fbe29l7l',
  'fund_bill_list' => '[{"amount":"5.00","fundChannel":"ALIPAYACCOUNT"}]',
  'notify_type' => 'trade_status_sync',
  'trade_status' => 'TRADE_SUCCESS',
  'receipt_amount' => '5.00',
  'app_id' => '2017021605702899',
  'buyer_pay_amount' => '5.00',
  'sign_type' => 'RSA2',
  'seller_id' => '2088221931936835',
  'gmt_payment' => '2017-11-02 12:01:03',
  'notify_time' => '2017-11-02 12:01:03',
  'version' => '1.0',
  'out_trade_no' => '6d18a1ed6929498faef014ceed32d23c',
  'total_amount' => '5.00',
  'trade_no' => '2017110221001004675305884192',
  'auth_app_id' => '2017021605702899',
  'buyer_logon_id' => '187****3188',
  'point_amount' => '0.00',
)
[2017-11-02 12:04:09][140.207.54.76][INFO]微信支付 成功:回调信息是:array (
  'appid' => 'wxcb8a76fe730b5964',
  'attach' => '5fe29284-4da7-4b53-be9a-0ed17dce55d3',
  'bank_type' => 'CFT',
  'cash_fee' => '2000',
  'fee_type' => 'CNY',
  'is_subscribe' => 'Y',
  'mch_id' => '1352470102',
  'nonce_str' => '8fmiy5621dkqoy0bxgvd8f91h9npm3sy',
  'openid' => 'oFqowwKaY6lchUBaYxEmfuDytjX0',
  'out_trade_no' => '9f858b16de9842b4986896908d924b3d',
  'result_code' => 'SUCCESS',
  'return_code' => 'SUCCESS',
  'sign' => 'CD84C2052A57C9CBA02115A229C405D3',
  'time_end' => '20171102120409',
  'total_fee' => '2000',
  'trade_type' => 'NATIVE',
  'transaction_id' => '4200000003201711021901722689',
)
[2017-11-02 12:04:35][203.209.232.142][INFO]支付宝支付 :回调信息是:array (
  'gmt_create' => '2017-11-02 12:04:35',
  'charset' => 'utf-8',
  'seller_email' => 'qiyue@pp158.com',
  'notify_time' => '2017-11-02 12:04:35',
  'subject' => 'pp游戏账单支付',
  'sign' => 'HLNT+ZrdPvqf1YdKIgy4Ej2pA/ZbfU7rtnZz9eWus/azHMMylKiTqlw3le14cL7vRtjpyBVi32YqVxvdeOkYSq7QoM1FG5+yRSZIB7yBlgIlYqNjC3bAOCQuFLp3DZHqIwtdAwObPay7xFnTnTluSPA8m5aoZZ60uUNC8j9UEcb/+N7YgLWh01nrupHfvNS8tEr17diResTGssq66ZneD8g4TrYnOsN+hCNPCeTJtTPeSHxdWGx6pB62h8rG5ocXxzz5Kar/f2bV42FGeMubOl5dtNuCJVuJUNxkANA6nqmQMzQZCklhSfAsgxqyxk+Fu5a9cP7411kWNamPKBAO1g==',
  'body' => 'b8b7e155-6f61-4719-bf25-03134ec7e1ea',
  'buyer_id' => '2088522483317085',
  'version' => '1.0',
  'notify_id' => '624457005cf6dea737ef341c7e34263gmb',
  'notify_type' => 'trade_status_sync',
  'out_trade_no' => '378c93d146eb4ce389669f4902673722',
  'total_amount' => '5.00',
  'trade_status' => 'WAIT_BUYER_PAY',
  'trade_no' => '2017110221001004080332771093',
  'auth_app_id' => '2017021605702899',
  'buyer_logon_id' => '177****6080',
  'app_id' => '2017021605702899',
  'sign_type' => 'RSA2',
  'seller_id' => '2088221931936835',
)
[2017-11-02 12:04:42][203.209.232.230][INFO]支付宝支付 成功:回调信息是:array (
  'gmt_create' => '2017-11-02 12:04:35',
  'charset' => 'utf-8',
  'seller_email' => 'qiyue@pp158.com',
  'subject' => 'pp游戏账单支付',
  'sign' => 'BIXIDUi81p2LAMj/NC3GjDOHJ0saEmh6lfAsM5fZ0IHLfMFZwQwMA7LlRY1nDIQ0aZYIr62GAcdWxN0kDpxk7GPuCV5zBlaN9KRj2qb2ffkKu1+fFFrL0CRK6De2V3zlBCo+5pmY1NRkKrr99BgfFgIeqGy27a/GR04B0kPZeITN4oF+FVS0SYcX6dBJvjd+DWVsyXT8IYUJ2D5yBB93O5/GPA0AC8iCoRKbWYbWibepBAV/YPxE/Q0rkJxXjVgYjvF3T5rse0SfoWcgftB2KSNHr/BEghrWqkHzhcmydg4N2SyYBorKZFX2EIRoc4029UEhTnthmLKdhseCrR4sBQ==',
  'body' => 'b8b7e155-6f61-4719-bf25-03134ec7e1ea',
  'buyer_id' => '2088522483317085',
  'invoice_amount' => '5.00',
  'notify_id' => 'a54593444d5ee59f8f77d217bd7f042gmb',
  'fund_bill_list' => '[{"amount":"5.00","fundChannel":"PCREDIT"}]',
  'notify_type' => 'trade_status_sync',
  'trade_status' => 'TRADE_SUCCESS',
  'receipt_amount' => '5.00',
  'app_id' => '2017021605702899',
  'buyer_pay_amount' => '5.00',
  'sign_type' => 'RSA2',
  'seller_id' => '2088221931936835',
  'gmt_payment' => '2017-11-02 12:04:41',
  'notify_time' => '2017-11-02 12:04:42',
  'version' => '1.0',
  'out_trade_no' => '378c93d146eb4ce389669f4902673722',
  'total_amount' => '5.00',
  'trade_no' => '2017110221001004080332771093',
  'auth_app_id' => '2017021605702899',
  'buyer_logon_id' => '177****6080',
  'point_amount' => '0.00',
)
[2017-11-02 12:05:28][58.251.80.49][INFO]微信支付 成功:回调信息是:array (
  'appid' => 'wxcb8a76fe730b5964',
  'attach' => '8e6e5f13-d578-4e6d-8b7d-56159e684106',
  'bank_type' => 'CFT',
  'cash_fee' => '2000',
  'fee_type' => 'CNY',
  'is_subscribe' => 'N',
  'mch_id' => '1352470102',
  'nonce_str' => '71amd13z2jq8xgnfg0hg1fu3itoqooq0',
  'openid' => 'oFqowwFq-Wln9S3N6r60k36wtwD4',
  'out_trade_no' => '6a366ea5c0b54a769923b152944ea294',
  'result_code' => 'SUCCESS',
  'return_code' => 'SUCCESS',
  'sign' => '5A1C70EEC3C9A212DFEFBDF59CB32A7F',
  'time_end' => '20171102120528',
  'total_fee' => '2000',
  'trade_type' => 'NATIVE',
  'transaction_id' => '4200000020201711021899681141',
)
[2017-11-02 12:06:36][203.209.232.85][INFO]支付宝支付 :回调信息是:array (
  'gmt_create' => '2017-11-02 12:06:36',
  'charset' => 'utf-8',
  'seller_email' => 'qiyue@pp158.com',
  'notify_time' => '2017-11-02 12:06:36',
  'subject' => 'pp游戏账单支付',
  'sign' => 'TOsy/3j7x5QQ6HK4vZT25NK1CtAZusVKCUj2d0rW1ijUmAS5kiRUJFC5mjeUAIfn93r9KA51sGbpgLh+YTJzhvuZcAJeVXcUYeJScMrZlssfAhFl7v+4w9iLVJduj3Z0GRcVVYnz7bWftjpjYMOWFjWSAa8MC+l5eD7Zs6gmEbk8YyzIKgTneBZJrNy3XY/fDmcyAZIrxqUU1T0opZ60mSOHwgEQ3AoON+lbuMOw21uQqUKX0gaWHi/pae67wD/jwu0jXUNy3ysXhAQPKFWAqPWgbIIvOKiS9ffGHTGCAvIVQ4rlOidGQ61G4FaOy4nGeNpgAQYL5Pj9S8FjW9NRnA==',
  'body' => 'f53a4c2f-3775-4214-a113-89dae097d799',
  'buyer_id' => '2088622854657191',
  'version' => '1.0',
  'notify_id' => '8b32fa89743d37df492e879a37d55echi8',
  'notify_type' => 'trade_status_sync',
  'out_trade_no' => 'd739f949e714489d8a1eb1d15e7259dc',
  'total_amount' => '20.00',
  'trade_status' => 'WAIT_BUYER_PAY',
  'trade_no' => '2017110221001004195237045878',
  'auth_app_id' => '2017021605702899',
  'buyer_logon_id' => '184****4938',
  'app_id' => '2017021605702899',
  'sign_type' => 'RSA2',
  'seller_id' => '2088221931936835',
)
[2017-11-02 12:07:00][58.251.80.55][INFO]微信支付 成功:回调信息是:array (
  'appid' => 'wxcb8a76fe730b5964',
  'attach' => '84ff882b-2c0f-4b2b-a69e-bb1770d22fd6',
  'bank_type' => 'CFT',
  'cash_fee' => '2000',
  'fee_type' => 'CNY',
  'is_subscribe' => 'Y',
  'mch_id' => '1352470102',
  'nonce_str' => 'xnpvfcodkpc6mwky6x3ut2xo6l5vab46',
  'openid' => 'oFqowwGYs6qjtRwkzJstGITZHQso',
  'out_trade_no' => '42df2a9ca8be4119ac8d64fc75994569',
  'result_code' => 'SUCCESS',
  'return_code' => 'SUCCESS',
  'sign' => '068525F657E86B244864BF49636B6F4F',
  'time_end' => '20171102120659',
  'total_fee' => '2000',
  'trade_type' => 'NATIVE',
  'transaction_id' => '4200000015201711021903023800',
)
[2017-11-02 12:07:00][203.209.232.227][INFO]支付宝支付 成功:回调信息是:array (
  'gmt_create' => '2017-11-02 12:06:36',
  'charset' => 'utf-8',
  'seller_email' => 'qiyue@pp158.com',
  'subject' => 'pp游戏账单支付',
  'sign' => 'II7bMjoPbZj++o4y1ZkfaI658gvNW5JrWym+IixFI/0xC1WAURXenA+USjksldC/1cceuWAMNx+U2BMY4WtWcTXT6fLiFalZCcdDwIlFxcD/EQLNd5rjuTzvEK7hH60eEAtT5t/61Wv83JQ+B53HDLcuHTEBH9A3BDRyrjTMEnD1XJeQ1QknvjPLpi4gOZPPWUQuG1XN+0jQ9+CWP3n09iCdHfEwX5V5SU6W8Z/kTZCvbmQP3HxAboZ2d1Ua0x/gvYmo5ZfzLLLxluwdRPt2Oa23FZ8pfvwj244UwhKTclp1G0KmOhwcLBREyRysjcYoXZlabZan6t/Th9CkY/A3nA==',
  'body' => 'f53a4c2f-3775-4214-a113-89dae097d799',
  'buyer_id' => '2088622854657191',
  'invoice_amount' => '20.00',
  'notify_id' => 'e390d779d2b3c4ea48f916db27fdecchi8',
  'fund_bill_list' => '[{"amount":"20.00","fundChannel":"PCREDIT"}]',
  'notify_type' => 'trade_status_sync',
  'trade_status' => 'TRADE_SUCCESS',
  'receipt_amount' => '20.00',
  'app_id' => '2017021605702899',
  'buyer_pay_amount' => '20.00',
  'sign_type' => 'RSA2',
  'seller_id' => '2088221931936835',
  'gmt_payment' => '2017-11-02 12:07:00',
  'notify_time' => '2017-11-02 12:07:00',
  'version' => '1.0',
  'out_trade_no' => 'd739f949e714489d8a1eb1d15e7259dc',
  'total_amount' => '20.00',
  'trade_no' => '2017110221001004195237045878',
  'auth_app_id' => '2017021605702899',
  'buyer_logon_id' => '184****4938',
  'point_amount' => '0.00',
)
[2017-11-02 12:08:23][203.209.232.7][INFO]支付宝支付 :回调信息是:array (
  'gmt_create' => '2017-11-02 12:08:23',
  'charset' => 'utf-8',
  'seller_email' => 'qiyue@pp158.com',
  'notify_time' => '2017-11-02 12:08:23',
  'subject' => 'pp游戏账单支付',
  'sign' => 'J4qpoPdHQ2nzg4hANo/fjPmjUtKaSeIUheqIzhjpCYUkMF0F+DIyRKBGFJFMK5SwCXYY6iS+tqWFhwIgdrMaM6hSKvQz+fcrLjzkh1jMYIYHkYyqeiRpo2ypmfx7II6M2VFH8qQcRKSQ3mTCQ5FmRr9OKUPH6cAS/BBqGlcIIVQl2YdjVeAfGo8ZEbZpHsO1EJ8gihlbHKw2KBHWdc5XARJlvDBR6Tbt+poTfXmNQdIPGDzRAcTtAhyYXwFR863FAW+lvvRnCiAike86Wm1rEb4ZnMUrLrgl+nNE8ny8VCOoJRamti3G2/5TzmSRNoMTHw2XDpTybbLBOFZscaBwxw==',
  'body' => '092cc3c2-7e94-46bd-a360-4d686a81795d',
  'buyer_id' => '2088022063715105',
  'version' => '1.0',
  'notify_id' => '0ea09e671f44724bbc490e21c2b69f9gt8',
  'notify_type' => 'trade_status_sync',
  'out_trade_no' => '0ca0c24632b549e199d29fca45d9dd37',
  'total_amount' => '20.00',
  'trade_status' => 'WAIT_BUYER_PAY',
  'trade_no' => '2017110221001004105217190303',
  'auth_app_id' => '2017021605702899',
  'buyer_logon_id' => '189****0982',
  'app_id' => '2017021605702899',
  'sign_type' => 'RSA2',
  'seller_id' => '2088221931936835',
)
[2017-11-02 12:08:30][203.209.232.218][INFO]支付宝支付 成功:回调信息是:array (
  'gmt_create' => '2017-11-02 12:08:23',
  'charset' => 'utf-8',
  'seller_email' => 'qiyue@pp158.com',
  'subject' => 'pp游戏账单支付',
  'sign' => 'coDft6K792kMTO9cPPGhIOZX4fGBtN9wmGzpv0WvrvIPNwN0BOoGGWWx9DgMFihwEEVYPxWrnm3kr/CwN/dyYgIZdvbsOHFt6cWG3Mjq/5/cbBWbM4GVgcfeXwdndBkI5ZVZYI9ZOv9IKAEBdealRqgwPhRNFLCtDZVHtAcI5zWccZeP9fdzvr3oqxREd6kk/pHWKpl+LY8AbEC0X0m+0xqPgFEvvYmR+q8IZpcO8qwEUex47TpzEbR1vf9wk+XCCQAjUfWqby8qczcogzy/L5frfNIwEIEGsyL02MOqM0XQLMTr9hWdpd8nzt7GVbJ4vDNVYIhOFLmm8/pGXaA2Ng==',
  'body' => '092cc3c2-7e94-46bd-a360-4d686a81795d',
  'buyer_id' => '2088022063715105',
  'invoice_amount' => '20.00',
  'notify_id' => '71b21f79059e1ea213799075a164cfcgt8',
  'fund_bill_list' => '[{"amount":"20.00","fundChannel":"PCREDIT"}]',
  'notify_type' => 'trade_status_sync',
  'trade_status' => 'TRADE_SUCCESS',
  'receipt_amount' => '20.00',
  'app_id' => '2017021605702899',
  'buyer_pay_amount' => '20.00',
  'sign_type' => 'RSA2',
  'seller_id' => '2088221931936835',
  'gmt_payment' => '2017-11-02 12:08:29',
  'notify_time' => '2017-11-02 12:08:29',
  'version' => '1.0',
  'out_trade_no' => '0ca0c24632b549e199d29fca45d9dd37',
  'total_amount' => '20.00',
  'trade_no' => '2017110221001004105217190303',
  'auth_app_id' => '2017021605702899',
  'buyer_logon_id' => '189****0982',
  'point_amount' => '0.00',
)
[2017-11-02 12:10:21][58.251.80.60][INFO]微信支付 成功:回调信息是:array (
  'appid' => 'wxcb8a76fe730b5964',
  'attach' => '3e128e7e-a8fb-4758-ae84-925e973e68d2',
  'bank_type' => 'CFT',
  'cash_fee' => '500',
  'fee_type' => 'CNY',
  'is_subscribe' => 'Y',
  'mch_id' => '1352470102',
  'nonce_str' => 'box9b92cd65wz27g1ikozzcsyob0sy1n',
  'openid' => 'oFqowwDsrlgYWso-IX8WwlAmBbw0',
  'out_trade_no' => '198d9b0cc8794f1fbe0c3412c0b02369',
  'result_code' => 'SUCCESS',
  'return_code' => 'SUCCESS',
  'sign' => '29F6227280F76A98197EC0D0916DCB48',
  'time_end' => '20171102121020',
  'total_fee' => '500',
  'trade_type' => 'NATIVE',
  'transaction_id' => '4200000021201711021904732714',
)
[2017-11-02 12:10:47][140.207.54.74][INFO]微信支付 成功:回调信息是:array (
  'appid' => 'wxcb8a76fe730b5964',
  'attach' => '1be8e489-9fc9-4c02-a4e5-cb361cb2bfde',
  'bank_type' => 'CFT',
  'cash_fee' => '2000',
  'fee_type' => 'CNY',
  'is_subscribe' => 'N',
  'mch_id' => '1352470102',
  'nonce_str' => 'wl9olgu80nvd3o04zlm7hrxnt9fgs0dd',
  'openid' => 'oFqowwOoRIRTLBJ2jPNq9UMr1dt8',
  'out_trade_no' => '9ebed01f293a485c935ac307e058f41a',
  'result_code' => 'SUCCESS',
  'return_code' => 'SUCCESS',
  'sign' => 'A5B60B4A8947C8F7B92B5531CFBD9AE6',
  'time_end' => '20171102121047',
  'total_fee' => '2000',
  'trade_type' => 'NATIVE',
  'transaction_id' => '4200000012201711021903324086',
)
[2017-11-02 12:15:11][140.207.54.74][INFO]微信支付 成功:回调信息是:array (
  'appid' => 'wxcb8a76fe730b5964',
  'attach' => '11102aa5-7e2f-42db-8407-b632184db427',
  'bank_type' => 'ABC_DEBIT',
  'cash_fee' => '2000',
  'fee_type' => 'CNY',
  'is_subscribe' => 'N',
  'mch_id' => '1352470102',
  'nonce_str' => 'vud6c6rjf9zux3eabk68sdpj7cbrnpcx',
  'openid' => 'oFqowwDWgqakyMtvio31RbWFN4T4',
  'out_trade_no' => '047b2a0cb4b041c799cac530487cc3a6',
  'result_code' => 'SUCCESS',
  'return_code' => 'SUCCESS',
  'sign' => '28BF771F7E2036233DB2537B914C09F5',
  'time_end' => '20171102121511',
  'total_fee' => '2000',
  'trade_type' => 'NATIVE',
  'transaction_id' => '4200000025201711021903593161',
)
[2017-11-02 12:17:09][58.251.80.53][INFO]微信支付 成功:回调信息是:array (
  'appid' => 'wxcb8a76fe730b5964',
  'attach' => '4d91d454-70ba-4d35-ad18-abcd44d6fc12',
  'bank_type' => 'CFT',
  'cash_fee' => '5000',
  'fee_type' => 'CNY',
  'is_subscribe' => 'N',
  'mch_id' => '1352470102',
  'nonce_str' => 'ciqyubxjzmtxfsn95lvwc9dx14sye8a3',
  'openid' => 'oFqowwBonwG__AZOOg-W7PO0FFH4',
  'out_trade_no' => '0a9a654428c945e38c6b579959f85002',
  'result_code' => 'SUCCESS',
  'return_code' => 'SUCCESS',
  'sign' => '0CE47B15D45B30D955C1341BD8AA3740',
  'time_end' => '20171102121708',
  'total_fee' => '5000',
  'trade_type' => 'NATIVE',
  'transaction_id' => '4200000001201711021903818108',
)
[2017-11-02 12:18:30][140.207.54.75][INFO]微信支付 成功:回调信息是:array (
  'appid' => 'wxcb8a76fe730b5964',
  'attach' => '25cf5aec-045d-4b7d-aac7-7abc4ad39ad6',
  'bank_type' => 'CFT',
  'cash_fee' => '5000',
  'fee_type' => 'CNY',
  'is_subscribe' => 'N',
  'mch_id' => '1352470102',
  'nonce_str' => '0rdos8bboku1ep55j15b364r61t9syxx',
  'openid' => 'oFqowwNJ8XEl1WKE29-Si_Uk7dac',
  'out_trade_no' => 'adce8567288b4a9898de85101750bc8d',
  'result_code' => 'SUCCESS',
  'return_code' => 'SUCCESS',
  'sign' => '1B3D8723E2ADDB835461173CE21F3553',
  'time_end' => '20171102121830',
  'total_fee' => '5000',
  'trade_type' => 'NATIVE',
  'transaction_id' => '4200000027201711021906857853',
)
[2017-11-02 12:21:28][110.75.242.103][INFO]支付宝支付 :回调信息是:array (
  'gmt_create' => '2017-11-02 12:21:28',
  'charset' => 'utf-8',
  'seller_email' => 'qiyue@pp158.com',
  'notify_time' => '2017-11-02 12:21:28',
  'subject' => 'pp游戏账单支付',
  'sign' => 'EhysvwiFKjXsZe3GUlalZIEE+jkSmd1PQmaVaRlG1/8k42YXj0qkPm8hzavntiZ1Ne5XBX/zH/ndBF5kDDANvtC4WO7di2uk2hhB3f2TOOitpxD5PRiy9KPCVOq6HHobJcvGQlp33Ug4yfH60UpAXmd7RE+xX/bu1NYvPMZKJn7gcGfTzVayYkiAH6n6YTmSE0bA3ZJx/Fa7Jh/S9ZhoqRtcvGbwhyagxO2KIrfZwap0QnKcJlCSfJ7mKrX2LI3g/FmENcet0jHC7u8kDMk5rKL8w8MkJNYqxm79uAlQMWPjUwbspYkJv7lasHcQVR4vyUYVJIRJHA8kcHYR2Anrcw==',
  'body' => '15bbd268-7069-471a-8ea3-0eefe860a118',
  'buyer_id' => '2088122000311321',
  'version' => '1.0',
  'notify_id' => '05fae47e1107e3437b8d16e672049c4igy',
  'notify_type' => 'trade_status_sync',
  'out_trade_no' => '62e4d773e9614ee6a8694ff00769380e',
  'total_amount' => '20.00',
  'trade_status' => 'WAIT_BUYER_PAY',
  'trade_no' => '2017110221001004320262229329',
  'auth_app_id' => '2017021605702899',
  'buyer_logon_id' => '183****6231',
  'app_id' => '2017021605702899',
  'sign_type' => 'RSA2',
  'seller_id' => '2088221931936835',
)
[2017-11-02 12:21:35][110.75.242.132][INFO]支付宝支付 成功:回调信息是:array (
  'gmt_create' => '2017-11-02 12:21:28',
  'charset' => 'utf-8',
  'seller_email' => 'qiyue@pp158.com',
  'subject' => 'pp游戏账单支付',
  'sign' => 'BEL4XB6UY9eoHU+fZdzNNhW6wXB7Wi+97hDYEtU/YBGudqqkq4gL5YVoOGcqXn5O1VnI0Gm4YDv2g2CP/DpzmEzw/8lnphgNlGfkWuweXPSKJ/eiyCdRgGPIz9k31+fPGmAVuPHd6xyfdVz2X8UdtyQmYPT/0nwJo37waecrki8OYxAub5EEbHi29Ls5ikTn1QAflZoytY2Ia4fSfWXzTXCB+UyeQhFy4V20UkvsVvnePrfiMbtSmpx+A4Bh0M4io+OyWm5HpH6rRFmBCG2nPXpp/hpZyWGqYFhSwlufQON0wxu/B/2n3hTXQLDwfyUQa7ENpeUh0kfEifCiMr8xFA==',
  'body' => '15bbd268-7069-471a-8ea3-0eefe860a118',
  'buyer_id' => '2088122000311321',
  'invoice_amount' => '20.00',
  'notify_id' => '56f821b0f41140d3cf744cb064159ffigy',
  'fund_bill_list' => '[{"amount":"20.00","fundChannel":"PCREDIT"}]',
  'notify_type' => 'trade_status_sync',
  'trade_status' => 'TRADE_SUCCESS',
  'receipt_amount' => '20.00',
  'app_id' => '2017021605702899',
  'buyer_pay_amount' => '20.00',
  'sign_type' => 'RSA2',
  'seller_id' => '2088221931936835',
  'gmt_payment' => '2017-11-02 12:21:35',
  'notify_time' => '2017-11-02 12:21:35',
  'version' => '1.0',
  'out_trade_no' => '62e4d773e9614ee6a8694ff00769380e',
  'total_amount' => '20.00',
  'trade_no' => '2017110221001004320262229329',
  'auth_app_id' => '2017021605702899',
  'buyer_logon_id' => '183****6231',
  'point_amount' => '0.00',
)
[2017-11-02 12:21:57][203.209.226.238][INFO]支付宝支付 :回调信息是:array (
  'gmt_create' => '2017-11-02 12:21:57',
  'charset' => 'utf-8',
  'seller_email' => 'qiyue@pp158.com',
  'notify_time' => '2017-11-02 12:21:57',
  'subject' => 'pp游戏账单支付',
  'sign' => 'E2G6pHcP+KCqq39+sKfGCo0ufZPpGs5QST0uls+JYAkNAmt06r/tTgIB9l8QoszFI15hSy/T8d5M6hnTaZy+bIJFcF55odaaPn62mkMIV48+jXuFs+xWz1Tvznshx3awi7opXPAkD6m2hofCITiqBJgo85kaZMco4KyF6TNHbkwjgdjvMRKRurnoo9OKMdURRaJxrSazjHTav5K1d2eLnCMXSwbSe6HbBHCylZrbK3HJghU/02gfHLEK2VKhXvlhZmYvGBVfZuj1VrvHzPifHb5mLN3t9rbyzrlautyPeL1chRitFeX7U8DRoEv0Et8Xex4lNAEIyee4cXAKwIsOpQ==',
  'body' => 'bbcfb6ee-47f4-419e-bd30-5152dc519034',
  'buyer_id' => '2088612518808319',
  'version' => '1.0',
  'notify_id' => '826243648f38100692b6b4fcb2790aaifk',
  'notify_type' => 'trade_status_sync',
  'out_trade_no' => '24bbf56c2cb948f3abadcb85b068e20b',
  'total_amount' => '20.00',
  'trade_status' => 'WAIT_BUYER_PAY',
  'trade_no' => '2017110221001004315272460565',
  'auth_app_id' => '2017021605702899',
  'buyer_logon_id' => '135****5791',
  'app_id' => '2017021605702899',
  'sign_type' => 'RSA2',
  'seller_id' => '2088221931936835',
)
[2017-11-02 12:22:03][203.209.227.90][INFO]支付宝支付 成功:回调信息是:array (
  'gmt_create' => '2017-11-02 12:21:57',
  'charset' => 'utf-8',
  'seller_email' => 'qiyue@pp158.com',
  'subject' => 'pp游戏账单支付',
  'sign' => 'cNm7yn7HRjXUF14ZMtY53WzjSd4xGhbBT4MDe59i4UZWZ1FIL6LvaLoAnDnL5kP3ZxhAX2cjCEbmu+d/hiI2IstbQWdX7pUHwk3NHYja4tDFQJnhCqlx4TWFN6DKTO92wy+0QB0TookO0IWgNGzk6ikHv3XsRRtTtFH5gwSz7QFcbD7bZe+p0SU/wMT+JBIzRQs48rFZhDjG02UvqOXW2RW0EYVNPpzLu4up++893QeI9Dko6EM8XSNc8/KApbV5QlqB4PYtJP1Ws8RcYCwiP7tJTMpJv7wZBBFPiqprgMwj8BH3e88Upi3E5SrLYVmdl7S/eSPE+gP4weDCfiScCA==',
  'body' => 'bbcfb6ee-47f4-419e-bd30-5152dc519034',
  'buyer_id' => '2088612518808319',
  'invoice_amount' => '20.00',
  'notify_id' => '3aaec20fd47f6bbc4272917de60d4ccifk',
  'fund_bill_list' => '[{"amount":"20.00","fundChannel":"PCREDIT"}]',
  'notify_type' => 'trade_status_sync',
  'trade_status' => 'TRADE_SUCCESS',
  'receipt_amount' => '20.00',
  'app_id' => '2017021605702899',
  'buyer_pay_amount' => '20.00',
  'sign_type' => 'RSA2',
  'seller_id' => '2088221931936835',
  'gmt_payment' => '2017-11-02 12:22:03',
  'notify_time' => '2017-11-02 12:22:03',
  'version' => '1.0',
  'out_trade_no' => '24bbf56c2cb948f3abadcb85b068e20b',
  'total_amount' => '20.00',
  'trade_no' => '2017110221001004315272460565',
  'auth_app_id' => '2017021605702899',
  'buyer_logon_id' => '135****5791',
  'point_amount' => '0.00',
)
[2017-11-02 12:22:21][140.207.54.76][INFO]微信支付 成功:回调信息是:array (
  'appid' => 'wxcb8a76fe730b5964',
  'attach' => 'fa3b11d2-55f1-4bac-a235-9007476d0350',
  'bank_type' => 'CFT',
  'cash_fee' => '2000',
  'fee_type' => 'CNY',
  'is_subscribe' => 'Y',
  'mch_id' => '1352470102',
  'nonce_str' => 'l187w6g137pj6a9ob2z6qh97li3dxqp4',
  'openid' => 'oFqowwJc7JZxQp_A5bb44Tt4_61c',
  'out_trade_no' => '6a56cecacbcf4d85ac13d2ea302005e1',
  'result_code' => 'SUCCESS',
  'return_code' => 'SUCCESS',
  'sign' => '2A2B2697D1008BEE5AF3B7A124A5935E',
  'time_end' => '20171102122221',
  'total_fee' => '2000',
  'trade_type' => 'NATIVE',
  'transaction_id' => '4200000029201711021904134538',
)
[2017-11-02 12:23:36][58.251.80.44][INFO]微信支付 成功:回调信息是:array (
  'appid' => 'wxcb8a76fe730b5964',
  'attach' => '42158cc2-365b-4141-a844-4891afe5258e',
  'bank_type' => 'CFT',
  'cash_fee' => '600',
  'fee_type' => 'CNY',
  'is_subscribe' => 'N',
  'mch_id' => '1352470102',
  'nonce_str' => '2d214kr8v1ifyhmsrs94zy39w9w30l03',
  'openid' => 'oFqowwCWRf3U9lrqNH25Hfia2rVM',
  'out_trade_no' => '335f3e4b33fb4d589f5cdbb5bd7a464e',
  'result_code' => 'SUCCESS',
  'return_code' => 'SUCCESS',
  'sign' => '58A3E1EB12ECE71D9E1A4BDFBF0520AF',
  'time_end' => '20171102122335',
  'total_fee' => '600',
  'trade_type' => 'JSAPI',
  'transaction_id' => '4200000003201711021904235351',
)
[2017-11-02 12:24:12][140.207.54.74][INFO]微信支付 成功:回调信息是:array (
  'appid' => 'wxcb8a76fe730b5964',
  'attach' => '84ff882b-2c0f-4b2b-a69e-bb1770d22fd6',
  'bank_type' => 'CFT',
  'cash_fee' => '2000',
  'fee_type' => 'CNY',
  'is_subscribe' => 'Y',
  'mch_id' => '1352470102',
  'nonce_str' => '8tcuoz0n3nqt3oj5rz7900rij4vbu1uq',
  'openid' => 'oFqowwGYs6qjtRwkzJstGITZHQso',
  'out_trade_no' => '4b756c0c9a944763a016d92941cdea98',
  'result_code' => 'SUCCESS',
  'return_code' => 'SUCCESS',
  'sign' => 'EF95DE6F4E0815363257FF7E9725D17C',
  'time_end' => '20171102122412',
  'total_fee' => '2000',
  'trade_type' => 'NATIVE',
  'transaction_id' => '4200000002201711021909098447',
)
[2017-11-02 12:24:54][110.75.242.106][INFO]支付宝支付 :回调信息是:array (
  'gmt_create' => '2017-11-02 12:24:53',
  'charset' => 'utf-8',
  'seller_email' => 'qiyue@pp158.com',
  'notify_time' => '2017-11-02 12:24:53',
  'subject' => 'pp游戏账单支付',
  'sign' => 'b/CSiU4sDjFjSr7+6M2pPHFnRI9eSyM6Jtt2iWgA4MIMgP5cn4PxGfcWS1nHfS6tjJqZ7nNnWB1JQS0qG6BTcumMpa1uH+mspYU+M1bVfwj53YmRZ+KeOtqbjM4+u9klIEkVbLU+H2HxFt8bEp0Qvq7Zpjwm3C+LVU/8Ss8YvEn3qouV1MpoNQWTq+5b1y7dSQLW8GG3fZvlKqHAtNevU2wby9xGNJzrYHxm1l3d6oh8mzdegTlqM5HFjHqs/mOYD5EDAIMmjq2BtU+nbrdPwAKSzspgTOonSumFDxopxrNoT6BAmZgrRoDFcMnSlyXL0O0SI2NIauHsiPsAmOwCbQ==',
  'body' => '9ace592f-2dc6-454c-a557-41298c435c35',
  'buyer_id' => '2088122000311321',
  'version' => '1.0',
  'notify_id' => 'e38cdc946eb993d9819189c5da98ee9igy',
  'notify_type' => 'trade_status_sync',
  'out_trade_no' => 'b5feefcdd2a5488f9cad838f11d54960',
  'total_amount' => '20.00',
  'trade_status' => 'WAIT_BUYER_PAY',
  'trade_no' => '2017110221001004320262248077',
  'auth_app_id' => '2017021605702899',
  'buyer_logon_id' => '183****6231',
  'app_id' => '2017021605702899',
  'sign_type' => 'RSA2',
  'seller_id' => '2088221931936835',
)
[2017-11-02 12:25:02][110.75.242.234][INFO]支付宝支付 成功:回调信息是:array (
  'gmt_create' => '2017-11-02 12:24:53',
  'charset' => 'utf-8',
  'seller_email' => 'qiyue@pp158.com',
  'subject' => 'pp游戏账单支付',
  'sign' => 'AoWnC7asFClA6RDtPIMvXdf7Je3lR6AbAjhoOrwiHyhPs+KjdGblhXYgEPGCrxuSyF2dgKfbxpqpekvAtDN0DyvK9MYozYABq2TnmRDh+KheS+/ylAD2Sk/pqwElKYpX01OKnvn1HWcpbzhs9yfUbZ1+n46yT4xUsoqV+wqtpzBZZ8GuECcSJOmWDyRLR06af7xpvdH9PD6P/N96Ig6oI35L5Y6lfcI/3zYHDUFaoVa5AeFrGc0qIvn/cwaXF4KK8t3Lqqkko96Kfybla6lJUrsHqHOpU1KcttrZ3Q2qb5zKyqAPNdv7DklhKr8Z9fGSQHKU9Nes6LATY4iWKwwlLA==',
  'body' => '9ace592f-2dc6-454c-a557-41298c435c35',
  'buyer_id' => '2088122000311321',
  'invoice_amount' => '20.00',
  'notify_id' => '10aa1cf6ba8e10a8109242e5e165bc4igy',
  'fund_bill_list' => '[{"amount":"20.00","fundChannel":"PCREDIT"}]',
  'notify_type' => 'trade_status_sync',
  'trade_status' => 'TRADE_SUCCESS',
  'receipt_amount' => '20.00',
  'app_id' => '2017021605702899',
  'buyer_pay_amount' => '20.00',
  'sign_type' => 'RSA2',
  'seller_id' => '2088221931936835',
  'gmt_payment' => '2017-11-02 12:25:02',
  'notify_time' => '2017-11-02 12:25:02',
  'version' => '1.0',
  'out_trade_no' => 'b5feefcdd2a5488f9cad838f11d54960',
  'total_amount' => '20.00',
  'trade_no' => '2017110221001004320262248077',
  'auth_app_id' => '2017021605702899',
  'buyer_logon_id' => '183****6231',
  'point_amount' => '0.00',
)
[2017-11-02 12:27:15][110.75.242.5][INFO]支付宝支付 成功:回调信息是:array (
  'gmt_create' => '2017-11-02 12:27:13',
  'charset' => 'UTF-8',
  'seller_email' => 'qiyue@pp158.com',
  'subject' => 'pp游戏账单支付',
  'sign' => 'UlouVUQ33iCwk7/E/NcoWMRqJM2y6fazbJnsmmSwz/Vkk1o/kgNFjY+JBWgw/9YeI9Z/FqXfgf3W22sJ2Ku25yXMfYmIwGnxpkalaUoIhJeEK3xHYqXm3siVF6LGwJRHF3HlfO/TRSxxtT843CMNvQ8sMpKU/yqS6TrIdDIQNf7vhUGTBK7wiW8DkOdsgDa4hcHZnkZQks1M5xJCzeS0y95QtvlqqP4r2cSS1pzRD/s+cYkxTjfxxI1P9pzvxW70rl0tigSqLHKOEPsd+fQHWNfjerZ2dOBLRr6asm1XvOOEdIdnp32K9WFLQmsb2wCN6DYyew6x1f/qf0gSDgPhbw==',
  'body' => '9ace592f-2dc6-454c-a557-41298c435c35',
  'buyer_id' => '2088122000311321',
  'invoice_amount' => '6.00',
  'notify_id' => 'cfc8418975ba6307f78c2ba09db78b1igy',
  'fund_bill_list' => '[{"amount":"6.00","fundChannel":"ALIPAYACCOUNT"}]',
  'notify_type' => 'trade_status_sync',
  'trade_status' => 'TRADE_SUCCESS',
  'receipt_amount' => '6.00',
  'app_id' => '2017021605702899',
  'buyer_pay_amount' => '6.00',
  'sign_type' => 'RSA2',
  'seller_id' => '2088221931936835',
  'gmt_payment' => '2017-11-02 12:27:14',
  'notify_time' => '2017-11-02 12:27:15',
  'version' => '1.0',
  'out_trade_no' => 'a5d96f6a25ae43c3a4352d4377002ca0',
  'total_amount' => '6.00',
  'trade_no' => '2017110221001004320262254600',
  'auth_app_id' => '2017021605702899',
  'buyer_logon_id' => '183****6231',
  'point_amount' => '0.00',
)
[2017-11-02 12:27:24][203.209.226.162][INFO]支付宝支付 :回调信息是:array (
  'gmt_create' => '2017-11-02 12:27:24',
  'charset' => 'utf-8',
  'seller_email' => 'qiyue@pp158.com',
  'notify_time' => '2017-11-02 12:27:24',
  'subject' => 'pp游戏账单支付',
  'sign' => 'VcL1l3v8RUArTrytY964cqy1EKJ/P5mzj9GA9dPIaOuwGmuKuZS7vlU2F7Tgmo5bcfku7FOuYC8H9sCHsbEBsE2FVOrflD97SVZnSfUSDQcVtzNsKnOGqy0cDAihvSyafMOS9ybDHBe8eyYSh5i7HrB+iZZSx7J/lg+aZaO+5vN/lT46cYl6Ei8ueYi5tlPHHDiuR1WjXJ/zQpizrAOJtk8IUqE7roYVKfMeiSvfSvkrfwR/BmaTTlzaR78pYqCkBaGc7Fjzazdm8kGSB8o5PG7/K46r0E1sSL8MtIs9iPhli49aGbx9s7C1TSCMZaEHT7gd4j4ffu9xfEHPyMMYlw==',
  'body' => 'd50904d9-ff91-406a-9399-9e2c9f7b6e4d',
  'buyer_id' => '2088412475804539',
  'version' => '1.0',
  'notify_id' => 'd27140f586f5f462fc031802b152cabk4p',
  'notify_type' => 'trade_status_sync',
  'out_trade_no' => 'f48b503115b54d76b87ddbf86294fd32',
  'total_amount' => '20.00',
  'trade_status' => 'WAIT_BUYER_PAY',
  'trade_no' => '2017110221001004535314697245',
  'auth_app_id' => '2017021605702899',
  'buyer_logon_id' => '134****5211',
  'app_id' => '2017021605702899',
  'sign_type' => 'RSA2',
  'seller_id' => '2088221931936835',
)
[2017-11-02 12:27:32][203.209.234.237][INFO]支付宝支付 :回调信息是:array (
  'gmt_create' => '2017-11-02 12:27:31',
  'charset' => 'utf-8',
  'seller_email' => 'qiyue@pp158.com',
  'notify_time' => '2017-11-02 12:27:32',
  'subject' => 'pp游戏账单支付',
  'sign' => 'Ihg+bW7mH61mJtKrMW5s7CTAuG9y2CTii2f/sPSNcaRWlwHQS+smi5NF3pGLoiKI1GnAojyEShK5itei21Z9eMtLBhBYsn93iLPyTk9kifrV/h/PRGvDE5zh7xyYWMGTSJi8euCiCkUZ9wQJLojkANSLQ+a6KxBt5hW0vbjxVanOWfMQoIbkNmfRW4KZHgL4XzPs60Uk+Rrc6osHiOLZqT4f3bZ8zRGn0mb6PelLAND5w1ItHjyPxc7AfH6ESI0qjXKwlVDiYPMNlPHTU5kKxbKzSfcMAO96o1LVWbpA2xagLOrgiMnybAjx3c/owDYNFD+htDG0RJCh3mctu+AIBQ==',
  'body' => 'c5d24337-5144-4774-a646-cf9323628dfe',
  'buyer_id' => '2088422804436980',
  'version' => '1.0',
  'notify_id' => 'ef5041076e5b58dfb08e83a94b9702cnlo',
  'notify_type' => 'trade_status_sync',
  'out_trade_no' => '006f37ec8b654521ab00a426f3b7dc05',
  'total_amount' => '20.00',
  'trade_status' => 'WAIT_BUYER_PAY',
  'trade_no' => '2017110221001004985255575118',
  'auth_app_id' => '2017021605702899',
  'buyer_logon_id' => '815***@qq.com',
  'app_id' => '2017021605702899',
  'sign_type' => 'RSA2',
  'seller_id' => '2088221931936835',
)
[2017-11-02 12:27:33][203.209.226.20][INFO]支付宝支付 成功:回调信息是:array (
  'gmt_create' => '2017-11-02 12:27:24',
  'charset' => 'utf-8',
  'seller_email' => 'qiyue@pp158.com',
  'subject' => 'pp游戏账单支付',
  'sign' => 'NXgXWEO8xk70ZFOaFsNF0VqIwMYgqvakvyRrLcQkFmM1l1adf/NdC8yz0VAh8omBJcCLwUvnvx+4ucdEhyFk9PrG0SX6Q+Vxd+AYsituUJbAor4ai+2spNeddpbUSJN8sTM0SE+V+qMUl583/hAy/xCyodzEWj7k/jqjjfgPnF288D3OrqFLkgRSQ7D2F8OauXqCqlRtk6N5q3bvHabxelonlQVB2tX0EiG+/ohwSWYAtvd94npfvsBUwaSlnVGVIs5AHfMV94fwpOsDKq7DSKZ8GqAkh+Wvu64/+myxGbCLK9Lik4ExqG7/BBrFLuXo0IFzTzcaAiI8nWP/ev4IAg==',
  'body' => 'd50904d9-ff91-406a-9399-9e2c9f7b6e4d',
  'buyer_id' => '2088412475804539',
  'invoice_amount' => '20.00',
  'notify_id' => '40caffac19e77b97aa0fc0a728985a6k4p',
  'fund_bill_list' => '[{"amount":"20.00","fundChannel":"PCREDIT"}]',
  'notify_type' => 'trade_status_sync',
  'trade_status' => 'TRADE_SUCCESS',
  'receipt_amount' => '20.00',
  'app_id' => '2017021605702899',
  'buyer_pay_amount' => '20.00',
  'sign_type' => 'RSA2',
  'seller_id' => '2088221931936835',
  'gmt_payment' => '2017-11-02 12:27:32',
  'notify_time' => '2017-11-02 12:27:32',
  'version' => '1.0',
  'out_trade_no' => 'f48b503115b54d76b87ddbf86294fd32',
  'total_amount' => '20.00',
  'trade_no' => '2017110221001004535314697245',
  'auth_app_id' => '2017021605702899',
  'buyer_logon_id' => '134****5211',
  'point_amount' => '0.00',
)
[2017-11-02 12:27:36][203.209.234.3][INFO]支付宝支付 成功:回调信息是:array (
  'gmt_create' => '2017-11-02 12:27:31',
  'charset' => 'utf-8',
  'seller_email' => 'qiyue@pp158.com',
  'subject' => 'pp游戏账单支付',
  'sign' => 'HbH5RWuCGwkNtESMMrdSc9wU3diUiCkEz69vJQ4xPtjijXCzlfS0smsPXig1emY+C1no0MdCpbvRSrwaYgnzCXZBTaBwwPhsW5NvhL4DGf0ATMBTVE2BoNcGi5vG6qkLi32D9nhisNhzRZJtot7oD7C1tarWhGxs2WwOL7dc+db2WdcMY/Cp48JbD04GHjLeey54z7E1L1FlOSBz1DJqWrowumoeVJvF0uSN118g99X0jy6jIPD/TGb7aJBpk2poQ28jwyFFwk2tuKqBiRszVmPkIz1PDE7s1pq17gxHE5AZkzbEog6y25APnIqCn+RjBFF7Ll4yxS4bvtQzLWbXLA==',
  'body' => 'c5d24337-5144-4774-a646-cf9323628dfe',
  'buyer_id' => '2088422804436980',
  'invoice_amount' => '20.00',
  'notify_id' => 'a63321ef4ee72bb0f57ae636e6b4704nlo',
  'fund_bill_list' => '[{"amount":"20.00","fundChannel":"ALIPAYACCOUNT"}]',
  'notify_type' => 'trade_status_sync',
  'trade_status' => 'TRADE_SUCCESS',
  'receipt_amount' => '20.00',
  'app_id' => '2017021605702899',
  'buyer_pay_amount' => '20.00',
  'sign_type' => 'RSA2',
  'seller_id' => '2088221931936835',
  'gmt_payment' => '2017-11-02 12:27:36',
  'notify_time' => '2017-11-02 12:27:36',
  'version' => '1.0',
  'out_trade_no' => '006f37ec8b654521ab00a426f3b7dc05',
  'total_amount' => '20.00',
  'trade_no' => '2017110221001004985255575118',
  'auth_app_id' => '2017021605702899',
  'buyer_logon_id' => '815***@qq.com',
  'point_amount' => '0.00',
)
[2017-11-02 12:27:44][203.209.232.110][INFO]支付宝支付 :回调信息是:array (
  'gmt_create' => '2017-11-02 12:27:44',
  'charset' => 'utf-8',
  'seller_email' => 'qiyue@pp158.com',
  'notify_time' => '2017-11-02 12:27:44',
  'subject' => 'pp游戏账单支付',
  'sign' => 'KY8iQWvruc9Hpfl4yrrayAERwpgV0ay2wFnEao9xkhThiRkOjmNrfnG+xdHGzu0o8sEGNVd2BpKHhlD31p4M0s5HEVrWYvrfE879ar7DmUxAqL7YrSrsUYpumGQR1G9B6e+nwBItT7lv2BF9bYKlVEEGLaHi/5RWI6aC+vUjSg2brq/LJ7blwaeYSojNBCiASWDVRIcs17evpxyIlKoGcHpLRWIgh6tnduiVO6zZajQjdHaavTsj/JWyz8ZXuO0At59jxuZMhIlrnaZPhTS1zIYCH2vuFBcwXSnV7z2fR7pIHoYXN1wipa9Qh9H8qvbUsUIy0d20cJ0qzNL3NL/J2g==',
  'body' => 'e72ae705-b7cc-41ca-8cf3-0f18d4b27160',
  'buyer_id' => '2088122638233194',
  'version' => '1.0',
  'notify_id' => '57f59ef24af6ae07cbf84bf588452c4hi9',
  'notify_type' => 'trade_status_sync',
  'out_trade_no' => '49ec46fb07bf40ee8ab1498b45fe4bd4',
  'total_amount' => '20.00',
  'trade_status' => 'WAIT_BUYER_PAY',
  'trade_no' => '2017110221001004195342856141',
  'auth_app_id' => '2017021605702899',
  'buyer_logon_id' => '183****1558',
  'app_id' => '2017021605702899',
  'sign_type' => 'RSA2',
  'seller_id' => '2088221931936835',
)
[2017-11-02 12:27:51][203.209.232.118][INFO]支付宝支付 成功:回调信息是:array (
  'gmt_create' => '2017-11-02 12:27:44',
  'charset' => 'utf-8',
  'seller_email' => 'qiyue@pp158.com',
  'subject' => 'pp游戏账单支付',
  'sign' => 'aX/PE73je3gw559yzR0Sh0igciet0qEujO5H/JrthElZ6b6e3+nJnt1eqhQHO0UhvggB+nRCENKM6jG4HL+PGEv2QdIVqYYGo92Y5yNHUGiE6WZlWGJArF43iKO/Sd7jSbES3n7kO5/iSyLWyDSF7agHnghR0p45qUdaU32mkm8jHmbY/KVpMh+bK3E29FF7OaM9pnV1aUEhAphNx/6Z7AyywJkpWJxmgUDTjib3yFFnjF1VnBt0c6ZQMlXiri72FOGI8/ty31bNOwnwW8a2s0eDjgJc0P4ep07P8t804cP4wFsXWHMQ29jkbETmA48ezWlYHvnfVFykmWTLsPGPAQ==',
  'body' => 'e72ae705-b7cc-41ca-8cf3-0f18d4b27160',
  'buyer_id' => '2088122638233194',
  'invoice_amount' => '20.00',
  'notify_id' => '2a8ec7f1748f3059c562fde720b7879hi9',
  'fund_bill_list' => '[{"amount":"20.00","fundChannel":"PCREDIT"}]',
  'notify_type' => 'trade_status_sync',
  'trade_status' => 'TRADE_SUCCESS',
  'receipt_amount' => '20.00',
  'app_id' => '2017021605702899',
  'buyer_pay_amount' => '20.00',
  'sign_type' => 'RSA2',
  'seller_id' => '2088221931936835',
  'gmt_payment' => '2017-11-02 12:27:51',
  'notify_time' => '2017-11-02 12:27:51',
  'version' => '1.0',
  'out_trade_no' => '49ec46fb07bf40ee8ab1498b45fe4bd4',
  'total_amount' => '20.00',
  'trade_no' => '2017110221001004195342856141',
  'auth_app_id' => '2017021605702899',
  'buyer_logon_id' => '183****1558',
  'point_amount' => '0.00',
)
[2017-11-02 12:28:12][140.207.54.74][INFO]微信支付 成功:回调信息是:array (
  'appid' => 'wxcb8a76fe730b5964',
  'attach' => '33b6b932-22ca-43e6-ba63-68071a017204',
  'bank_type' => 'CFT',
  'cash_fee' => '2000',
  'fee_type' => 'CNY',
  'is_subscribe' => 'Y',
  'mch_id' => '1352470102',
  'nonce_str' => 'he7gz4vko8qgie32i3sa5k2gp4es7eo9',
  'openid' => 'oFqowwJc7JZxQp_A5bb44Tt4_61c',
  'out_trade_no' => 'f9a450a2f5f34dacb50fa64e13425bdd',
  'result_code' => 'SUCCESS',
  'return_code' => 'SUCCESS',
  'sign' => '4BCCC622A1E67CF8772538A3652EBCD4',
  'time_end' => '20171102122812',
  'total_fee' => '2000',
  'trade_type' => 'NATIVE',
  'transaction_id' => '4200000010201711021907624204',
)
[2017-11-02 12:29:48][58.251.80.53][INFO]微信支付 成功:回调信息是:array (
  'appid' => 'wxcb8a76fe730b5964',
  'attach' => 'fa3b11d2-55f1-4bac-a235-9007476d0350',
  'bank_type' => 'CFT',
  'cash_fee' => '2000',
  'fee_type' => 'CNY',
  'is_subscribe' => 'Y',
  'mch_id' => '1352470102',
  'nonce_str' => '0g9ixbo3mqcm95h7z7mwt2iwzdxxpqbt',
  'openid' => 'oFqowwJc7JZxQp_A5bb44Tt4_61c',
  'out_trade_no' => 'd512497ec10f486d928964c9e0b25b74',
  'result_code' => 'SUCCESS',
  'return_code' => 'SUCCESS',
  'sign' => 'CD79AACD687C3D9A88C7180EE7B5E0C3',
  'time_end' => '20171102122947',
  'total_fee' => '2000',
  'trade_type' => 'NATIVE',
  'transaction_id' => '4200000006201711021910761818',
)
[2017-11-02 12:37:47][203.209.227.70][INFO]支付宝支付 :回调信息是:array (
  'gmt_create' => '2017-11-02 12:37:47',
  'charset' => 'utf-8',
  'seller_email' => 'qiyue@pp158.com',
  'notify_time' => '2017-11-02 12:37:47',
  'subject' => 'pp游戏账单支付',
  'sign' => 'K1nl4nHMIFgoakjmeUKJINj11ySBt6WsqHht98I5I50D67IzpeO7sdKueiB8sz/YBgyIcYdN62lgd+2wyFlwtlkRq84hamRhY+n+VNJ7NUM4ghD2mmUDyrct3U0q3GfsqQRgD7Gi2cEcM+s0PQEsCXtyfIaqaJeqnqsh4D9l0rr31Nq6CaXPKfGyb0I7LwS84BbLEWBWQdxBtcfQzNrCNqmfYeYb5RrQiw2fNdjAB1g2j1AetgUs+bgOTHwwkqVulwRE3Q9dzkK64hVE0Dw+Dpg9OOW21VOHHhZdz7OkRNu/u3fNuSiJY/s74smbztkh/ac0TBjWtIIgeQV2fmFElQ==',
  'body' => 'bbcfb6ee-47f4-419e-bd30-5152dc519034',
  'buyer_id' => '2088612518808319',
  'version' => '1.0',
  'notify_id' => 'b33a02f26d765a014ea9a5af19b089eifk',
  'notify_type' => 'trade_status_sync',
  'out_trade_no' => '4c14cea4581747ccbf8b5d5fbb7df153',
  'total_amount' => '20.00',
  'trade_status' => 'WAIT_BUYER_PAY',
  'trade_no' => '2017110221001004315271604040',
  'auth_app_id' => '2017021605702899',
  'buyer_logon_id' => '135****5791',
  'app_id' => '2017021605702899',
  'sign_type' => 'RSA2',
  'seller_id' => '2088221931936835',
)
[2017-11-02 12:37:54][203.209.227.241][INFO]支付宝支付 成功:回调信息是:array (
  'gmt_create' => '2017-11-02 12:37:47',
  'charset' => 'utf-8',
  'seller_email' => 'qiyue@pp158.com',
  'subject' => 'pp游戏账单支付',
  'sign' => 'Y0/cxu5TJ5xI9gcFp1nigkfVx42ANUuwY7wV9HPfS7NYw/9RiObLCJiPRXaj06ScXWnDSOGgiQfqu6nd7iP2WW83TipYw2ptqz709fiXdbjR4pPWdX5HE3+vc+tmvA8khrmL7DBV5ZbcofKmTyjYlYfEOU3JTuXlTnLNxrk84lFeH02/OBfgWtHC2hYFvssR2JI2LEgRo5ZZjPoQRmMYtS3X8hsI908WFEQDaKfSO0cISCEV7J77swFYDTKVM3faIGlNVZp1CTfTK/tO1mZYKL5wSfPADj3V/wNeu9zsB4cYAQxasgS3CzKdE0bwxl1mmIJ42DWHKzbikVMmGznsew==',
  'body' => 'bbcfb6ee-47f4-419e-bd30-5152dc519034',
  'buyer_id' => '2088612518808319',
  'invoice_amount' => '20.00',
  'notify_id' => '5921c6d2bc98bd663544be5bedf4290ifk',
  'fund_bill_list' => '[{"amount":"20.00","fundChannel":"PCREDIT"}]',
  'notify_type' => 'trade_status_sync',
  'trade_status' => 'TRADE_SUCCESS',
  'receipt_amount' => '20.00',
  'app_id' => '2017021605702899',
  'buyer_pay_amount' => '20.00',
  'sign_type' => 'RSA2',
  'seller_id' => '2088221931936835',
  'gmt_payment' => '2017-11-02 12:37:54',
  'notify_time' => '2017-11-02 12:37:54',
  'version' => '1.0',
  'out_trade_no' => '4c14cea4581747ccbf8b5d5fbb7df153',
  'total_amount' => '20.00',
  'trade_no' => '2017110221001004315271604040',
  'auth_app_id' => '2017021605702899',
  'buyer_logon_id' => '135****5791',
  'point_amount' => '0.00',
)
[2017-11-02 12:39:04][140.207.54.74][INFO]微信支付 成功:回调信息是:array (
  'appid' => 'wxcb8a76fe730b5964',
  'attach' => '792f7717-f9d4-4c04-98b4-5372205d16ba',
  'bank_type' => 'ABC_DEBIT',
  'cash_fee' => '2000',
  'fee_type' => 'CNY',
  'is_subscribe' => 'N',
  'mch_id' => '1352470102',
  'nonce_str' => 'vvz9ao40u885cfl1xscnu0npv5ajh0lk',
  'openid' => 'oFqowwPLfV0g0Vj0Mzp5M73O0JLA',
  'out_trade_no' => 'fa06e1bdac654185a808048221e2cbb1',
  'result_code' => 'SUCCESS',
  'return_code' => 'SUCCESS',
  'sign' => '451D49F44BAE5305D33943FC6AC07DC1',
  'time_end' => '20171102123903',
  'total_fee' => '2000',
  'trade_type' => 'NATIVE',
  'transaction_id' => '4200000015201711021912664591',
)
[2017-11-02 12:39:40][140.207.54.74][INFO]微信支付 成功:回调信息是:array (
  'appid' => 'wxcb8a76fe730b5964',
  'attach' => '826b8eb8-91cb-4c0d-aad9-9c8d8c236210',
  'bank_type' => 'CFT',
  'cash_fee' => '500',
  'fee_type' => 'CNY',
  'is_subscribe' => 'Y',
  'mch_id' => '1352470102',
  'nonce_str' => 'swcvdr3x12vfho8hldh1z5o2ic4ddh95',
  'openid' => 'oFqowwMtqyAuu_YpKX_96kU_0s-8',
  'out_trade_no' => 'f7f397dde370453eb6f8e480299fd078',
  'result_code' => 'SUCCESS',
  'return_code' => 'SUCCESS',
  'sign' => '726FB6795A4F43CAA3A94F1ECBD0943A',
  'time_end' => '20171102123940',
  'total_fee' => '500',
  'trade_type' => 'NATIVE',
  'transaction_id' => '4200000022201711021910111298',
)
[2017-11-02 12:40:13][140.207.54.74][INFO]微信支付 成功:回调信息是:array (
  'appid' => 'wxcb8a76fe730b5964',
  'attach' => 'ed975ffa-60f3-4bd0-8d49-c43c638bf5ea',
  'bank_type' => 'CFT',
  'cash_fee' => '500',
  'fee_type' => 'CNY',
  'is_subscribe' => 'Y',
  'mch_id' => '1352470102',
  'nonce_str' => 'ckntfi8lp0xs6kndsedcdyduggedg3zy',
  'openid' => 'oFqowwMK1Nz9k3mcgzaHp_7aKigM',
  'out_trade_no' => 'ca8f99f3f5eb4f26b79682194c942dc7',
  'result_code' => 'SUCCESS',
  'return_code' => 'SUCCESS',
  'sign' => '1C21A244E828C0C65F4B498E62793693',
  'time_end' => '20171102124012',
  'total_fee' => '500',
  'trade_type' => 'NATIVE',
  'transaction_id' => '4200000018201711021911476573',
)
[2017-11-02 12:40:54][140.207.54.76][INFO]微信支付 成功:回调信息是:array (
  'appid' => 'wxcb8a76fe730b5964',
  'attach' => '078129da-9b9a-40f1-9005-fd92487ebbff',
  'bank_type' => 'CFT',
  'cash_fee' => '500',
  'fee_type' => 'CNY',
  'is_subscribe' => 'N',
  'mch_id' => '1352470102',
  'nonce_str' => '03vajnstma3zgftnmifhymlp1lb6l0h2',
  'openid' => 'oFqowwLSO6B37tYgxM39ZEIG42to',
  'out_trade_no' => '6e1aa2f1795444eb843327578bf648c8',
  'result_code' => 'SUCCESS',
  'return_code' => 'SUCCESS',
  'sign' => '2B279BE32A9E127B17345AFDC0AC9E5F',
  'time_end' => '20171102124053',
  'total_fee' => '500',
  'trade_type' => 'NATIVE',
  'transaction_id' => '4200000020201711021914505012',
)
[2017-11-02 12:42:05][58.251.80.53][INFO]微信支付 成功:回调信息是:array (
  'appid' => 'wxcb8a76fe730b5964',
  'attach' => 'ed975ffa-60f3-4bd0-8d49-c43c638bf5ea',
  'bank_type' => 'CFT',
  'cash_fee' => '600',
  'fee_type' => 'CNY',
  'is_subscribe' => 'Y',
  'mch_id' => '1352470102',
  'nonce_str' => '4aq18lymk9luehxr4pv6rw79f0k897tq',
  'openid' => 'oFqowwMK1Nz9k3mcgzaHp_7aKigM',
  'out_trade_no' => '8b55ebe0125c476082ca611df90d9624',
  'result_code' => 'SUCCESS',
  'return_code' => 'SUCCESS',
  'sign' => 'DC046122937EFCE41B59AEF1A6ED3CF1',
  'time_end' => '20171102124205',
  'total_fee' => '600',
  'trade_type' => 'JSAPI',
  'transaction_id' => '4200000020201711021914573869',
)
[2017-11-02 12:43:58][140.207.54.76][INFO]微信支付 成功:回调信息是:array (
  'appid' => 'wxcb8a76fe730b5964',
  'attach' => 'e0f7e2bc-06d0-4684-89da-8d2edcaeb442',
  'bank_type' => 'CFT',
  'cash_fee' => '500',
  'fee_type' => 'CNY',
  'is_subscribe' => 'N',
  'mch_id' => '1352470102',
  'nonce_str' => 'drhwcirq9c25eg3litjwv93em5ege7n5',
  'openid' => 'oFqowwM5Sb2ZuSk6vgQUb-QumlFY',
  'out_trade_no' => '8558efb3eb8e44c69d74120bc8b0d3b2',
  'result_code' => 'SUCCESS',
  'return_code' => 'SUCCESS',
  'sign' => '5CD2596F03973B3EC54E32DA2EF447F3',
  'time_end' => '20171102124358',
  'total_fee' => '500',
  'trade_type' => 'NATIVE',
  'transaction_id' => '4200000017201711021916389307',
)
[2017-11-02 12:44:26][203.209.227.203][INFO]支付宝支付 :回调信息是:array (
  'gmt_create' => '2017-11-02 12:44:25',
  'charset' => 'utf-8',
  'seller_email' => 'qiyue@pp158.com',
  'notify_time' => '2017-11-02 12:44:25',
  'subject' => 'pp游戏账单支付',
  'sign' => 'YXmGXjmu57L0eMt8bLDt+8yR3gYowP/7qt7FxD3BuNotlzMTPh/GDyOcmmT10evSmtKIEwDH0A09/z0xf0KC0tXdjU18QwXcz81u6DVvB/CzW52dpj7tFhPbu40vLFf9QlRm8Tlsr/0jpLIGOWPSu1j6GUbOdPKioE0EdzfZZgbKTR8G3IMRr0rZOwt90u+/xatnyoezXi98ilttLNNdUOiMplYHTwLxsdq6j6mRbjXCfiODukUMrpVNeHqGuKFDV5LK04i2atBW6pDXjoGiVr+wEax8O3HgQFcuAtP/te/a3TdOd9dagfkUQveBugeUA+tDgQ5x5fryIxbIBrH3Gg==',
  'body' => 'd06ac3a5-7bc6-446a-a691-77f9be7bd8a2',
  'buyer_id' => '2088712736669333',
  'version' => '1.0',
  'notify_id' => 'cb5d6739e1da8f96dc8a451d855799bil4',
  'notify_type' => 'trade_status_sync',
  'out_trade_no' => '420cb34b54b14797a9e8751b26b18454',
  'total_amount' => '20.00',
  'trade_status' => 'WAIT_BUYER_PAY',
  'trade_no' => '2017110221001004335266504828',
  'auth_app_id' => '2017021605702899',
  'buyer_logon_id' => '526***@qq.com',
  'app_id' => '2017021605702899',
  'sign_type' => 'RSA2',
  'seller_id' => '2088221931936835',
)
[2017-11-02 12:44:26][140.207.54.76][INFO]微信支付 c++服务端通信验证失败 pay_status = 1:回调信息是:array (
  'appid' => 'wxcb8a76fe730b5964',
  'attach' => '6D82324B-1CF1-4DC9-B457-9F8AD5B54B31',
  'bank_type' => 'CFT',
  'cash_fee' => '1',
  'fee_type' => 'CNY',
  'is_subscribe' => 'Y',
  'mch_id' => '1352470102',
  'nonce_str' => 'tfjrr45uvf68z4gqtgcge5sljghyr8fg',
  'openid' => 'oFqowwOQjeIpi6_WhZvWw7PAQzmM',
  'out_trade_no' => 'fdr_1111111',
  'result_code' => 'SUCCESS',
  'return_code' => 'SUCCESS',
  'sign' => '38158675F962BE4EFCDF5EFC910547E8',
  'time_end' => '20171102094013',
  'total_fee' => '1',
  'trade_type' => 'NATIVE',
  'transaction_id' => '4200000010201711021865754249',
)
[2017-11-02 12:44:29][203.209.226.90][INFO]支付宝支付 成功:回调信息是:array (
  'gmt_create' => '2017-11-02 12:44:25',
  'charset' => 'utf-8',
  'seller_email' => 'qiyue@pp158.com',
  'subject' => 'pp游戏账单支付',
  'sign' => 'L2xD2o/5lCoAr7E1Jgxdf82dmyJwseg16TQVKkYn+o2SkY9lp+ldqLJFDPCNvxhPeWuxq47NwZRDvguQVLFD9NXdt1GOoE8JUcedeen3D2BSUdTDTgmVoq0Rv88g5AyOZohB6qvLgI88+et6RZ2hBLJWaQCgcwklGJcfCeZ00HrTv2V9gOEJXUYmQV/830kZKKri9qanTMh659kTxtgUj5d+9NwJ5F00LO88gzzNpNw6OhLkYKtyVQO88NATOvWP0cFmTwd08bHlmt9bZC+b6fKQNmZfxIH48Sxn6vndl5H3uHWeS4VZlarJxJQImhNh/BmsKdAyftZ497Vmo7IMKA==',
  'body' => 'd06ac3a5-7bc6-446a-a691-77f9be7bd8a2',
  'buyer_id' => '2088712736669333',
  'invoice_amount' => '20.00',
  'notify_id' => '71704f7bdf2f492d9e6dc1862e47f97il4',
  'fund_bill_list' => '[{"amount":"20.00","fundChannel":"PCREDIT"}]',
  'notify_type' => 'trade_status_sync',
  'trade_status' => 'TRADE_SUCCESS',
  'receipt_amount' => '20.00',
  'app_id' => '2017021605702899',
  'buyer_pay_amount' => '20.00',
  'sign_type' => 'RSA2',
  'seller_id' => '2088221931936835',
  'gmt_payment' => '2017-11-02 12:44:29',
  'notify_time' => '2017-11-02 12:44:29',
  'version' => '1.0',
  'out_trade_no' => '420cb34b54b14797a9e8751b26b18454',
  'total_amount' => '20.00',
  'trade_no' => '2017110221001004335266504828',
  'auth_app_id' => '2017021605702899',
  'buyer_logon_id' => '526***@qq.com',
  'point_amount' => '0.00',
)
[2017-11-02 12:54:25][140.207.54.75][INFO]微信支付 成功:回调信息是:array (
  'appid' => 'wxcb8a76fe730b5964',
  'attach' => 'e59a5a92-5efe-4bf8-ad96-af6412b51a34',
  'bank_type' => 'ABC_DEBIT',
  'cash_fee' => '500',
  'fee_type' => 'CNY',
  'is_subscribe' => 'Y',
  'mch_id' => '1352470102',
  'nonce_str' => 'urk90yjhvqiu5g6ekirrqncrgpxb4e6i',
  'openid' => 'oFqowwA6bM8R3GbFk2b6T_8v_nGc',
  'out_trade_no' => 'ff7f2062cf7e44d4a3eaea4e37031bef',
  'result_code' => 'SUCCESS',
  'return_code' => 'SUCCESS',
  'sign' => '9A227F1555F846EA34C0D1F0DBC39175',
  'time_end' => '20171102125425',
  'total_fee' => '500',
  'trade_type' => 'NATIVE',
  'transaction_id' => '4200000011201711021917126041',
)
[2017-11-02 12:55:52][140.207.54.74][INFO]微信支付 成功:回调信息是:array (
  'appid' => 'wxcb8a76fe730b5964',
  'attach' => 'f31b2e60-697d-413b-9128-a88f3706fc3e',
  'bank_type' => 'PSBC_DEBIT',
  'cash_fee' => '1800',
  'fee_type' => 'CNY',
  'is_subscribe' => 'N',
  'mch_id' => '1352470102',
  'nonce_str' => 'ej8lygevlx0efg0ja4x6p11o0y21dp0i',
  'openid' => 'oFqowwMpCkXCfc1zDiRTGeMgveQU',
  'out_trade_no' => '6cc2f5ed2f3e40058d99fb3377120d37',
  'result_code' => 'SUCCESS',
  'return_code' => 'SUCCESS',
  'sign' => '186C54E138CF2755B581ECCC471630BB',
  'time_end' => '20171102125552',
  'total_fee' => '1800',
  'trade_type' => 'JSAPI',
  'transaction_id' => '4200000027201711021915356267',
)
[2017-11-02 12:58:33][58.251.80.55][INFO]微信支付 成功:回调信息是:array (
  'appid' => 'wxcb8a76fe730b5964',
  'attach' => '5f30c093-4751-4683-b7da-cee28a16c2ae',
  'bank_type' => 'CMB_DEBIT',
  'cash_fee' => '20000',
  'fee_type' => 'CNY',
  'is_subscribe' => 'N',
  'mch_id' => '1352470102',
  'nonce_str' => 'iecpnkfxronfbm0s2rhg658bou04rmmy',
  'openid' => 'oFqowwCao9B6nFHEp-nLkDKupMDQ',
  'out_trade_no' => 'f4b0b2967ca04cc8aafdee5213291651',
  'result_code' => 'SUCCESS',
  'return_code' => 'SUCCESS',
  'sign' => 'BE3F2E2DD8C1678C6F75A7FBDF62E663',
  'time_end' => '20171102125832',
  'total_fee' => '20000',
  'trade_type' => 'NATIVE',
  'transaction_id' => '4200000009201711021918516573',
)
