[2017-11-02 13:01:23][140.207.54.76][INFO]微信支付 成功:回调信息是:array (
  'appid' => 'wxcb8a76fe730b5964',
  'attach' => '994bd6c0-e452-459a-a840-e01643b6218d',
  'bank_type' => 'ICBC_DEBIT',
  'cash_fee' => '5000',
  'fee_type' => 'CNY',
  'is_subscribe' => 'Y',
  'mch_id' => '1352470102',
  'nonce_str' => '5t5c7k8tr14zptxrh1r51fj3d9brgpy7',
  'openid' => 'oFqowwDFDfaaI7fq4PmP_wAHnZ0E',
  'out_trade_no' => 'dbd5cb76b7b44ea08895d3fe2950ef80',
  'result_code' => 'SUCCESS',
  'return_code' => 'SUCCESS',
  'sign' => 'E9A2A02B6431B7A34EA7714D8B646E6C',
  'time_end' => '20171102130123',
  'total_fee' => '5000',
  'trade_type' => 'NATIVE',
  'transaction_id' => '4200000002201711021914073594',
)
[2017-11-02 13:03:07][203.209.234.95][INFO]支付宝支付 :回调信息是:array (
  'gmt_create' => '2017-11-02 13:03:06',
  'charset' => 'utf-8',
  'seller_email' => 'qiyue@pp158.com',
  'notify_time' => '2017-11-02 13:03:07',
  'subject' => 'pp游戏账单支付',
  'sign' => 'ZnVC8tZqXLhqRYwgB0TzcuDDu9tkACOyHsGvhTD4nyj6D050ZChSBhdaQa3055DAgZ6tXc/03erP80Mkteyo59AHs6uxrhc0Jd72jyORFjqpkY2ybu4K0rjFSEK1Mcu/mpmwJQovnCiUgTRQzIxnSd4UZAv4ezggv1LWliaCoNAIS3rsceCjKI7Szgm0m3adDQ21JmHILPF/GRTwGLYjEkN/nczDqkeLfBgy/KPXqpEwnV3OtlSSocu0F9dXgdzKZM8drZ3RZBTAdAfMYgFtNy2e93QtZH5NMEoQFplWxNrlNfeVUYYGjbBVbd5+g3P4UNga7Jr/5uWsUSBlJWoMDw==',
  'body' => '9f636b5d-cca0-4143-b6f9-4b7a110ab9ff',
  'buyer_id' => '2088022394435884',
  'version' => '1.0',
  'notify_id' => '5d02203ecd403c9ec7b70e8290a8973msi',
  'notify_type' => 'trade_status_sync',
  'out_trade_no' => '430cfb070594472a88da0142a150df0f',
  'total_amount' => '20.00',
  'trade_status' => 'WAIT_BUYER_PAY',
  'trade_no' => '2017110221001004880285183661',
  'auth_app_id' => '2017021605702899',
  'buyer_logon_id' => '158****0878',
  'app_id' => '2017021605702899',
  'sign_type' => 'RSA2',
  'seller_id' => '2088221931936835',
)
[2017-11-02 13:03:14][203.209.234.2][INFO]支付宝支付 成功:回调信息是:array (
  'gmt_create' => '2017-11-02 13:03:06',
  'charset' => 'utf-8',
  'seller_email' => 'qiyue@pp158.com',
  'subject' => 'pp游戏账单支付',
  'sign' => 'KYgZ849scFOWfPfFaDL7IF1dzIc1eBXz81xxRXrAQlIuIfd9/1Po0AzqMFoOSTU1JfUYoHxz9t09eaXZGtxdV8OPEsrYO7ovfHvOWjNKfvBWVDbFFwwYzy35BQ5uskVRyDxnZu2oNs0dF1omaoocEqQKA75aPVxgizp97PgHjTjBPO6rNJ70XKM4hnszRvFcRR1Z7PpYhNCfg8zD8gM5bnjE+kKTLXMNW9fJPlrq5RxQVQQV0C80HqwPC16G9vD02fOXpPPlTA1KxEwFG/nCdjawKfVriiP0AafGwRsKfKuS6z8XDlrJBJXnP5iMgG243KsezaTw698VQxSKD8f47A==',
  'body' => '9f636b5d-cca0-4143-b6f9-4b7a110ab9ff',
  'buyer_id' => '2088022394435884',
  'invoice_amount' => '20.00',
  'notify_id' => '79a9573c0cfdfa334a84062625ab080msi',
  'fund_bill_list' => '[{"amount":"20.00","fundChannel":"ALIPAYACCOUNT"}]',
  'notify_type' => 'trade_status_sync',
  'trade_status' => 'TRADE_SUCCESS',
  'receipt_amount' => '20.00',
  'app_id' => '2017021605702899',
  'buyer_pay_amount' => '20.00',
  'sign_type' => 'RSA2',
  'seller_id' => '2088221931936835',
  'gmt_payment' => '2017-11-02 13:03:14',
  'notify_time' => '2017-11-02 13:03:14',
  'version' => '1.0',
  'out_trade_no' => '430cfb070594472a88da0142a150df0f',
  'total_amount' => '20.00',
  'trade_no' => '2017110221001004880285183661',
  'auth_app_id' => '2017021605702899',
  'buyer_logon_id' => '158****0878',
  'point_amount' => '0.00',
)
[2017-11-02 13:03:19][140.207.54.74][INFO]微信支付 成功:回调信息是:array (
  'appid' => 'wxcb8a76fe730b5964',
  'attach' => '5f30c093-4751-4683-b7da-cee28a16c2ae',
  'bank_type' => 'CMB_DEBIT',
  'cash_fee' => '20000',
  'fee_type' => 'CNY',
  'is_subscribe' => 'N',
  'mch_id' => '1352470102',
  'nonce_str' => 'jq0fd6mv95c86getqi9x2r9jf9uhz3x5',
  'openid' => 'oFqowwCao9B6nFHEp-nLkDKupMDQ',
  'out_trade_no' => 'a2d8e6a8cb7748cbb1a38cbeca85fe01',
  'result_code' => 'SUCCESS',
  'return_code' => 'SUCCESS',
  'sign' => 'B13FC7F39ECC9BF703CCC02973BB8642',
  'time_end' => '20171102130319',
  'total_fee' => '20000',
  'trade_type' => 'NATIVE',
  'transaction_id' => '4200000021201711021915854869',
)
[2017-11-02 13:03:42][110.75.248.196][INFO]支付宝支付 :回调信息是:array (
  'gmt_create' => '2017-11-02 13:03:42',
  'charset' => 'utf-8',
  'seller_email' => 'qiyue@pp158.com',
  'notify_time' => '2017-11-02 13:03:42',
  'subject' => 'pp游戏账单支付',
  'sign' => 'Tr40JmkFkRn09YZOlat3HAp/YuZvVX0m7FNiFLsW+tsUa+Ef2oC+V4rDKTptaKbtpSRaUTTzlj3MmUAhuCgTzgmSONe3EimbOTtGAyJa515H1BqMO72SdTI8PoQ7tDobiyZfWShwbr6d3iA6SXeoZfX46Z6zndUD/OBYH3qvixueQvLVJVh+kKG6vuI5Cja3AV+6XwZ/+ZRo3V7Yc/7quk2D8cAoocVFNCI91lfhzKH2qmfcmIqlY7dROSy8dTr87DwcTAtfX5TseYXMocYO/U6IjORYm8f+kZQK3Mlb8rbcrt24FRnc3zGLt6ARLL0cjyOwA71E65N69QOL/EgTKg==',
  'body' => 'e59a5a92-5efe-4bf8-ad96-af6412b51a34',
  'buyer_id' => '2088202875978781',
  'version' => '1.0',
  'notify_id' => '0017a6fd466d7c17649594ad56c69c0m24',
  'notify_type' => 'trade_status_sync',
  'out_trade_no' => 'ae74f78918c345739ea3c865910184cb',
  'total_amount' => '5.00',
  'trade_status' => 'WAIT_BUYER_PAY',
  'trade_no' => '2017110221001004785253375912',
  'auth_app_id' => '2017021605702899',
  'buyer_logon_id' => '159****2940',
  'app_id' => '2017021605702899',
  'sign_type' => 'RSA2',
  'seller_id' => '2088221931936835',
)
[2017-11-02 13:03:52][110.75.248.1][INFO]支付宝支付 成功:回调信息是:array (
  'gmt_create' => '2017-11-02 13:03:42',
  'charset' => 'utf-8',
  'seller_email' => 'qiyue@pp158.com',
  'subject' => 'pp游戏账单支付',
  'sign' => 'K85Ox9YZayzqnwJ3OVxL8mr9rMpxmktdjioCnQey7bk+n/d7eXPHwXWYIdcPDVgqLmmFsFqcetzeoHfeQgGa9VidwbG7DJy2+IVJRiRx5CuvB9DNzvqlhpGXf7OYnTwnK8hlS+YFBXHatHQ/nJcqXXFOwy+jSFD3G4socxawbYovfHDihZwKHmgTmfqzD2m/I11Zid4C9ApP4shzndyQXgSHse51nbRea5RAVHBnt0icV27HH4ZhJb9XwFvKVXoVZsZsnz7GTJsHno+t1N7rBKISFjghl3seeEk/QLYtbteRR72117jZ3RT882RGxtwE1YkAGxamHDinmeFNbrLTlQ==',
  'body' => 'e59a5a92-5efe-4bf8-ad96-af6412b51a34',
  'buyer_id' => '2088202875978781',
  'invoice_amount' => '5.00',
  'notify_id' => '0546bc2213522a0bcb1178354809da8m24',
  'fund_bill_list' => '[{"amount":"5.00","fundChannel":"ALIPAYACCOUNT"}]',
  'notify_type' => 'trade_status_sync',
  'trade_status' => 'TRADE_SUCCESS',
  'receipt_amount' => '5.00',
  'app_id' => '2017021605702899',
  'buyer_pay_amount' => '5.00',
  'sign_type' => 'RSA2',
  'seller_id' => '2088221931936835',
  'gmt_payment' => '2017-11-02 13:03:52',
  'notify_time' => '2017-11-02 13:03:52',
  'version' => '1.0',
  'out_trade_no' => 'ae74f78918c345739ea3c865910184cb',
  'total_amount' => '5.00',
  'trade_no' => '2017110221001004785253375912',
  'auth_app_id' => '2017021605702899',
  'buyer_logon_id' => '159****2940',
  'point_amount' => '0.00',
)
[2017-11-02 13:07:20][110.75.242.133][INFO]支付宝支付 状态不是成功状态:TRADE_CLOSED:回调信息是:array (
  'gmt_create' => '2017-11-02 12:37:03',
  'charset' => 'UTF-8',
  'seller_email' => 'qiyue@pp158.com',
  'notify_time' => '2017-11-02 13:07:20',
  'subject' => 'pp游戏账单支付',
  'sign' => 'fJQEkUNU5CFqquOd/upQSCioUN+9WIVpYTX1mvIKqfALnIYQ+aMpOdsZhbRDfpWdqJrCQNdsginIDSw0Jp+jqBHknplit7QQkmmmARanrlyY5gpzZDLL3hzT9vON2MsAVdOudyyoxGTiSQSCutAj0wNO6aO6YleDCE2WALogzU4LO4rnJzw9Zd7GP+aTboJ/bGBrzUSkHWV75cGZP0WJOPlxkT9bmOVQYdkEAnAzj7rt91iQJvVTMuKetamKNqgvzQf4d0un7rxr8udExMTq0gbP9bFWevLtnX3G8hn1RbqD9CQNPMtjOSHdPyxbuQ9Xyt+qZSJB5Wf/ckdTRGc3vg==',
  'body' => 'bbcfb6ee-47f4-419e-bd30-5152dc519034',
  'buyer_id' => '2088612518808319',
  'version' => '1.0',
  'notify_id' => 'ef59a12d6237abbc3d89b04b0be60cfie6',
  'notify_type' => 'trade_status_sync',
  'out_trade_no' => '9678963073b7464aa9099b796d8c2217',
  'total_amount' => '18.00',
  'trade_status' => 'TRADE_CLOSED',
  'refund_fee' => '0.00',
  'trade_no' => '2017110221001004310287908940',
  'auth_app_id' => '2017021605702899',
  'gmt_close' => '2017-11-02 13:07:20',
  'buyer_logon_id' => '135****5791',
  'app_id' => '2017021605702899',
  'sign_type' => 'RSA2',
  'seller_id' => '2088221931936835',
)
[2017-11-02 13:08:17][140.207.54.74][INFO]微信支付 成功:回调信息是:array (
  'appid' => 'wxcb8a76fe730b5964',
  'attach' => '5f30c093-4751-4683-b7da-cee28a16c2ae',
  'bank_type' => 'CMB_DEBIT',
  'cash_fee' => '20000',
  'fee_type' => 'CNY',
  'is_subscribe' => 'N',
  'mch_id' => '1352470102',
  'nonce_str' => 'aloazx7ma52wvr4j7obeolow7047kktf',
  'openid' => 'oFqowwCao9B6nFHEp-nLkDKupMDQ',
  'out_trade_no' => '608d066ba17e4c51a0670aa488aa6a90',
  'result_code' => 'SUCCESS',
  'return_code' => 'SUCCESS',
  'sign' => '85043E9FD054672668797AF8391B5869',
  'time_end' => '20171102130817',
  'total_fee' => '20000',
  'trade_type' => 'NATIVE',
  'transaction_id' => '4200000020201711021917894980',
)
[2017-11-02 13:08:55][140.207.54.76][INFO]微信支付 成功:回调信息是:array (
  'appid' => 'wxcb8a76fe730b5964',
  'attach' => 'a4932917-e610-46e2-ae9a-cf95066d16ab',
  'bank_type' => 'CFT',
  'cash_fee' => '1800',
  'fee_type' => 'CNY',
  'is_subscribe' => 'N',
  'mch_id' => '1352470102',
  'nonce_str' => 'hojq0s5simvifbq8gi10uvzf253cztx6',
  'openid' => 'oFqowwIQEaEWpqWCT6q884WBXWnU',
  'out_trade_no' => '9c18cc17b8504f48941a482918ead776',
  'result_code' => 'SUCCESS',
  'return_code' => 'SUCCESS',
  'sign' => 'A2238DF77BAC76E47FB4F3D8EA460AC2',
  'time_end' => '20171102130855',
  'total_fee' => '1800',
  'trade_type' => 'JSAPI',
  'transaction_id' => '4200000011201711021916186740',
)
[2017-11-02 13:11:18][110.75.248.210][INFO]支付宝支付 :回调信息是:array (
  'gmt_create' => '2017-11-02 13:11:18',
  'charset' => 'utf-8',
  'seller_email' => 'qiyue@pp158.com',
  'notify_time' => '2017-11-02 13:11:18',
  'subject' => 'pp游戏账单支付',
  'sign' => 'Qt95NVrO18yXChm46o1W6rJFlIX2TCNrw8PFjlQnbmklLqnkuCDkvxG/aeBuVpFs3RexpyCl9C7duOe+T5qqgp9mXSgk+0j3Xt5REi3WguOFDxr+a7l/K0j4TddrAAE8Lw/07of+l9Gv1fjAPD8F2uF2X+kz6nXwYfnmQlberQU4/GhQSPz18DqZQrtDqPI13X32gdMe6qLHOHNlVKUQtTs9eKp3LjzFciiw6q9xlSsd3HUeLCb8yFuU4g/YS3rae3pWulyt450GQnhtTGARRhrbmoRDFy/4Y8oE+UeF5nUwi01rkloR1toVG0hAxuCQhHsqSi1iqhmHXgiB9jRvmA==',
  'body' => 'e59a5a92-5efe-4bf8-ad96-af6412b51a34',
  'buyer_id' => '2088202875978781',
  'version' => '1.0',
  'notify_id' => '6f4770778b44ede1ee909466f1f5fc0m24',
  'notify_type' => 'trade_status_sync',
  'out_trade_no' => 'c1262b7fd85e423a80c2ea0cad04122a',
  'total_amount' => '20.00',
  'trade_status' => 'WAIT_BUYER_PAY',
  'trade_no' => '2017110221001004785252637472',
  'auth_app_id' => '2017021605702899',
  'buyer_logon_id' => '159****2940',
  'app_id' => '2017021605702899',
  'sign_type' => 'RSA2',
  'seller_id' => '2088221931936835',
)
[2017-11-02 13:11:27][110.75.248.116][INFO]支付宝支付 成功:回调信息是:array (
  'gmt_create' => '2017-11-02 13:11:18',
  'charset' => 'utf-8',
  'seller_email' => 'qiyue@pp158.com',
  'subject' => 'pp游戏账单支付',
  'sign' => 'cdA3kapmX3qAnGoellQfR5KLuhYNox6ndc3n1UDhS3FF4SWreyU/dH8u+2JG2eggeTNo0m9k8bWEfbSEU/QTfqLH29AXRyBUzXahZWYRHwsD0WPKDtm7F7YsbbKq+Z79V44e//b2X0Z1NIMt1xZT5pFc0kXuXwMT4XlFr74vF143/KyajDlXz27Qy+AqLa3+bs3JYBL/3umKbqlmS34AvPgKfkUlNY+wMX3ZR3R3BMyFkCtbHZMbCSsO+40jzU+6+4LQmSOJS7I7tGN3kb3GxmVQ0f71boeNmi5Uhd+ozhJaysoXSqoaQ+/izL+UdCf6cg4tWXGVL3nBLkiPv/sK7A==',
  'body' => 'e59a5a92-5efe-4bf8-ad96-af6412b51a34',
  'buyer_id' => '2088202875978781',
  'invoice_amount' => '20.00',
  'notify_id' => '6642da83d5d1f0679230fc30c27c6eem24',
  'fund_bill_list' => '[{"amount":"20.00","fundChannel":"ALIPAYACCOUNT"}]',
  'notify_type' => 'trade_status_sync',
  'trade_status' => 'TRADE_SUCCESS',
  'receipt_amount' => '20.00',
  'app_id' => '2017021605702899',
  'buyer_pay_amount' => '20.00',
  'sign_type' => 'RSA2',
  'seller_id' => '2088221931936835',
  'gmt_payment' => '2017-11-02 13:11:27',
  'notify_time' => '2017-11-02 13:11:27',
  'version' => '1.0',
  'out_trade_no' => 'c1262b7fd85e423a80c2ea0cad04122a',
  'total_amount' => '20.00',
  'trade_no' => '2017110221001004785252637472',
  'auth_app_id' => '2017021605702899',
  'buyer_logon_id' => '159****2940',
  'point_amount' => '0.00',
)
[2017-11-02 13:11:44][110.75.242.129][INFO]支付宝支付 状态不是成功状态:TRADE_CLOSED:回调信息是:array (
  'gmt_create' => '2017-11-02 12:37:03',
  'charset' => 'UTF-8',
  'seller_email' => 'qiyue@pp158.com',
  'notify_time' => '2017-11-02 13:11:44',
  'subject' => 'pp游戏账单支付',
  'sign' => 'aPZbPdltjmvJZ/dkAtcXY5qja8wDdDGUp8ZlOf8P+UggNcFqaU0UQp+/Q80MW/egqyx1A9fOdL2pTDD/JZI43w6jXZ6FbSgiL7ZWBeONBjezg6IjF8Zd9Z1YzGFNPDRKeb5IyVRPu/9H1ZqjIaif4+njZjfln1vp43U5bp72AZpqD6VatKRsGQBNR0SRZoILM9OmEr4ay7sFX608g73eeqQMyDg/s8J5QM1gSoIRKwnPr4lYM8nve9z0fZc5Z12B7WncjI0KvvHwulSkythr3k9Mng3uo09niiJE2DOdYNUxZ9sYxYyKnaFbDTlcUfaGD4AT4aYF6V5qXCX01V5urg==',
  'body' => 'bbcfb6ee-47f4-419e-bd30-5152dc519034',
  'buyer_id' => '2088612518808319',
  'version' => '1.0',
  'notify_id' => 'ef59a12d6237abbc3d89b04b0be60cfie6',
  'notify_type' => 'trade_status_sync',
  'out_trade_no' => '9678963073b7464aa9099b796d8c2217',
  'total_amount' => '18.00',
  'trade_status' => 'TRADE_CLOSED',
  'refund_fee' => '0.00',
  'trade_no' => '2017110221001004310287908940',
  'auth_app_id' => '2017021605702899',
  'gmt_close' => '2017-11-02 13:07:20',
  'buyer_logon_id' => '135****5791',
  'app_id' => '2017021605702899',
  'sign_type' => 'RSA2',
  'seller_id' => '2088221931936835',
)
[2017-11-02 13:12:40][140.207.54.76][INFO]微信支付 成功:回调信息是:array (
  'appid' => 'wxcb8a76fe730b5964',
  'attach' => '4229311f-a702-413a-a201-654dbea3c988',
  'bank_type' => 'CFT',
  'cash_fee' => '2000',
  'fee_type' => 'CNY',
  'is_subscribe' => 'N',
  'mch_id' => '1352470102',
  'nonce_str' => 'jc68komc7r5zrk72a6vlkmqtyo7soori',
  'openid' => 'oFqowwJnNDsHVtQlF1uH8zfNfF2A',
  'out_trade_no' => '711cb502ae44441f96b9b77b050596df',
  'result_code' => 'SUCCESS',
  'return_code' => 'SUCCESS',
  'sign' => '38E43EEBDE3A16F4A909E7CEF865BE3E',
  'time_end' => '20171102131240',
  'total_fee' => '2000',
  'trade_type' => 'NATIVE',
  'transaction_id' => '4200000019201711021922403344',
)
[2017-11-02 13:17:22][140.207.54.76][INFO]微信支付 成功:回调信息是:array (
  'appid' => 'wxcb8a76fe730b5964',
  'attach' => '5f30c093-4751-4683-b7da-cee28a16c2ae',
  'bank_type' => 'CMB_DEBIT',
  'cash_fee' => '10000',
  'fee_type' => 'CNY',
  'is_subscribe' => 'N',
  'mch_id' => '1352470102',
  'nonce_str' => '10ffmvofd59w6zk3lqzy8orkcey4d57w',
  'openid' => 'oFqowwCao9B6nFHEp-nLkDKupMDQ',
  'out_trade_no' => '8e32008154d84c9191d420622584de0c',
  'result_code' => 'SUCCESS',
  'return_code' => 'SUCCESS',
  'sign' => '987AE84F3A4006429058D09183EFD3B2',
  'time_end' => '20171102131721',
  'total_fee' => '10000',
  'trade_type' => 'NATIVE',
  'transaction_id' => '4200000006201711021919509989',
)
[2017-11-02 13:17:27][140.207.54.76][INFO]微信支付 成功:回调信息是:array (
  'appid' => 'wxcb8a76fe730b5964',
  'attach' => '1daee1cd-8eaf-41bc-b012-9989fab8630b',
  'bank_type' => 'CFT',
  'cash_fee' => '2000',
  'fee_type' => 'CNY',
  'is_subscribe' => 'Y',
  'mch_id' => '1352470102',
  'nonce_str' => 'oz3v0d03jumwpt88ujdz762cv495yvmj',
  'openid' => 'oFqowwNI_LW8HU1n8t3x7mYskm5U',
  'out_trade_no' => 'cb232e8d3a3c437eba32c67b635c1694',
  'result_code' => 'SUCCESS',
  'return_code' => 'SUCCESS',
  'sign' => '3A8FC261A3A6D038791579B6E27404AB',
  'time_end' => '20171102131727',
  'total_fee' => '2000',
  'trade_type' => 'NATIVE',
  'transaction_id' => '4200000011201711021924469826',
)
[2017-11-02 13:18:01][58.251.80.49][INFO]微信支付 成功:回调信息是:array (
  'appid' => 'wxcb8a76fe730b5964',
  'attach' => '5f30c093-4751-4683-b7da-cee28a16c2ae',
  'bank_type' => 'CMB_DEBIT',
  'cash_fee' => '20000',
  'fee_type' => 'CNY',
  'is_subscribe' => 'N',
  'mch_id' => '1352470102',
  'nonce_str' => '910m9usg11ck1i99ltz657nz747454tz',
  'openid' => 'oFqowwCao9B6nFHEp-nLkDKupMDQ',
  'out_trade_no' => '7eadb68af5a74ca394a06e154cbaa06f',
  'result_code' => 'SUCCESS',
  'return_code' => 'SUCCESS',
  'sign' => '13FF72018009ED7498616D58B13C0B33',
  'time_end' => '20171102131800',
  'total_fee' => '20000',
  'trade_type' => 'NATIVE',
  'transaction_id' => '4200000002201711021921048963',
)
[2017-11-02 13:18:02][110.75.242.169][INFO]支付宝支付 :回调信息是:array (
  'gmt_create' => '2017-11-02 13:18:02',
  'charset' => 'utf-8',
  'seller_email' => 'qiyue@pp158.com',
  'notify_time' => '2017-11-02 13:18:02',
  'subject' => 'pp游戏账单支付',
  'sign' => 'KTIf0uGVuw9hpTZgj+xybCEE9/z1dKhhxz6kA8B1bcj1jYBx62cW37pfN3rFbs2YoCRIFM46t5vv740ms+BTags/DhidAIYkwvysr7F/hBsJD10XPlXJk4/XsBBAA9MCmL6A204mvy8dmlXwAT7CUcp8m+EB+uFUYKJkhO0ae73VDhJzUeWA+vMJrk4JlScF1tXjyM6REf919P6j5eL0btgnQp21rSzGe3ymeWsGLX2ELNdnU3IGhpVj45PzawX4tPRoY+eSKvBHipgRZK9+Baj2pS6C6izp7w/P9vK9OAQn5zgXQA9A2v9DvQCfUhrcuxP1zfHEPXrTXYBnpBwx2A==',
  'body' => '36e71fc8-6e54-4301-8e67-c2285ecd3ca3',
  'buyer_id' => '2088822183837323',
  'version' => '1.0',
  'notify_id' => '825f1eff853717a9868562b36300a0eigy',
  'notify_type' => 'trade_status_sync',
  'out_trade_no' => 'd1a9a6000d0e421c870a52eae5cda295',
  'total_amount' => '20.00',
  'trade_status' => 'WAIT_BUYER_PAY',
  'trade_no' => '2017110221001004320262412022',
  'auth_app_id' => '2017021605702899',
  'buyer_logon_id' => '158****3283',
  'app_id' => '2017021605702899',
  'sign_type' => 'RSA2',
  'seller_id' => '2088221931936835',
)
[2017-11-02 13:18:10][110.75.242.66][INFO]支付宝支付 成功:回调信息是:array (
  'gmt_create' => '2017-11-02 13:18:02',
  'charset' => 'utf-8',
  'seller_email' => 'qiyue@pp158.com',
  'subject' => 'pp游戏账单支付',
  'sign' => 'cED17AomYEW+xQsqStqQwK0QJr6CtEglL8d/OD5r6kNVLpmIpybJiuK4X3FDetotVTciyDc5vvJlPHouhJHoXHWtIs73zDeure+ZfYzcTwus3In8xPL6bYsKT/L/SUWtHprziIsz63WoFx//1ZJ0ppWE/dN46soOQ209GLfyD2Ihe274PV87pBhJKLdiihZq1uT0FEZ2umetv7WIJKQtHiURErdM343bAb2mv9yxIrwhfidhXDbnjTCpQlu2yhSB8Zz2Bj+U3Va5VwyD2sMwJmCA08bUJj19x5zS8jsZXvuhIROHp+Y8Ri9jKXEJs9MUdOw/49Mct/ZH5/+vMPXqKw==',
  'body' => '36e71fc8-6e54-4301-8e67-c2285ecd3ca3',
  'buyer_id' => '2088822183837323',
  'invoice_amount' => '20.00',
  'notify_id' => '07ef19da45d599714904438ae8dc219igy',
  'fund_bill_list' => '[{"amount":"20.00","fundChannel":"PCREDIT"}]',
  'notify_type' => 'trade_status_sync',
  'trade_status' => 'TRADE_SUCCESS',
  'receipt_amount' => '20.00',
  'app_id' => '2017021605702899',
  'buyer_pay_amount' => '20.00',
  'sign_type' => 'RSA2',
  'seller_id' => '2088221931936835',
  'gmt_payment' => '2017-11-02 13:18:10',
  'notify_time' => '2017-11-02 13:18:10',
  'version' => '1.0',
  'out_trade_no' => 'd1a9a6000d0e421c870a52eae5cda295',
  'total_amount' => '20.00',
  'trade_no' => '2017110221001004320262412022',
  'auth_app_id' => '2017021605702899',
  'buyer_logon_id' => '158****3283',
  'point_amount' => '0.00',
)
[2017-11-02 13:21:33][110.75.242.103][INFO]支付宝支付 状态不是成功状态:TRADE_CLOSED:回调信息是:array (
  'gmt_create' => '2017-11-02 12:37:03',
  'charset' => 'UTF-8',
  'seller_email' => 'qiyue@pp158.com',
  'notify_time' => '2017-11-02 13:21:33',
  'subject' => 'pp游戏账单支付',
  'sign' => 'FLL41BddYXc4jNIKSQ9/fo/pmS2JReBB0T2ZKgwUOKC4zqB08UEdLFEny71WIyM9u/j45P4EIB/TOA96Sa12lmQ58IyQzN6J+n4RQ2Q5OWt8AErOw6RLYOFsOw3JEulnHxJAHeu52OjKDw6hOfElATaMP/kB8aP9YfzLd9EMFFsrXcR5+o4PHJejQicH5e9fVePkhlV90q4hbdnX4LqVHSfbK7ysijnUVXgfMlR03Bc7HD3rcfnxL/F1PEM6vXHhxd1d0ECeE+w0pClGhZkIkAeOu4zXFrId0U1rg+k3sbgtOWuH4Os7QjPI5bkjSOXepNDvqA+RRDPbbyASnCHS8Q==',
  'body' => 'bbcfb6ee-47f4-419e-bd30-5152dc519034',
  'buyer_id' => '2088612518808319',
  'version' => '1.0',
  'notify_id' => 'ef59a12d6237abbc3d89b04b0be60cfie6',
  'notify_type' => 'trade_status_sync',
  'out_trade_no' => '9678963073b7464aa9099b796d8c2217',
  'total_amount' => '18.00',
  'trade_status' => 'TRADE_CLOSED',
  'refund_fee' => '0.00',
  'trade_no' => '2017110221001004310287908940',
  'auth_app_id' => '2017021605702899',
  'gmt_close' => '2017-11-02 13:07:20',
  'buyer_logon_id' => '135****5791',
  'app_id' => '2017021605702899',
  'sign_type' => 'RSA2',
  'seller_id' => '2088221931936835',
)
[2017-11-02 13:31:50][110.75.242.9][INFO]支付宝支付 状态不是成功状态:TRADE_CLOSED:回调信息是:array (
  'gmt_create' => '2017-11-02 12:37:03',
  'charset' => 'UTF-8',
  'seller_email' => 'qiyue@pp158.com',
  'notify_time' => '2017-11-02 13:31:50',
  'subject' => 'pp游戏账单支付',
  'sign' => 'OJvvcYV3bGE39EQpNJDxVWKM9ytbpBQWSKF60Wlx5EHQ9pMppOvM2PAIRMLkQjVFodPztuPGq7t69vQdH8zLGjQzPHJBf8vnXClU+srVFczGMGWoZqyh//cd25qtl6HyOTpxr8WJ3SBnYzKsoFZjBKNADYOlEN/PL5geUA8KagN8G52V/ubPmEx6aHzHwheMx/vUXW8Dd6Yetp1Gcwq9SUKurfc8oSHqAFXuLMasPXTx+sO0Sy4DmNRBw5Tqhz7yYiSxjQn8IDWVeRwo7aU3eqrUMhTCVpEDWEKWEOZ4uaMMfc+K0B540kzqEvKkjuUcvbFPjNEZNEM7AWakloNlqg==',
  'body' => 'bbcfb6ee-47f4-419e-bd30-5152dc519034',
  'buyer_id' => '2088612518808319',
  'version' => '1.0',
  'notify_id' => 'ef59a12d6237abbc3d89b04b0be60cfie6',
  'notify_type' => 'trade_status_sync',
  'out_trade_no' => '9678963073b7464aa9099b796d8c2217',
  'total_amount' => '18.00',
  'trade_status' => 'TRADE_CLOSED',
  'refund_fee' => '0.00',
  'trade_no' => '2017110221001004310287908940',
  'auth_app_id' => '2017021605702899',
  'gmt_close' => '2017-11-02 13:07:20',
  'buyer_logon_id' => '135****5791',
  'app_id' => '2017021605702899',
  'sign_type' => 'RSA2',
  'seller_id' => '2088221931936835',
)
[2017-11-02 13:33:57][58.251.80.56][INFO]微信支付 成功:回调信息是:array (
  'appid' => 'wxcb8a76fe730b5964',
  'attach' => '12584564-8bcc-4191-9833-b3470cae55c6',
  'bank_type' => 'CFT',
  'cash_fee' => '2000',
  'fee_type' => 'CNY',
  'is_subscribe' => 'Y',
  'mch_id' => '1352470102',
  'nonce_str' => '9ulxod88a94dpuna454wrashv0nrfx8u',
  'openid' => 'oFqowwICk7IcwDNHQtESxVAP_7L0',
  'out_trade_no' => '6e479f7137af466b800eb58ff3dd4df6',
  'result_code' => 'SUCCESS',
  'return_code' => 'SUCCESS',
  'sign' => '73E71C5D94713515F9B5C2A721232FE8',
  'time_end' => '20171102133356',
  'total_fee' => '2000',
  'trade_type' => 'NATIVE',
  'transaction_id' => '4200000023201711021921858099',
)
[2017-11-02 13:37:19][140.207.54.74][INFO]微信支付 成功:回调信息是:array (
  'appid' => 'wxcb8a76fe730b5964',
  'attach' => '9ae40cc3-be0d-48e6-a776-aa15246f7f2b',
  'bank_type' => 'CFT',
  'cash_fee' => '2000',
  'fee_type' => 'CNY',
  'is_subscribe' => 'Y',
  'mch_id' => '1352470102',
  'nonce_str' => '568iph0r83szeyb7oum5u9kylh0dnubk',
  'openid' => 'oFqowwKaY6lchUBaYxEmfuDytjX0',
  'out_trade_no' => '06ef46a247894622a3c2e87a33e1657e',
  'result_code' => 'SUCCESS',
  'return_code' => 'SUCCESS',
  'sign' => '5CF319082D158E14B009E2F41936855A',
  'time_end' => '20171102133719',
  'total_fee' => '2000',
  'trade_type' => 'NATIVE',
  'transaction_id' => '4200000005201711021926693123',
)
[2017-11-02 13:38:33][58.251.80.56][INFO]微信支付 成功:回调信息是:array (
  'appid' => 'wxcb8a76fe730b5964',
  'attach' => '641f3db8-e06f-4273-91e7-389a12f3fa87',
  'bank_type' => 'ICBC_DEBIT',
  'cash_fee' => '500',
  'fee_type' => 'CNY',
  'is_subscribe' => 'Y',
  'mch_id' => '1352470102',
  'nonce_str' => 'eb1qrxcu0svuvbpmu1rdtdbxchlgwtsb',
  'openid' => 'oFqowwF97qRzQYAgSL92_2gJkeSI',
  'out_trade_no' => '8d7b8305fc394c369a0f4c1369d1bf89',
  'result_code' => 'SUCCESS',
  'return_code' => 'SUCCESS',
  'sign' => '48B6A076ED5C9523055996A60C6AD733',
  'time_end' => '20171102133832',
  'total_fee' => '500',
  'trade_type' => 'NATIVE',
  'transaction_id' => '4200000024201711021922108631',
)
[2017-11-02 13:40:55][140.207.54.74][INFO]微信支付 成功:回调信息是:array (
  'appid' => 'wxcb8a76fe730b5964',
  'attach' => '9cb02f87-0600-430b-955e-eddd2c4d2a3a',
  'bank_type' => 'CFT',
  'cash_fee' => '500',
  'fee_type' => 'CNY',
  'is_subscribe' => 'Y',
  'mch_id' => '1352470102',
  'nonce_str' => 'an4lcqbph2ofgm3h2cj90f6qgry48yat',
  'openid' => 'oFqowwDZGBkPQJeeYa2GY0mdtN_o',
  'out_trade_no' => '00e40aa28c83422abd2fe5b2fdc46a2b',
  'result_code' => 'SUCCESS',
  'return_code' => 'SUCCESS',
  'sign' => '16715D32C9B27D155B46D6E2FB866AB0',
  'time_end' => '20171102134055',
  'total_fee' => '500',
  'trade_type' => 'NATIVE',
  'transaction_id' => '4200000004201711021923717795',
)
[2017-11-02 13:42:03][140.207.54.76][INFO]微信支付 成功:回调信息是:array (
  'appid' => 'wxcb8a76fe730b5964',
  'attach' => 'e59a5a92-5efe-4bf8-ad96-af6412b51a34',
  'bank_type' => 'ABC_DEBIT',
  'cash_fee' => '1800',
  'fee_type' => 'CNY',
  'is_subscribe' => 'Y',
  'mch_id' => '1352470102',
  'nonce_str' => 'piazg4cufshbd90zxskb4t6q0iroaheh',
  'openid' => 'oFqowwA6bM8R3GbFk2b6T_8v_nGc',
  'out_trade_no' => 'd11ffeeded6548f98de6a3f3f0c5c1af',
  'result_code' => 'SUCCESS',
  'return_code' => 'SUCCESS',
  'sign' => '4D972018608A6119E0B946D9BF62760E',
  'time_end' => '20171102134203',
  'total_fee' => '1800',
  'trade_type' => 'JSAPI',
  'transaction_id' => '4200000007201711021925687247',
)
[2017-11-02 13:42:52][140.207.54.74][INFO]微信支付 成功:回调信息是:array (
  'appid' => 'wxcb8a76fe730b5964',
  'attach' => '2dd10520-7fb7-4e4b-8c87-e4ab59f73d57',
  'bank_type' => 'CFT',
  'cash_fee' => '2000',
  'fee_type' => 'CNY',
  'is_subscribe' => 'N',
  'mch_id' => '1352470102',
  'nonce_str' => '77arrreyh29jsid9fmrwtyu46uknjwui',
  'openid' => 'oFqowwIWNskEBBz0KNNh77aThS-A',
  'out_trade_no' => 'd2302a8b67f34863ba0356036feaf8e4',
  'result_code' => 'SUCCESS',
  'return_code' => 'SUCCESS',
  'sign' => '4C56BC0BF88A13FA9926EF2A7E03589B',
  'time_end' => '20171102134252',
  'total_fee' => '2000',
  'trade_type' => 'NATIVE',
  'transaction_id' => '4200000009201711021926946118',
)
[2017-11-02 13:43:55][203.209.227.170][INFO]支付宝支付 :回调信息是:array (
  'gmt_create' => '2017-11-02 13:43:55',
  'charset' => 'utf-8',
  'seller_email' => 'qiyue@pp158.com',
  'notify_time' => '2017-11-02 13:43:55',
  'subject' => 'pp游戏账单支付',
  'sign' => 'ZnIKe7fe/ASMkHPLcWtHrkAOK9fSNoukHHA085BwEE8Gbd10RaIxLXSU8Li69p1og8k7kCq5cToKbjp74TrXHc/NyAvW468tDUR9Lt1jWNjq0GZcRVMAoydRqF+2sohhFAeCrKBk7nH2XRrCbhMjHYQ0YPYlMNiTNOrsSLeFGktFTFvL9rnvohHeuYpLk0zVBxAxHgXg2wgayH/ZybHEJx2VmrHvUw1yLcgY2ayCxSqUzlX0OrzQP3CnLRCjh2tBX1sAVtSp/pEcoC6OhhPbDQYFEDcAnzMJ8Ang64TiMQEPLBPNzdRnZa7GS3J0hIpNg3z4Y1ZyQl3NoCHJiDK+Fw==',
  'body' => '3d1bc2f6-8546-45a7-9362-250f2b462afb',
  'buyer_id' => '2088612033655256',
  'version' => '1.0',
  'notify_id' => 'f2567bedc5678bab1f91fb61758f16fhyw',
  'notify_type' => 'trade_status_sync',
  'out_trade_no' => '88a1805be0564c2bb2ea4979184b758f',
  'total_amount' => '20.00',
  'trade_status' => 'WAIT_BUYER_PAY',
  'trade_no' => '2017110221001004255242565196',
  'auth_app_id' => '2017021605702899',
  'buyer_logon_id' => '355***@qq.com',
  'app_id' => '2017021605702899',
  'sign_type' => 'RSA2',
  'seller_id' => '2088221931936835',
)
[2017-11-02 13:44:06][203.209.227.15][INFO]支付宝支付 成功:回调信息是:array (
  'gmt_create' => '2017-11-02 13:43:55',
  'charset' => 'utf-8',
  'seller_email' => 'qiyue@pp158.com',
  'subject' => 'pp游戏账单支付',
  'sign' => 'SHUmxm9X1CKl1xiHEuWdi1f7z0zoA6tDZPlzPfSW+7OV5f7UHETomXdOKsyyFsb8X//ZntbZEWfRjB8Sy6Dke5v2t/dmk6nbCPz9E4HUuK2S1+PC0P68kxV5fWmk/GklJEtQ7ZejaL1g4V/MRb7zvT0DRjpegKwhJdDePnl2Ndep7la/OJU0LY78QjL3zDIMk1uHNnb9eLJtAJaSo3HLF2orMatiypOYq8mA7p6kInUrt7HN07bZ6XObox2cAbzjIPUjiLtWNd6pL+tf3Ap2o0ARxRwuDh+ju+Xc4/V+TRH+YI4SdemeQ8SFhNisauXJ0nXQj5ecQGDa6d+Kp9ChtQ==',
  'body' => '3d1bc2f6-8546-45a7-9362-250f2b462afb',
  'buyer_id' => '2088612033655256',
  'invoice_amount' => '20.00',
  'notify_id' => 'f4170d2f0bc48643f7bad3206cd5893hyw',
  'fund_bill_list' => '[{"amount":"20.00","fundChannel":"ALIPAYACCOUNT"}]',
  'notify_type' => 'trade_status_sync',
  'trade_status' => 'TRADE_SUCCESS',
  'receipt_amount' => '20.00',
  'app_id' => '2017021605702899',
  'buyer_pay_amount' => '20.00',
  'sign_type' => 'RSA2',
  'seller_id' => '2088221931936835',
  'gmt_payment' => '2017-11-02 13:44:06',
  'notify_time' => '2017-11-02 13:44:06',
  'version' => '1.0',
  'out_trade_no' => '88a1805be0564c2bb2ea4979184b758f',
  'total_amount' => '20.00',
  'trade_no' => '2017110221001004255242565196',
  'auth_app_id' => '2017021605702899',
  'buyer_logon_id' => '355***@qq.com',
  'point_amount' => '0.00',
)
[2017-11-02 13:46:04][140.207.54.76][INFO]微信支付 成功:回调信息是:array (
  'appid' => 'wxcb8a76fe730b5964',
  'attach' => '68a81ef9-f4e3-4283-bed2-be08b37aef8c',
  'bank_type' => 'CFT',
  'cash_fee' => '2000',
  'fee_type' => 'CNY',
  'is_subscribe' => 'Y',
  'mch_id' => '1352470102',
  'nonce_str' => 'bm9j023e0c2eeg6wxz7aroyg7yxtxko4',
  'openid' => 'oFqowwE439nuVJT7K1z9aCXu14Ig',
  'out_trade_no' => 'fecca0e5ac7648129ce0dbeb078fbb34',
  'result_code' => 'SUCCESS',
  'return_code' => 'SUCCESS',
  'sign' => 'FA9894DE6BD6194A988A1B3C46B97DCA',
  'time_end' => '20171102134604',
  'total_fee' => '2000',
  'trade_type' => 'NATIVE',
  'transaction_id' => '4200000021201711021928497730',
)
[2017-11-02 13:49:53][58.251.80.55][INFO]微信支付 成功:回调信息是:array (
  'appid' => 'wxcb8a76fe730b5964',
  'attach' => '8320948d-c663-475e-96ac-8f021a4d7e62',
  'bank_type' => 'CFT',
  'cash_fee' => '500',
  'fee_type' => 'CNY',
  'is_subscribe' => 'Y',
  'mch_id' => '1352470102',
  'nonce_str' => '1cwewq4ni5hrz36294jd16dx0tarwo8d',
  'openid' => 'oFqowwH4EUzveKOElyDUZbHcc5Yg',
  'out_trade_no' => '0b9ac404b32f41da9393721a83d2c49f',
  'result_code' => 'SUCCESS',
  'return_code' => 'SUCCESS',
  'sign' => 'A7C39B738D0DFBACBBB58A1E5A1963EE',
  'time_end' => '20171102134952',
  'total_fee' => '500',
  'trade_type' => 'NATIVE',
  'transaction_id' => '4200000018201711021928731042',
)
[2017-11-02 13:50:28][140.207.54.76][INFO]微信支付 成功:回调信息是:array (
  'appid' => 'wxcb8a76fe730b5964',
  'attach' => '0ba04f1e-8616-439f-b728-c26c41e7f8aa',
  'bank_type' => 'CFT',
  'cash_fee' => '500',
  'fee_type' => 'CNY',
  'is_subscribe' => 'Y',
  'mch_id' => '1352470102',
  'nonce_str' => 'tt1a5kd4kyr74sunk01zagh08yc8670l',
  'openid' => 'oFqowwJRkvPUL2IHkGChC4uwIFZ8',
  'out_trade_no' => '8c85b36513fc486782baea60045c88f6',
  'result_code' => 'SUCCESS',
  'return_code' => 'SUCCESS',
  'sign' => 'E9F50804B2D69294355A53D1BEDF387B',
  'time_end' => '20171102135027',
  'total_fee' => '500',
  'trade_type' => 'NATIVE',
  'transaction_id' => '4200000015201711021927362606',
)
[2017-11-02 13:53:02][58.251.80.49][INFO]微信支付 成功:回调信息是:array (
  'appid' => 'wxcb8a76fe730b5964',
  'attach' => '122811cb-d3d6-4ae8-bac7-38af6dcdc125',
  'bank_type' => 'CFT',
  'cash_fee' => '500',
  'fee_type' => 'CNY',
  'is_subscribe' => 'N',
  'mch_id' => '1352470102',
  'nonce_str' => 'ctys7k086l7zbim3qh3hem423soej7mk',
  'openid' => 'oFqowwLSO6B37tYgxM39ZEIG42to',
  'out_trade_no' => 'b77cba6a90534d9a92cac1d853a4cb61',
  'result_code' => 'SUCCESS',
  'return_code' => 'SUCCESS',
  'sign' => 'DF2D7BB66AE6DCD45B4DBB7AC2D8C406',
  'time_end' => '20171102135301',
  'total_fee' => '500',
  'trade_type' => 'NATIVE',
  'transaction_id' => '4200000029201711021928861867',
)
[2017-11-02 13:54:40][140.207.54.75][INFO]微信支付 成功:回调信息是:array (
  'appid' => 'wxcb8a76fe730b5964',
  'attach' => '0ba04f1e-8616-439f-b728-c26c41e7f8aa',
  'bank_type' => 'CFT',
  'cash_fee' => '500',
  'fee_type' => 'CNY',
  'is_subscribe' => 'Y',
  'mch_id' => '1352470102',
  'nonce_str' => 'ddzs7xrz1bbwzerjpy1t1xf7uii05re6',
  'openid' => 'oFqowwJRkvPUL2IHkGChC4uwIFZ8',
  'out_trade_no' => 'f5e3815cace145d9bec6397098d026e1',
  'result_code' => 'SUCCESS',
  'return_code' => 'SUCCESS',
  'sign' => '9D9EBF5C949842115634A5C68C3220B1',
  'time_end' => '20171102135439',
  'total_fee' => '500',
  'trade_type' => 'NATIVE',
  'transaction_id' => '4200000026201711021927520502',
)
[2017-11-02 13:56:26][140.207.54.76][INFO]微信支付 成功:回调信息是:array (
  'appid' => 'wxcb8a76fe730b5964',
  'attach' => '0ba04f1e-8616-439f-b728-c26c41e7f8aa',
  'bank_type' => 'CFT',
  'cash_fee' => '2000',
  'fee_type' => 'CNY',
  'is_subscribe' => 'Y',
  'mch_id' => '1352470102',
  'nonce_str' => 'd3p82fpqpveb45chr7uqci1847ne6ig1',
  'openid' => 'oFqowwJRkvPUL2IHkGChC4uwIFZ8',
  'out_trade_no' => '9b68f87e1513425c80a694b0a0ce5d7b',
  'result_code' => 'SUCCESS',
  'return_code' => 'SUCCESS',
  'sign' => '12C7651BA5419772C680A50520362CC7',
  'time_end' => '20171102135626',
  'total_fee' => '2000',
  'trade_type' => 'NATIVE',
  'transaction_id' => '4200000021201711021932373825',
)
[2017-11-02 13:57:49][58.251.80.53][INFO]微信支付 成功:回调信息是:array (
  'appid' => 'wxcb8a76fe730b5964',
  'attach' => '482eb4d9-250f-4be8-bbd0-a95ed0317416',
  'bank_type' => 'CFT',
  'cash_fee' => '2000',
  'fee_type' => 'CNY',
  'is_subscribe' => 'Y',
  'mch_id' => '1352470102',
  'nonce_str' => 'qkypl01kfxpvtqr97l5rcd03cpkn9leb',
  'openid' => 'oFqowwIWNskEBBz0KNNh77aThS-A',
  'out_trade_no' => 'fda07ab0c1454e3386d9f2cf3e5259dc',
  'result_code' => 'SUCCESS',
  'return_code' => 'SUCCESS',
  'sign' => 'FCB8F111DFFAA5D8F825943D67FF0DD9',
  'time_end' => '20171102135748',
  'total_fee' => '2000',
  'trade_type' => 'NATIVE',
  'transaction_id' => '4200000012201711021930523523',
)
[2017-11-02 13:58:09][110.75.242.47][INFO]支付宝支付 :回调信息是:array (
  'gmt_create' => '2017-11-02 13:58:09',
  'charset' => 'utf-8',
  'seller_email' => 'qiyue@pp158.com',
  'notify_time' => '2017-11-02 13:58:09',
  'subject' => 'pp游戏账单支付',
  'sign' => 'Lq6WXuZX3SLkoEepiK7rGV4sM3Qht8uk1928aE0cH814+oLehn2sDP/4B9tVb7mTAYQNly8MtVbSpRbGkZs4pBYk4hIU73hooUFjZtN+DjmZC94lZOi2PlST8KXGCDN+3vhMZhNB0TcM6Owt9v+Sxh7TCmt/mcfFmo1C+gkm67QTh9NZPpBfQSkqeAuLgeGmZodVGq3UAfwlfAlFnChrQwFMyRaJ7ZhDZKCKo9VeALf6NcXhNu+1Rcfd87ILDvVVi5IaC+OgDNon5KgpUiwGoZZxn18JEmNeE+76mze93fGLFqu+bKCD1rAGOdw3r/iR6DqF8rKdg7lJdnOQEiTcig==',
  'body' => '25c7e50a-07d7-494c-a048-24efa1c1dfaa',
  'buyer_id' => '2088422974228501',
  'version' => '1.0',
  'notify_id' => '32c489d8383db79b1cc3c209e63a5dbjwc',
  'notify_type' => 'trade_status_sync',
  'out_trade_no' => 'ef6c4152897441bfb7730bdb63f5c8de',
  'total_amount' => '20.00',
  'trade_status' => 'WAIT_BUYER_PAY',
  'trade_no' => '2017110221001004505274654290',
  'auth_app_id' => '2017021605702899',
  'buyer_logon_id' => '182****7712',
  'app_id' => '2017021605702899',
  'sign_type' => 'RSA2',
  'seller_id' => '2088221931936835',
)
[2017-11-02 13:58:21][110.75.242.2][INFO]支付宝支付 成功:回调信息是:array (
  'gmt_create' => '2017-11-02 13:58:09',
  'charset' => 'utf-8',
  'seller_email' => 'qiyue@pp158.com',
  'subject' => 'pp游戏账单支付',
  'sign' => 'M7Y3QjZ1Paz6uhCxsPnL9vl8k0AG6idCfXopzhe2NrXp+VD9VE9gM0YaAdIfWyYA+jzcMeCUsCNOimjV/lVNkB+oh+PrjJCBglwCXWRejA9rFJ6q90FqDZesZY0UtxcN4SGeNS62bnjjOV8zHRQK1NA9cW6FX/DjNdezBNQfpDP+GUXA3+9/n0qwqSF22kvcYmsG+1TkMdZg1d3rLtl84XsDxCKL6JxtVYod321S+FE7uc2tykNyf+wu0hhPDBOl96EKLoGianHBx0k62PBWCyl2pgjWy95fHeUOn+KCGp0gH0pMZ2SrPYlSPXFgyY/hAsQCB9/e8MVYsZsN70qKtA==',
  'body' => '25c7e50a-07d7-494c-a048-24efa1c1dfaa',
  'buyer_id' => '2088422974228501',
  'invoice_amount' => '20.00',
  'notify_id' => '57b397c4d63986ca2881a2a21232c5djwc',
  'fund_bill_list' => '[{"amount":"20.00","fundChannel":"PCREDIT"}]',
  'notify_type' => 'trade_status_sync',
  'trade_status' => 'TRADE_SUCCESS',
  'receipt_amount' => '20.00',
  'app_id' => '2017021605702899',
  'buyer_pay_amount' => '20.00',
  'sign_type' => 'RSA2',
  'seller_id' => '2088221931936835',
  'gmt_payment' => '2017-11-02 13:58:21',
  'notify_time' => '2017-11-02 13:58:21',
  'version' => '1.0',
  'out_trade_no' => 'ef6c4152897441bfb7730bdb63f5c8de',
  'total_amount' => '20.00',
  'trade_no' => '2017110221001004505274654290',
  'auth_app_id' => '2017021605702899',
  'buyer_logon_id' => '182****7712',
  'point_amount' => '0.00',
)
[2017-11-02 13:59:06][140.207.54.74][INFO]微信支付 成功:回调信息是:array (
  'appid' => 'wxcb8a76fe730b5964',
  'attach' => '0380f846-6a3e-4693-b436-53f559ab44e7',
  'bank_type' => 'CFT',
  'cash_fee' => '2000',
  'fee_type' => 'CNY',
  'is_subscribe' => 'Y',
  'mch_id' => '1352470102',
  'nonce_str' => 'ix087b4liinmftgj0zw3gavwpjstf066',
  'openid' => 'oFqowwL2tl7PgbIuHXdjeIQNfD2Q',
  'out_trade_no' => '4d481cf9347d4264a2034e2004810542',
  'result_code' => 'SUCCESS',
  'return_code' => 'SUCCESS',
  'sign' => 'F5D86B1CFCC372A8309365A54282441E',
  'time_end' => '20171102135906',
  'total_fee' => '2000',
  'trade_type' => 'NATIVE',
  'transaction_id' => '4200000030201711021929109786',
)
