[2017-11-02 14:05:10][140.207.54.75][INFO]微信支付 成功:回调信息是:array (
  'appid' => 'wxcb8a76fe730b5964',
  'attach' => 'b9a6ebac-e59f-4d1a-b40e-92637818cc97',
  'bank_type' => 'ICBC_DEBIT',
  'cash_fee' => '2000',
  'fee_type' => 'CNY',
  'is_subscribe' => 'Y',
  'mch_id' => '1352470102',
  'nonce_str' => 'vzb5ynvo3g9l28crzmyndivz6evhm5fq',
  'openid' => 'oFqowwA74IY2gIBwARj11V4O2iLo',
  'out_trade_no' => 'b68f7285d1c642af837ec1bd797c5458',
  'result_code' => 'SUCCESS',
  'return_code' => 'SUCCESS',
  'sign' => '52DF3AC715966539FD5FE441905ECB22',
  'time_end' => '20171102140509',
  'total_fee' => '2000',
  'trade_type' => 'NATIVE',
  'transaction_id' => '4200000029201711021929371441',
)
[2017-11-02 14:10:19][58.251.80.56][INFO]微信支付 成功:回调信息是:array (
  'appid' => 'wxcb8a76fe730b5964',
  'attach' => '6ed0f218-41ae-4cff-99ce-d081ea3aad94',
  'bank_type' => 'CCB_DEBIT',
  'cash_fee' => '2000',
  'fee_type' => 'CNY',
  'is_subscribe' => 'Y',
  'mch_id' => '1352470102',
  'nonce_str' => 'qs7lbd3ocvva0pn57oso22uezrr2xv31',
  'openid' => 'oFqowwLGO-bGZdlMPWt3PM1WMefk',
  'out_trade_no' => '77b86834336c43b9a842a8524d1ff0e4',
  'result_code' => 'SUCCESS',
  'return_code' => 'SUCCESS',
  'sign' => '1EFC0A5E51D1BAF8A4B4E0E69AA41987',
  'time_end' => '20171102141018',
  'total_fee' => '2000',
  'trade_type' => 'NATIVE',
  'transaction_id' => '4200000011201711021928285887',
)
[2017-11-02 14:13:07][58.251.80.44][INFO]微信支付 成功:回调信息是:array (
  'appid' => 'wxcb8a76fe730b5964',
  'attach' => '8e533de3-00da-4a49-adfd-3895f0cf9a20',
  'bank_type' => 'CFT',
  'cash_fee' => '2000',
  'fee_type' => 'CNY',
  'is_subscribe' => 'Y',
  'mch_id' => '1352470102',
  'nonce_str' => 'i5oxa8keq0rxo8rxg2pymbii897uy3et',
  'openid' => 'oFqowwGYs6qjtRwkzJstGITZHQso',
  'out_trade_no' => '1e399b2b4c824e7ba1c08660c8221fd0',
  'result_code' => 'SUCCESS',
  'return_code' => 'SUCCESS',
  'sign' => '35062A1F628126356E9A3A1D3E4E4441',
  'time_end' => '20171102141306',
  'total_fee' => '2000',
  'trade_type' => 'NATIVE',
  'transaction_id' => '4200000010201711021931285880',
)
[2017-11-02 14:14:36][140.207.54.76][INFO]微信支付 成功:回调信息是:array (
  'appid' => 'wxcb8a76fe730b5964',
  'attach' => '0ba04f1e-8616-439f-b728-c26c41e7f8aa',
  'bank_type' => 'CFT',
  'cash_fee' => '500',
  'fee_type' => 'CNY',
  'is_subscribe' => 'Y',
  'mch_id' => '1352470102',
  'nonce_str' => '6snhunbd5cyxt61v279bn9mu9i825e68',
  'openid' => 'oFqowwJRkvPUL2IHkGChC4uwIFZ8',
  'out_trade_no' => '9bcc0edb851947549345fe9f70076f95',
  'result_code' => 'SUCCESS',
  'return_code' => 'SUCCESS',
  'sign' => '72DFD10890667414D7DCB3E46A78E59B',
  'time_end' => '20171102141435',
  'total_fee' => '500',
  'trade_type' => 'NATIVE',
  'transaction_id' => '4200000012201711021929894850',
)
[2017-11-02 14:14:38][58.251.80.60][INFO]微信支付 成功:回调信息是:array (
  'appid' => 'wxcb8a76fe730b5964',
  'attach' => '288edec9-975b-4375-8070-dd80520f0f27',
  'bank_type' => 'CFT',
  'cash_fee' => '2000',
  'fee_type' => 'CNY',
  'is_subscribe' => 'Y',
  'mch_id' => '1352470102',
  'nonce_str' => 'j4w329sae3b17wza87lfh3zqmre6d47z',
  'openid' => 'oFqowwJc7JZxQp_A5bb44Tt4_61c',
  'out_trade_no' => '9170764368c746919c920764de7597c2',
  'result_code' => 'SUCCESS',
  'return_code' => 'SUCCESS',
  'sign' => '85B92263F99F7E9F12F21CF2D3FABC2C',
  'time_end' => '20171102141437',
  'total_fee' => '2000',
  'trade_type' => 'NATIVE',
  'transaction_id' => '4200000017201711021931367506',
)
[2017-11-02 14:17:28][203.209.234.231][INFO]支付宝支付 :回调信息是:array (
  'gmt_create' => '2017-11-02 14:17:28',
  'charset' => 'utf-8',
  'seller_email' => 'qiyue@pp158.com',
  'notify_time' => '2017-11-02 14:17:28',
  'subject' => 'pp游戏账单支付',
  'sign' => 'IFpZQqfY193BbRLelPlaLqCpDueOzWpnsS6FRNNdKg8QMkBE8uMR3SZDzxwieTFgBAWK9EK5vjvw/fOYtSts7mltcYvSDl1tndCrus8Qo6testQqF9J10x57qv0KqC13/lbNrPEWFj4nKyFzzWZXK6T6Pi9N+ZeO9pKqIYg3Z4H+Gez2BQoCT8exQKOoTFU08QArSL9/mLj3Jgvc8oTfBRU0sWJ+3T8jUjM9zu8IbqQsoPMp0zavwx0cg8Ar3nUexahdo9801zdKuB9UOQHvdddbIeb2tAnJ6gxQcvnccY76xmzIJq0TGNGzglcE12NAL1ZWKBNuvzHAjEO6lgBhJw==',
  'body' => 'f9fef54d-445f-492c-b8a6-7f25e20f6177',
  'buyer_id' => '2088702021506841',
  'version' => '1.0',
  'notify_id' => '1e43ce7857029f3ea94007a21f08d44mhe',
  'notify_type' => 'trade_status_sync',
  'out_trade_no' => 'a12c4f9ebfa34d418c0e5fbd1cd18810',
  'total_amount' => '20.00',
  'trade_status' => 'WAIT_BUYER_PAY',
  'trade_no' => '2017110221001004840288992520',
  'auth_app_id' => '2017021605702899',
  'buyer_logon_id' => '959***@qq.com',
  'app_id' => '2017021605702899',
  'sign_type' => 'RSA2',
  'seller_id' => '2088221931936835',
)
[2017-11-02 14:17:37][203.209.234.65][INFO]支付宝支付 成功:回调信息是:array (
  'gmt_create' => '2017-11-02 14:17:28',
  'charset' => 'utf-8',
  'seller_email' => 'qiyue@pp158.com',
  'subject' => 'pp游戏账单支付',
  'sign' => 'KfQ72dBy98IvlwiB4UNQnXfU2q9/j+qtKCnWqY3EJyV+v9xi9+i4zO+WWhtxBRerlPkbYt1IYXXlauYwXDAa/TgsKP0lyZBqleZz3LNauvkQrV0xHjB/YARw9lvbgAJryAF3P1zKQDiv8zGmkLQe2VF4HdN2CxffDXUPfi69bN2gc3jJwsDGtUcpDyOThWKyxu++JorJkbIDz2LlEAzJ37oS0K8AVbBJjGthwkn9pf4bLWyNbtCdnzBFUfJ62geR5A0SZKxNYDMBcY5UU40uM8Svi1bwpSgc9AMzIuGxdGLNcTlM9yZ/oLujwVzBn6zaG/K4GcKfCF7un3HrJYOoKw==',
  'body' => 'f9fef54d-445f-492c-b8a6-7f25e20f6177',
  'buyer_id' => '2088702021506841',
  'invoice_amount' => '20.00',
  'notify_id' => 'c239f1b9f1d43f76aec7f74f63bd860mhe',
  'fund_bill_list' => '[{"amount":"20.00","fundChannel":"ALIPAYACCOUNT"}]',
  'notify_type' => 'trade_status_sync',
  'trade_status' => 'TRADE_SUCCESS',
  'receipt_amount' => '20.00',
  'app_id' => '2017021605702899',
  'buyer_pay_amount' => '20.00',
  'sign_type' => 'RSA2',
  'seller_id' => '2088221931936835',
  'gmt_payment' => '2017-11-02 14:17:37',
  'notify_time' => '2017-11-02 14:17:37',
  'version' => '1.0',
  'out_trade_no' => 'a12c4f9ebfa34d418c0e5fbd1cd18810',
  'total_amount' => '20.00',
  'trade_no' => '2017110221001004840288992520',
  'auth_app_id' => '2017021605702899',
  'buyer_logon_id' => '959***@qq.com',
  'point_amount' => '0.00',
)
[2017-11-02 14:19:24][58.251.80.44][INFO]微信支付 成功:回调信息是:array (
  'appid' => 'wxcb8a76fe730b5964',
  'attach' => '205eb9f0-9a30-476c-b703-580e9975ec47',
  'bank_type' => 'CFT',
  'cash_fee' => '2000',
  'fee_type' => 'CNY',
  'is_subscribe' => 'Y',
  'mch_id' => '1352470102',
  'nonce_str' => 'iwnqrgii9nvdbtjqv3cck2xqd4gk9kh2',
  'openid' => 'oFqowwGYs6qjtRwkzJstGITZHQso',
  'out_trade_no' => 'e65f68ee8d594d72871fe5ad90f5ca99',
  'result_code' => 'SUCCESS',
  'return_code' => 'SUCCESS',
  'sign' => '2F4CAD85DE6934BFEDEC44034CE60C92',
  'time_end' => '20171102141923',
  'total_fee' => '2000',
  'trade_type' => 'NATIVE',
  'transaction_id' => '4200000007201711021930128041',
)
[2017-11-02 14:20:32][58.251.80.44][INFO]微信支付 成功:回调信息是:array (
  'appid' => 'wxcb8a76fe730b5964',
  'attach' => '0ba04f1e-8616-439f-b728-c26c41e7f8aa',
  'bank_type' => 'CFT',
  'cash_fee' => '1800',
  'fee_type' => 'CNY',
  'is_subscribe' => 'Y',
  'mch_id' => '1352470102',
  'nonce_str' => 'gk9omgwwqiskey9dl213efuqmltvta4q',
  'openid' => 'oFqowwJRkvPUL2IHkGChC4uwIFZ8',
  'out_trade_no' => 'faba3184fbb542a9aa1988b29a298949',
  'result_code' => 'SUCCESS',
  'return_code' => 'SUCCESS',
  'sign' => '95CFB44FFC6013B74B14326D23293BA1',
  'time_end' => '20171102142031',
  'total_fee' => '1800',
  'trade_type' => 'JSAPI',
  'transaction_id' => '4200000029201711021933478824',
)
[2017-11-02 14:21:21][58.251.80.44][INFO]微信支付 成功:回调信息是:array (
  'appid' => 'wxcb8a76fe730b5964',
  'attach' => 'c853e346-4067-4cac-a0d1-6bdc1f854d07',
  'bank_type' => 'CCB_DEBIT',
  'cash_fee' => '2000',
  'fee_type' => 'CNY',
  'is_subscribe' => 'Y',
  'mch_id' => '1352470102',
  'nonce_str' => 'i2wrlfu3w5h83yctaovy9jqw2eqtqs02',
  'openid' => 'oFqowwLGO-bGZdlMPWt3PM1WMefk',
  'out_trade_no' => '096a9a354f2b4a98b90b4ee6b10c7e42',
  'result_code' => 'SUCCESS',
  'return_code' => 'SUCCESS',
  'sign' => '55DBAADFCC98C81461D2C4B73FEDD508',
  'time_end' => '20171102142120',
  'total_fee' => '2000',
  'trade_type' => 'NATIVE',
  'transaction_id' => '4200000029201711021933503074',
)
[2017-11-02 14:22:11][58.251.80.60][INFO]微信支付 成功:回调信息是:array (
  'appid' => 'wxcb8a76fe730b5964',
  'attach' => 'b9a6ebac-e59f-4d1a-b40e-92637818cc97',
  'bank_type' => 'ICBC_DEBIT',
  'cash_fee' => '2000',
  'fee_type' => 'CNY',
  'is_subscribe' => 'Y',
  'mch_id' => '1352470102',
  'nonce_str' => 'elvwkdi6mquu7obb4ujw7eqvufofgpmh',
  'openid' => 'oFqowwA74IY2gIBwARj11V4O2iLo',
  'out_trade_no' => '0d0999f6641643feb87020b7bc2e39c7',
  'result_code' => 'SUCCESS',
  'return_code' => 'SUCCESS',
  'sign' => '6DA15DC9FC3EE4E2D94BFDBE55807714',
  'time_end' => '20171102142210',
  'total_fee' => '2000',
  'trade_type' => 'NATIVE',
  'transaction_id' => '4200000028201711021930205128',
)
[2017-11-02 14:22:25][203.209.232.163][INFO]支付宝支付 :回调信息是:array (
  'gmt_create' => '2017-11-02 14:22:25',
  'charset' => 'utf-8',
  'seller_email' => 'qiyue@pp158.com',
  'notify_time' => '2017-11-02 14:22:25',
  'subject' => 'pp游戏账单支付',
  'sign' => 'VwMq7EhdlVEa7dQpKlnszYJyMAg1APJWdH0KAhFgCVtjoYym8us+Tt+3U6gGGngtj4hGZJ5v+megxZQlnOSulRWJMTCjew4LJEkz4HZMI5/ZTt09cP2hFwxO3rXYWKCNepl01TqTvxevgPm8mQrnTKUGzsbBNs7Xg37MXKDrdAcGArMr+5u3GzCLZ6HmsE1QUfpc9zVQVxEp/EAGF4wOUNLW/aocxVOJP/AJU0uYGfMK4lPX+/+QQDJt1CtM/03wTP9y5i0NWpGXNTUlMx23IoGTiovv3MnXmTNjNcebGHCCLdPF0po0+iQugq1mnoi0ZG+dEGh1mdFaxsPghAwFCQ==',
  'body' => '55f71008-3a93-479b-a402-a3dc0a96c034',
  'buyer_id' => '2088722507449114',
  'version' => '1.0',
  'notify_id' => '7b68ac0b7b77a5eefdcfec8098a0546gw0',
  'notify_type' => 'trade_status_sync',
  'out_trade_no' => '7cd2bf0aa0d8420a95221417f9d97051',
  'total_amount' => '5.00',
  'trade_status' => 'WAIT_BUYER_PAY',
  'trade_no' => '2017110221001004115235828981',
  'auth_app_id' => '2017021605702899',
  'buyer_logon_id' => '131****6190',
  'app_id' => '2017021605702899',
  'sign_type' => 'RSA2',
  'seller_id' => '2088221931936835',
)
[2017-11-02 14:22:30][203.209.232.164][INFO]支付宝支付 成功:回调信息是:array (
  'gmt_create' => '2017-11-02 14:22:25',
  'charset' => 'utf-8',
  'seller_email' => 'qiyue@pp158.com',
  'subject' => 'pp游戏账单支付',
  'sign' => 'eQDatphBaRpPZzMvLMyz0t4E/1P4R45PG/x+YQm4phww2Sgw7WcuxeBu5Hl/9hSAMeXbM5GTdwFOJ7R9+XB+cOg7ITNs/TxRtxpJH5mRFPzRFJvgVSI2QqjCciy2pS7qcMY3rbZVTQHomHac2P8P4fvs6MNYuYcmvBhLYdDl2+kYQaO/pBRbrqg686MXs/GkR0avSEoeeHr0YO0zZEmblXRsgRQdLTd6OZLp1pjuK6trOsHLrq/ronkLRsxzv5GU6Bf4PhPpJ/F+VXqVV4t1YhdqFIra+Np+1Qs1uRn4oUA3G04M9c0BKgfyGYTFOY7wxdjcRjkTpVncUX0EpMPJfA==',
  'body' => '55f71008-3a93-479b-a402-a3dc0a96c034',
  'buyer_id' => '2088722507449114',
  'invoice_amount' => '5.00',
  'notify_id' => 'fbda6f8d7918497d34ba53793d204dagw0',
  'fund_bill_list' => '[{"amount":"5.00","fundChannel":"PCREDIT"}]',
  'notify_type' => 'trade_status_sync',
  'trade_status' => 'TRADE_SUCCESS',
  'receipt_amount' => '5.00',
  'app_id' => '2017021605702899',
  'buyer_pay_amount' => '5.00',
  'sign_type' => 'RSA2',
  'seller_id' => '2088221931936835',
  'gmt_payment' => '2017-11-02 14:22:30',
  'notify_time' => '2017-11-02 14:22:30',
  'version' => '1.0',
  'out_trade_no' => '7cd2bf0aa0d8420a95221417f9d97051',
  'total_amount' => '5.00',
  'trade_no' => '2017110221001004115235828981',
  'auth_app_id' => '2017021605702899',
  'buyer_logon_id' => '131****6190',
  'point_amount' => '0.00',
)
[2017-11-02 14:22:44][58.251.80.53][INFO]微信支付 成功:回调信息是:array (
  'appid' => 'wxcb8a76fe730b5964',
  'attach' => 'c853e346-4067-4cac-a0d1-6bdc1f854d07',
  'bank_type' => 'CCB_DEBIT',
  'cash_fee' => '5000',
  'fee_type' => 'CNY',
  'is_subscribe' => 'Y',
  'mch_id' => '1352470102',
  'nonce_str' => 'wzudld3bbca7iqjf0cavbbz1dndkild1',
  'openid' => 'oFqowwLGO-bGZdlMPWt3PM1WMefk',
  'out_trade_no' => 'a8d8c78f3c5f46018a93a04ea14ea132',
  'result_code' => 'SUCCESS',
  'return_code' => 'SUCCESS',
  'sign' => '4A8F73396D9E35D608633472F100DA49',
  'time_end' => '20171102142243',
  'total_fee' => '5000',
  'trade_type' => 'NATIVE',
  'transaction_id' => '4200000007201711021933595851',
)
[2017-11-02 14:23:27][203.209.232.214][INFO]支付宝支付 :回调信息是:array (
  'gmt_create' => '2017-11-02 14:23:27',
  'charset' => 'utf-8',
  'seller_email' => 'qiyue@pp158.com',
  'notify_time' => '2017-11-02 14:23:27',
  'subject' => 'pp游戏账单支付',
  'sign' => 'TFp7TWh8BrC1ZtJK4h3JK1MPNjUCwBaNu1rbywNZa2PC004zEAzz3GQu9xw7y3wsEQjhir0fUgBEHYZeeP02FJEJlFqkEuycgVG4DyssGz4djwkbfnkwfmK2lQLM7BDQzHaGFdGm3ezVlU5a9P/y0AJqpZrCR3sGI+nKd2DID6vwoHJz3cZv/konFnOuW3DEJkgap3XH9goyr5u8SwHI0gMoVclmqGCaNAiMkePrjHJo9O0tcqVzqgo4DNyF9mtr8yEje3aPcg5ZwSDSeugsRA1yCAfsz+5eA4QpVjVag9sELqSingYPIICPs2P3KCu1XoqpRgUpW1q0j7+ra1kAkA==',
  'body' => 'c531bea7-bd7a-4f3d-80b1-21375f7869eb',
  'buyer_id' => '2088522547873085',
  'version' => '1.0',
  'notify_id' => '52865cda0b6d8a9655dd21d2e20f922gmb',
  'notify_type' => 'trade_status_sync',
  'out_trade_no' => '5463f1e6fd1d436d8f5ead02b27a547c',
  'total_amount' => '5.00',
  'trade_status' => 'WAIT_BUYER_PAY',
  'trade_no' => '2017110221001004080333163776',
  'auth_app_id' => '2017021605702899',
  'buyer_logon_id' => '187****3829',
  'app_id' => '2017021605702899',
  'sign_type' => 'RSA2',
  'seller_id' => '2088221931936835',
)
[2017-11-02 14:23:32][203.209.232.103][INFO]支付宝支付 成功:回调信息是:array (
  'gmt_create' => '2017-11-02 14:23:27',
  'charset' => 'utf-8',
  'seller_email' => 'qiyue@pp158.com',
  'subject' => 'pp游戏账单支付',
  'sign' => 'MHwUDjNd93cqQDet4c/T/HkMSxz/5dh+0PG69j7R5awZ773g+oMxEbmteuaG0CXIXtdlGDWLqhk8HbbVPvVu5JuAE7nMhcDQeKSrP8mNl1npa/4cpOzUYoVdoY5zpObDr3OtX1+xBU5k+LPV4TTmlN7PzFh9Po1PlEtczEpgC6TmN5kBQit+39KCujgL1JuQnMuz3Iy6I9frPt3hybIBtnkW1ynczcWAXNPTT9pLRlQ5ZOUjfhX8SAJtUaf0PF9xZ1mIMEiMGNL3a7KI9WXlOpL9+oeCg5APHWHa4BcHIHy8JYOFTtbGiKvFXJZgpwiKViX9KYEurfNPWlupBB38QA==',
  'body' => 'c531bea7-bd7a-4f3d-80b1-21375f7869eb',
  'buyer_id' => '2088522547873085',
  'invoice_amount' => '5.00',
  'notify_id' => '003e1d023ae73e4e993ff33bae0fc96gmb',
  'fund_bill_list' => '[{"amount":"5.00","fundChannel":"PCREDIT"}]',
  'notify_type' => 'trade_status_sync',
  'trade_status' => 'TRADE_SUCCESS',
  'receipt_amount' => '5.00',
  'app_id' => '2017021605702899',
  'buyer_pay_amount' => '5.00',
  'sign_type' => 'RSA2',
  'seller_id' => '2088221931936835',
  'gmt_payment' => '2017-11-02 14:23:32',
  'notify_time' => '2017-11-02 14:23:32',
  'version' => '1.0',
  'out_trade_no' => '5463f1e6fd1d436d8f5ead02b27a547c',
  'total_amount' => '5.00',
  'trade_no' => '2017110221001004080333163776',
  'auth_app_id' => '2017021605702899',
  'buyer_logon_id' => '187****3829',
  'point_amount' => '0.00',
)
[2017-11-02 14:24:30][58.251.80.53][INFO]微信支付 成功:回调信息是:array (
  'appid' => 'wxcb8a76fe730b5964',
  'attach' => 'b8a00eab-e42b-4e9f-b8db-aa0520c7ad99',
  'bank_type' => 'CFT',
  'cash_fee' => '2000',
  'fee_type' => 'CNY',
  'is_subscribe' => 'Y',
  'mch_id' => '1352470102',
  'nonce_str' => 'so81fil2mf704hfz309ek9z66v76lgia',
  'openid' => 'oFqowwE439nuVJT7K1z9aCXu14Ig',
  'out_trade_no' => 'a6d357da8e3b46de955768dc093d2377',
  'result_code' => 'SUCCESS',
  'return_code' => 'SUCCESS',
  'sign' => '9E05D82A732EA89CF7168552EA16569C',
  'time_end' => '20171102142429',
  'total_fee' => '2000',
  'trade_type' => 'NATIVE',
  'transaction_id' => '4200000030201711021934918484',
)
[2017-11-02 14:24:51][58.251.80.56][INFO]微信支付 成功:回调信息是:array (
  'appid' => 'wxcb8a76fe730b5964',
  'attach' => 'c853e346-4067-4cac-a0d1-6bdc1f854d07',
  'bank_type' => 'CCB_DEBIT',
  'cash_fee' => '500',
  'fee_type' => 'CNY',
  'is_subscribe' => 'Y',
  'mch_id' => '1352470102',
  'nonce_str' => 'g71g4iqpg4s4kh168iecmmw3wugmkp4t',
  'openid' => 'oFqowwLGO-bGZdlMPWt3PM1WMefk',
  'out_trade_no' => '3548eb4187bf4b9ba600e4da75de5d41',
  'result_code' => 'SUCCESS',
  'return_code' => 'SUCCESS',
  'sign' => 'FC91A3DF916392B9A885138F93ECFE69',
  'time_end' => '20171102142450',
  'total_fee' => '500',
  'trade_type' => 'NATIVE',
  'transaction_id' => '4200000017201711021933650740',
)
[2017-11-02 14:25:02][58.251.80.49][INFO]微信支付 成功:回调信息是:array (
  'appid' => 'wxcb8a76fe730b5964',
  'attach' => 'c853e346-4067-4cac-a0d1-6bdc1f854d07',
  'bank_type' => 'CCB_DEBIT',
  'cash_fee' => '500',
  'fee_type' => 'CNY',
  'is_subscribe' => 'Y',
  'mch_id' => '1352470102',
  'nonce_str' => 'v9cwdrx9h6jci408b76939a0qfjbb1la',
  'openid' => 'oFqowwLGO-bGZdlMPWt3PM1WMefk',
  'out_trade_no' => '18933ad496c743879718fac11f10fab7',
  'result_code' => 'SUCCESS',
  'return_code' => 'SUCCESS',
  'sign' => '7A6A31442131DB06E169793C75838A6A',
  'time_end' => '20171102142501',
  'total_fee' => '500',
  'trade_type' => 'NATIVE',
  'transaction_id' => '4200000029201711021933719210',
)
[2017-11-02 14:25:48][110.75.242.78][INFO]支付宝支付 成功:回调信息是:array (
  'gmt_create' => '2017-11-02 14:25:48',
  'charset' => 'UTF-8',
  'seller_email' => 'qiyue@pp158.com',
  'subject' => 'pp游戏账单支付',
  'sign' => 'Epqub/dCET1l1TonKweJ+ol2P87GZFacwQil98dm8dfKlIWifHNfxdBgvQRgwLEz3ewZFGQCn2weZAPKCMvbt3DdSoYlD4v+NEFBg7bp0lY1hJx1Rbh1EFCh5bnpMG+8Z/cg/0Af39LZLmIAV4NDlA93g6uKGWh/GS0QcOKSy0Yd+/CKPRBXoTp0eyy/AhM+pm2K/0Updwv7F6BI8gHYEl4Zwl+6FPrJqa6szbumU9ueFiEWO0MrHiUj/9HLt9AOKweMk5/26fCwSLd2X2ftWWVFVeQ+sXMAhcof654ofiA2o4aneRroY655L/4CnP2ZLPbcgLAT7FCyVXdmySszCw==',
  'body' => '0348a621-a087-4569-908f-402dadec1d28',
  'buyer_id' => '2088812954569320',
  'invoice_amount' => '18.00',
  'notify_id' => 'bfce4f48e4e5705dd82d48e6198a3feigy',
  'fund_bill_list' => '[{"amount":"18.00","fundChannel":"ALIPAYACCOUNT"}]',
  'notify_type' => 'trade_status_sync',
  'trade_status' => 'TRADE_SUCCESS',
  'receipt_amount' => '18.00',
  'app_id' => '2017021605702899',
  'buyer_pay_amount' => '18.00',
  'sign_type' => 'RSA2',
  'seller_id' => '2088221931936835',
  'gmt_payment' => '2017-11-02 14:25:48',
  'notify_time' => '2017-11-02 14:25:48',
  'version' => '1.0',
  'out_trade_no' => 'f6b09b835328458a9e6b75fc1e11dae2',
  'total_amount' => '18.00',
  'trade_no' => '2017110221001004320262579610',
  'auth_app_id' => '2017021605702899',
  'buyer_logon_id' => '139****4277',
  'point_amount' => '0.00',
)
[2017-11-02 14:27:15][140.207.54.74][INFO]微信支付 成功:回调信息是:array (
  'appid' => 'wxcb8a76fe730b5964',
  'attach' => '205eb9f0-9a30-476c-b703-580e9975ec47',
  'bank_type' => 'CFT',
  'cash_fee' => '2000',
  'fee_type' => 'CNY',
  'is_subscribe' => 'Y',
  'mch_id' => '1352470102',
  'nonce_str' => 'g9uwl3otdfdxamoyhdzoz8sdxrwahvc2',
  'openid' => 'oFqowwGYs6qjtRwkzJstGITZHQso',
  'out_trade_no' => '591efe898a264218b2c35923e6a4806a',
  'result_code' => 'SUCCESS',
  'return_code' => 'SUCCESS',
  'sign' => '33213626012029E8426ACC512689E992',
  'time_end' => '20171102142714',
  'total_fee' => '2000',
  'trade_type' => 'NATIVE',
  'transaction_id' => '4200000008201711021936448324',
)
[2017-11-02 14:27:36][110.75.248.118][INFO]支付宝支付 :回调信息是:array (
  'gmt_create' => '2017-11-02 14:27:36',
  'charset' => 'utf-8',
  'seller_email' => 'qiyue@pp158.com',
  'notify_time' => '2017-11-02 14:27:36',
  'subject' => 'pp游戏账单支付',
  'sign' => 'Sya/hOU2ZKWv9zPUBHVXgJdd6f8je8fYpY91Wr1KGqDk5Rqk77ZsCCIWkTCLO2hTrcWonadl/k3fboNkmw1XzzMF8H1K8rCqbilmgIzCDzEFkDL6yCZ6XAINOVQm21P1MFVIbJckU93YdUvL+PHGJ8bgRiELeDGauqff3fnPZvvNpbQQ0CsKC64Hs/Qm2HKq2sV7tUUkbeHru33RglPxKIRKYAZEsE1STGBM9CD/ALZ6GuVjmlVFbQZ9oIsc/uKhpI0TWkZMcHD0WLiCGtZnNtMRiI223RjWb+hSr36b/Dzx1BAmww+yIwb5zZsP0sPSKwC7b6UZMwdBbbYfcXw8ww==',
  'body' => 'e59a5a92-5efe-4bf8-ad96-af6412b51a34',
  'buyer_id' => '2088202875978781',
  'version' => '1.0',
  'notify_id' => '9c7546cd93feec3cd842a2a972888bcm24',
  'notify_type' => 'trade_status_sync',
  'out_trade_no' => 'ebdb074eeb5d4f17a4902eba13dc7b51',
  'total_amount' => '20.00',
  'trade_status' => 'WAIT_BUYER_PAY',
  'trade_no' => '2017110221001004785256751811',
  'auth_app_id' => '2017021605702899',
  'buyer_logon_id' => '159****2940',
  'app_id' => '2017021605702899',
  'sign_type' => 'RSA2',
  'seller_id' => '2088221931936835',
)
[2017-11-02 14:27:45][110.75.248.209][INFO]支付宝支付 成功:回调信息是:array (
  'gmt_create' => '2017-11-02 14:27:36',
  'charset' => 'utf-8',
  'seller_email' => 'qiyue@pp158.com',
  'subject' => 'pp游戏账单支付',
  'sign' => 'KIMxg+DIOLvgA3kVTdoYmTTKD5MRpl7mHrpqCgLUOT2v57xJrOMsxNk8090yPIAjFumpMtsa9VQKMuknMTQBPeDDXd2ylaz7oYHVMfjoebGPEuLqnW2X8EoZkrmX0+szdAd6+HiD1q5EuA1VX6fB7tgT7XY5dpGQzmW4n0/AV9u+oFJjLK9qGv/fJ9zyVp0bMZh3zViXLkNwusUwQ/MJaHtnvaVDdMsIxsBEAiEgda80xz+YacF5XXAZO4Aue1WGwiGiMod3KCklRv8Uw4tiLIBT7/LQAqxfFhggZ0vJYBPGL/TKSM/gypJIRTPcvA2xF5k0aZkYEnV4RL2ATH4UTA==',
  'body' => 'e59a5a92-5efe-4bf8-ad96-af6412b51a34',
  'buyer_id' => '2088202875978781',
  'invoice_amount' => '20.00',
  'notify_id' => '6e0913d6f71cc9534ed73b9240d1d47m24',
  'fund_bill_list' => '[{"amount":"20.00","fundChannel":"ALIPAYACCOUNT"}]',
  'notify_type' => 'trade_status_sync',
  'trade_status' => 'TRADE_SUCCESS',
  'receipt_amount' => '20.00',
  'app_id' => '2017021605702899',
  'buyer_pay_amount' => '20.00',
  'sign_type' => 'RSA2',
  'seller_id' => '2088221931936835',
  'gmt_payment' => '2017-11-02 14:27:45',
  'notify_time' => '2017-11-02 14:27:45',
  'version' => '1.0',
  'out_trade_no' => 'ebdb074eeb5d4f17a4902eba13dc7b51',
  'total_amount' => '20.00',
  'trade_no' => '2017110221001004785256751811',
  'auth_app_id' => '2017021605702899',
  'buyer_logon_id' => '159****2940',
  'point_amount' => '0.00',
)
[2017-11-02 14:31:23][58.251.80.60][INFO]微信支付 成功:回调信息是:array (
  'appid' => 'wxcb8a76fe730b5964',
  'attach' => '5eeba00a-4138-4da5-b04a-ca407347ad36',
  'bank_type' => 'CFT',
  'cash_fee' => '500',
  'fee_type' => 'CNY',
  'is_subscribe' => 'Y',
  'mch_id' => '1352470102',
  'nonce_str' => 'dp7lve88ibotdrc6j77nk3alkuvcebnh',
  'openid' => 'oFqowwAdDNFj8crVwrMeC1b9YDUs',
  'out_trade_no' => 'cde7114bd3104c2296492ba4b2037014',
  'result_code' => 'SUCCESS',
  'return_code' => 'SUCCESS',
  'sign' => '080D655DFF8A2F2C47221F3A4E3BCD3F',
  'time_end' => '20171102143123',
  'total_fee' => '500',
  'trade_type' => 'NATIVE',
  'transaction_id' => '4200000030201711021936648916',
)
[2017-11-02 14:31:40][110.75.242.125][INFO]支付宝支付 状态不是成功状态:TRADE_CLOSED:回调信息是:array (
  'gmt_create' => '2017-11-02 12:37:03',
  'charset' => 'UTF-8',
  'seller_email' => 'qiyue@pp158.com',
  'notify_time' => '2017-11-02 14:31:40',
  'subject' => 'pp游戏账单支付',
  'sign' => 'gAt5pfFQdHK79LiE6KN//rLxDMkAaLA8iyhBgjntp8WtIbl56C1djI+ZRBUjIMl2ye6fK5eEdTU6MjCRQwWEN52TZWgWNl3sON8j0QkJpyHPHmg+T6AOVH4X54BfRqA1bFgSphfJZdBbLeCBAXJnZFCLxMbdZi9ihBRLcOQi7PmV2a+P5+QHv1WfoKo6yq0zs76cdfAr0kwPiZqrnvz8uXivRimYEGPnetv3+quql+Sjpi3TaL2u7NlOU9RXElOhmeAe1e2rg4feVZas3j77a6ROWizfAguZcRpwrPD8xDW6nTQVA1DT0brOWIzwhtCdPTlTo41Xw4yY3baUWLmOJA==',
  'body' => 'bbcfb6ee-47f4-419e-bd30-5152dc519034',
  'buyer_id' => '2088612518808319',
  'version' => '1.0',
  'notify_id' => 'ef59a12d6237abbc3d89b04b0be60cfie6',
  'notify_type' => 'trade_status_sync',
  'out_trade_no' => '9678963073b7464aa9099b796d8c2217',
  'total_amount' => '18.00',
  'trade_status' => 'TRADE_CLOSED',
  'refund_fee' => '0.00',
  'trade_no' => '2017110221001004310287908940',
  'auth_app_id' => '2017021605702899',
  'gmt_close' => '2017-11-02 13:07:20',
  'buyer_logon_id' => '135****5791',
  'app_id' => '2017021605702899',
  'sign_type' => 'RSA2',
  'seller_id' => '2088221931936835',
)
[2017-11-02 14:34:09][140.207.54.76][INFO]微信支付 成功:回调信息是:array (
  'appid' => 'wxcb8a76fe730b5964',
  'attach' => '28a4783c-eb6e-43ad-8ae7-832327df98b7',
  'bank_type' => 'CFT',
  'cash_fee' => '500',
  'fee_type' => 'CNY',
  'is_subscribe' => 'Y',
  'mch_id' => '1352470102',
  'nonce_str' => '7979a4rbdjxsjhmpn57gz0bnqcy8f6cu',
  'openid' => 'oFqowwIllJxYDt-FEacfH88dRw3Y',
  'out_trade_no' => 'ad6f617319b34cfa98544a7d89d5bbee',
  'result_code' => 'SUCCESS',
  'return_code' => 'SUCCESS',
  'sign' => 'E9525410A73F87EADBF929F9640208D9',
  'time_end' => '20171102143408',
  'total_fee' => '500',
  'trade_type' => 'NATIVE',
  'transaction_id' => '4200000029201711021934082459',
)
[2017-11-02 14:34:33][58.251.80.53][INFO]微信支付 成功:回调信息是:array (
  'appid' => 'wxcb8a76fe730b5964',
  'attach' => '0ba04f1e-8616-439f-b728-c26c41e7f8aa',
  'bank_type' => 'CFT',
  'cash_fee' => '500',
  'fee_type' => 'CNY',
  'is_subscribe' => 'Y',
  'mch_id' => '1352470102',
  'nonce_str' => 'wvgxh9duxytjaaomagsfk7fdz828w1fc',
  'openid' => 'oFqowwJRkvPUL2IHkGChC4uwIFZ8',
  'out_trade_no' => 'ac585515d5424081b82fa4c16923640b',
  'result_code' => 'SUCCESS',
  'return_code' => 'SUCCESS',
  'sign' => 'AA71E0D48BD990140C046818945011A4',
  'time_end' => '20171102143432',
  'total_fee' => '500',
  'trade_type' => 'NATIVE',
  'transaction_id' => '4200000012201711021934054769',
)
[2017-11-02 14:40:02][58.251.80.60][INFO]微信支付 成功:回调信息是:array (
  'appid' => 'wxcb8a76fe730b5964',
  'attach' => 'b8ccde2a-c9d0-4d82-972a-9ce8980dccb1',
  'bank_type' => 'GYCB_DEBIT',
  'cash_fee' => '500',
  'fee_type' => 'CNY',
  'is_subscribe' => 'Y',
  'mch_id' => '1352470102',
  'nonce_str' => 'nwen0ce26vhkxvbfod2cjx605jmbjj8k',
  'openid' => 'oFqowwN-Pjmp-5XIS1lZvupUYSOA',
  'out_trade_no' => '0d457da170d74d509e0dbdd336b585b4',
  'result_code' => 'SUCCESS',
  'return_code' => 'SUCCESS',
  'sign' => '3E3A2156D9EAB1931D467CAC19A03AB8',
  'time_end' => '20171102144002',
  'total_fee' => '500',
  'trade_type' => 'NATIVE',
  'transaction_id' => '4200000025201711021935634540',
)
[2017-11-02 14:42:20][58.251.80.53][INFO]微信支付 成功:回调信息是:array (
  'appid' => 'wxcb8a76fe730b5964',
  'attach' => 'a42d55f0-5c07-4f2e-902d-1a7a49d3e4a8',
  'bank_type' => 'CFT',
  'cash_fee' => '500',
  'fee_type' => 'CNY',
  'is_subscribe' => 'Y',
  'mch_id' => '1352470102',
  'nonce_str' => 'gy8dpv8xfbj9geax4i5txi8z4d6ink2x',
  'openid' => 'oFqowwH4EUzveKOElyDUZbHcc5Yg',
  'out_trade_no' => '45cf0824c9074a90bf79fd98ffcb2c13',
  'result_code' => 'SUCCESS',
  'return_code' => 'SUCCESS',
  'sign' => '48FB68F0185E46FC554657B5352BF989',
  'time_end' => '20171102144219',
  'total_fee' => '500',
  'trade_type' => 'NATIVE',
  'transaction_id' => '4200000018201711021940469662',
)
[2017-11-02 14:44:09][140.207.54.74][INFO]微信支付 成功:回调信息是:array (
  'appid' => 'wxcb8a76fe730b5964',
  'attach' => '7226fbf7-3ab5-41cc-842b-49ab8cd72f16',
  'bank_type' => 'CFT',
  'cash_fee' => '500',
  'fee_type' => 'CNY',
  'is_subscribe' => 'Y',
  'mch_id' => '1352470102',
  'nonce_str' => 'tul8seco1ub6v5v9penpcjgcoro58ojm',
  'openid' => 'oFqowwP1Y601yaF3ThrPeVpfhiYM',
  'out_trade_no' => '1b3b51bbcf034b70a0c7ca3c8f5179d5',
  'result_code' => 'SUCCESS',
  'return_code' => 'SUCCESS',
  'sign' => 'D1863F8D9B02DABE3D99481E301239B5',
  'time_end' => '20171102144409',
  'total_fee' => '500',
  'trade_type' => 'NATIVE',
  'transaction_id' => '4200000027201711021940561045',
)
[2017-11-02 14:50:19][140.207.54.75][INFO]微信支付 成功:回调信息是:array (
  'appid' => 'wxcb8a76fe730b5964',
  'attach' => '3d8705d0-809b-4c9b-a7a2-3d04bf01e824',
  'bank_type' => 'CFT',
  'cash_fee' => '500',
  'fee_type' => 'CNY',
  'is_subscribe' => 'N',
  'mch_id' => '1352470102',
  'nonce_str' => 'miqgmf0y6y4xub4o5jg1o8yk3l9r40lb',
  'openid' => 'oFqowwDX439plnFxfessbihFSGLE',
  'out_trade_no' => '97b8c19b47ff4995a245d841ec40d5fc',
  'result_code' => 'SUCCESS',
  'return_code' => 'SUCCESS',
  'sign' => '2FBDA08F5F670B88FD492D0B3DD17593',
  'time_end' => '20171102145019',
  'total_fee' => '500',
  'trade_type' => 'NATIVE',
  'transaction_id' => '4200000003201711021936096560',
)
[2017-11-02 14:50:20][140.207.54.76][INFO]微信支付 成功:回调信息是:array (
  'appid' => 'wxcb8a76fe730b5964',
  'attach' => 'fe8c8490-15b2-4588-944f-b46d172fa9a9',
  'bank_type' => 'CFT',
  'cash_fee' => '1800',
  'fee_type' => 'CNY',
  'is_subscribe' => 'Y',
  'mch_id' => '1352470102',
  'nonce_str' => '0u24k43xn1qym6kdh9k8epf4ibgw5vuj',
  'openid' => 'oFqowwJc7JZxQp_A5bb44Tt4_61c',
  'out_trade_no' => '599f1a536ddf4839bdd5d138ca388cc1',
  'result_code' => 'SUCCESS',
  'return_code' => 'SUCCESS',
  'sign' => '487DA84696598890EACE71A40CFC2AF9',
  'time_end' => '20171102145020',
  'total_fee' => '1800',
  'trade_type' => 'JSAPI',
  'transaction_id' => '4200000023201711021939128511',
)
[2017-11-02 14:53:59][110.75.248.87][INFO]支付宝支付 :回调信息是:array (
  'gmt_create' => '2017-11-02 14:53:59',
  'charset' => 'utf-8',
  'seller_email' => 'qiyue@pp158.com',
  'notify_time' => '2017-11-02 14:53:59',
  'subject' => 'pp游戏账单支付',
  'sign' => 'Z8rpr2LZMbn3whLamR7W/1sLRkCvgZAdvIyf8zF8DOESlSUPMxKqK39kHF6uWzURYAQIVXCpur9ENmp112cTWzyQMkX+fTKAGapiI7xdeWbkZg50Fu5MilPs0ocoAhBW3a0KZ8aUWujaSmvtUv8XSlrEPRHqh9Ut9bLYZ71gC2yngpnudkr1DSt2Z/rFoaOhWs5fX3KJxvKeN2/OfQ0UJgjvUgw3DCCvQzqiXpyI9oFKYahI93KqrRzQlG17eV2iUk+S+pFaGWfzFe48MuyWL5TSfmg9AZaUntirMZPxx1iy5wxzaNL6hsYvyC4efRvTMN9+0R6c8SnRbCot0l1d7w==',
  'body' => '225bb70b-4184-4748-a0a4-8da774353219',
  'buyer_id' => '2088702505424791',
  'version' => '1.0',
  'notify_id' => 'dc710905ac6bbd24203d20756fd74b0m4x',
  'notify_type' => 'trade_status_sync',
  'out_trade_no' => '6f17fdb521454cf5ae8fe46192f98c80',
  'total_amount' => '100.00',
  'trade_status' => 'WAIT_BUYER_PAY',
  'trade_no' => '2017110221001004795355086325',
  'auth_app_id' => '2017021605702899',
  'buyer_logon_id' => '186****0878',
  'app_id' => '2017021605702899',
  'sign_type' => 'RSA2',
  'seller_id' => '2088221931936835',
)
[2017-11-02 14:54:02][110.75.248.180][INFO]支付宝支付 成功:回调信息是:array (
  'gmt_create' => '2017-11-02 14:53:59',
  'charset' => 'utf-8',
  'seller_email' => 'qiyue@pp158.com',
  'subject' => 'pp游戏账单支付',
  'sign' => 'Qp/pJXRSUTrSw6iMDeUV7C36KqI7wXt8X6Ko8V5tutWa+DP3Y8VWebHtOSuClohUqGpqWVrw08LTQFYjbyrQ21FKE2jX3mpO2DL/lW4fV3odXblqeKbwAsVERITfVpuxgnKXvmdn/WCfNtV+Bkpo8p9IqQj11qKG+JQ2I9GDxwCpblc1gHu2KEHwxV/3tyZJj4dmU+qzKcL9DBqKgy2zG9D2qev7qYq3N/GI3t2IM1A7JPsoSa2a3JsNBfPGxjl0Ho4LlIIZOkVA9vOSCSjZONo5e0nc/tIff4JXEwSgZA8NOR0dQSw9p/VhRVVa9Brc8MW1xtNzj4CYnUa9OFuzmg==',
  'body' => '225bb70b-4184-4748-a0a4-8da774353219',
  'buyer_id' => '2088702505424791',
  'invoice_amount' => '100.00',
  'notify_id' => '7a73c12d9923f60ecae5467992b0f16m4x',
  'fund_bill_list' => '[{"amount":"100.00","fundChannel":"PCREDIT"}]',
  'notify_type' => 'trade_status_sync',
  'trade_status' => 'TRADE_SUCCESS',
  'receipt_amount' => '100.00',
  'app_id' => '2017021605702899',
  'buyer_pay_amount' => '100.00',
  'sign_type' => 'RSA2',
  'seller_id' => '2088221931936835',
  'gmt_payment' => '2017-11-02 14:54:02',
  'notify_time' => '2017-11-02 14:54:02',
  'version' => '1.0',
  'out_trade_no' => '6f17fdb521454cf5ae8fe46192f98c80',
  'total_amount' => '100.00',
  'trade_no' => '2017110221001004795355086325',
  'auth_app_id' => '2017021605702899',
  'buyer_logon_id' => '186****0878',
  'point_amount' => '0.00',
)
