[2017-11-02 15:00:03][140.207.54.76][INFO]微信支付 成功:回调信息是:array (
  'appid' => 'wxcb8a76fe730b5964',
  'attach' => '41397cd6-4e72-42cf-8554-ffc683d81ec6',
  'bank_type' => 'ICBC_DEBIT',
  'cash_fee' => '500',
  'fee_type' => 'CNY',
  'is_subscribe' => 'Y',
  'mch_id' => '1352470102',
  'nonce_str' => 'azhd5for0ykxaapjrutufg5j08q3mwdn',
  'openid' => 'oFqowwMtqyAuu_YpKX_96kU_0s-8',
  'out_trade_no' => '622db08811ae497cb113eed0efe7f08a',
  'result_code' => 'SUCCESS',
  'return_code' => 'SUCCESS',
  'sign' => '7C96DEA96CAE4DEE8D735D63ED71BCCC',
  'time_end' => '20171102150003',
  'total_fee' => '500',
  'trade_type' => 'NATIVE',
  'transaction_id' => '4200000030201711021939527099',
)
[2017-11-02 15:01:37][58.251.80.55][INFO]微信支付 成功:回调信息是:array (
  'appid' => 'wxcb8a76fe730b5964',
  'attach' => '62700861-2cf0-4732-80c9-5ed3febea637',
  'bank_type' => 'CCB_CREDIT',
  'cash_fee' => '2000',
  'fee_type' => 'CNY',
  'is_subscribe' => 'N',
  'mch_id' => '1352470102',
  'nonce_str' => 'rds0yy9l132z8vc2mnxdnz8y6mrzgdol',
  'openid' => 'oFqowwI40m5qAjicGJHdxUH0Pxxc',
  'out_trade_no' => '73a98d4f27fb49d29a1483b1224faec2',
  'result_code' => 'SUCCESS',
  'return_code' => 'SUCCESS',
  'sign' => 'BE6E24A420F74B498924F80B823981AA',
  'time_end' => '20171102150136',
  'total_fee' => '2000',
  'trade_type' => 'NATIVE',
  'transaction_id' => '4200000019201711021942647008',
)
[2017-11-02 15:01:45][140.207.54.76][INFO]微信支付 成功:回调信息是:array (
  'appid' => 'wxcb8a76fe730b5964',
  'attach' => '43f61bd0-d3c4-40d0-8ac5-684e1c42a83a',
  'bank_type' => 'CFT',
  'cash_fee' => '600',
  'fee_type' => 'CNY',
  'is_subscribe' => 'N',
  'mch_id' => '1352470102',
  'nonce_str' => 'tk28q834o26vwe5ltky1xj8reqpe5a3l',
  'openid' => 'oFqowwDS_Qvj_9fKvEOBLI5FGoh0',
  'out_trade_no' => 'b72b8c772b0146aabb5b5a6e0262c69c',
  'result_code' => 'SUCCESS',
  'return_code' => 'SUCCESS',
  'sign' => '7E03AEA6AE14A5A65A2A9277F4EB23E8',
  'time_end' => '20171102150145',
  'total_fee' => '600',
  'trade_type' => 'JSAPI',
  'transaction_id' => '4200000014201711021941426833',
)
[2017-11-02 15:01:54][140.207.54.76][INFO]微信支付 成功:回调信息是:array (
  'appid' => 'wxcb8a76fe730b5964',
  'attach' => 'b9a6ebac-e59f-4d1a-b40e-92637818cc97',
  'bank_type' => 'ICBC_DEBIT',
  'cash_fee' => '1800',
  'fee_type' => 'CNY',
  'is_subscribe' => 'Y',
  'mch_id' => '1352470102',
  'nonce_str' => 'xpc7lop5jrb15j5rjtysxn6jh7rbyus1',
  'openid' => 'oFqowwA74IY2gIBwARj11V4O2iLo',
  'out_trade_no' => '8a2b495b70bd47e2821c520716efba9a',
  'result_code' => 'SUCCESS',
  'return_code' => 'SUCCESS',
  'sign' => 'E0D9179E791897ACC340B1237C831B2F',
  'time_end' => '20171102150154',
  'total_fee' => '1800',
  'trade_type' => 'JSAPI',
  'transaction_id' => '4200000006201711021942631885',
)
[2017-11-02 15:09:13][140.207.54.76][INFO]微信支付 成功:回调信息是:array (
  'appid' => 'wxcb8a76fe730b5964',
  'attach' => '79b3157e-5129-42c5-b855-c20ae252e1b0',
  'bank_type' => 'CFT',
  'cash_fee' => '1800',
  'fee_type' => 'CNY',
  'is_subscribe' => 'N',
  'mch_id' => '1352470102',
  'nonce_str' => 'yj2n0g2m5nc65e47ry7q3776ve48hgkc',
  'openid' => 'oFqowwKe-H2px3ydsROw8Z0I8DRM',
  'out_trade_no' => '883434508c154873ac0e0d2c4292132c',
  'result_code' => 'SUCCESS',
  'return_code' => 'SUCCESS',
  'sign' => 'E1401A8EC64222EC78B7E9BE741E0FA4',
  'time_end' => '20171102150913',
  'total_fee' => '1800',
  'trade_type' => 'JSAPI',
  'transaction_id' => '4200000021201711021942951348',
)
[2017-11-02 15:13:05][58.251.80.60][INFO]微信支付 成功:回调信息是:array (
  'appid' => 'wxcb8a76fe730b5964',
  'attach' => '5ae16e8c-d9d7-48da-beb6-1c5af393a549',
  'bank_type' => 'CFT',
  'cash_fee' => '2000',
  'fee_type' => 'CNY',
  'is_subscribe' => 'Y',
  'mch_id' => '1352470102',
  'nonce_str' => 'p9b3tktapc227kf6bppy8axq7p7g2vw8',
  'openid' => 'oFqowwBb1wheaJWOukol5f6IgHRY',
  'out_trade_no' => 'aa4fe2d7bf8e4d4383d093e2707c8035',
  'result_code' => 'SUCCESS',
  'return_code' => 'SUCCESS',
  'sign' => 'A1325018CA1ED7F31BA088C81613555D',
  'time_end' => '20171102151304',
  'total_fee' => '2000',
  'trade_type' => 'NATIVE',
  'transaction_id' => '4200000030201711021941970120',
)
[2017-11-02 15:17:20][140.207.54.76][INFO]微信支付 成功:回调信息是:array (
  'appid' => 'wxcb8a76fe730b5964',
  'attach' => '2bc4e351-c0a1-4ef9-9716-1826580bab67',
  'bank_type' => 'CFT',
  'cash_fee' => '10000',
  'fee_type' => 'CNY',
  'is_subscribe' => 'Y',
  'mch_id' => '1352470102',
  'nonce_str' => '42beokc7jx9bzs72dl3xvy2b95ne626a',
  'openid' => 'oFqowwLlCJo5CCK95_yL6TPhHNNg',
  'out_trade_no' => 'e4cec024eab64fa795b4703be4fb44a2',
  'result_code' => 'SUCCESS',
  'return_code' => 'SUCCESS',
  'sign' => 'F6839622BF76E68F4CEB4880015C0AB3',
  'time_end' => '20171102151720',
  'total_fee' => '10000',
  'trade_type' => 'NATIVE',
  'transaction_id' => '4200000013201711021944878446',
)
[2017-11-02 15:20:32][58.251.80.53][INFO]微信支付 成功:回调信息是:array (
  'appid' => 'wxcb8a76fe730b5964',
  'attach' => '7f1e39a6-355e-409d-9433-39c2b64675f3',
  'bank_type' => 'CFT',
  'cash_fee' => '600',
  'fee_type' => 'CNY',
  'is_subscribe' => 'N',
  'mch_id' => '1352470102',
  'nonce_str' => 'hqsq2bdtgcplqogwkji1wql0qvmcfgwl',
  'openid' => 'oFqowwA_ppb6MBiS_Yc9upoaGJqM',
  'out_trade_no' => 'dd2e28b665564364811b646e4571fd25',
  'result_code' => 'SUCCESS',
  'return_code' => 'SUCCESS',
  'sign' => '9A544D2EA44BCA9872569342ED63938B',
  'time_end' => '20171102152031',
  'total_fee' => '600',
  'trade_type' => 'JSAPI',
  'transaction_id' => '4200000007201711021943540317',
)
[2017-11-02 15:21:49][140.207.54.76][INFO]微信支付 成功:回调信息是:array (
  'appid' => 'wxcb8a76fe730b5964',
  'attach' => 'd778ed2c-49bd-4178-8842-5478cd3732d8',
  'bank_type' => 'ABC_DEBIT',
  'cash_fee' => '2000',
  'fee_type' => 'CNY',
  'is_subscribe' => 'N',
  'mch_id' => '1352470102',
  'nonce_str' => '3dws01aenh9ac9btz5o0cl310i7y5t41',
  'openid' => 'oFqowwPEpw51wdvE8bplVHcYBWZM',
  'out_trade_no' => '3144f2956a1c43b996cd1c3fa2fec015',
  'result_code' => 'SUCCESS',
  'return_code' => 'SUCCESS',
  'sign' => '44BAD73E11F55E732BBE99E13FA53B98',
  'time_end' => '20171102152148',
  'total_fee' => '2000',
  'trade_type' => 'NATIVE',
  'transaction_id' => '4200000025201711021946547949',
)
[2017-11-02 15:21:49][140.207.54.73][INFO]微信支付 成功:回调信息是:array (
  'appid' => 'wxcb8a76fe730b5964',
  'attach' => '5798cd13-4dc4-49e4-a1a4-14cf25657286',
  'bank_type' => 'YNRCCB_DEBIT',
  'cash_fee' => '2000',
  'fee_type' => 'CNY',
  'is_subscribe' => 'N',
  'mch_id' => '1352470102',
  'nonce_str' => 'l6sbdfd5hxvedfl7fnjk77aqozi6vg8l',
  'openid' => 'oFqowwPYkm3G7tZwLQcJWiRuStGY',
  'out_trade_no' => '2516dd2d334f41c1aefc911035c0f340',
  'result_code' => 'SUCCESS',
  'return_code' => 'SUCCESS',
  'sign' => '7D1BF2B9F7F3AF97982BB833E599BBD7',
  'time_end' => '20171102152149',
  'total_fee' => '2000',
  'trade_type' => 'NATIVE',
  'transaction_id' => '4200000015201711021946554572',
)
[2017-11-02 15:27:54][140.207.54.74][INFO]微信支付 成功:回调信息是:array (
  'appid' => 'wxcb8a76fe730b5964',
  'attach' => '6cc72750-8807-4b0f-8e2f-5c81bab63000',
  'bank_type' => 'CFT',
  'cash_fee' => '600',
  'fee_type' => 'CNY',
  'is_subscribe' => 'Y',
  'mch_id' => '1352470102',
  'nonce_str' => 'qgnbg7i15ttk71rdi5grnlw4tl6zfjcg',
  'openid' => 'oFqowwLWz7mrypXRp5PzUdHVgois',
  'out_trade_no' => 'ede808176cbc444b8c1be5fc61592eea',
  'result_code' => 'SUCCESS',
  'return_code' => 'SUCCESS',
  'sign' => 'FF06FEA1B61D7C040CB06397CB6338CA',
  'time_end' => '20171102152753',
  'total_fee' => '600',
  'trade_type' => 'JSAPI',
  'transaction_id' => '4200000014201711021946873375',
)
[2017-11-02 15:28:39][140.207.54.76][INFO]微信支付 成功:回调信息是:array (
  'appid' => 'wxcb8a76fe730b5964',
  'attach' => 'd15a2fd6-210c-4a5f-8e83-bd5e286b2b63',
  'bank_type' => 'CFT',
  'cash_fee' => '500',
  'fee_type' => 'CNY',
  'is_subscribe' => 'Y',
  'mch_id' => '1352470102',
  'nonce_str' => 'yd7rjsj1unzgynotrd2dmthcibqyjlho',
  'openid' => 'oFqowwH4EUzveKOElyDUZbHcc5Yg',
  'out_trade_no' => '0c4380dea4da4c30a6cf5108c18a378d',
  'result_code' => 'SUCCESS',
  'return_code' => 'SUCCESS',
  'sign' => 'EFFEFB46AE001F9D0D8D85382225DF19',
  'time_end' => '20171102152838',
  'total_fee' => '500',
  'trade_type' => 'NATIVE',
  'transaction_id' => '4200000017201711021948621787',
)
[2017-11-02 15:31:49][58.251.80.56][INFO]微信支付 成功:回调信息是:array (
  'appid' => 'wxcb8a76fe730b5964',
  'attach' => '5798cd13-4dc4-49e4-a1a4-14cf25657286',
  'bank_type' => 'YNRCCB_DEBIT',
  'cash_fee' => '2000',
  'fee_type' => 'CNY',
  'is_subscribe' => 'N',
  'mch_id' => '1352470102',
  'nonce_str' => 'iyx60fihv9d0pfpavw6forchzb9j5137',
  'openid' => 'oFqowwPYkm3G7tZwLQcJWiRuStGY',
  'out_trade_no' => '1fa0ffa27d8c45408ead195de251fbdb',
  'result_code' => 'SUCCESS',
  'return_code' => 'SUCCESS',
  'sign' => 'C98F766A9BC3C8F842EF58A7594F6662',
  'time_end' => '20171102153148',
  'total_fee' => '2000',
  'trade_type' => 'NATIVE',
  'transaction_id' => '4200000024201711021945519159',
)
[2017-11-02 15:33:02][58.251.80.55][INFO]微信支付 成功:回调信息是:array (
  'appid' => 'wxcb8a76fe730b5964',
  'attach' => 'ae066e53-1142-42b1-b8f8-a60e1335c3c1',
  'bank_type' => 'ICBC_DEBIT',
  'cash_fee' => '2000',
  'fee_type' => 'CNY',
  'is_subscribe' => 'N',
  'mch_id' => '1352470102',
  'nonce_str' => 'qvjwumt5cyb6d4mh0nhpw8xid37l31ku',
  'openid' => 'oFqowwLtTshEEeYnJiJMd-NtvDZE',
  'out_trade_no' => '8a28aa8f683e40d2a8999c5cf5976f2b',
  'result_code' => 'SUCCESS',
  'return_code' => 'SUCCESS',
  'sign' => 'D4F3268F9F725F9827568EBE6EF33B7E',
  'time_end' => '20171102153301',
  'total_fee' => '2000',
  'trade_type' => 'NATIVE',
  'transaction_id' => '4200000021201711021948901203',
)
[2017-11-02 15:35:27][203.209.227.31][INFO]支付宝支付 :回调信息是:array (
  'gmt_create' => '2017-11-02 15:35:27',
  'charset' => 'utf-8',
  'seller_email' => 'qiyue@pp158.com',
  'notify_time' => '2017-11-02 15:35:27',
  'subject' => 'pp游戏账单支付',
  'sign' => 'F63vtCVXiQvUNPFWhvzhmRIsDFB+8a+6Nz+gDvUmTROIpvsU0PnGJtcxWrBiM18ag1ONd6e7SERWrL1mqvKlo4cMfZaE6k0D2duQ6IPsTMVMf9OHvWyoWY/1MClmfn/Pw6HqeWKBzHuN1NzM2MB6WpLlu+us7ALcTqhIkN2lIAO++mmPS+SSRPxMWxexzNhZoDaQX4DQYVJyx67lb97DjBr0/fUbgyQvpilP9ZFCI4ZNoSiAVBr1bU0klLGlguyMrvgS+TJQaFZLPA5A0uVNfodeoGSdnK9LnpU2wd96xqCTz0xOUye6AGfcRNHO6fdj6cpuFDuSjAtDdCcwaNdCrg==',
  'body' => 'db008750-17e2-4fbc-91aa-4be92a26738c',
  'buyer_id' => '2088812468583490',
  'version' => '1.0',
  'notify_id' => 'd8be78fe67f82fc2ab93e286303cb27jtl',
  'notify_type' => 'trade_status_sync',
  'out_trade_no' => '92d55145819c475e9f700bcdc0808882',
  'total_amount' => '5.00',
  'trade_status' => 'WAIT_BUYER_PAY',
  'trade_no' => '2017110221001004495319156714',
  'auth_app_id' => '2017021605702899',
  'buyer_logon_id' => '180****7818',
  'app_id' => '2017021605702899',
  'sign_type' => 'RSA2',
  'seller_id' => '2088221931936835',
)
[2017-11-02 15:35:31][203.209.226.200][INFO]支付宝支付 成功:回调信息是:array (
  'gmt_create' => '2017-11-02 15:35:27',
  'charset' => 'utf-8',
  'seller_email' => 'qiyue@pp158.com',
  'subject' => 'pp游戏账单支付',
  'sign' => 'Uzs41JwgJp7I1eW3gk6flv/xHQdeA/DrgAGqisY6aSQx7alkDC2UhTNBOlRD2wdgVm7GNsnOg9pBiKQo2IhLokzvdcYr3kv6kq08SrsvUu5Q24/Uf7YRN8usYQAkA0Nu/I5c1z/SKmFPXMnjGw65GinezcZV09wG2TFMv+adCNs1BQJLLjBB6BTE4B9PogxYkomWScg0xnNM8sRfiwcaAiw71ZBB88opnPoho8ZPEKB/0eJNrKHwmRKKo8SC+FvE4ILZ5vhs9RpEmPVl5vJW7a/zTfl4KUwhEqQ7fCNfOdsdk7W3ZG9f5YA6JKiDbn5SOQhD0Od4+0+ScQDxNZp8xg==',
  'body' => 'db008750-17e2-4fbc-91aa-4be92a26738c',
  'buyer_id' => '2088812468583490',
  'invoice_amount' => '5.00',
  'notify_id' => '2ef573344fea12f811a89e4fd655dd8jtl',
  'fund_bill_list' => '[{"amount":"5.00","fundChannel":"PCREDIT"}]',
  'notify_type' => 'trade_status_sync',
  'trade_status' => 'TRADE_SUCCESS',
  'receipt_amount' => '5.00',
  'app_id' => '2017021605702899',
  'buyer_pay_amount' => '5.00',
  'sign_type' => 'RSA2',
  'seller_id' => '2088221931936835',
  'gmt_payment' => '2017-11-02 15:35:31',
  'notify_time' => '2017-11-02 15:35:31',
  'version' => '1.0',
  'out_trade_no' => '92d55145819c475e9f700bcdc0808882',
  'total_amount' => '5.00',
  'trade_no' => '2017110221001004495319156714',
  'auth_app_id' => '2017021605702899',
  'buyer_logon_id' => '180****7818',
  'point_amount' => '0.00',
)
[2017-11-02 15:36:20][203.209.226.56][INFO]支付宝支付 :回调信息是:array (
  'gmt_create' => '2017-11-02 15:36:19',
  'charset' => 'utf-8',
  'seller_email' => 'qiyue@pp158.com',
  'notify_time' => '2017-11-02 15:36:20',
  'subject' => 'pp游戏账单支付',
  'sign' => 'WdPBG0EA9DrKT9PDRh0SNe5ja0JTakiH6bNwzqHZ/qmMKZjPPgIKdHDqFHg+Jcwp8hFZqDom0Mf+AL0JLavTY9hbZZwmo36ozoYtw/tcVtpOquLeyz4eFgHqzR+hN/4TaOD+5B79Bq4pY5j7DSc9yOJysv0EI52ZA3V1F34e14LvvAUkgpFzwwSaEr28YMOZH2Bupbca1DV9JUh0VynQTmWsragrPWKTeddKvSukKYGAecDuVMVA5eLVEJRDh87ipMPjjcn/kpRudYMSG9BWgHK/aU7Qs6pPSUha9RElKhHnxNtjKjJIP5zCxY9Xeom83q23zNscHa2WJwLlG7U0sQ==',
  'body' => '27c7f17c-4c8a-4757-b994-3aa39caf10d7',
  'buyer_id' => '2088102296768555',
  'version' => '1.0',
  'notify_id' => 'aef246b06c3e3dfb02428d1eefb96a5ka8',
  'notify_type' => 'trade_status_sync',
  'out_trade_no' => 'ab214e2035674cbaba77283697e18752',
  'total_amount' => '5.00',
  'trade_status' => 'WAIT_BUYER_PAY',
  'trade_no' => '2017110221001004555231732864',
  'auth_app_id' => '2017021605702899',
  'buyer_logon_id' => '159****5147',
  'app_id' => '2017021605702899',
  'sign_type' => 'RSA2',
  'seller_id' => '2088221931936835',
)
[2017-11-02 15:36:34][203.209.227.87][INFO]支付宝支付 成功:回调信息是:array (
  'gmt_create' => '2017-11-02 15:36:19',
  'charset' => 'utf-8',
  'seller_email' => 'qiyue@pp158.com',
  'subject' => 'pp游戏账单支付',
  'sign' => 'Dso2izi1EK3wOijPs+UwvFjSJD79EqFp2spHY2sbQ1H09D7KL/RnWRrrHah0oGWa5qXLhwLfR+cW3Bp5REjefGpl7PIkvL24XbMlveYy5OctAuCr/Q4vGDv1O0FPxIunf3zQLWouqD/YSBIrVOjhxccSVs7VbpyH++yjqOEai7XKoub97kBbXNGFcK2ddBpAbUWZ/ywMO+RZ+UsK4cwK3sEkVugrWmMC0OOlpTDJjgBUYW6QufHMGla/WP0nNWKffQhFxv+lG42oJa9Hn/SpdnSjywgpJY3e+w6ndp6TUbv1Rbz7pXHrqoQpXO8bFgL7dayHZqk4r+DLfydllV8GuQ==',
  'body' => '27c7f17c-4c8a-4757-b994-3aa39caf10d7',
  'buyer_id' => '2088102296768555',
  'invoice_amount' => '5.00',
  'notify_id' => 'acf68e7a7b241ff9ae13c1d213e9ee2ka8',
  'fund_bill_list' => '[{"amount":"5.00","fundChannel":"PCREDIT"}]',
  'notify_type' => 'trade_status_sync',
  'trade_status' => 'TRADE_SUCCESS',
  'receipt_amount' => '5.00',
  'app_id' => '2017021605702899',
  'buyer_pay_amount' => '5.00',
  'sign_type' => 'RSA2',
  'seller_id' => '2088221931936835',
  'gmt_payment' => '2017-11-02 15:36:33',
  'notify_time' => '2017-11-02 15:36:33',
  'version' => '1.0',
  'out_trade_no' => 'ab214e2035674cbaba77283697e18752',
  'total_amount' => '5.00',
  'trade_no' => '2017110221001004555231732864',
  'auth_app_id' => '2017021605702899',
  'buyer_logon_id' => '159****5147',
  'point_amount' => '0.00',
)
[2017-11-02 15:37:46][58.251.80.56][INFO]微信支付 成功:回调信息是:array (
  'appid' => 'wxcb8a76fe730b5964',
  'attach' => '5798cd13-4dc4-49e4-a1a4-14cf25657286',
  'bank_type' => 'YNRCCB_DEBIT',
  'cash_fee' => '2000',
  'fee_type' => 'CNY',
  'is_subscribe' => 'N',
  'mch_id' => '1352470102',
  'nonce_str' => '53pf8vefcyx67f3i02lz4f00hz83uw96',
  'openid' => 'oFqowwPYkm3G7tZwLQcJWiRuStGY',
  'out_trade_no' => '451f7079869940798a149048b54ae379',
  'result_code' => 'SUCCESS',
  'return_code' => 'SUCCESS',
  'sign' => 'D719C78517A220433D010BD939B81A57',
  'time_end' => '20171102153745',
  'total_fee' => '2000',
  'trade_type' => 'NATIVE',
  'transaction_id' => '4200000005201711021950382941',
)
[2017-11-02 15:37:55][110.75.242.2][INFO]支付宝支付 :回调信息是:array (
  'gmt_create' => '2017-11-02 15:37:55',
  'charset' => 'utf-8',
  'seller_email' => 'qiyue@pp158.com',
  'notify_time' => '2017-11-02 15:37:55',
  'subject' => 'pp游戏账单支付',
  'sign' => 'BEyNqE6fXsDVjZHmXv7HMfUNG8niObE1PmTgZIvPRa1IDfl36/cGvpbtSby2S8NbSn8xclW/PUIiucFflVdBRdYmqP6zF87GgId6cA+rrEbxQpA9srwY9C2O6uRIqHQpr54yBwjxwEYXIaP0JIXv0Ru6WiUwJ9X+Ws0b4aSNkGP/ZX+xZil024ZtFwJaVCmm2HkMW4yPRkJE+3Mgu59kHF9mjKo78vctRPLCMbgCw3cD/9i2ZRqxMrlatfPdRDvNxeri3yv6LBs/Bdy6jkbIZFqcnZk0oxyJOOL4X3cIUvXqKOs2/MX2E0dVdh1N7sviaQtZjw0/BPOVArD74tpNtw==',
  'body' => 'd778ed2c-49bd-4178-8842-5478cd3732d8',
  'buyer_id' => '2088012906787402',
  'version' => '1.0',
  'notify_id' => '0fcb5343b5e5b2903104084ff79ba7bj36',
  'notify_type' => 'trade_status_sync',
  'out_trade_no' => '7c3cc3b065334861aa0f274b8ef522fe',
  'total_amount' => '20.00',
  'trade_status' => 'WAIT_BUYER_PAY',
  'trade_no' => '2017110221001004400256239835',
  'auth_app_id' => '2017021605702899',
  'buyer_logon_id' => '197***@qq.com',
  'app_id' => '2017021605702899',
  'sign_type' => 'RSA2',
  'seller_id' => '2088221931936835',
)
[2017-11-02 15:38:02][110.75.242.35][INFO]支付宝支付 成功:回调信息是:array (
  'gmt_create' => '2017-11-02 15:37:55',
  'charset' => 'utf-8',
  'seller_email' => 'qiyue@pp158.com',
  'subject' => 'pp游戏账单支付',
  'sign' => 'E3rrAM5eHOubbL0iYO+c4XjxDiVZqCJ+kSsfitgT1WKEKFOdntTVdbq6TP6EOuVhqSRRnby8yF2K3ouWMeQc3bqZfapttUfkyPYwSkactPBlQyA4v53Jc60st8iSoXKV2dokWUqVn3ZABm/hi9nb8PXOH16RJDIRJ3seiNtM5hA11CUFp2Q+HuW8PUIEmqn4ZfY/ZB9r1F2HxVNfdSIiOcaMSYQlSXHW2Y97yTreJpBViF2nECrHBnqzQiSHyIlj0N6IiRTCF48GshaiNcf9CMmCFTKfG5o+FMxjL5Kcpv1FK/3DEvb1cVoSqoZTxDK19RXYFnrbOwrfbCIZcS2FYg==',
  'body' => 'd778ed2c-49bd-4178-8842-5478cd3732d8',
  'buyer_id' => '2088012906787402',
  'invoice_amount' => '20.00',
  'notify_id' => 'a846ba5010552011fb0260de97a8b64j36',
  'fund_bill_list' => '[{"amount":"20.00","fundChannel":"PCREDIT"}]',
  'notify_type' => 'trade_status_sync',
  'trade_status' => 'TRADE_SUCCESS',
  'receipt_amount' => '20.00',
  'app_id' => '2017021605702899',
  'buyer_pay_amount' => '20.00',
  'sign_type' => 'RSA2',
  'seller_id' => '2088221931936835',
  'gmt_payment' => '2017-11-02 15:38:02',
  'notify_time' => '2017-11-02 15:38:02',
  'version' => '1.0',
  'out_trade_no' => '7c3cc3b065334861aa0f274b8ef522fe',
  'total_amount' => '20.00',
  'trade_no' => '2017110221001004400256239835',
  'auth_app_id' => '2017021605702899',
  'buyer_logon_id' => '197***@qq.com',
  'point_amount' => '0.00',
)
[2017-11-02 15:39:19][203.209.226.46][INFO]支付宝支付 :回调信息是:array (
  'gmt_create' => '2017-11-02 15:39:19',
  'charset' => 'utf-8',
  'seller_email' => 'qiyue@pp158.com',
  'notify_time' => '2017-11-02 15:39:19',
  'subject' => 'pp游戏账单支付',
  'sign' => 'M/OnpsNPWn/Cb9AQDrpeiI8PNnbfA0UQ/9hsdmrKh5XS3gkLp+lFrsqKsnQPTVJ7FlxD7rkANBytArAcAaG2PGUhe8iVS7XEKMK6iYtFXQ4kv7JkfYQJwfCk7NqmekSack87saVbAPenY8eaIrDulfx+g8SDpkVSb8wdEW0zfbkzYZyiBF7VWp2nDL2Ss5pqx2kpRGnV+b3M6xfRE34o88nhf/MMDGyyAxqE/w0pD2GnvW83vVETWDO4NEvK0Sn5E8p34dOpLDdoLid5bAHqMFTtHAm8XzRh4F7QOfBOt54uKdjNYBoRPvuvNXX4jr+UEZdKnQv3OO6Eeh2PyJCTXg==',
  'body' => '27c7f17c-4c8a-4757-b994-3aa39caf10d7',
  'buyer_id' => '2088102296768555',
  'version' => '1.0',
  'notify_id' => 'e758bedc796c84a4d0364fb1504bb3cka8',
  'notify_type' => 'trade_status_sync',
  'out_trade_no' => 'fd92a9bb1d6d403db5793927a9f1d81f',
  'total_amount' => '20.00',
  'trade_status' => 'WAIT_BUYER_PAY',
  'trade_no' => '2017110221001004555235960705',
  'auth_app_id' => '2017021605702899',
  'buyer_logon_id' => '159****5147',
  'app_id' => '2017021605702899',
  'sign_type' => 'RSA2',
  'seller_id' => '2088221931936835',
)
[2017-11-02 15:39:26][203.209.227.135][INFO]支付宝支付 成功:回调信息是:array (
  'gmt_create' => '2017-11-02 15:39:19',
  'charset' => 'utf-8',
  'seller_email' => 'qiyue@pp158.com',
  'subject' => 'pp游戏账单支付',
  'sign' => 'MHNb9MjBTgftCnuFYL4j8pAMjoRPK1gYzK5BaSDtzTqrKLCj4E1/uG7v6fIHcs1s9YJ7sd/DwCIrNbNs4F0GLE+FdF7o8hESgCAh6LhIhd6YORrF3XpCxNz/Sjnej7/gwPSexkAxUlMjxRp1BaKScRkLnYtJx3ZEgiisC+IHP7ghswZ2fxgTRTKB2zNZQV8CZjlmv8GkVYFPvmgV4S4O3HWvfLVoV2irCPm0p6N9JVuIjJC6mKru0DPYzCL6GcNL23G6I5aBEK3vOOxRbwc0XldTO0I7RA1yCOZ3r5U2AQDrR7EquSSDO0YgJPOlVVgm3BXXZkd+5V9rx/2wDBeXWw==',
  'body' => '27c7f17c-4c8a-4757-b994-3aa39caf10d7',
  'buyer_id' => '2088102296768555',
  'invoice_amount' => '20.00',
  'notify_id' => '318f20323c02f14d4bb28d1bc7787e9ka8',
  'fund_bill_list' => '[{"amount":"20.00","fundChannel":"PCREDIT"}]',
  'notify_type' => 'trade_status_sync',
  'trade_status' => 'TRADE_SUCCESS',
  'receipt_amount' => '20.00',
  'app_id' => '2017021605702899',
  'buyer_pay_amount' => '20.00',
  'sign_type' => 'RSA2',
  'seller_id' => '2088221931936835',
  'gmt_payment' => '2017-11-02 15:39:25',
  'notify_time' => '2017-11-02 15:39:26',
  'version' => '1.0',
  'out_trade_no' => 'fd92a9bb1d6d403db5793927a9f1d81f',
  'total_amount' => '20.00',
  'trade_no' => '2017110221001004555235960705',
  'auth_app_id' => '2017021605702899',
  'buyer_logon_id' => '159****5147',
  'point_amount' => '0.00',
)
[2017-11-02 15:40:17][58.251.80.49][INFO]微信支付 成功:回调信息是:array (
  'appid' => 'wxcb8a76fe730b5964',
  'attach' => '2bc4e351-c0a1-4ef9-9716-1826580bab67',
  'bank_type' => 'CFT',
  'cash_fee' => '20000',
  'fee_type' => 'CNY',
  'is_subscribe' => 'Y',
  'mch_id' => '1352470102',
  'nonce_str' => '4ex8gqfjj8b2h4934sgzxpy7fnkgsxyc',
  'openid' => 'oFqowwLlCJo5CCK95_yL6TPhHNNg',
  'out_trade_no' => '4ae352cadd0e4bfd8a0a028d96db95cd',
  'result_code' => 'SUCCESS',
  'return_code' => 'SUCCESS',
  'sign' => '2D178BE040CBFD6A92B0AC20EF2050AA',
  'time_end' => '20171102154017',
  'total_fee' => '20000',
  'trade_type' => 'NATIVE',
  'transaction_id' => '4200000001201711021950558684',
)
[2017-11-02 15:40:58][58.251.80.44][INFO]微信支付 成功:回调信息是:array (
  'appid' => 'wxcb8a76fe730b5964',
  'attach' => '6c3e3f54-545b-4e1a-83c0-090c30659eee',
  'bank_type' => 'CFT',
  'cash_fee' => '500',
  'fee_type' => 'CNY',
  'is_subscribe' => 'N',
  'mch_id' => '1352470102',
  'nonce_str' => 'p0kmsc5oyhjg83s07fxzb1t2w23ha9y6',
  'openid' => 'oFqowwM22d3v7kZLwNz2jCHxQ3m8',
  'out_trade_no' => 'cb51a11689af49f189e6877d628445b8',
  'result_code' => 'SUCCESS',
  'return_code' => 'SUCCESS',
  'sign' => '7F784EBC62845C6A2B08E6C8A6DE1E2C',
  'time_end' => '20171102154057',
  'total_fee' => '500',
  'trade_type' => 'NATIVE',
  'transaction_id' => '4200000018201711021947559401',
)
[2017-11-02 15:41:26][110.75.242.139][INFO]支付宝支付 :回调信息是:array (
  'gmt_create' => '2017-11-02 15:41:26',
  'charset' => 'utf-8',
  'seller_email' => 'qiyue@pp158.com',
  'notify_time' => '2017-11-02 15:41:26',
  'subject' => 'pp游戏账单支付',
  'sign' => 'JZlzktF5EPldH8k/PXdqddMXzYP/703G8a6JX9GlKt5ezzYOTxam3AHjmZgRt49GDZvDBzSQ/8CVUcLetlUkrJlF9oCryiiGHrRPD+xvQTGYD6D/PMsj4f/uqJp4iWYqnmowx8C3t/BThnCIyq+h/yjtCcK9fbQY/NCKVNDcQpzUbdb/gQqkaMZE9qZB3K8Z53DlQ4Yxtmg0ODslFy3l+qMRI833MihT32gKo4E6lUJrQymN+voxVqH+Nhel5mvSklsXsXzc/ZHm4M9D+fiOSbRHFrpOPs1hWEuSDWw0X5nrklnyfQFlDWCjNVj9iPkIx27EAa/WF+MiAbgg9x8Zcg==',
  'body' => 'b588bee5-9a3d-4787-9af9-b956fc63d69c',
  'buyer_id' => '2088702593042361',
  'version' => '1.0',
  'notify_id' => 'df91d92b3809f1f42efc2fd7cc55fd4is2',
  'notify_type' => 'trade_status_sync',
  'out_trade_no' => '90c348be863a43b6855fc3630203355f',
  'total_amount' => '20.00',
  'trade_status' => 'WAIT_BUYER_PAY',
  'trade_no' => '2017110221001004360229525850',
  'auth_app_id' => '2017021605702899',
  'buyer_logon_id' => '186****9033',
  'app_id' => '2017021605702899',
  'sign_type' => 'RSA2',
  'seller_id' => '2088221931936835',
)
[2017-11-02 15:41:38][110.75.242.9][INFO]支付宝支付 成功:回调信息是:array (
  'gmt_create' => '2017-11-02 15:41:26',
  'charset' => 'utf-8',
  'seller_email' => 'qiyue@pp158.com',
  'subject' => 'pp游戏账单支付',
  'sign' => 'Xc5yY/wGYMawRV5TnQck9NQBttIAWtmRaTZD+npuS3zKs3sQT1UJ1vOruIfZd1tY/Yvhce+wxga1/0jp1JnUClFeUGwPKZi4P5VN1L93g91v29dfMbhIQ9yz/qpAwb/dBQyttAC0CFyFhTe7KOEIQgRuHMCX0twTRurQmQ817GQHZ4sb5Vi/4X6yV0UOmiXCuD32qg14wH/FHsRp3RMMFbjOtaVyYzoqoZrVo3IQJQtv6Qf4VrmkFSob4azhgXRqF13f/NH4tQJ2+sM71QWAEUhjRscKlhwmq9PhiT4iUiHevClKWjOBqldrs8A0n/ttr09YxngjsZfEogEL3d9jtg==',
  'body' => 'b588bee5-9a3d-4787-9af9-b956fc63d69c',
  'buyer_id' => '2088702593042361',
  'invoice_amount' => '20.00',
  'notify_id' => '6fc43e53429feacd5f2b09817eb2110is2',
  'fund_bill_list' => '[{"amount":"20.00","fundChannel":"ALIPAYACCOUNT"}]',
  'notify_type' => 'trade_status_sync',
  'trade_status' => 'TRADE_SUCCESS',
  'receipt_amount' => '20.00',
  'app_id' => '2017021605702899',
  'buyer_pay_amount' => '20.00',
  'sign_type' => 'RSA2',
  'seller_id' => '2088221931936835',
  'gmt_payment' => '2017-11-02 15:41:37',
  'notify_time' => '2017-11-02 15:41:37',
  'version' => '1.0',
  'out_trade_no' => '90c348be863a43b6855fc3630203355f',
  'total_amount' => '20.00',
  'trade_no' => '2017110221001004360229525850',
  'auth_app_id' => '2017021605702899',
  'buyer_logon_id' => '186****9033',
  'point_amount' => '0.00',
)
[2017-11-02 15:42:50][140.207.54.75][INFO]微信支付 成功:回调信息是:array (
  'appid' => 'wxcb8a76fe730b5964',
  'attach' => '5798cd13-4dc4-49e4-a1a4-14cf25657286',
  'bank_type' => 'YNRCCB_DEBIT',
  'cash_fee' => '600',
  'fee_type' => 'CNY',
  'is_subscribe' => 'N',
  'mch_id' => '1352470102',
  'nonce_str' => 'yc5a4ujrvswzc2kit2ervknm09396id6',
  'openid' => 'oFqowwPYkm3G7tZwLQcJWiRuStGY',
  'out_trade_no' => 'd63e029fa14e4546a496e970a48e0dc9',
  'result_code' => 'SUCCESS',
  'return_code' => 'SUCCESS',
  'sign' => 'F23C246C3B267BCB48786D3A8935211E',
  'time_end' => '20171102154249',
  'total_fee' => '600',
  'trade_type' => 'JSAPI',
  'transaction_id' => '4200000026201711021946051014',
)
[2017-11-02 15:45:07][110.75.242.134][INFO]支付宝支付 成功:回调信息是:array (
  'gmt_create' => '2017-11-02 15:45:06',
  'charset' => 'UTF-8',
  'seller_email' => 'qiyue@pp158.com',
  'subject' => 'pp游戏账单支付',
  'sign' => 'OI1ionu8uU1/xET0nhXlvlTmGkSJeSsJiOXW0UB77muchqV+19/J3UNHU9Zdh5Bi1xu3l4pFm9SCCdxmYpeExeWtThiWCg8ulCosqxjTWgsEE12YtaRTVe5+J7beZEmEaIiL6yf95vityuRh2R+XQ6+X4n7VMeA0/hQ0akEs6nezE1+EQkHtJeDERX2QJsB/5hbftK7GLDtaGV5FGXNQuGF7GqusM2ofSQ/DQ8+wbZ9WDLJK844jh5Prpv5/p8sHF2mIqzloZfpkrKlWIULo36+o4fL0W7QbuC5D9MUo5BNJNzSn8k/HjxoeCoY2Jh0Zp0X8PXUrelO7p2eym/cJGA==',
  'body' => 'd778ed2c-49bd-4178-8842-5478cd3732d8',
  'buyer_id' => '2088012906787402',
  'invoice_amount' => '18.00',
  'notify_id' => '718c3271edfc02e767b622948d7e7d7j36',
  'fund_bill_list' => '[{"amount":"18.00","fundChannel":"ALIPAYACCOUNT"}]',
  'notify_type' => 'trade_status_sync',
  'trade_status' => 'TRADE_SUCCESS',
  'receipt_amount' => '18.00',
  'app_id' => '2017021605702899',
  'buyer_pay_amount' => '18.00',
  'sign_type' => 'RSA2',
  'seller_id' => '2088221931936835',
  'gmt_payment' => '2017-11-02 15:45:06',
  'notify_time' => '2017-11-02 15:45:07',
  'version' => '1.0',
  'out_trade_no' => '5e36020944234ffe9600bbf4afd7881b',
  'total_amount' => '18.00',
  'trade_no' => '2017110221001004400256288402',
  'auth_app_id' => '2017021605702899',
  'buyer_logon_id' => '197***@qq.com',
  'point_amount' => '0.00',
)
[2017-11-02 15:49:09][58.251.80.60][INFO]微信支付 成功:回调信息是:array (
  'appid' => 'wxcb8a76fe730b5964',
  'attach' => 'd0ff4d44-622f-4059-9769-1147c021b5f1',
  'bank_type' => 'CFT',
  'cash_fee' => '2000',
  'fee_type' => 'CNY',
  'is_subscribe' => 'N',
  'mch_id' => '1352470102',
  'nonce_str' => 'v8aucumkts79lxwctvoowggl0z4rch4y',
  'openid' => 'oFqowwO_jGx49Y7ISQxQivBr2Vn8',
  'out_trade_no' => '9799315c639c45f58870244fd2285ff4',
  'result_code' => 'SUCCESS',
  'return_code' => 'SUCCESS',
  'sign' => '96A0AF5CC58B4C55E8C4DA64DB45FC7A',
  'time_end' => '20171102154908',
  'total_fee' => '2000',
  'trade_type' => 'NATIVE',
  'transaction_id' => '4200000030201711021952369035',
)
[2017-11-02 15:49:10][140.207.54.74][INFO]微信支付 成功:回调信息是:array (
  'appid' => 'wxcb8a76fe730b5964',
  'attach' => 'fa692664-b1c0-45eb-af99-44db58affd8c',
  'bank_type' => 'CFT',
  'cash_fee' => '500',
  'fee_type' => 'CNY',
  'is_subscribe' => 'Y',
  'mch_id' => '1352470102',
  'nonce_str' => 'i58rwtlzeymwnn68a5f7c2km423h6i7l',
  'openid' => 'oFqowwKVBVLPp-vkrU0rBcIgyX-Q',
  'out_trade_no' => '5a8bc46d4fdb489f93a84e9ea1e274aa',
  'result_code' => 'SUCCESS',
  'return_code' => 'SUCCESS',
  'sign' => '0BE5AAB4ECEDA326F3CED39C8E02D393',
  'time_end' => '20171102154910',
  'total_fee' => '500',
  'trade_type' => 'NATIVE',
  'transaction_id' => '4200000018201711021947879513',
)
[2017-11-02 15:52:21][110.75.242.182][INFO]支付宝支付 :回调信息是:array (
  'gmt_create' => '2017-11-02 15:52:21',
  'charset' => 'utf-8',
  'seller_email' => 'qiyue@pp158.com',
  'notify_time' => '2017-11-02 15:52:21',
  'subject' => 'pp游戏账单支付',
  'sign' => 'fPgNw++XdTLGVO79u+GHg/VDP6JlrTaNuGwysprfpanZn92Kq9zSGcS5xp737nttjgu0/NekB4HixKCB8+w8AGPCBd4FCeok2Uz3AK6qD44QqA0SWqoVAXGJSqCrMcS9odUHar6ITSz55KZeCvPCUYFrUiL93xWBXJdcfa2t7mBADmBoV+T3DZrAPLsdZzGIGRVDXWW0jcLd3hjw8roEH7Xl603cl5S1HguXglJbNeBmb5tw7365euh0gOIP60VwfLTa77oviPI0lH8Vm5mz7hjblsi6/92I3RhmEFNVf38UXHFM2O5UAKRsZDTc9LhatvmwGXE5oMrlh6IVfjLLZw==',
  'body' => '9300a265-8fb8-4db7-a97f-31b76036fe21',
  'buyer_id' => '2088012906787402',
  'version' => '1.0',
  'notify_id' => 'ab81f70b0eba1f042a9b6c593cda0c4j36',
  'notify_type' => 'trade_status_sync',
  'out_trade_no' => 'c110be9079eb4a5ca6c1b60046da5ed4',
  'total_amount' => '50.00',
  'trade_status' => 'WAIT_BUYER_PAY',
  'trade_no' => '2017110221001004400256312217',
  'auth_app_id' => '2017021605702899',
  'buyer_logon_id' => '197***@qq.com',
  'app_id' => '2017021605702899',
  'sign_type' => 'RSA2',
  'seller_id' => '2088221931936835',
)
[2017-11-02 15:52:27][110.75.242.163][INFO]支付宝支付 成功:回调信息是:array (
  'gmt_create' => '2017-11-02 15:52:21',
  'charset' => 'utf-8',
  'seller_email' => 'qiyue@pp158.com',
  'subject' => 'pp游戏账单支付',
  'sign' => 'JK3ACD4DfhOmc0+2xsU3C7iZKEgr6XnpfD6PZ1nfkri7+rh2x0PrSVqWG6ds+9DZTzx/a/2+rIiPJhZDn1Lys1gz4JWHKYy2O7S09AslZAYrzVQilI1RXPhfXYNUlneAn4kCytieLIS34M8s0aQj7dvd/AGDB+5Gv4qJrq4M+1QLxvuJ72Sh4zCun/aCqDNSE987oZdkuqgiFjMfw1+jiEAJS0PbnB7IeGi+WDW0Mpl1N3zSeE80vmA6bzmlw8YlMAjaPb7pQmaDv8U5Rc5uNMzPCZdbC2F71boWn3ScJczyC5EoDzPSCTraCDMEI/NbTqW1tzL+iDWSPHW3XGJGqw==',
  'body' => '9300a265-8fb8-4db7-a97f-31b76036fe21',
  'buyer_id' => '2088012906787402',
  'invoice_amount' => '50.00',
  'notify_id' => '52ea60e47507f778736a2d4ab194d9dj36',
  'fund_bill_list' => '[{"amount":"50.00","fundChannel":"PCREDIT"}]',
  'notify_type' => 'trade_status_sync',
  'trade_status' => 'TRADE_SUCCESS',
  'receipt_amount' => '50.00',
  'app_id' => '2017021605702899',
  'buyer_pay_amount' => '50.00',
  'sign_type' => 'RSA2',
  'seller_id' => '2088221931936835',
  'gmt_payment' => '2017-11-02 15:52:27',
  'notify_time' => '2017-11-02 15:52:27',
  'version' => '1.0',
  'out_trade_no' => 'c110be9079eb4a5ca6c1b60046da5ed4',
  'total_amount' => '50.00',
  'trade_no' => '2017110221001004400256312217',
  'auth_app_id' => '2017021605702899',
  'buyer_logon_id' => '197***@qq.com',
  'point_amount' => '0.00',
)
