[2017-11-02 16:04:20][58.251.80.44][INFO]微信支付 成功:回调信息是:array (
  'appid' => 'wxcb8a76fe730b5964',
  'attach' => 'e0b7e019-3d40-4568-bd31-1c05f50f8beb',
  'bank_type' => 'ABC_DEBIT',
  'cash_fee' => '5000',
  'fee_type' => 'CNY',
  'is_subscribe' => 'N',
  'mch_id' => '1352470102',
  'nonce_str' => 'l9xuuc03xoiyy0lqne5hchzfw491l40j',
  'openid' => 'oFqowwEwoAhhHYl4V0X37crS2g80',
  'out_trade_no' => '64833b58f2984279b5fa768e68db92b3',
  'result_code' => 'SUCCESS',
  'return_code' => 'SUCCESS',
  'sign' => '0A182D0308CAE5584AC550BE0C7F52D0',
  'time_end' => '20171102160419',
  'total_fee' => '5000',
  'trade_type' => 'NATIVE',
  'transaction_id' => '4200000012201711021953059940',
)
[2017-11-02 16:05:02][110.75.242.195][INFO]支付宝支付 :回调信息是:array (
  'gmt_create' => '2017-11-02 16:05:02',
  'charset' => 'utf-8',
  'seller_email' => 'qiyue@pp158.com',
  'notify_time' => '2017-11-02 16:05:02',
  'subject' => 'pp游戏账单支付',
  'sign' => 'JA+Y3ZQATnoueILWLzLdVZKF+ZspMXH77klfT1AQmrFe/yMP4rplx0+Loyg91uQATUtM4n6+aVkqnqkwTbRNzNDbg+qGcB/mw7jaWiDSOuVlS+HDE71TvrZQJMP0MqVE/OJawGLNXgBWjFaFrCVF3q5sDEB2SYZGAsBcX6QHPUI37zwQ74NlTFSV/zXoHf7KxG2XRvioKDhTDTSL2VgXJ3wKtXV5Smx4ITrLYI7S1kTQi28KtCuwymzvoH+nwzoKbjVmWuOPjYJyIE+yPPneG8YLDKAN9N2w79aTx1a1JHsVRcmGsGTqYAdEOhUJGcxqWOu7EVX8WGsrC17CWbpVPQ==',
  'body' => '8200067e-2749-4d36-8588-f8465c7a51e3',
  'buyer_id' => '2088012906787402',
  'version' => '1.0',
  'notify_id' => '0df8c5f98db7e23e4fc2b43bbf0a8f3j36',
  'notify_type' => 'trade_status_sync',
  'out_trade_no' => 'aa1bb264107a4f669c78963c198081e1',
  'total_amount' => '100.00',
  'trade_status' => 'WAIT_BUYER_PAY',
  'trade_no' => '2017110221001004400256323604',
  'auth_app_id' => '2017021605702899',
  'buyer_logon_id' => '197***@qq.com',
  'app_id' => '2017021605702899',
  'sign_type' => 'RSA2',
  'seller_id' => '2088221931936835',
)
[2017-11-02 16:05:08][110.75.242.58][INFO]支付宝支付 成功:回调信息是:array (
  'gmt_create' => '2017-11-02 16:05:02',
  'charset' => 'utf-8',
  'seller_email' => 'qiyue@pp158.com',
  'subject' => 'pp游戏账单支付',
  'sign' => 'cSHyKIogR80zggrYb3S7G5nA4I5sUmQJ69uk4Z4ZGRZf1gGZJ6j+rTLAISEZ8E5QjXTIQ36bm6R+JA1+KHILcZqHKcwG8qQHNUjr0jJ63anqxRMesGWb1b/2ZsBjcULYaUTD02BLpc1Cz2/Ds56P/sZ+fO+gggpDKrKUvRMaW+Q9eaEy0SvtP+6q8Xw6PQrmi1CDAgFaTKl5QDesZL8j1hwHwVkJ19oHHsxITTTgNB8ud/j73GrxuS6ooxGLv6yauLS4Q/7pK2KIb76L7lXJIIIM82FxhGS71WmU4vDbWE4C5Bw0xJNiy/2tCtKkZBAwzlQfP3/YPoQ9z8HDrVjqHw==',
  'body' => '8200067e-2749-4d36-8588-f8465c7a51e3',
  'buyer_id' => '2088012906787402',
  'invoice_amount' => '100.00',
  'notify_id' => '8455bfeb3d8fda4aa35b870e91452cej36',
  'fund_bill_list' => '[{"amount":"100.00","fundChannel":"PCREDIT"}]',
  'notify_type' => 'trade_status_sync',
  'trade_status' => 'TRADE_SUCCESS',
  'receipt_amount' => '100.00',
  'app_id' => '2017021605702899',
  'buyer_pay_amount' => '100.00',
  'sign_type' => 'RSA2',
  'seller_id' => '2088221931936835',
  'gmt_payment' => '2017-11-02 16:05:07',
  'notify_time' => '2017-11-02 16:05:08',
  'version' => '1.0',
  'out_trade_no' => 'aa1bb264107a4f669c78963c198081e1',
  'total_amount' => '100.00',
  'trade_no' => '2017110221001004400256323604',
  'auth_app_id' => '2017021605702899',
  'buyer_logon_id' => '197***@qq.com',
  'point_amount' => '0.00',
)
[2017-11-02 16:05:13][58.251.80.55][INFO]微信支付 成功:回调信息是:array (
  'appid' => 'wxcb8a76fe730b5964',
  'attach' => '3c18efdb-b77e-4f64-9060-83a48c01d9a3',
  'bank_type' => 'CFT',
  'cash_fee' => '1800',
  'fee_type' => 'CNY',
  'is_subscribe' => 'N',
  'mch_id' => '1352470102',
  'nonce_str' => 'ybzv5dhysspbsz1sigqsywmp1k0oy4b4',
  'openid' => 'oFqowwMJDmf9711LOk6Vc4a4KpV0',
  'out_trade_no' => '2fecb8eddc904de78234dd77d40e7e69',
  'result_code' => 'SUCCESS',
  'return_code' => 'SUCCESS',
  'sign' => '3A0FFF5962A33FBCEB0F61FFFCAF3146',
  'time_end' => '20171102160512',
  'total_fee' => '1800',
  'trade_type' => 'JSAPI',
  'transaction_id' => '4200000019201711021954668158',
)
[2017-11-02 16:06:44][140.207.54.76][INFO]微信支付 成功:回调信息是:array (
  'appid' => 'wxcb8a76fe730b5964',
  'attach' => '017ea5e4-68c7-4919-9124-8def278ddb20',
  'bank_type' => 'CFT',
  'cash_fee' => '500',
  'fee_type' => 'CNY',
  'is_subscribe' => 'N',
  'mch_id' => '1352470102',
  'nonce_str' => 'nyrkr4yr9hfc2fb8gvn28z3mr3sbcbwl',
  'openid' => 'oFqowwITG2qk-kW4ZL1gr7ek0VEo',
  'out_trade_no' => '4bc50d0f99604f6fb58170aa50d5001d',
  'result_code' => 'SUCCESS',
  'return_code' => 'SUCCESS',
  'sign' => '26D19ED708EE5CB7F29E10D126C3FB38',
  'time_end' => '20171102160643',
  'total_fee' => '500',
  'trade_type' => 'NATIVE',
  'transaction_id' => '4200000027201711021954753745',
)
[2017-11-02 16:08:23][140.207.54.75][INFO]微信支付 成功:回调信息是:array (
  'appid' => 'wxcb8a76fe730b5964',
  'attach' => '85122e22-51cf-4304-80b3-b99c5592477f',
  'bank_type' => 'CFT',
  'cash_fee' => '500',
  'fee_type' => 'CNY',
  'is_subscribe' => 'N',
  'mch_id' => '1352470102',
  'nonce_str' => 'vp54vswmkd0v6hmjirmxsdcv7m6zf588',
  'openid' => 'oFqowwDAoPHh7YPVzd_ckL9PFD9c',
  'out_trade_no' => '6bf03d22fba5473a8575a10df4a57c39',
  'result_code' => 'SUCCESS',
  'return_code' => 'SUCCESS',
  'sign' => '1DC0B828AEB63A83DE67CFCFFB0273C7',
  'time_end' => '20171102160823',
  'total_fee' => '500',
  'trade_type' => 'NATIVE',
  'transaction_id' => '4200000027201711021956536493',
)
[2017-11-02 16:12:48][140.207.54.75][INFO]微信支付 成功:回调信息是:array (
  'appid' => 'wxcb8a76fe730b5964',
  'attach' => '594f1e07-bfb1-4fe5-8ac4-acb578f0f498',
  'bank_type' => 'CFT',
  'cash_fee' => '600',
  'fee_type' => 'CNY',
  'is_subscribe' => 'N',
  'mch_id' => '1352470102',
  'nonce_str' => '77vibhvtaozpa1ebaczj22ywqt34fggz',
  'openid' => 'oFqowwOnYt1tCul7Rf0ajhd-ADCA',
  'out_trade_no' => '7ae711d17cb542a7a5ad42b533b19b86',
  'result_code' => 'SUCCESS',
  'return_code' => 'SUCCESS',
  'sign' => '0691258CB70E3F02FBD65D46E08D3003',
  'time_end' => '20171102161248',
  'total_fee' => '600',
  'trade_type' => 'JSAPI',
  'transaction_id' => '4200000018201711021956712468',
)
[2017-11-02 16:12:57][58.251.80.56][INFO]微信支付 成功:回调信息是:array (
  'appid' => 'wxcb8a76fe730b5964',
  'attach' => '017ea5e4-68c7-4919-9124-8def278ddb20',
  'bank_type' => 'CFT',
  'cash_fee' => '500',
  'fee_type' => 'CNY',
  'is_subscribe' => 'N',
  'mch_id' => '1352470102',
  'nonce_str' => 'i2dlr11is2v4ovbmh0pnku3stj17pc73',
  'openid' => 'oFqowwITG2qk-kW4ZL1gr7ek0VEo',
  'out_trade_no' => '1492ba4173d74e7fb7f210b8e30c5164',
  'result_code' => 'SUCCESS',
  'return_code' => 'SUCCESS',
  'sign' => '8F523E1182DA538FE24B4574CBC2C90A',
  'time_end' => '20171102161256',
  'total_fee' => '500',
  'trade_type' => 'NATIVE',
  'transaction_id' => '4200000025201711021953559653',
)
[2017-11-02 16:17:21][58.251.80.60][INFO]微信支付 成功:回调信息是:array (
  'appid' => 'wxcb8a76fe730b5964',
  'attach' => '82350d69-4ada-4347-a44a-f765253c365d',
  'bank_type' => 'CFT',
  'cash_fee' => '600',
  'fee_type' => 'CNY',
  'is_subscribe' => 'N',
  'mch_id' => '1352470102',
  'nonce_str' => 'ffy8rspvbpz3n5xdb10d5c01gqoo351r',
  'openid' => 'oFqowwJxEPYIETVYkhIuDAkRqZxE',
  'out_trade_no' => '96203b62f018458e8f5637705dc1810e',
  'result_code' => 'SUCCESS',
  'return_code' => 'SUCCESS',
  'sign' => '6C19E7279BA951352EFC0E058FBA4CF5',
  'time_end' => '20171102161720',
  'total_fee' => '600',
  'trade_type' => 'JSAPI',
  'transaction_id' => '4200000008201711021952282913',
)
[2017-11-02 16:20:47][140.207.54.75][INFO]微信支付 成功:回调信息是:array (
  'appid' => 'wxcb8a76fe730b5964',
  'attach' => '59f9cb69-708e-4033-9113-eb210ca24601',
  'bank_type' => 'CFT',
  'cash_fee' => '500',
  'fee_type' => 'CNY',
  'is_subscribe' => 'Y',
  'mch_id' => '1352470102',
  'nonce_str' => 'yf7pej975tbqzac7jnzy2megxxf3uw4n',
  'openid' => 'oFqowwODKtM8-naAV3Gc3B31GSiw',
  'out_trade_no' => '595a9b62363e45629f1c6460481062b3',
  'result_code' => 'SUCCESS',
  'return_code' => 'SUCCESS',
  'sign' => 'E5B41F76C71534D1318037941C6DD11A',
  'time_end' => '20171102162046',
  'total_fee' => '500',
  'trade_type' => 'NATIVE',
  'transaction_id' => '4200000021201711021955483501',
)
[2017-11-02 16:22:33][203.209.227.21][INFO]支付宝支付 :回调信息是:array (
  'gmt_create' => '2017-11-02 16:22:33',
  'charset' => 'utf-8',
  'seller_email' => 'qiyue@pp158.com',
  'notify_time' => '2017-11-02 16:22:33',
  'subject' => 'pp游戏账单支付',
  'sign' => 'aC9SJPsijChFMSU0vYWDp/yjlmgAr9JOpMzzPE4nlz9Z6uHv/BHP9+gzWOihuvuVjmtuBk1SpzoMN1w5J9r2NpiaMPmxSaEw0luyeQHPDv5nRJYDYhHqAlS7/XM2rXVRptu3krjfLaOt1RiNIOqCzlgRSKGAjWYybQ7DuZtEjHgXnmOdi5QxvZvSlKwEGrBNbsT4RKSRtBu0dMd5hnVnAazF88+qatB+kKEIkvxDhap2LucPLp2Nu0AieMzv850usF+1FbrIbrzuYiLdWttcKTtmyV4IDCEcpbaXny+VQZ1KkecnBtUCeWrOXEA99uJxmdmdxCH9EsSlI+uMqOhSSw==',
  'body' => '49289341-e897-4471-a39f-85ef2bddd6d7',
  'buyer_id' => '2088502861000479',
  'version' => '1.0',
  'notify_id' => '37ba58f1ec8776922f009ab6492239djo1',
  'notify_type' => 'trade_status_sync',
  'out_trade_no' => '392836ff57684c0e9cdf899840a277ae',
  'total_amount' => '20.00',
  'trade_status' => 'WAIT_BUYER_PAY',
  'trade_no' => '2017110221001004475346090144',
  'auth_app_id' => '2017021605702899',
  'buyer_logon_id' => '139****1890',
  'app_id' => '2017021605702899',
  'sign_type' => 'RSA2',
  'seller_id' => '2088221931936835',
)
[2017-11-02 16:22:39][203.209.227.93][INFO]支付宝支付 成功:回调信息是:array (
  'gmt_create' => '2017-11-02 16:22:33',
  'charset' => 'utf-8',
  'seller_email' => 'qiyue@pp158.com',
  'subject' => 'pp游戏账单支付',
  'sign' => 'aCdFg4YK9X3XAe1pQb8bRvcGNo48fjTTKQDNj+8cwt1gTeoLz3ZeLlOaI22Y88xLvuNVO3WFD150lmwZr4FORQ4ElLv0UVgs9IYCGnAoySgLhuD6D8U+cxQJNvJ6nbvnztP6rdna0Wbr79xM0TQ8M16O4sZUBKt/53C6DU6CtQHqUmFyncy5bOf54r8TCysJQGdJiEcuHuSrvYz2ijaoogNeq+LjrpUAG6N2UmtyaTwqxDaTb22ocAeMUPJiU+x0kyj5nztgRzhCGUjTGwwgsWNezYaanorVQ7RQP3Zz0AXMqBlmGS51DYaLTCf0bF2Nj17aWMH1VWpJGYAD8H2d9A==',
  'body' => '49289341-e897-4471-a39f-85ef2bddd6d7',
  'buyer_id' => '2088502861000479',
  'invoice_amount' => '20.00',
  'notify_id' => '309fc656202e6ddeff383c9c2411985jo1',
  'fund_bill_list' => '[{"amount":"20.00","fundChannel":"ALIPAYACCOUNT"}]',
  'notify_type' => 'trade_status_sync',
  'trade_status' => 'TRADE_SUCCESS',
  'receipt_amount' => '20.00',
  'app_id' => '2017021605702899',
  'buyer_pay_amount' => '20.00',
  'sign_type' => 'RSA2',
  'seller_id' => '2088221931936835',
  'gmt_payment' => '2017-11-02 16:22:39',
  'notify_time' => '2017-11-02 16:22:39',
  'version' => '1.0',
  'out_trade_no' => '392836ff57684c0e9cdf899840a277ae',
  'total_amount' => '20.00',
  'trade_no' => '2017110221001004475346090144',
  'auth_app_id' => '2017021605702899',
  'buyer_logon_id' => '139****1890',
  'point_amount' => '0.00',
)
[2017-11-02 16:22:45][58.251.80.55][INFO]微信支付 成功:回调信息是:array (
  'appid' => 'wxcb8a76fe730b5964',
  'attach' => 'ae066e53-1142-42b1-b8f8-a60e1335c3c1',
  'bank_type' => 'ICBC_DEBIT',
  'cash_fee' => '5000',
  'fee_type' => 'CNY',
  'is_subscribe' => 'Y',
  'mch_id' => '1352470102',
  'nonce_str' => '55jbka5eqfiqaap2iuj1lceipbrdg78o',
  'openid' => 'oFqowwLtTshEEeYnJiJMd-NtvDZE',
  'out_trade_no' => 'd9e5bc7777c84c2994b38bc6293e97ef',
  'result_code' => 'SUCCESS',
  'return_code' => 'SUCCESS',
  'sign' => '5A27CE67D9F81BB15AEFE908EF54CB5F',
  'time_end' => '20171102162245',
  'total_fee' => '5000',
  'trade_type' => 'NATIVE',
  'transaction_id' => '4200000027201711021958544184',
)
[2017-11-02 16:22:45][140.207.54.76][INFO]微信支付 成功:回调信息是:array (
  'appid' => 'wxcb8a76fe730b5964',
  'attach' => '123e4bec-6574-47bd-bb14-48e0409944a7',
  'bank_type' => 'CFT',
  'cash_fee' => '2000',
  'fee_type' => 'CNY',
  'is_subscribe' => 'Y',
  'mch_id' => '1352470102',
  'nonce_str' => '8taqe6h1vv4ypwxizc90c8o229y477qs',
  'openid' => 'oFqowwMRECCxaOHHC-F_tBT0G8N4',
  'out_trade_no' => 'bcebe8b0ae2d4346aaf0a5db6ef9ac70',
  'result_code' => 'SUCCESS',
  'return_code' => 'SUCCESS',
  'sign' => '87D2CC278AFEED241F1966D627C0C996',
  'time_end' => '20171102162245',
  'total_fee' => '2000',
  'trade_type' => 'NATIVE',
  'transaction_id' => '4200000006201711021955600805',
)
[2017-11-02 16:23:42][58.251.80.55][INFO]微信支付 成功:回调信息是:array (
  'appid' => 'wxcb8a76fe730b5964',
  'attach' => '9936532c-b246-40f1-9ba3-3aef3267e386',
  'bank_type' => 'ABC_DEBIT',
  'cash_fee' => '2000',
  'fee_type' => 'CNY',
  'is_subscribe' => 'N',
  'mch_id' => '1352470102',
  'nonce_str' => '63s0qatgo8mrhyyb8dznf5jb204wm76b',
  'openid' => 'oFqowwAx_MS8w3bmPU0Ze8qtEGK4',
  'out_trade_no' => 'fa733e1bdbe64d94adc798161ca8619c',
  'result_code' => 'SUCCESS',
  'return_code' => 'SUCCESS',
  'sign' => '6F141F330EA23E693EA052E33BC44756',
  'time_end' => '20171102162341',
  'total_fee' => '2000',
  'trade_type' => 'NATIVE',
  'transaction_id' => '4200000001201711021954045985',
)
[2017-11-02 16:24:43][140.207.54.74][INFO]微信支付 成功:回调信息是:array (
  'appid' => 'wxcb8a76fe730b5964',
  'attach' => 'e8dcf769-9a44-4b2b-890e-51615d906c05',
  'bank_type' => 'JSNX_DEBIT',
  'cash_fee' => '2000',
  'fee_type' => 'CNY',
  'is_subscribe' => 'Y',
  'mch_id' => '1352470102',
  'nonce_str' => 'ic7npqqdhjdgkl41xadceqplaf47ih63',
  'openid' => 'oFqowwPkvL5JXrnwSOZ3snhQgeYE',
  'out_trade_no' => 'b62a3352a0d84181bda9e3f3977414e2',
  'result_code' => 'SUCCESS',
  'return_code' => 'SUCCESS',
  'sign' => 'A0DD7ECFEBA24C03532175C57DC515C4',
  'time_end' => '20171102162443',
  'total_fee' => '2000',
  'trade_type' => 'NATIVE',
  'transaction_id' => '4200000010201711021955674248',
)
[2017-11-02 16:25:34][58.251.80.60][INFO]微信支付 成功:回调信息是:array (
  'appid' => 'wxcb8a76fe730b5964',
  'attach' => '83ca65be-29c7-4a00-94fd-f04602e5f68a',
  'bank_type' => 'CFT',
  'cash_fee' => '500',
  'fee_type' => 'CNY',
  'is_subscribe' => 'N',
  'mch_id' => '1352470102',
  'nonce_str' => 'tmiyg4aj9n2f7xbgwm2kypowruvs0wxq',
  'openid' => 'oFqowwF8hpYo1r-0D68-9WMAMjak',
  'out_trade_no' => '6572c5bb77e94e67b6f104b70a2644f0',
  'result_code' => 'SUCCESS',
  'return_code' => 'SUCCESS',
  'sign' => 'AE018A6FBB07BB4E9584C0A086D67A72',
  'time_end' => '20171102162533',
  'total_fee' => '500',
  'trade_type' => 'NATIVE',
  'transaction_id' => '4200000029201711021958772003',
)
[2017-11-02 16:26:12][203.209.232.158][INFO]支付宝支付 :回调信息是:array (
  'gmt_create' => '2017-11-02 16:26:12',
  'charset' => 'utf-8',
  'seller_email' => 'qiyue@pp158.com',
  'notify_time' => '2017-11-02 16:26:12',
  'subject' => 'pp游戏账单支付',
  'sign' => 'db6LAtYjOqLOG/pxejJJPsOb0Ar27hXhQTjjkZtUAFsa3O6MXgqb1MCwETselaZ+dSRatIABCTynUKX4DlIWbJsx8l2wMyL5gNQJdjhWXjnmO4dJd5Cih53iSkUIEiqv0/fplP9WA7rwSv0T5Jwmu6x7Ckr98UMr+wU9F9usvUTFCrHWsUpBeMw/Vm7z+d0U12sFp3xbRXzMjKk3ae6uZUBgLOwBA5ulJxKHA87UXBNPd5/vqrrMPXmaSkzec4szBr6yzW9wHHQVAO+cN5+XtH6IjJyzTl8ZvyB9hTQ1kpDIRXAxQPiWXGr8B7V/oCVmzvIaI/k/iDSK5/IPxbP12Q==',
  'body' => '82350d69-4ada-4347-a44a-f765253c365d',
  'buyer_id' => '2088702535408064',
  'version' => '1.0',
  'notify_id' => 'b75f34e7160e4fbf627dadc856c7216gi5',
  'notify_type' => 'trade_status_sync',
  'out_trade_no' => '3d49cc18d27a411d96b97b53b5b4ab63',
  'total_amount' => '20.00',
  'trade_status' => 'WAIT_BUYER_PAY',
  'trade_no' => '2017110221001004065389633357',
  'auth_app_id' => '2017021605702899',
  'buyer_logon_id' => '134****9269',
  'app_id' => '2017021605702899',
  'sign_type' => 'RSA2',
  'seller_id' => '2088221931936835',
)
[2017-11-02 16:26:18][203.209.232.176][INFO]支付宝支付 成功:回调信息是:array (
  'gmt_create' => '2017-11-02 16:26:12',
  'charset' => 'utf-8',
  'seller_email' => 'qiyue@pp158.com',
  'subject' => 'pp游戏账单支付',
  'sign' => 'FNyaeuxpdLhwDzRP5No/ONPs9I5RrZjZWvpwO8Z9VqPoXPRdu/efzDxJuJW9d+uE2fMnUaNvD3f0rPCpyjpyulOIhvhwM2Wquwwm+e4/FrTTPnsDFhCXxFZLA8FfZAxnMRMEajPmDTs0qLyED1IClvu1kWfq0R1yKOrNaMRhcaLF1kDxTpBsyrKfBRcVjQUT+nRtZGw7ep63niz4wCPUvrEskdweUxSOgoZxuPW00FIAIjUBjbXfsm8DktRaGKDpDHnHx8cMHAEtPmZ7EKPmyJgv5EPaG7Z+YDrKwmGklrAsLyPPRqjru1Ybdpz0T7Rl70Y4MEbYUa9gvJ020cNSkA==',
  'body' => '82350d69-4ada-4347-a44a-f765253c365d',
  'buyer_id' => '2088702535408064',
  'invoice_amount' => '20.00',
  'notify_id' => '02c25a9682f235b868120bccfa6accegi5',
  'fund_bill_list' => '[{"amount":"20.00","fundChannel":"PCREDIT"}]',
  'notify_type' => 'trade_status_sync',
  'trade_status' => 'TRADE_SUCCESS',
  'receipt_amount' => '20.00',
  'app_id' => '2017021605702899',
  'buyer_pay_amount' => '20.00',
  'sign_type' => 'RSA2',
  'seller_id' => '2088221931936835',
  'gmt_payment' => '2017-11-02 16:26:17',
  'notify_time' => '2017-11-02 16:26:18',
  'version' => '1.0',
  'out_trade_no' => '3d49cc18d27a411d96b97b53b5b4ab63',
  'total_amount' => '20.00',
  'trade_no' => '2017110221001004065389633357',
  'auth_app_id' => '2017021605702899',
  'buyer_logon_id' => '134****9269',
  'point_amount' => '0.00',
)
[2017-11-02 16:28:28][140.207.54.76][INFO]微信支付 成功:回调信息是:array (
  'appid' => 'wxcb8a76fe730b5964',
  'attach' => '1b77b549-c069-4a89-9028-12fec7dff389',
  'bank_type' => 'ICBC_DEBIT',
  'cash_fee' => '2000',
  'fee_type' => 'CNY',
  'is_subscribe' => 'N',
  'mch_id' => '1352470102',
  'nonce_str' => 'mc58bmpajj9436hbtagn1fkbq12jwzai',
  'openid' => 'oFqowwCwE8e9hB-VgAaxCHM6yHMI',
  'out_trade_no' => '7a2fb4a2aabf42e4b9b4d93be09667f7',
  'result_code' => 'SUCCESS',
  'return_code' => 'SUCCESS',
  'sign' => '31A8E75AF1983E925AF73005A9BD01CF',
  'time_end' => '20171102162827',
  'total_fee' => '2000',
  'trade_type' => 'NATIVE',
  'transaction_id' => '4200000014201711021954252192',
)
[2017-11-02 16:29:59][58.251.80.60][INFO]微信支付 成功:回调信息是:array (
  'appid' => 'wxcb8a76fe730b5964',
  'attach' => '4852542c-ba61-4982-b5e7-0e6f8f1ca375',
  'bank_type' => 'CFT',
  'cash_fee' => '2000',
  'fee_type' => 'CNY',
  'is_subscribe' => 'N',
  'mch_id' => '1352470102',
  'nonce_str' => 'ajwfdn2t7r08ljyavo343kircxccyxnd',
  'openid' => 'oFqowwKBcNgcdfjpfcjDm4Xd1UEE',
  'out_trade_no' => '3dcfef5dd37745f18993fadaf9e5c7ff',
  'result_code' => 'SUCCESS',
  'return_code' => 'SUCCESS',
  'sign' => '0F0D211FFDCEA56532096352042797D4',
  'time_end' => '20171102162958',
  'total_fee' => '2000',
  'trade_type' => 'NATIVE',
  'transaction_id' => '4200000022201711021957580731',
)
[2017-11-02 16:30:01][140.207.54.74][INFO]微信支付 成功:回调信息是:array (
  'appid' => 'wxcb8a76fe730b5964',
  'attach' => '9be7f3d2-abe6-4d16-8154-431069293836',
  'bank_type' => 'CFT',
  'cash_fee' => '2000',
  'fee_type' => 'CNY',
  'is_subscribe' => 'Y',
  'mch_id' => '1352470102',
  'nonce_str' => 'dj3trj6y9uzoofp0y0niup26kcxfeccd',
  'openid' => 'oFqowwLQTtx1zcVthZnG8Tm4X3Xo',
  'out_trade_no' => 'ba3ec884713f40378c7a86367cc781a8',
  'result_code' => 'SUCCESS',
  'return_code' => 'SUCCESS',
  'sign' => '5DE009A302FC68A73F55C1D50C9B7DC3',
  'time_end' => '20171102163001',
  'total_fee' => '2000',
  'trade_type' => 'NATIVE',
  'transaction_id' => '4200000024201711021960362619',
)
[2017-11-02 16:32:33][110.75.242.221][INFO]支付宝支付 状态不是成功状态:TRADE_CLOSED:回调信息是:array (
  'gmt_create' => '2017-11-02 12:37:03',
  'charset' => 'UTF-8',
  'seller_email' => 'qiyue@pp158.com',
  'notify_time' => '2017-11-02 16:32:33',
  'subject' => 'pp游戏账单支付',
  'sign' => 'EOvcQ5helboGIAqXVfSm7Ed1PzhWa0MlQqKHxx/U05sfgJ8aDFilqGFEttfICGwUelRQlPZb/Ghw1zlqPhgZAa1SN33O8qR+5mesJ1NMbh7MWVrVL1wUrFgSyDJ2U91weR3U07/Xz9oDetZu04G+T7mlBX8lwJS0SwU/whIZZtSLVbqqdEM9g1VK3HhT+FH4L9H6xjayzYiAAWdN3ZNchNGtj6c3I6AQPzSHAivEU4cFXD64Hx+/miEyMPjFxPsiBQTrGV92xj/0Ot8gruJmde/VDExgAuLGPSmWgg50JCep7+Qe35F1dme1nJ2GfGIdz+Zl1Jn6GD18tw14Ipp4Xw==',
  'body' => 'bbcfb6ee-47f4-419e-bd30-5152dc519034',
  'buyer_id' => '2088612518808319',
  'version' => '1.0',
  'notify_id' => 'ef59a12d6237abbc3d89b04b0be60cfie6',
  'notify_type' => 'trade_status_sync',
  'out_trade_no' => '9678963073b7464aa9099b796d8c2217',
  'total_amount' => '18.00',
  'trade_status' => 'TRADE_CLOSED',
  'refund_fee' => '0.00',
  'trade_no' => '2017110221001004310287908940',
  'auth_app_id' => '2017021605702899',
  'gmt_close' => '2017-11-02 13:07:20',
  'buyer_logon_id' => '135****5791',
  'app_id' => '2017021605702899',
  'sign_type' => 'RSA2',
  'seller_id' => '2088221931936835',
)
[2017-11-02 16:34:31][58.251.80.55][INFO]微信支付 成功:回调信息是:array (
  'appid' => 'wxcb8a76fe730b5964',
  'attach' => '2fb2d732-7165-4701-9377-387fb2fa586d',
  'bank_type' => 'SRB_DEBIT',
  'cash_fee' => '2000',
  'fee_type' => 'CNY',
  'is_subscribe' => 'N',
  'mch_id' => '1352470102',
  'nonce_str' => '2saz4zkitzg6i3r4n0fux1k1uhj4bukz',
  'openid' => 'oFqowwKpWaQ4th6YC_j2CDrgcwhU',
  'out_trade_no' => '5893ff9617c54201a227df99ceeada3b',
  'result_code' => 'SUCCESS',
  'return_code' => 'SUCCESS',
  'sign' => '958FBDF9D88EE72068FA4A4A5F780B9E',
  'time_end' => '20171102163430',
  'total_fee' => '2000',
  'trade_type' => 'NATIVE',
  'transaction_id' => '4200000004201711021957803885',
)
[2017-11-02 16:35:34][58.251.80.56][INFO]微信支付 成功:回调信息是:array (
  'appid' => 'wxcb8a76fe730b5964',
  'attach' => '123e4bec-6574-47bd-bb14-48e0409944a7',
  'bank_type' => 'CFT',
  'cash_fee' => '2000',
  'fee_type' => 'CNY',
  'is_subscribe' => 'Y',
  'mch_id' => '1352470102',
  'nonce_str' => 'fcwp1kfoqijp23g80nue8k1qjyx3f6kb',
  'openid' => 'oFqowwMRECCxaOHHC-F_tBT0G8N4',
  'out_trade_no' => 'aa5c0ee1854d4919a77d3130fd8968bc',
  'result_code' => 'SUCCESS',
  'return_code' => 'SUCCESS',
  'sign' => 'DC7C260C580B15AF93E547555A73E03D',
  'time_end' => '20171102163533',
  'total_fee' => '2000',
  'trade_type' => 'NATIVE',
  'transaction_id' => '4200000022201711021956153541',
)
[2017-11-02 16:38:22][110.75.242.16][INFO]支付宝支付 :回调信息是:array (
  'gmt_create' => '2017-11-02 16:38:22',
  'charset' => 'utf-8',
  'seller_email' => 'qiyue@pp158.com',
  'notify_time' => '2017-11-02 16:38:22',
  'subject' => 'pp游戏账单支付',
  'sign' => 'TeqWpojPzOxI56Q6KT3EQ3pLzItGYcaAz1VCyHlNSIwriPMlFb8EE/rjM7EKSSQzvA9YzEgMymbuaTpdryupL1YdwetXXbWVQtfIsZ62hUPyUIdU37SvhizsD8zBSoMsJ2qypJ5OigBbOOwvnLc5M1KPzf/+vT/ttZ8BiF0ljiaigzOwPofcVmvwn+oO9kOdxRrMWWX0xqE+jeHAN0qT7B+LfUYS0QCsJ6317NSv6oxPcpeH6g2rLhFxtbOaEpvYEmYtvAuDGdkLqC2+eShsBEumJ+GHKLqlP9jHXtvSLRhO7F/zXbqwVbZC/GBmGdHhil7WHtWBIOcKK/7/M9XxBA==',
  'body' => 'b59363fe-25ec-4bf4-ba4b-b9df1077a9fa',
  'buyer_id' => '2088522340463582',
  'version' => '1.0',
  'notify_id' => 'e856146320af625bf57d5d33331230bkil',
  'notify_type' => 'trade_status_sync',
  'out_trade_no' => '7b17c323e5aa4a64977cfb9064b8566d',
  'total_amount' => '20.00',
  'trade_status' => 'WAIT_BUYER_PAY',
  'trade_no' => '2017110221001004585352222333',
  'auth_app_id' => '2017021605702899',
  'buyer_logon_id' => '183****0910',
  'app_id' => '2017021605702899',
  'sign_type' => 'RSA2',
  'seller_id' => '2088221931936835',
)
[2017-11-02 16:38:26][110.75.242.106][INFO]支付宝支付 成功:回调信息是:array (
  'gmt_create' => '2017-11-02 16:38:22',
  'charset' => 'utf-8',
  'seller_email' => 'qiyue@pp158.com',
  'subject' => 'pp游戏账单支付',
  'sign' => 'BItmg6Fc2c8Mha9GrnGQ14E4oE3Kf4GDl6Kti7/Ymtubxf2GcyjEskCVpebLlARbLfbZPEez+/JInKLxsqqyFGzndifcUtQ0mg4E7vFEQ0oek7bPOab1vPVYfy4qzPw6AU7FdXWtwqQ5B5XJw+EQlRV+YUK7KMAChhc1mhwKXWN329Tm851rOAKBTMBqWGx39GyW2+q2WLdNZTaL9Ee7+WUrXutXvAdeztjsC/tuLmNVDm4bWuKODK/yGOP34mfO5Isralww97hLFgSopWdL0Wtfr870K3BBcSB+1EJmq9hapbrmRlfxFodD3PmVJ/Oui1ElUes4uc9nszYqA8Nu4Q==',
  'body' => 'b59363fe-25ec-4bf4-ba4b-b9df1077a9fa',
  'buyer_id' => '2088522340463582',
  'invoice_amount' => '20.00',
  'notify_id' => '57fbee068e70c643563991939d59f12kil',
  'fund_bill_list' => '[{"amount":"20.00","fundChannel":"PCREDIT"}]',
  'notify_type' => 'trade_status_sync',
  'trade_status' => 'TRADE_SUCCESS',
  'receipt_amount' => '20.00',
  'app_id' => '2017021605702899',
  'buyer_pay_amount' => '20.00',
  'sign_type' => 'RSA2',
  'seller_id' => '2088221931936835',
  'gmt_payment' => '2017-11-02 16:38:26',
  'notify_time' => '2017-11-02 16:38:26',
  'version' => '1.0',
  'out_trade_no' => '7b17c323e5aa4a64977cfb9064b8566d',
  'total_amount' => '20.00',
  'trade_no' => '2017110221001004585352222333',
  'auth_app_id' => '2017021605702899',
  'buyer_logon_id' => '183****0910',
  'point_amount' => '0.00',
)
[2017-11-02 16:39:23][58.251.80.44][INFO]微信支付 成功:回调信息是:array (
  'appid' => 'wxcb8a76fe730b5964',
  'attach' => '9b7aea01-a982-4f6c-96ac-2039df8c65bb',
  'bank_type' => 'CFT',
  'cash_fee' => '2000',
  'fee_type' => 'CNY',
  'is_subscribe' => 'Y',
  'mch_id' => '1352470102',
  'nonce_str' => '17qmwyllnq6f92f6b0z7i47a2xenfjkr',
  'openid' => 'oFqowwMRECCxaOHHC-F_tBT0G8N4',
  'out_trade_no' => '4b1a0d86f3ec457e839b7c7bdf4c15f4',
  'result_code' => 'SUCCESS',
  'return_code' => 'SUCCESS',
  'sign' => '5B5C88E75B4E4DBCCD314AA064A5F0B4',
  'time_end' => '20171102163922',
  'total_fee' => '2000',
  'trade_type' => 'NATIVE',
  'transaction_id' => '4200000004201711021962362420',
)
[2017-11-02 16:42:46][58.251.80.55][INFO]微信支付 成功:回调信息是:array (
  'appid' => 'wxcb8a76fe730b5964',
  'attach' => 'd1be3aff-e81b-4cb3-8696-ed2fc3e14fe4',
  'bank_type' => 'CMB_DEBIT',
  'cash_fee' => '1800',
  'fee_type' => 'CNY',
  'is_subscribe' => 'N',
  'mch_id' => '1352470102',
  'nonce_str' => 'ywlz54k5oem8bzxrljcgx716rgygvivs',
  'openid' => 'oFqowwEYEYGQn2jDmkA6wOgY6tPw',
  'out_trade_no' => '148336fc7a3a40beb472215a0c676a2d',
  'result_code' => 'SUCCESS',
  'return_code' => 'SUCCESS',
  'sign' => '3F8F5EAE48369AD358E4D18DB46D085A',
  'time_end' => '20171102164245',
  'total_fee' => '1800',
  'trade_type' => 'JSAPI',
  'transaction_id' => '4200000024201711021962483539',
)
[2017-11-02 16:44:07][203.209.226.232][INFO]支付宝支付 :回调信息是:array (
  'gmt_create' => '2017-11-02 16:44:07',
  'charset' => 'utf-8',
  'seller_email' => 'qiyue@pp158.com',
  'notify_time' => '2017-11-02 16:44:07',
  'subject' => 'pp游戏账单支付',
  'sign' => 'QSW67gUSzxh/NkD2MiluSbkw7lksFRHwPTx3EiaqxomjGlKogOZ94fE0IRu8vC934oQ1YJbPLono8fbb2BBxtR+cF6m6tIqAUloWoA7wvM/rKrx0hXEWDh9BaVl41GoVnxQs6BNONrr/R81oXpacVBVlp83U5asIWTj5ETgas9odo7o9o5J5cNOj1qaA8hn9GPGaOwfJvtNhrXUUESUdmOVNWypG1uC0zZlNKulPtpT48IlJrVK4RyizfawGt9YM6OwTNnyJzvZyts7CEBiyGm2XDJETJYP3SRyNzOpnTnmtJTPqfYc4kDIAWnQ8IiRP4XHE4LS9hfh26UbrKZKtmQ==',
  'body' => 'd7fa8e25-03c8-4746-be28-6afa3c6a2ae6',
  'buyer_id' => '2088102296768555',
  'version' => '1.0',
  'notify_id' => 'bd1279f0d3a1b6c8740d348d3182d74ka8',
  'notify_type' => 'trade_status_sync',
  'out_trade_no' => 'd52106a9310a4de88d7866d0fcaf48d5',
  'total_amount' => '50.00',
  'trade_status' => 'WAIT_BUYER_PAY',
  'trade_no' => '2017110221001004555235888319',
  'auth_app_id' => '2017021605702899',
  'buyer_logon_id' => '159****5147',
  'app_id' => '2017021605702899',
  'sign_type' => 'RSA2',
  'seller_id' => '2088221931936835',
)
[2017-11-02 16:44:14][203.209.227.16][INFO]支付宝支付 成功:回调信息是:array (
  'gmt_create' => '2017-11-02 16:44:07',
  'charset' => 'utf-8',
  'seller_email' => 'qiyue@pp158.com',
  'subject' => 'pp游戏账单支付',
  'sign' => 'c+trpOH4oCMzclLPewkE4p5laH5ppEMO75Axdix+lW44MtIPhMHKg80/n6oU+HTXziMiRlwXOPwzJJPjCXnhH/0fW3nDH+eqQON1OLDBCSWhEjLfuqnn/SE123j3JVYIHpOoNqHb6xWdTTOkv7QNlPBAJNh9Zq+kdbNZlDTgQEheB8vnUqvALzwhBbhrbLkCaGylWjaACMMa9vlr98W2QpLOEnG2zAhaUHLtiaLUAkmvRKsmezgSKJeLdupggZsl0cMkzupwDUv3huCgwR8/9LCYXZdC5dJxOyCS9cPz26AFOm7EhqG5SAeS4YnyyAyaLS7N3+IWlMykyZJI/EdgQQ==',
  'body' => 'd7fa8e25-03c8-4746-be28-6afa3c6a2ae6',
  'buyer_id' => '2088102296768555',
  'invoice_amount' => '50.00',
  'notify_id' => '06a682b1ffad456f8552a8c37f36009ka8',
  'fund_bill_list' => '[{"amount":"50.00","fundChannel":"PCREDIT"}]',
  'notify_type' => 'trade_status_sync',
  'trade_status' => 'TRADE_SUCCESS',
  'receipt_amount' => '50.00',
  'app_id' => '2017021605702899',
  'buyer_pay_amount' => '50.00',
  'sign_type' => 'RSA2',
  'seller_id' => '2088221931936835',
  'gmt_payment' => '2017-11-02 16:44:14',
  'notify_time' => '2017-11-02 16:44:14',
  'version' => '1.0',
  'out_trade_no' => 'd52106a9310a4de88d7866d0fcaf48d5',
  'total_amount' => '50.00',
  'trade_no' => '2017110221001004555235888319',
  'auth_app_id' => '2017021605702899',
  'buyer_logon_id' => '159****5147',
  'point_amount' => '0.00',
)
[2017-11-02 16:44:27][58.251.80.56][INFO]微信支付 成功:回调信息是:array (
  'appid' => 'wxcb8a76fe730b5964',
  'attach' => '123e4bec-6574-47bd-bb14-48e0409944a7',
  'bank_type' => 'CFT',
  'cash_fee' => '2000',
  'fee_type' => 'CNY',
  'is_subscribe' => 'Y',
  'mch_id' => '1352470102',
  'nonce_str' => 'c887418on9zhrslcsrup9n3iilewddb0',
  'openid' => 'oFqowwMRECCxaOHHC-F_tBT0G8N4',
  'out_trade_no' => '197b326325d5450c865fccc1d93aa99a',
  'result_code' => 'SUCCESS',
  'return_code' => 'SUCCESS',
  'sign' => '832D6C6E4842CC890E0286DAF64C594D',
  'time_end' => '20171102164427',
  'total_fee' => '2000',
  'trade_type' => 'NATIVE',
  'transaction_id' => '4200000007201711021961132259',
)
[2017-11-02 16:45:54][203.209.227.82][INFO]支付宝支付 :回调信息是:array (
  'gmt_create' => '2017-11-02 16:45:54',
  'charset' => 'utf-8',
  'seller_email' => 'qiyue@pp158.com',
  'notify_time' => '2017-11-02 16:45:54',
  'subject' => 'pp游戏账单支付',
  'sign' => 'F7qn0DOgpxsUmwQFDDEtlGr0pLWwbQxzTXPve/FfmMVi3b3YjQtXctKpC/GpmKBUhQS4PIkrofvnZlWpDR1DdZpOpXqaSTr44cFmi6NnJCLWvKPxtrO+atLIsCpf7DlcybDCzKuDSzbsXerDwwExPOLTyJofzs/Z2olwVkXXrnlXI49StZbGo3Mp7qJJPLCqN195pxsNxizLe/EgYHABmkx+zrbfUfBuKhB0kAntAEGew4XUYRoR30MU5bOh55N88Io849rw/SXkzBFn1elZ0Vb7lSOnIdnv2/oxwWI9MMwgi7QmL/4J/59cQhE5rnR/ItF6HLJtuzJzGek94VOF6g==',
  'body' => '4c3c815a-6f31-4188-b82a-e48bc85ef1f9',
  'buyer_id' => '2088102296768555',
  'version' => '1.0',
  'notify_id' => 'c2e338e67d604976676c85e552efe44ka8',
  'notify_type' => 'trade_status_sync',
  'out_trade_no' => '5a820b6de47c474e9aeb1801bca16126',
  'total_amount' => '20.00',
  'trade_status' => 'WAIT_BUYER_PAY',
  'trade_no' => '2017110221001004555236165439',
  'auth_app_id' => '2017021605702899',
  'buyer_logon_id' => '159****5147',
  'app_id' => '2017021605702899',
  'sign_type' => 'RSA2',
  'seller_id' => '2088221931936835',
)
[2017-11-02 16:46:01][203.209.226.232][INFO]支付宝支付 成功:回调信息是:array (
  'gmt_create' => '2017-11-02 16:45:54',
  'charset' => 'utf-8',
  'seller_email' => 'qiyue@pp158.com',
  'subject' => 'pp游戏账单支付',
  'sign' => 'JrF7/ELzVpTFrTq9PiUim4vIUOqG97+/FRuzcinlTrsQIY9oOIaUF729RJuq4hdOV5qit1PRg+Bcj4fcdO33foWZ4uaty6eiv6TxYl+zI5EASKuC1VI20dBVe5FQU7ipK7FMs5ZThdMLyiGW8Qg3Wjs5n5AbcD8MdZ/F7L5vTSee66JWCek6EHYRYqsLh/PZr0b0uvs2WK//hopKshRBInwh0J0VdZC4gXV4fq2j3eSdFSlV9zv9kJG6DG0Zx9/3Wvqoc0Fgjz4WJ2W2WUGfoHhqKDVtLRtG6xoP25vCKzduxkAQb5JdFjBK6lDAJPol3ExtFYyllsuW3tVrc6fz+g==',
  'body' => '4c3c815a-6f31-4188-b82a-e48bc85ef1f9',
  'buyer_id' => '2088102296768555',
  'invoice_amount' => '20.00',
  'notify_id' => 'a004489f47c2618381df817843aa0e2ka8',
  'fund_bill_list' => '[{"amount":"20.00","fundChannel":"PCREDIT"}]',
  'notify_type' => 'trade_status_sync',
  'trade_status' => 'TRADE_SUCCESS',
  'receipt_amount' => '20.00',
  'app_id' => '2017021605702899',
  'buyer_pay_amount' => '20.00',
  'sign_type' => 'RSA2',
  'seller_id' => '2088221931936835',
  'gmt_payment' => '2017-11-02 16:46:01',
  'notify_time' => '2017-11-02 16:46:01',
  'version' => '1.0',
  'out_trade_no' => '5a820b6de47c474e9aeb1801bca16126',
  'total_amount' => '20.00',
  'trade_no' => '2017110221001004555236165439',
  'auth_app_id' => '2017021605702899',
  'buyer_logon_id' => '159****5147',
  'point_amount' => '0.00',
)
[2017-11-02 16:49:08][58.251.80.53][INFO]微信支付 成功:回调信息是:array (
  'appid' => 'wxcb8a76fe730b5964',
  'attach' => '3c18efdb-b77e-4f64-9060-83a48c01d9a3',
  'bank_type' => 'CFT',
  'cash_fee' => '2000',
  'fee_type' => 'CNY',
  'is_subscribe' => 'N',
  'mch_id' => '1352470102',
  'nonce_str' => 'w9a46qaea22o7kczdmbcjaeinvrtt8jw',
  'openid' => 'oFqowwMJDmf9711LOk6Vc4a4KpV0',
  'out_trade_no' => '441024570c754e6ab8f06ede94856359',
  'result_code' => 'SUCCESS',
  'return_code' => 'SUCCESS',
  'sign' => '85F8D5E23457F71475834DEE6853230B',
  'time_end' => '20171102164907',
  'total_fee' => '2000',
  'trade_type' => 'NATIVE',
  'transaction_id' => '4200000014201711021962861444',
)
[2017-11-02 16:53:01][140.207.54.76][INFO]微信支付 成功:回调信息是:array (
  'appid' => 'wxcb8a76fe730b5964',
  'attach' => '123e4bec-6574-47bd-bb14-48e0409944a7',
  'bank_type' => 'CFT',
  'cash_fee' => '2000',
  'fee_type' => 'CNY',
  'is_subscribe' => 'Y',
  'mch_id' => '1352470102',
  'nonce_str' => 'jskzdvkookl3w8jfj71ykrl0jr3u8cp2',
  'openid' => 'oFqowwMRECCxaOHHC-F_tBT0G8N4',
  'out_trade_no' => 'c0692505e42d4a3aa37eca4e99485c97',
  'result_code' => 'SUCCESS',
  'return_code' => 'SUCCESS',
  'sign' => '46C1C5D2F2319A590FE9B1E080D52720',
  'time_end' => '20171102165301',
  'total_fee' => '2000',
  'trade_type' => 'NATIVE',
  'transaction_id' => '4200000012201711021963027654',
)
[2017-11-02 16:56:15][58.251.80.56][INFO]微信支付 成功:回调信息是:array (
  'appid' => 'wxcb8a76fe730b5964',
  'attach' => 'b45b3776-cfca-4a1a-9ae7-185de934094f',
  'bank_type' => 'CFT',
  'cash_fee' => '500',
  'fee_type' => 'CNY',
  'is_subscribe' => 'Y',
  'mch_id' => '1352470102',
  'nonce_str' => '0ma2ogd38xvy2a37cojt4ec2hnh4kh6d',
  'openid' => 'oFqowwDLL-8NHHshHPxxUBRn1aNU',
  'out_trade_no' => 'c5672d97d2ec468aacee62b04697f870',
  'result_code' => 'SUCCESS',
  'return_code' => 'SUCCESS',
  'sign' => '3797374878EE88D32ED6ADD703DFB9AD',
  'time_end' => '20171102165614',
  'total_fee' => '500',
  'trade_type' => 'NATIVE',
  'transaction_id' => '4200000015201711021966410568',
)
[2017-11-02 16:57:06][58.251.80.56][INFO]微信支付 成功:回调信息是:array (
  'appid' => 'wxcb8a76fe730b5964',
  'attach' => 'c26d6880-52e7-4b5e-a585-61947e2cd3fd',
  'bank_type' => 'CFT',
  'cash_fee' => '500',
  'fee_type' => 'CNY',
  'is_subscribe' => 'Y',
  'mch_id' => '1352470102',
  'nonce_str' => '3qdnuyrbvdggq47io0i01tjgxllqyz7t',
  'openid' => 'oFqowwDLL-8NHHshHPxxUBRn1aNU',
  'out_trade_no' => '73d33ae282694b508bf44651c2a75e51',
  'result_code' => 'SUCCESS',
  'return_code' => 'SUCCESS',
  'sign' => 'BC7ACBAE815C3E91F26F96D15FE5E782',
  'time_end' => '20171102165705',
  'total_fee' => '500',
  'trade_type' => 'NATIVE',
  'transaction_id' => '4200000024201711021964963408',
)
[2017-11-02 16:57:48][203.209.232.210][INFO]支付宝支付 :回调信息是:array (
  'gmt_create' => '2017-11-02 16:57:48',
  'charset' => 'utf-8',
  'seller_email' => 'qiyue@pp158.com',
  'notify_time' => '2017-11-02 16:57:48',
  'subject' => 'pp游戏账单支付',
  'sign' => 'Tc6b7igpVP6QpcSoZmuW262oX9TQSx6+xZ6B+vFKhtOWVGyhSG6jyPaoivqevs/v1Wnjh2i0PxSp9eqJ9r+wSPcWMFQUc2r0qGOaqvRofTsv8BAVOJ2skQEEfAsn+Iyrp2xrK6GZvVYuExZjli91+XTB+oaYMq2JRfgsd1GYHEjvxPD2BB/3cruEMCRBqcQRKU9WTFTCeoLXwJEI/V5gVqRh4mCw1Cd8vaOX5buWTYRUxWftGXjNbyvSZ5coBoXMdjECj0jggng3fs6tfH9/Lba+EzbLqcM15tnvWmtoS3fURCkkIB/YnNU1RAH614LHrWaTjiCn4Kq3OQSu6kxFhw==',
  'body' => '9d5bdcf1-de17-48a3-850e-356b9940f8b7',
  'buyer_id' => '2088522547873085',
  'version' => '1.0',
  'notify_id' => '915660e6cd2edae0322a31eadd6aef8gmb',
  'notify_type' => 'trade_status_sync',
  'out_trade_no' => '7d01bb8331154a40b0da1d26714626c8',
  'total_amount' => '20.00',
  'trade_status' => 'WAIT_BUYER_PAY',
  'trade_no' => '2017110221001004080333542702',
  'auth_app_id' => '2017021605702899',
  'buyer_logon_id' => '187****3829',
  'app_id' => '2017021605702899',
  'sign_type' => 'RSA2',
  'seller_id' => '2088221931936835',
)
