[2017-11-02 17:00:32][58.251.80.55][INFO]微信支付 成功:回调信息是:array (
  'appid' => 'wxcb8a76fe730b5964',
  'attach' => '2fb2d732-7165-4701-9377-387fb2fa586d',
  'bank_type' => 'ABC_DEBIT',
  'cash_fee' => '5000',
  'fee_type' => 'CNY',
  'is_subscribe' => 'N',
  'mch_id' => '1352470102',
  'nonce_str' => '3n2fpb9jws4jx41pdn141pnv4tmxksg1',
  'openid' => 'oFqowwKpWaQ4th6YC_j2CDrgcwhU',
  'out_trade_no' => 'b7e2b3de7a8440e4bc8a12703a8b8485',
  'result_code' => 'SUCCESS',
  'return_code' => 'SUCCESS',
  'sign' => '006B95E43AFF30225380F339689D5A69',
  'time_end' => '20171102170031',
  'total_fee' => '5000',
  'trade_type' => 'NATIVE',
  'transaction_id' => '4200000009201711021963416117',
)
[2017-11-02 17:04:20][58.251.80.55][INFO]微信支付 成功:回调信息是:array (
  'appid' => 'wxcb8a76fe730b5964',
  'attach' => '3c18efdb-b77e-4f64-9060-83a48c01d9a3',
  'bank_type' => 'CFT',
  'cash_fee' => '2000',
  'fee_type' => 'CNY',
  'is_subscribe' => 'N',
  'mch_id' => '1352470102',
  'nonce_str' => 'kv5bnygf8gwi9k5ihvcexc150x5kvbat',
  'openid' => 'oFqowwPxVSkWEnb14o0Gaen7aCv8',
  'out_trade_no' => '571f552fcb32405482f6123c44639bfd',
  'result_code' => 'SUCCESS',
  'return_code' => 'SUCCESS',
  'sign' => '9D729AC04FA4E42DB09BDD3F751E1EA9',
  'time_end' => '20171102170419',
  'total_fee' => '2000',
  'trade_type' => 'NATIVE',
  'transaction_id' => '4200000011201711021966846745',
)
[2017-11-02 17:05:11][58.251.80.44][INFO]微信支付 成功:回调信息是:array (
  'appid' => 'wxcb8a76fe730b5964',
  'attach' => '8db670ef-e955-410a-ad77-9ca4c0e067d1',
  'bank_type' => 'CFT',
  'cash_fee' => '2000',
  'fee_type' => 'CNY',
  'is_subscribe' => 'Y',
  'mch_id' => '1352470102',
  'nonce_str' => 'wzwujwvcyz6b0gcb4e32j0cvxz2zhzkt',
  'openid' => 'oFqowwLQTtx1zcVthZnG8Tm4X3Xo',
  'out_trade_no' => '02bcd7c5071e4ece98311068bb250b4b',
  'result_code' => 'SUCCESS',
  'return_code' => 'SUCCESS',
  'sign' => 'AE8FA013F99CBF2E85579D5F690F6C23',
  'time_end' => '20171102170510',
  'total_fee' => '2000',
  'trade_type' => 'NATIVE',
  'transaction_id' => '4200000026201711021963613524',
)
[2017-11-02 17:05:33][58.251.80.49][INFO]微信支付 成功:回调信息是:array (
  'appid' => 'wxcb8a76fe730b5964',
  'attach' => '123e4bec-6574-47bd-bb14-48e0409944a7',
  'bank_type' => 'CFT',
  'cash_fee' => '2000',
  'fee_type' => 'CNY',
  'is_subscribe' => 'Y',
  'mch_id' => '1352470102',
  'nonce_str' => '37sszexl2llyrz981qrk741d5e4auuhg',
  'openid' => 'oFqowwMRECCxaOHHC-F_tBT0G8N4',
  'out_trade_no' => '79a181930b9443659b9023c16bfc7fe2',
  'result_code' => 'SUCCESS',
  'return_code' => 'SUCCESS',
  'sign' => '3D7657DDA7609B2B048B661B8597865D',
  'time_end' => '20171102170532',
  'total_fee' => '2000',
  'trade_type' => 'NATIVE',
  'transaction_id' => '4200000002201711021963612956',
)
[2017-11-02 17:05:36][58.251.80.53][INFO]微信支付 成功:回调信息是:array (
  'appid' => 'wxcb8a76fe730b5964',
  'attach' => '2fb2d732-7165-4701-9377-387fb2fa586d',
  'bank_type' => 'ABC_DEBIT',
  'cash_fee' => '5000',
  'fee_type' => 'CNY',
  'is_subscribe' => 'N',
  'mch_id' => '1352470102',
  'nonce_str' => '1ufa4gcw5l2ji6xlbsyj0dz75kkf7qlk',
  'openid' => 'oFqowwKpWaQ4th6YC_j2CDrgcwhU',
  'out_trade_no' => 'ac4f1db7013d4fa29204e2240213a5d7',
  'result_code' => 'SUCCESS',
  'return_code' => 'SUCCESS',
  'sign' => 'C5CDF7EBC38208E6978D4266393D32A0',
  'time_end' => '20171102170535',
  'total_fee' => '5000',
  'trade_type' => 'NATIVE',
  'transaction_id' => '4200000027201711021965410620',
)
[2017-11-02 17:06:17][58.251.80.53][INFO]微信支付 成功:回调信息是:array (
  'appid' => 'wxcb8a76fe730b5964',
  'attach' => 'ae066e53-1142-42b1-b8f8-a60e1335c3c1',
  'bank_type' => 'ICBC_DEBIT',
  'cash_fee' => '5000',
  'fee_type' => 'CNY',
  'is_subscribe' => 'Y',
  'mch_id' => '1352470102',
  'nonce_str' => 'nhp3d9f908ka5185v08rgcwlw143tb0u',
  'openid' => 'oFqowwLtTshEEeYnJiJMd-NtvDZE',
  'out_trade_no' => '437bf8b54cc940148a425b50a1d54ec2',
  'result_code' => 'SUCCESS',
  'return_code' => 'SUCCESS',
  'sign' => '25AB6223A452014D803BDC232775C1F0',
  'time_end' => '20171102170616',
  'total_fee' => '5000',
  'trade_type' => 'NATIVE',
  'transaction_id' => '4200000008201711021963678566',
)
[2017-11-02 17:08:04][140.207.54.76][INFO]微信支付 成功:回调信息是:array (
  'appid' => 'wxcb8a76fe730b5964',
  'attach' => '8db670ef-e955-410a-ad77-9ca4c0e067d1',
  'bank_type' => 'CFT',
  'cash_fee' => '1800',
  'fee_type' => 'CNY',
  'is_subscribe' => 'Y',
  'mch_id' => '1352470102',
  'nonce_str' => 'pxq1hd91mtpa9u16bcn1s0g9rm9wx2gz',
  'openid' => 'oFqowwLQTtx1zcVthZnG8Tm4X3Xo',
  'out_trade_no' => '7fa0a48ab58144fa89d28047cfd52ee4',
  'result_code' => 'SUCCESS',
  'return_code' => 'SUCCESS',
  'sign' => 'E584DAB8FEA16D33FD87DADB591FF704',
  'time_end' => '20171102170804',
  'total_fee' => '1800',
  'trade_type' => 'JSAPI',
  'transaction_id' => '4200000002201711021967080624',
)
[2017-11-02 17:08:32][140.207.54.76][INFO]微信支付 成功:回调信息是:array (
  'appid' => 'wxcb8a76fe730b5964',
  'attach' => '8f77e5d4-1ba0-4ba4-82f3-422f2e1f7b49',
  'bank_type' => 'CFT',
  'cash_fee' => '500',
  'fee_type' => 'CNY',
  'is_subscribe' => 'N',
  'mch_id' => '1352470102',
  'nonce_str' => '71g3dk8up8xamj583qz77b5iv3rs9l5s',
  'openid' => 'oFqowwHd50pDzO1FJAuZgEfjxT3I',
  'out_trade_no' => '5fed044bd4f442fe873bfde693563a86',
  'result_code' => 'SUCCESS',
  'return_code' => 'SUCCESS',
  'sign' => '3D9E3C65F454BFF01E28488D621202FA',
  'time_end' => '20171102170831',
  'total_fee' => '500',
  'trade_type' => 'NATIVE',
  'transaction_id' => '4200000010201711021963848028',
)
[2017-11-02 17:10:08][140.207.54.76][INFO]微信支付 成功:回调信息是:array (
  'appid' => 'wxcb8a76fe730b5964',
  'attach' => '3c18efdb-b77e-4f64-9060-83a48c01d9a3',
  'bank_type' => 'CFT',
  'cash_fee' => '2000',
  'fee_type' => 'CNY',
  'is_subscribe' => 'N',
  'mch_id' => '1352470102',
  'nonce_str' => 'pa0sv1e02rayyvh26z82ylhxnsprvmmp',
  'openid' => 'oFqowwMJDmf9711LOk6Vc4a4KpV0',
  'out_trade_no' => '470ac74821bb4d74a5d3f2ffafac4cae',
  'result_code' => 'SUCCESS',
  'return_code' => 'SUCCESS',
  'sign' => '145B574855A5F0404622F1897B9B458D',
  'time_end' => '20171102171007',
  'total_fee' => '2000',
  'trade_type' => 'NATIVE',
  'transaction_id' => '4200000002201711021967193062',
)
[2017-11-02 17:12:11][140.207.54.74][INFO]微信支付 成功:回调信息是:array (
  'appid' => 'wxcb8a76fe730b5964',
  'attach' => '29be1f67-c816-4a99-bd78-53d38696b447',
  'bank_type' => 'ABC_DEBIT',
  'cash_fee' => '500',
  'fee_type' => 'CNY',
  'is_subscribe' => 'N',
  'mch_id' => '1352470102',
  'nonce_str' => '4is94aczrtatt7ccwwae2hlzxpr85zbv',
  'openid' => 'oFqowwD_BQU8MMQJOATLrlu4GdEM',
  'out_trade_no' => '982bdf2fff7d469b9d7f6df9eef5a040',
  'result_code' => 'SUCCESS',
  'return_code' => 'SUCCESS',
  'sign' => '3C9F63937B81C858215131B731738187',
  'time_end' => '20171102171210',
  'total_fee' => '500',
  'trade_type' => 'NATIVE',
  'transaction_id' => '4200000001201711021967328644',
)
[2017-11-02 17:14:21][203.209.226.202][INFO]支付宝支付 :回调信息是:array (
  'gmt_create' => '2017-11-02 17:14:21',
  'charset' => 'utf-8',
  'seller_email' => 'qiyue@pp158.com',
  'notify_time' => '2017-11-02 17:14:21',
  'subject' => 'pp游戏账单支付',
  'sign' => 'SQSX5kfeAaExbNFlZ1pDRnyyx5VI1+q3eDH/GIaCAcZqxbBJ+WuztjKlv64cXiaY551dtW0lrEDbf7RwmZXi3buPQ/9da/PwX9vgX5iipkHtJ3KrYrA9/uCjlvrSAHHaQi5gX0H3ZH/TTaalXf3cWgmHopedDODwW3UhPzYs9ml2v2Sog46TnEY0BMzeLVBeU9BOR3Y9OMPCu4syItNKPJZqHpR03gXO3AiPYnIu+tgqlOrk6KhhZcb6Kot4G6ftWQOxMI9iJFi0NQlbxVfmU2Eh8FNGweCZpkUob5ciFRbJqX99aSYIo8+WWQyJIIzhJb8tUYflefg8BsndMTurog==',
  'body' => 'f53d1064-84f8-4629-a398-20248d4c7a6d',
  'buyer_id' => '2088102296768555',
  'version' => '1.0',
  'notify_id' => 'f140e9f39b7f45b450c2898230eb345ka8',
  'notify_type' => 'trade_status_sync',
  'out_trade_no' => '23fc348331214c93aac340ad6d2a55d6',
  'total_amount' => '50.00',
  'trade_status' => 'WAIT_BUYER_PAY',
  'trade_no' => '2017110221001004555235889309',
  'auth_app_id' => '2017021605702899',
  'buyer_logon_id' => '159****5147',
  'app_id' => '2017021605702899',
  'sign_type' => 'RSA2',
  'seller_id' => '2088221931936835',
)
[2017-11-02 17:14:28][203.209.227.171][INFO]支付宝支付 成功:回调信息是:array (
  'gmt_create' => '2017-11-02 17:14:21',
  'charset' => 'utf-8',
  'seller_email' => 'qiyue@pp158.com',
  'subject' => 'pp游戏账单支付',
  'sign' => 'IjW8J0WaR7vja/SSTTz1s+Uskw6mnsC1uSB+6B62mCqCKsLxj1AP1sCLf/tQQ7qeicH8qiHQS0LgilmagZh7qrvnxL5lNdeic8OolALogrM2xMU0yXKHq06KY2jz3jcEwtMpwb6Z8ec/7kWdyre1dlrcTwltc4aK2MzzrVimcMRfBLBrdc/dFKJic42YS9d5LbxxUjrjeo7GebzS2xVz7aewJi8WyIH32ggNukaRh/8OrxUJYK70Y/ZK7ONYL6ccp22xKRngh31GYc9dtsUpu4+aEbw6X8WlFtZEa+3G7fz2Tkh1oSXO6MKa4LDUEbcsgdGA+E/7IhF6wIf3fS5LcQ==',
  'body' => 'f53d1064-84f8-4629-a398-20248d4c7a6d',
  'buyer_id' => '2088102296768555',
  'invoice_amount' => '50.00',
  'notify_id' => 'c0ca5aec59e5550cee3ac6bb553a349ka8',
  'fund_bill_list' => '[{"amount":"50.00","fundChannel":"PCREDIT"}]',
  'notify_type' => 'trade_status_sync',
  'trade_status' => 'TRADE_SUCCESS',
  'receipt_amount' => '50.00',
  'app_id' => '2017021605702899',
  'buyer_pay_amount' => '50.00',
  'sign_type' => 'RSA2',
  'seller_id' => '2088221931936835',
  'gmt_payment' => '2017-11-02 17:14:28',
  'notify_time' => '2017-11-02 17:14:28',
  'version' => '1.0',
  'out_trade_no' => '23fc348331214c93aac340ad6d2a55d6',
  'total_amount' => '50.00',
  'trade_no' => '2017110221001004555235889309',
  'auth_app_id' => '2017021605702899',
  'buyer_logon_id' => '159****5147',
  'point_amount' => '0.00',
)
[2017-11-02 17:14:47][140.207.54.76][INFO]微信支付 成功:回调信息是:array (
  'appid' => 'wxcb8a76fe730b5964',
  'attach' => '7d6f8935-4278-4318-a6e4-bc719469a007',
  'bank_type' => 'CFT',
  'cash_fee' => '600',
  'fee_type' => 'CNY',
  'is_subscribe' => 'N',
  'mch_id' => '1352470102',
  'nonce_str' => 'c32nbq1oz1y8xxepdwhrsyz5ele5uf8f',
  'openid' => 'oFqowwGG3mnAl2cYW_-i5KRC2rwI',
  'out_trade_no' => '83cbf6742c6049799811de83726c57a7',
  'result_code' => 'SUCCESS',
  'return_code' => 'SUCCESS',
  'sign' => '194085166BE645765B2C961E03C5CD90',
  'time_end' => '20171102171446',
  'total_fee' => '600',
  'trade_type' => 'JSAPI',
  'transaction_id' => '4200000022201711021968606782',
)
[2017-11-02 17:15:08][58.251.80.49][INFO]微信支付 成功:回调信息是:array (
  'appid' => 'wxcb8a76fe730b5964',
  'attach' => '2fb2d732-7165-4701-9377-387fb2fa586d',
  'bank_type' => 'ABC_DEBIT',
  'cash_fee' => '10000',
  'fee_type' => 'CNY',
  'is_subscribe' => 'N',
  'mch_id' => '1352470102',
  'nonce_str' => '73hxcpcv9c2l68of2kwmidoi88jxk8p5',
  'openid' => 'oFqowwKpWaQ4th6YC_j2CDrgcwhU',
  'out_trade_no' => 'b44803a93de44da3a6245d6456215308',
  'result_code' => 'SUCCESS',
  'return_code' => 'SUCCESS',
  'sign' => '4251AAD68EDB69521FDA33ACDD69E106',
  'time_end' => '20171102171507',
  'total_fee' => '10000',
  'trade_type' => 'NATIVE',
  'transaction_id' => '4200000022201711021965858791',
)
[2017-11-02 17:17:46][58.251.80.56][INFO]微信支付 成功:回调信息是:array (
  'appid' => 'wxcb8a76fe730b5964',
  'attach' => '4acf5916-5049-4f8f-88fb-2ce8b49f8ef1',
  'bank_type' => 'CFT',
  'cash_fee' => '2000',
  'fee_type' => 'CNY',
  'is_subscribe' => 'Y',
  'mch_id' => '1352470102',
  'nonce_str' => 'wk7ny5odgzy4msiohgokt10497br04c2',
  'openid' => 'oFqowwK8PUIlGogNbkCJ3tfp48Ak',
  'out_trade_no' => '43dd061c4932457eabfbd101b91df2a2',
  'result_code' => 'SUCCESS',
  'return_code' => 'SUCCESS',
  'sign' => 'F2B18B568F3A54EF6EC283A659D63781',
  'time_end' => '20171102171746',
  'total_fee' => '2000',
  'trade_type' => 'NATIVE',
  'transaction_id' => '4200000025201711021970343807',
)
[2017-11-02 17:18:41][58.251.80.56][INFO]微信支付 成功:回调信息是:array (
  'appid' => 'wxcb8a76fe730b5964',
  'attach' => '80eabfbd-62bd-4e63-939c-afd8bc612afd',
  'bank_type' => 'CMB_DEBIT',
  'cash_fee' => '2000',
  'fee_type' => 'CNY',
  'is_subscribe' => 'N',
  'mch_id' => '1352470102',
  'nonce_str' => 'tslv4fta7qe75i6w9vkl6izvdhmy1868',
  'openid' => 'oFqowwH-UZWMXnBzFGFBgVywRw4E',
  'out_trade_no' => '4a251a1275644140bb7030421278fcef',
  'result_code' => 'SUCCESS',
  'return_code' => 'SUCCESS',
  'sign' => 'E0E00D2A9E0BF14A61DBF3028DAE25C9',
  'time_end' => '20171102171840',
  'total_fee' => '2000',
  'trade_type' => 'NATIVE',
  'transaction_id' => '4200000016201711021967537352',
)
[2017-11-02 17:20:19][203.209.232.31][INFO]支付宝支付 :回调信息是:array (
  'gmt_create' => '2017-11-02 17:20:19',
  'charset' => 'utf-8',
  'seller_email' => 'qiyue@pp158.com',
  'notify_time' => '2017-11-02 17:20:19',
  'subject' => 'pp游戏账单支付',
  'sign' => 'XWirxBPNh/Kq7jYtfFcZSIIH/lPhJsRjVuzjVxVmYCP5CHhzjAiA/GD+C3aKmWhONHAsTtgJDh1dgfTIS0ZuJQn97lBxHuY2Jm2RzoZvQNm53DqbSdlYASPF4OnF5pq1Hk1vjw3Bkwzpwr9vmSbwAiK7t/GU/girLkGiRw1yOSm4UH2gLSUInj2txwQ8dhepjmGviVC5F22uAgbNd0FZugHxuhzaj2skppwr8tyO6zgAfveXCZJja3w6+/EFyOhUkH3cfa45KnEM2/IfsWwVbXQwYIxPw7Tv4JrCSwBjDSl2Y+kOraDZYVfLCkFXP9CNFRV2e22L3kSBogB0B7qFvQ==',
  'body' => 'c395bf5d-fc24-410f-82b0-13f97e882c3b',
  'buyer_id' => '2088912487820131',
  'version' => '1.0',
  'notify_id' => '58f54340b26db05b94ac415aef3b7bbh1l',
  'notify_type' => 'trade_status_sync',
  'out_trade_no' => 'e5c5ce9d590f4ddeb3e498b8d18d25c7',
  'total_amount' => '5.00',
  'trade_status' => 'WAIT_BUYER_PAY',
  'trade_no' => '2017110221001004135361767816',
  'auth_app_id' => '2017021605702899',
  'buyer_logon_id' => '469***@qq.com',
  'app_id' => '2017021605702899',
  'sign_type' => 'RSA2',
  'seller_id' => '2088221931936835',
)
[2017-11-02 17:20:29][203.209.232.174][INFO]支付宝支付 成功:回调信息是:array (
  'gmt_create' => '2017-11-02 17:20:19',
  'charset' => 'utf-8',
  'seller_email' => 'qiyue@pp158.com',
  'subject' => 'pp游戏账单支付',
  'sign' => 'eLw436NnBjuoH56YLkAjt+/Q3cmLg2RUDbzHk+5EeR59ZfKzmOEwp9MbLytDKMkjbhzdaLhgt0YgleIpYpFMV6C3W6DCk5j68DC20hPPb7mEcr1thJON2znThbeiSnKqhKsh2G+t+Sc8zMz+30Itz30/HlmfF7CrxeerbUaZCMSxHkrm/3+r0F2FAVjuOFJwo939YE75joebsCxqub6lFZJ+Wpm3F1YD+CdOPdfr6t9OQSmtVE/i1p0/UnD8BP6xDUtI0FeSnszrAwaU6XUzwIK1ffIigcWf9wnHhfjA9xizox8ONABFwL8FxA3+Bahv53YQwvF0830G4pAIuKXgtw==',
  'body' => 'c395bf5d-fc24-410f-82b0-13f97e882c3b',
  'buyer_id' => '2088912487820131',
  'invoice_amount' => '5.00',
  'notify_id' => '7c6452ae46d2a6bc98eaf24ccb4d33dh1l',
  'fund_bill_list' => '[{"amount":"5.00","fundChannel":"ALIPAYACCOUNT"}]',
  'notify_type' => 'trade_status_sync',
  'trade_status' => 'TRADE_SUCCESS',
  'receipt_amount' => '5.00',
  'app_id' => '2017021605702899',
  'buyer_pay_amount' => '5.00',
  'sign_type' => 'RSA2',
  'seller_id' => '2088221931936835',
  'gmt_payment' => '2017-11-02 17:20:29',
  'notify_time' => '2017-11-02 17:20:29',
  'version' => '1.0',
  'out_trade_no' => 'e5c5ce9d590f4ddeb3e498b8d18d25c7',
  'total_amount' => '5.00',
  'trade_no' => '2017110221001004135361767816',
  'auth_app_id' => '2017021605702899',
  'buyer_logon_id' => '469***@qq.com',
  'point_amount' => '0.00',
)
[2017-11-02 17:25:11][140.207.54.76][INFO]微信支付 成功:回调信息是:array (
  'appid' => 'wxcb8a76fe730b5964',
  'attach' => 'e2519646-e305-49f6-946f-ae067cdc6f8b',
  'bank_type' => 'ICBC_DEBIT',
  'cash_fee' => '2000',
  'fee_type' => 'CNY',
  'is_subscribe' => 'N',
  'mch_id' => '1352470102',
  'nonce_str' => '8p785xsqajzk89rm5fsieictb91gpenx',
  'openid' => 'oFqowwHJ73xTsACoWmI7ncbF0bzY',
  'out_trade_no' => 'b43bd7e3b7f44bbda9323e2b6a916472',
  'result_code' => 'SUCCESS',
  'return_code' => 'SUCCESS',
  'sign' => '2D5B324C61B33E9F73DDDB842C84331D',
  'time_end' => '20171102172511',
  'total_fee' => '2000',
  'trade_type' => 'NATIVE',
  'transaction_id' => '4200000005201711021972486635',
)
[2017-11-02 17:28:14][58.251.80.60][INFO]微信支付 成功:回调信息是:array (
  'appid' => 'wxcb8a76fe730b5964',
  'attach' => '4acf5916-5049-4f8f-88fb-2ce8b49f8ef1',
  'bank_type' => 'CFT',
  'cash_fee' => '2000',
  'fee_type' => 'CNY',
  'is_subscribe' => 'Y',
  'mch_id' => '1352470102',
  'nonce_str' => 'gvbi3taoi52mk3g2jlj0a0r8v601sf7r',
  'openid' => 'oFqowwK8PUIlGogNbkCJ3tfp48Ak',
  'out_trade_no' => '2477536bd8984d9b997c3546dce42af4',
  'result_code' => 'SUCCESS',
  'return_code' => 'SUCCESS',
  'sign' => '88C605B973510BD75D83B5E491E82105',
  'time_end' => '20171102172813',
  'total_fee' => '2000',
  'trade_type' => 'NATIVE',
  'transaction_id' => '4200000011201711021972668011',
)
[2017-11-02 17:32:09][140.207.54.76][INFO]微信支付 成功:回调信息是:array (
  'appid' => 'wxcb8a76fe730b5964',
  'attach' => 'f29f55fe-4c86-4c86-b91e-2eda7db71cb7',
  'bank_type' => 'CFT',
  'cash_fee' => '5000',
  'fee_type' => 'CNY',
  'is_subscribe' => 'Y',
  'mch_id' => '1352470102',
  'nonce_str' => 'r5hc05tia0mlga7e4bc8xcsdh47l78n6',
  'openid' => 'oFqowwPI9lVPX0629w-tYU1H6kvQ',
  'out_trade_no' => 'e58b88d9d2ea47d6b12660125c845e5c',
  'result_code' => 'SUCCESS',
  'return_code' => 'SUCCESS',
  'sign' => 'AE346FC8C3B4802267D521FBCF3775B1',
  'time_end' => '20171102173209',
  'total_fee' => '5000',
  'trade_type' => 'NATIVE',
  'transaction_id' => '4200000001201711021974465052',
)
[2017-11-02 17:33:10][140.207.54.73][INFO]微信支付 成功:回调信息是:array (
  'appid' => 'wxcb8a76fe730b5964',
  'attach' => '80eabfbd-62bd-4e63-939c-afd8bc612afd',
  'bank_type' => 'CMB_DEBIT',
  'cash_fee' => '2000',
  'fee_type' => 'CNY',
  'is_subscribe' => 'N',
  'mch_id' => '1352470102',
  'nonce_str' => 'xrb9b7tyxecqtq1f8z2swzsrxo3w4yjy',
  'openid' => 'oFqowwH-UZWMXnBzFGFBgVywRw4E',
  'out_trade_no' => '372a030f808e4bb0a0d6c34279deaf35',
  'result_code' => 'SUCCESS',
  'return_code' => 'SUCCESS',
  'sign' => '72C85628661E8C704DFDA43AB39B247C',
  'time_end' => '20171102173310',
  'total_fee' => '2000',
  'trade_type' => 'NATIVE',
  'transaction_id' => '4200000028201711021969771118',
)
[2017-11-02 17:33:23][58.251.80.56][INFO]微信支付 成功:回调信息是:array (
  'appid' => 'wxcb8a76fe730b5964',
  'attach' => '4acf5916-5049-4f8f-88fb-2ce8b49f8ef1',
  'bank_type' => 'CFT',
  'cash_fee' => '2000',
  'fee_type' => 'CNY',
  'is_subscribe' => 'Y',
  'mch_id' => '1352470102',
  'nonce_str' => 'h9l2hwp3el7je97a54o64cmwz3gfk7au',
  'openid' => 'oFqowwK8PUIlGogNbkCJ3tfp48Ak',
  'out_trade_no' => 'b79d947b48a14ff385d033af5ab4582e',
  'result_code' => 'SUCCESS',
  'return_code' => 'SUCCESS',
  'sign' => '383206833C8386F74270B05AB6A5C807',
  'time_end' => '20171102173322',
  'total_fee' => '2000',
  'trade_type' => 'NATIVE',
  'transaction_id' => '4200000003201711021971194895',
)
[2017-11-02 17:35:07][140.207.54.76][INFO]微信支付 成功:回调信息是:array (
  'appid' => 'wxcb8a76fe730b5964',
  'attach' => '4acf5916-5049-4f8f-88fb-2ce8b49f8ef1',
  'bank_type' => 'CFT',
  'cash_fee' => '2000',
  'fee_type' => 'CNY',
  'is_subscribe' => 'Y',
  'mch_id' => '1352470102',
  'nonce_str' => '0r581wp5bs6co50amnrm3bmfc0lbpyus',
  'openid' => 'oFqowwK8PUIlGogNbkCJ3tfp48Ak',
  'out_trade_no' => '7020428b961f44b5b6a70090530bfc46',
  'result_code' => 'SUCCESS',
  'return_code' => 'SUCCESS',
  'sign' => 'A5820EABCC39C3A7ABFD944150AA3ADA',
  'time_end' => '20171102173507',
  'total_fee' => '2000',
  'trade_type' => 'NATIVE',
  'transaction_id' => '4200000002201711021971254926',
)
[2017-11-02 17:38:21][58.251.80.53][INFO]微信支付 成功:回调信息是:array (
  'appid' => 'wxcb8a76fe730b5964',
  'attach' => 'c4c6b7f9-928a-4f07-884a-73464028ee06',
  'bank_type' => 'CFT',
  'cash_fee' => '500',
  'fee_type' => 'CNY',
  'is_subscribe' => 'Y',
  'mch_id' => '1352470102',
  'nonce_str' => '4r6bmcgelldgiy1cw0yvz20zliudce7v',
  'openid' => 'oFqowwA7CDmE8OiVlhsRcSTgaFAE',
  'out_trade_no' => '88b5faac0cdc42e690255f6066eb09a6',
  'result_code' => 'SUCCESS',
  'return_code' => 'SUCCESS',
  'sign' => 'C3D2EC716925263E2CFB38E94A251FA3',
  'time_end' => '20171102173821',
  'total_fee' => '500',
  'trade_type' => 'NATIVE',
  'transaction_id' => '4200000014201711021970088191',
)
[2017-11-02 17:38:49][140.207.54.76][INFO]微信支付 成功:回调信息是:array (
  'appid' => 'wxcb8a76fe730b5964',
  'attach' => 'f29f55fe-4c86-4c86-b91e-2eda7db71cb7',
  'bank_type' => 'CFT',
  'cash_fee' => '5000',
  'fee_type' => 'CNY',
  'is_subscribe' => 'Y',
  'mch_id' => '1352470102',
  'nonce_str' => 'p8s3qx08c4xt1abdtozzqciac57jzg8i',
  'openid' => 'oFqowwPI9lVPX0629w-tYU1H6kvQ',
  'out_trade_no' => 'cdd6743c641c47689697a281fae7e3c1',
  'result_code' => 'SUCCESS',
  'return_code' => 'SUCCESS',
  'sign' => '2D62EF56BB8AE5D1B0D6CFA76F63100C',
  'time_end' => '20171102173849',
  'total_fee' => '5000',
  'trade_type' => 'NATIVE',
  'transaction_id' => '4200000014201711021973280135',
)
[2017-11-02 17:42:52][140.207.54.75][INFO]微信支付 成功:回调信息是:array (
  'appid' => 'wxcb8a76fe730b5964',
  'attach' => 'd0790ed5-e0fc-4476-aa20-bbc2ced48709',
  'bank_type' => 'CFT',
  'cash_fee' => '500',
  'fee_type' => 'CNY',
  'is_subscribe' => 'Y',
  'mch_id' => '1352470102',
  'nonce_str' => 'h3sprjfia36vnzhyw2wjie7gd7o7skdi',
  'openid' => 'oFqowwA7CDmE8OiVlhsRcSTgaFAE',
  'out_trade_no' => 'd1b0f9e8702549d1a20f902e555a708d',
  'result_code' => 'SUCCESS',
  'return_code' => 'SUCCESS',
  'sign' => 'E14A99FF6CA42BBE7A6A5FEB8316C8CF',
  'time_end' => '20171102174252',
  'total_fee' => '500',
  'trade_type' => 'NATIVE',
  'transaction_id' => '4200000020201711021973542507',
)
[2017-11-02 17:45:33][140.207.54.76][INFO]微信支付 成功:回调信息是:array (
  'appid' => 'wxcb8a76fe730b5964',
  'attach' => '71b558b0-b55f-4443-9f7f-08d4650c2124',
  'bank_type' => 'CFT',
  'cash_fee' => '600',
  'fee_type' => 'CNY',
  'is_subscribe' => 'N',
  'mch_id' => '1352470102',
  'nonce_str' => 'wy5a2z1eg2oze7rrvg6g5xwzp59bvg3i',
  'openid' => 'oFqowwEmW1RZz-mi0uFip-TM1ypA',
  'out_trade_no' => '7a72fb1b2d49484b996919d159a437cb',
  'result_code' => 'SUCCESS',
  'return_code' => 'SUCCESS',
  'sign' => '9F5D00A6CC0DC517DFA858583F6711F0',
  'time_end' => '20171102174533',
  'total_fee' => '600',
  'trade_type' => 'JSAPI',
  'transaction_id' => '4200000026201711021971922251',
)
[2017-11-02 17:48:12][203.209.234.127][INFO]支付宝支付 :回调信息是:array (
  'gmt_create' => '2017-11-02 17:48:12',
  'charset' => 'utf-8',
  'seller_email' => 'qiyue@pp158.com',
  'notify_time' => '2017-11-02 17:48:12',
  'subject' => 'pp游戏账单支付',
  'sign' => 'MurVpJbdqDz0kx/SZqYby+6ceS+I18HDJEBnyXm15+i1UWdofjjg7Vy0s9CvnvB5Nd/j7QzU+u/oa9MfjMIhVplVWUjNS8z81U2yjxzUqa8MQWCCno0ZCzx7WCb1oV0zn9tzzpdSHdkW4PkAj4gkOFJV9ULoOO3HsRmBm4ktwGhWIt1G8X9vGF+LqfichRDDWH5WMl7RDR1qEOyIk0uusEnU1yjHCWeHDhPCJDRVei7p8eGGOBNJkB4Guf9WLBJrwRD0G1D6chpO6pJDxVG05BqwuLfK1wT1tjrYrxWJ/p83HDq5EYAzEvkK8JcJfnm/l0cX9IcseoFG75Qpe+wBkg==',
  'body' => '2e83a534-a5c2-461a-8cf2-18370cb284e4',
  'buyer_id' => '2088802579700895',
  'version' => '1.0',
  'notify_id' => 'b094b772be8d27b1ed5a6e70ad0aa87mwo',
  'notify_type' => 'trade_status_sync',
  'out_trade_no' => 'f16ae46126bf466491be911398d520a4',
  'total_amount' => '20.00',
  'trade_status' => 'WAIT_BUYER_PAY',
  'trade_no' => '2017110221001004895239012773',
  'auth_app_id' => '2017021605702899',
  'buyer_logon_id' => '137****0907',
  'app_id' => '2017021605702899',
  'sign_type' => 'RSA2',
  'seller_id' => '2088221931936835',
)
[2017-11-02 17:48:18][203.209.234.66][INFO]支付宝支付 成功:回调信息是:array (
  'gmt_create' => '2017-11-02 17:48:12',
  'charset' => 'utf-8',
  'seller_email' => 'qiyue@pp158.com',
  'subject' => 'pp游戏账单支付',
  'sign' => 'JDNn55MvGzA6Z9aeFIzdE0MvdEUjrHBu5W/P03+fYDDsWsZp/pU4Hs6QFQerhlK8syveZ7ADwC3g7PIWp+pO5g3QnA+QzJZHyDLr4iDWIIDGkrkDau8LUPC/h9mED1tAX3g8R6zQAqFtnPnffi0OlU5IqKGPJZNzW8MksEmKomCsLPzeau0RXYtU4ovgtoaFOTikbqursiedcH0KPHD5TnzoLr/IBkK3sC7XgjeJ59H8N1ptVnnI2XeRw6Kp1Y9CcR6RyQD7K9CA9WRQ2lLF81nl4w2s+Vl1eOqHuIfY5QlAV7iFmttjXRrwcSKdGnsKATpgOLfc7bFdbN8zdNi54g==',
  'body' => '2e83a534-a5c2-461a-8cf2-18370cb284e4',
  'buyer_id' => '2088802579700895',
  'invoice_amount' => '20.00',
  'notify_id' => '257c65299a7e509681172c1ad46d4a5mwo',
  'fund_bill_list' => '[{"amount":"20.00","fundChannel":"ALIPAYACCOUNT"}]',
  'notify_type' => 'trade_status_sync',
  'trade_status' => 'TRADE_SUCCESS',
  'receipt_amount' => '20.00',
  'app_id' => '2017021605702899',
  'buyer_pay_amount' => '20.00',
  'sign_type' => 'RSA2',
  'seller_id' => '2088221931936835',
  'gmt_payment' => '2017-11-02 17:48:18',
  'notify_time' => '2017-11-02 17:48:18',
  'version' => '1.0',
  'out_trade_no' => 'f16ae46126bf466491be911398d520a4',
  'total_amount' => '20.00',
  'trade_no' => '2017110221001004895239012773',
  'auth_app_id' => '2017021605702899',
  'buyer_logon_id' => '137****0907',
  'point_amount' => '0.00',
)
[2017-11-02 17:51:48][140.207.54.76][INFO]微信支付 成功:回调信息是:array (
  'appid' => 'wxcb8a76fe730b5964',
  'attach' => '9710799c-d1d7-4930-ad38-d558c795d34e',
  'bank_type' => 'ABC_DEBIT',
  'cash_fee' => '500',
  'fee_type' => 'CNY',
  'is_subscribe' => 'N',
  'mch_id' => '1352470102',
  'nonce_str' => 'jkts1m0pb0lv8v6gmm2kbk051udvsx7f',
  'openid' => 'oFqowwLQmBmvpA65FAHnV37TWm2g',
  'out_trade_no' => '97a78c2bc965419b80004612ce5404dc',
  'result_code' => 'SUCCESS',
  'return_code' => 'SUCCESS',
  'sign' => '402607C91EC2FBC0FF3F6C7672F27B8E',
  'time_end' => '20171102175148',
  'total_fee' => '500',
  'trade_type' => 'NATIVE',
  'transaction_id' => '4200000012201711021976959318',
)
[2017-11-02 17:52:12][140.207.54.76][INFO]微信支付 成功:回调信息是:array (
  'appid' => 'wxcb8a76fe730b5964',
  'attach' => '7fe907b6-72bf-422e-b93c-5f8b5fb90393',
  'bank_type' => 'CFT',
  'cash_fee' => '600',
  'fee_type' => 'CNY',
  'is_subscribe' => 'N',
  'mch_id' => '1352470102',
  'nonce_str' => 'l789k8nywcm5ov5edcp2dxotrm3lirqe',
  'openid' => 'oFqowwKfwR0I1X9pAFToDd7zGHMY',
  'out_trade_no' => '43dec3ef50014c4380cbcc1b3a1767c7',
  'result_code' => 'SUCCESS',
  'return_code' => 'SUCCESS',
  'sign' => '1E1022EC79BD1652DC84EC3CF54758E0',
  'time_end' => '20171102175211',
  'total_fee' => '600',
  'trade_type' => 'JSAPI',
  'transaction_id' => '4200000030201711021977019424',
)
[2017-11-02 17:52:42][140.207.54.74][INFO]微信支付 成功:回调信息是:array (
  'appid' => 'wxcb8a76fe730b5964',
  'attach' => '81f1831b-b1b4-4024-91d7-dc4bfebf376f',
  'bank_type' => 'CFT',
  'cash_fee' => '2000',
  'fee_type' => 'CNY',
  'is_subscribe' => 'N',
  'mch_id' => '1352470102',
  'nonce_str' => '6dbrzqiuuii1e8oztupduf7py7pyt3ub',
  'openid' => 'oFqowwDhPDCM3kUoBNHFlLVOxMYQ',
  'out_trade_no' => '350f59ac8db84a8f9a3c507589a7df44',
  'result_code' => 'SUCCESS',
  'return_code' => 'SUCCESS',
  'sign' => 'E3436C28A7095A8D8F40DA46BD4D28D6',
  'time_end' => '20171102175242',
  'total_fee' => '2000',
  'trade_type' => 'NATIVE',
  'transaction_id' => '4200000009201711021975610734',
)
[2017-11-02 17:53:49][140.207.54.76][INFO]微信支付 成功:回调信息是:array (
  'appid' => 'wxcb8a76fe730b5964',
  'attach' => '0e81b84b-7512-4915-a734-f66b373c93fb',
  'bank_type' => 'CFT',
  'cash_fee' => '600',
  'fee_type' => 'CNY',
  'is_subscribe' => 'N',
  'mch_id' => '1352470102',
  'nonce_str' => 'eepdtfahffz3mfsevo164fa4pwak43nr',
  'openid' => 'oFqowwNR8rBSv7s2wgeABbVbyerU',
  'out_trade_no' => 'b5c2835100fb42c5ad34c5cf04561e63',
  'result_code' => 'SUCCESS',
  'return_code' => 'SUCCESS',
  'sign' => 'B82C9B8CBD83FBA8047CF1285578FB96',
  'time_end' => '20171102175348',
  'total_fee' => '600',
  'trade_type' => 'JSAPI',
  'transaction_id' => '4200000026201711021978319384',
)
[2017-11-02 17:55:03][58.251.80.60][INFO]微信支付 成功:回调信息是:array (
  'appid' => 'wxcb8a76fe730b5964',
  'attach' => 'b59692e8-6663-43c4-b86b-e04ad36ec73d',
  'bank_type' => 'CFT',
  'cash_fee' => '500',
  'fee_type' => 'CNY',
  'is_subscribe' => 'N',
  'mch_id' => '1352470102',
  'nonce_str' => 'c5hadplddg5hnum7ioyauscqpsfukeyk',
  'openid' => 'oFqowwAtwaSAzZx-0bKEyzFtsoH8',
  'out_trade_no' => '3670727307db41fa85579e0fcb153f7b',
  'result_code' => 'SUCCESS',
  'return_code' => 'SUCCESS',
  'sign' => '883FFAE45C83AA43E9CBB728294895B6',
  'time_end' => '20171102175502',
  'total_fee' => '500',
  'trade_type' => 'NATIVE',
  'transaction_id' => '4200000017201711021977154706',
)
[2017-11-02 17:55:52][140.207.54.76][INFO]微信支付 成功:回调信息是:array (
  'appid' => 'wxcb8a76fe730b5964',
  'attach' => '18f4445e-6370-4c6d-81e4-304f0b77bcf6',
  'bank_type' => 'BOC_DEBIT',
  'cash_fee' => '2000',
  'fee_type' => 'CNY',
  'is_subscribe' => 'N',
  'mch_id' => '1352470102',
  'nonce_str' => 'jq34ad5wkl4becrxl4fibeodlfaxqt34',
  'openid' => 'oFqowwMEs-fRlIjPbOfR55jkpwdI',
  'out_trade_no' => '0c7d7a3173bc4b999814aa0a66af83d7',
  'result_code' => 'SUCCESS',
  'return_code' => 'SUCCESS',
  'sign' => '1B98E8E69BDF9697518C06F1E095287C',
  'time_end' => '20171102175552',
  'total_fee' => '2000',
  'trade_type' => 'NATIVE',
  'transaction_id' => '4200000017201711021980371495',
)
[2017-11-02 17:56:33][140.207.54.76][INFO]微信支付 成功:回调信息是:array (
  'appid' => 'wxcb8a76fe730b5964',
  'attach' => '7ff57a03-624f-44e5-bafe-00227b36c44a',
  'bank_type' => 'CFT',
  'cash_fee' => '600',
  'fee_type' => 'CNY',
  'is_subscribe' => 'N',
  'mch_id' => '1352470102',
  'nonce_str' => 'x5sbi90l54qlsclhg1kaqb9673mv3501',
  'openid' => 'oFqowwN7s_8wwWRI8UZLLjxAYrQE',
  'out_trade_no' => '3707205611974f5581dfefe5e1469040',
  'result_code' => 'SUCCESS',
  'return_code' => 'SUCCESS',
  'sign' => '5C65EC8A766FCF3721CDDC6A6AE7AD94',
  'time_end' => '20171102175633',
  'total_fee' => '600',
  'trade_type' => 'JSAPI',
  'transaction_id' => '4200000018201711021975869108',
)
[2017-11-02 17:58:08][58.251.80.55][INFO]微信支付 成功:回调信息是:array (
  'appid' => 'wxcb8a76fe730b5964',
  'attach' => '9710799c-d1d7-4930-ad38-d558c795d34e',
  'bank_type' => 'ABC_DEBIT',
  'cash_fee' => '2000',
  'fee_type' => 'CNY',
  'is_subscribe' => 'Y',
  'mch_id' => '1352470102',
  'nonce_str' => '9ull5ht6gbevb61y26u6ops4kcl0gw19',
  'openid' => 'oFqowwLQmBmvpA65FAHnV37TWm2g',
  'out_trade_no' => 'c997c88feca94b0295e798077af55ca2',
  'result_code' => 'SUCCESS',
  'return_code' => 'SUCCESS',
  'sign' => '19D37CC1BB2D9BF4A6142D69DA16ABF2',
  'time_end' => '20171102175807',
  'total_fee' => '2000',
  'trade_type' => 'NATIVE',
  'transaction_id' => '4200000015201711021975974053',
)
[2017-11-02 17:58:57][203.209.234.164][INFO]支付宝支付 :回调信息是:array (
  'gmt_create' => '2017-11-02 17:58:57',
  'charset' => 'utf-8',
  'seller_email' => 'qiyue@pp158.com',
  'notify_time' => '2017-11-02 17:58:57',
  'subject' => 'pp游戏账单支付',
  'sign' => 'GEcLPQdZIFdkhN3PkE5HuHujAFqGHsPlxMJVntWdDOWmQU9sfPVFWlFAB8A6QEwbPVpnDOhaoCUA6Rc4rxCQkeb01ehLzMP7/Ztf1kKC3pcVj38h95JacZ3YXl9PuQ4Ddj5uzAxZXHgepX2fGXLHI6ZXBIM8tFF8Rvqd7hJl2HisY7+jGRkBodrv784EM5SP4Rkt6MZLQI/nIjgHC7+zxx+0m/iKItLasp03Y+oo9pXbi0vHTjMZv4Y0YvySGkodLQztFKNxCcC4jqlFQTgtcMlp4RM1ItiQms0XmUg+Xp19joaa5/BET8CcO2+rphp4lJxEf5nVu5VWjcgwmmah/w==',
  'body' => '2e83a534-a5c2-461a-8cf2-18370cb284e4',
  'buyer_id' => '2088802579700895',
  'version' => '1.0',
  'notify_id' => 'a491225f78fb8bf13fb80593f47676cmwo',
  'notify_type' => 'trade_status_sync',
  'out_trade_no' => 'd95a3c2934de4bbc9f7650a5c235761c',
  'total_amount' => '20.00',
  'trade_status' => 'WAIT_BUYER_PAY',
  'trade_no' => '2017110221001004895254302454',
  'auth_app_id' => '2017021605702899',
  'buyer_logon_id' => '137****0907',
  'app_id' => '2017021605702899',
  'sign_type' => 'RSA2',
  'seller_id' => '2088221931936835',
)
[2017-11-02 17:59:03][203.209.234.5][INFO]支付宝支付 成功:回调信息是:array (
  'gmt_create' => '2017-11-02 17:58:57',
  'charset' => 'utf-8',
  'seller_email' => 'qiyue@pp158.com',
  'subject' => 'pp游戏账单支付',
  'sign' => 'P94gon6WoAkcohyAw52L1Kja2YJWa6bMblkk8rOkz5NJ0fGm0QwhtWjGByQCQiW2Nl9XoSEQXiq4ooPflyo0Bf54GRfa29l5y/UkYmSFHi6Ov2uLGpeZ9iIaqEflu4X7/yyDBTf52OFq3LzWsmlhrG5OE5wJOZAITIZEAa2e+qe5/7mj/EfiOmXZCh8OVZLJ4d3C4eiLs69d1c5CX9XVWGuFy1MVPxRBAdBl+525o3LgOl9+02mlw4sYTuwKJ8Ktv1ESQ8wLJc98HJBpI6LCrRxH8B1F1IIekz+RYryrho9KFY1BHFQOpDSsXSLSPZ8kBQXuOW3ZYSVQhUYcz0faLA==',
  'body' => '2e83a534-a5c2-461a-8cf2-18370cb284e4',
  'buyer_id' => '2088802579700895',
  'invoice_amount' => '20.00',
  'notify_id' => '77168a686a9955531918367f52581cdmwo',
  'fund_bill_list' => '[{"amount":"20.00","fundChannel":"ALIPAYACCOUNT"}]',
  'notify_type' => 'trade_status_sync',
  'trade_status' => 'TRADE_SUCCESS',
  'receipt_amount' => '20.00',
  'app_id' => '2017021605702899',
  'buyer_pay_amount' => '20.00',
  'sign_type' => 'RSA2',
  'seller_id' => '2088221931936835',
  'gmt_payment' => '2017-11-02 17:59:03',
  'notify_time' => '2017-11-02 17:59:03',
  'version' => '1.0',
  'out_trade_no' => 'd95a3c2934de4bbc9f7650a5c235761c',
  'total_amount' => '20.00',
  'trade_no' => '2017110221001004895254302454',
  'auth_app_id' => '2017021605702899',
  'buyer_logon_id' => '137****0907',
  'point_amount' => '0.00',
)
