[2017-11-02 18:00:16][58.251.80.49][INFO]微信支付 成功:回调信息是:array (
  'appid' => 'wxcb8a76fe730b5964',
  'attach' => 'b6ba77f0-73f5-45ca-b190-0d0808a61cac',
  'bank_type' => 'ABC_DEBIT',
  'cash_fee' => '500',
  'fee_type' => 'CNY',
  'is_subscribe' => 'N',
  'mch_id' => '1352470102',
  'nonce_str' => 'jxrmpv4ftnvz9oea44l5gqdg7i0n3w8x',
  'openid' => 'oFqowwBGZ0Ny-P-HxrlHDbGK2ycc',
  'out_trade_no' => 'f62447fa8d8c45649e2d1fd89bd76451',
  'result_code' => 'SUCCESS',
  'return_code' => 'SUCCESS',
  'sign' => '0D13F9CD690DA2A91D945A59C6AFBC54',
  'time_end' => '20171102180016',
  'total_fee' => '500',
  'trade_type' => 'NATIVE',
  'transaction_id' => '4200000020201711021980696204',
)
[2017-11-02 18:01:09][203.209.234.55][INFO]支付宝支付 :回调信息是:array (
  'gmt_create' => '2017-11-02 18:01:08',
  'charset' => 'utf-8',
  'seller_email' => 'qiyue@pp158.com',
  'notify_time' => '2017-11-02 18:01:09',
  'subject' => 'pp游戏账单支付',
  'sign' => 'K8jf00QlZa8jfqVkPoZQD9fyA3K+OnZptPdUcmD7sfAzo47Y0PI3uB7TGOmQocQxpCzVbbNiRAHW5R2BekvSu8my3nzE8TTReYUTe8WwRqeW7wwDnQiWqdEzkw5D/VNj70qDYY3kVpoyRQ7Qub92a9MiXq6h13f8fza/2UYuyCVbU5SuLDdMII/G4jyYq1LyRLCHAhff73ywRsBewZPI1yIoh5alFAPRzTEdT0Ujdwj/sP8kYj/Spj0vl+Nhh/7E7+zcL/vz6sJb0gX3Vx4ilueMTvjgWbJe0+BMCvH0wRo9NBaNX9TzcIsEa25N95kR805EI+luydjlw79ZItOFsw==',
  'body' => '2e83a534-a5c2-461a-8cf2-18370cb284e4',
  'buyer_id' => '2088802579700895',
  'version' => '1.0',
  'notify_id' => '8ff7d12a8c2a54ae62fd86f429a4293mwo',
  'notify_type' => 'trade_status_sync',
  'out_trade_no' => '9ab5d61346fe418fb572cbea7f795de3',
  'total_amount' => '20.00',
  'trade_status' => 'WAIT_BUYER_PAY',
  'trade_no' => '2017110221001004895253700356',
  'auth_app_id' => '2017021605702899',
  'buyer_logon_id' => '137****0907',
  'app_id' => '2017021605702899',
  'sign_type' => 'RSA2',
  'seller_id' => '2088221931936835',
)
[2017-11-02 18:01:15][203.209.234.70][INFO]支付宝支付 成功:回调信息是:array (
  'gmt_create' => '2017-11-02 18:01:08',
  'charset' => 'utf-8',
  'seller_email' => 'qiyue@pp158.com',
  'subject' => 'pp游戏账单支付',
  'sign' => 'OBGNbuF40GzGtxbFWf+aeWdoxpS2p4iyncA4juvQKXC2g7KXAoVKlZ3fluBORE0o6SZttRMwm3L08JriOT2pE9mrqNBby/aWKMyoW+w26aMHkXxSc29+UKIh7e/JjewFl8xkM1I6H+Bm68D1AKMQ+TLFKK3tC+ZwxtkxjcG4xVO0t0x9dP5DZdPCZtU/HzpanD5pFhBdt7Qo3G3UQkxRjKo6mdSKVpw2B3aYiPBzjL5XoFGrwC4VpKK2Pi+P7Lo9pdyN5y/Wab36iVqkQJ5wFvB2z19iYmwoKOfEF+kudVyvmGz1IKxN3M4csPJ24xvokW6/SQlRziDfoL7lGpZHgQ==',
  'body' => '2e83a534-a5c2-461a-8cf2-18370cb284e4',
  'buyer_id' => '2088802579700895',
  'invoice_amount' => '20.00',
  'notify_id' => 'f2d49c6ca8d02f76f74663402aaf111mwo',
  'fund_bill_list' => '[{"amount":"20.00","fundChannel":"ALIPAYACCOUNT"}]',
  'notify_type' => 'trade_status_sync',
  'trade_status' => 'TRADE_SUCCESS',
  'receipt_amount' => '20.00',
  'app_id' => '2017021605702899',
  'buyer_pay_amount' => '20.00',
  'sign_type' => 'RSA2',
  'seller_id' => '2088221931936835',
  'gmt_payment' => '2017-11-02 18:01:15',
  'notify_time' => '2017-11-02 18:01:15',
  'version' => '1.0',
  'out_trade_no' => '9ab5d61346fe418fb572cbea7f795de3',
  'total_amount' => '20.00',
  'trade_no' => '2017110221001004895253700356',
  'auth_app_id' => '2017021605702899',
  'buyer_logon_id' => '137****0907',
  'point_amount' => '0.00',
)
[2017-11-02 18:01:27][140.207.54.76][INFO]微信支付 成功:回调信息是:array (
  'appid' => 'wxcb8a76fe730b5964',
  'attach' => '10003e93-64cc-4168-8782-3e2275ca32de',
  'bank_type' => 'CFT',
  'cash_fee' => '500',
  'fee_type' => 'CNY',
  'is_subscribe' => 'Y',
  'mch_id' => '1352470102',
  'nonce_str' => 'lx0tcxgr44j2slwfxoacv9epfrih0jr3',
  'openid' => 'oFqowwJKSeurfbvbNYdZiCfEyUOk',
  'out_trade_no' => '21291687726b406d9e542dd4e96feeda',
  'result_code' => 'SUCCESS',
  'return_code' => 'SUCCESS',
  'sign' => '718A09C8CA2180002006856E010E8215',
  'time_end' => '20171102180127',
  'total_fee' => '500',
  'trade_type' => 'NATIVE',
  'transaction_id' => '4200000020201711021978853095',
)
[2017-11-02 18:01:53][140.207.54.74][INFO]微信支付 成功:回调信息是:array (
  'appid' => 'wxcb8a76fe730b5964',
  'attach' => 'ca99ce06-6ede-41e9-8806-a7aaec9bd8ea',
  'bank_type' => 'CFT',
  'cash_fee' => '2000',
  'fee_type' => 'CNY',
  'is_subscribe' => 'N',
  'mch_id' => '1352470102',
  'nonce_str' => 'q6aqnhoc2ddb4eaph0wmwiugixh24d7i',
  'openid' => 'oFqowwGkfHQ52QPUUR4yyYCsvJyU',
  'out_trade_no' => 'ff3435aa98be48238d6a8ca4932a88f5',
  'result_code' => 'SUCCESS',
  'return_code' => 'SUCCESS',
  'sign' => 'E8D1AF7747AC8134AA287BFC1ED51DF1',
  'time_end' => '20171102180153',
  'total_fee' => '2000',
  'trade_type' => 'NATIVE',
  'transaction_id' => '4200000028201711021976195874',
)
[2017-11-02 18:01:56][140.207.54.76][INFO]微信支付 成功:回调信息是:array (
  'appid' => 'wxcb8a76fe730b5964',
  'attach' => 'b59692e8-6663-43c4-b86b-e04ad36ec73d',
  'bank_type' => 'CFT',
  'cash_fee' => '500',
  'fee_type' => 'CNY',
  'is_subscribe' => 'Y',
  'mch_id' => '1352470102',
  'nonce_str' => 'oc6l6wzzfqljljyc5w3sqph6k2rq99ur',
  'openid' => 'oFqowwAtwaSAzZx-0bKEyzFtsoH8',
  'out_trade_no' => '1d7a0fe65f6c477a8adb6bb328d14fa7',
  'result_code' => 'SUCCESS',
  'return_code' => 'SUCCESS',
  'sign' => '2B9363B05048DB125C4FD6B370F68BE7',
  'time_end' => '20171102180156',
  'total_fee' => '500',
  'trade_type' => 'NATIVE',
  'transaction_id' => '4200000002201711021978851799',
)
[2017-11-02 18:01:57][58.251.80.44][INFO]微信支付 成功:回调信息是:array (
  'appid' => 'wxcb8a76fe730b5964',
  'attach' => '297ff099-c33f-4494-a9a9-42db0bb45af9',
  'bank_type' => 'CFT',
  'cash_fee' => '500',
  'fee_type' => 'CNY',
  'is_subscribe' => 'Y',
  'mch_id' => '1352470102',
  'nonce_str' => 'lb11std2ku7df7ierj8rk63wqfclq3rr',
  'openid' => 'oFqowwDeP9IqKOE8Z-LwjCDynnpk',
  'out_trade_no' => '52205ce1ebbb464aa26dbaa390f582fb',
  'result_code' => 'SUCCESS',
  'return_code' => 'SUCCESS',
  'sign' => '6E8CF2FB79B08AC2A2E6CB9E672FACF9',
  'time_end' => '20171102180156',
  'total_fee' => '500',
  'trade_type' => 'NATIVE',
  'transaction_id' => '4200000001201711021980700114',
)
[2017-11-02 18:02:07][203.209.234.42][INFO]支付宝支付 :回调信息是:array (
  'gmt_create' => '2017-11-02 18:02:06',
  'charset' => 'utf-8',
  'seller_email' => 'qiyue@pp158.com',
  'notify_time' => '2017-11-02 18:02:07',
  'subject' => 'pp游戏账单支付',
  'sign' => 'LMN0GEY+mQlrnyVOR4uIzSyq+3L1sXrCI1dKd/R0xj5hxsX7Tus+LCFu+SAFKQS4VqUGD3suezjDTTyObIOLUdeJoGOM3GcoIPNqn0qrQ3qktyD07DfDwCb8Ke4M6gwUK3rQuZgMwYsJ2JzoHw6ew75Ig5r/buNYqs7Cjg5pxFZsyYwMQHa2b69mQz4QO9JhOrnlsDAIBQUG6SksIo+32HNfCUhX2GZR4SFzTZ0r+H8KTM0rQz+wVHhZmGwclfsgiWLwzFCVnAvNZdeK7XBO8wddiXOoNbax7Y1FEnuI9UvprIRkyG2QB5+bAYn07yafpV2kLrSkR7bUplIn25o+Ww==',
  'body' => '2e83a534-a5c2-461a-8cf2-18370cb284e4',
  'buyer_id' => '2088802579700895',
  'version' => '1.0',
  'notify_id' => 'f2e8ea5f6e11ba8fbfa6add3a65f4ebmwo',
  'notify_type' => 'trade_status_sync',
  'out_trade_no' => '31f7c212d03f4e5fb0ef9babd31d2dda',
  'total_amount' => '20.00',
  'trade_status' => 'WAIT_BUYER_PAY',
  'trade_no' => '2017110221001004895238615003',
  'auth_app_id' => '2017021605702899',
  'buyer_logon_id' => '137****0907',
  'app_id' => '2017021605702899',
  'sign_type' => 'RSA2',
  'seller_id' => '2088221931936835',
)
[2017-11-02 18:02:10][140.207.54.74][INFO]微信支付 成功:回调信息是:array (
  'appid' => 'wxcb8a76fe730b5964',
  'attach' => '90ff1fd9-0b15-462f-a65c-49e9a72fdb0b',
  'bank_type' => 'CFT',
  'cash_fee' => '5000',
  'fee_type' => 'CNY',
  'is_subscribe' => 'Y',
  'mch_id' => '1352470102',
  'nonce_str' => 'qpny2pggbf1g3fls8rg7r8dxjw8rdpoo',
  'openid' => 'oFqowwJc7JZxQp_A5bb44Tt4_61c',
  'out_trade_no' => '8cf56e55969b48dbbd5cf72bed6f3a90',
  'result_code' => 'SUCCESS',
  'return_code' => 'SUCCESS',
  'sign' => '5EA246C19D48C656FB9D06F32991848A',
  'time_end' => '20171102180209',
  'total_fee' => '5000',
  'trade_type' => 'NATIVE',
  'transaction_id' => '4200000012201711021976182586',
)
[2017-11-02 18:02:13][203.209.234.123][INFO]支付宝支付 成功:回调信息是:array (
  'gmt_create' => '2017-11-02 18:02:06',
  'charset' => 'utf-8',
  'seller_email' => 'qiyue@pp158.com',
  'subject' => 'pp游戏账单支付',
  'sign' => 'E03kRQlV0db/+ex8kxwQhYi86rqKMAbLuniG/bhCg9H1VjqIKFk5qqnFN1q7QopM+YXhd25Puf/f2aHkRMfDWgnrOcjkBos1THBM97IHFYkpUGTLuaS3ItA0rdhIW+RvnxpVc0tv8KFZp5W0fCjl0ZvrFkI9rVuH/Bd648iWyXnJYvH/u2k2qzexp+JVSruQaFhInEQP9p2kjo6RQnqGo2xgEVU8lezkBjAC4dBVYfPh20PJcBXAaEfB863g9A89p2gk0DIIPPWZ9fNX9lqNgB2Qyk+UK/EXjHFXHpVF+/avZChljjkpPsZo8NWTbBZFsr+jRGgrbSUDLWhvO9uiOA==',
  'body' => '2e83a534-a5c2-461a-8cf2-18370cb284e4',
  'buyer_id' => '2088802579700895',
  'invoice_amount' => '20.00',
  'notify_id' => '0680d04d9eb6a612ee56b32491dccaamwo',
  'fund_bill_list' => '[{"amount":"20.00","fundChannel":"ALIPAYACCOUNT"}]',
  'notify_type' => 'trade_status_sync',
  'trade_status' => 'TRADE_SUCCESS',
  'receipt_amount' => '20.00',
  'app_id' => '2017021605702899',
  'buyer_pay_amount' => '20.00',
  'sign_type' => 'RSA2',
  'seller_id' => '2088221931936835',
  'gmt_payment' => '2017-11-02 18:02:13',
  'notify_time' => '2017-11-02 18:02:13',
  'version' => '1.0',
  'out_trade_no' => '31f7c212d03f4e5fb0ef9babd31d2dda',
  'total_amount' => '20.00',
  'trade_no' => '2017110221001004895238615003',
  'auth_app_id' => '2017021605702899',
  'buyer_logon_id' => '137****0907',
  'point_amount' => '0.00',
)
[2017-11-02 18:02:23][58.251.80.56][INFO]微信支付 成功:回调信息是:array (
  'appid' => 'wxcb8a76fe730b5964',
  'attach' => 'f29f55fe-4c86-4c86-b91e-2eda7db71cb7',
  'bank_type' => 'CFT',
  'cash_fee' => '1800',
  'fee_type' => 'CNY',
  'is_subscribe' => 'Y',
  'mch_id' => '1352470102',
  'nonce_str' => 'p25bgo5otiz3q2wwgi9kegww5sblpn3v',
  'openid' => 'oFqowwPI9lVPX0629w-tYU1H6kvQ',
  'out_trade_no' => '2629a5f8aeed4a86a252df8476c4e64f',
  'result_code' => 'SUCCESS',
  'return_code' => 'SUCCESS',
  'sign' => '0607B1AC0059DCCA3EB7AACDC6232804',
  'time_end' => '20171102180222',
  'total_fee' => '1800',
  'trade_type' => 'JSAPI',
  'transaction_id' => '4200000030201711021977601098',
)
[2017-11-02 18:03:24][203.209.234.26][INFO]支付宝支付 :回调信息是:array (
  'gmt_create' => '2017-11-02 18:03:24',
  'charset' => 'utf-8',
  'seller_email' => 'qiyue@pp158.com',
  'notify_time' => '2017-11-02 18:03:24',
  'subject' => 'pp游戏账单支付',
  'sign' => 'XG2n2bsWV48Bt8ITvEbmoglj4uqXg2pXYuxf2zL04xPEjhuwr4fAA6GT+6bnO9IVW/Zuqs8uceDigbCbkToDeZ9lctSdLZ5idHmShq5/6/WuC38HknIHAS4SaY4DLe1j38eWZ/01xQK46xYz4tF6VInjgpvjVu7zFAT4GGbirNc8F3mgCMHDp1+d0DTHHWZTlI5OtrHtP/+oxaKFOuj276A3tFI6xE30YYyg3pM+UYSkOfYjS4M81IR9RIUGguy+pvYW4TwNdeyhggMOqfbK6JVOnpeF31ZAxW6b+hGPob5dCqaFkvSj4/tfOeCVrwrlLjVJaIXVJ2OJcZnWnHhe5w==',
  'body' => '2e83a534-a5c2-461a-8cf2-18370cb284e4',
  'buyer_id' => '2088802579700895',
  'version' => '1.0',
  'notify_id' => '63e184662855bac2cf4ddc28d311dc7mwo',
  'notify_type' => 'trade_status_sync',
  'out_trade_no' => 'f6ce1b93760d40f79b690b134ebe747e',
  'total_amount' => '20.00',
  'trade_status' => 'WAIT_BUYER_PAY',
  'trade_no' => '2017110221001004895235786744',
  'auth_app_id' => '2017021605702899',
  'buyer_logon_id' => '137****0907',
  'app_id' => '2017021605702899',
  'sign_type' => 'RSA2',
  'seller_id' => '2088221931936835',
)
[2017-11-02 18:03:30][203.209.234.55][INFO]支付宝支付 成功:回调信息是:array (
  'gmt_create' => '2017-11-02 18:03:24',
  'charset' => 'utf-8',
  'seller_email' => 'qiyue@pp158.com',
  'subject' => 'pp游戏账单支付',
  'sign' => 'WD5mxrkba1ctUZyzj0t6+yAgX/g7b0jvhg3YSFLYpCx1qI4X+69jxEj17QQXsEFrpJAGRPazoVRpoeKAExJPc/1FSjosXeD3+DtXOcpFvQmvwOMzKssWb79cqgvW6vA05nNFwakkHQuSSoDK3/9f1ZjA40oQxAwesGpY3tBs8LTxJ+5o1HW+usI0axLCd9eBWYf2ayBvbnSL5xIGVm7WQUdRLC4kGIXEVl9lDTkBOUmM1JF0lHCdOZ5f1ScysoMGFcnSwz9BJcV9HP31HyF5U7dx8ae3Th/SUDsxiHyClnSndEvqDhCbFRwuumJqMmxWxJk9u64qwUvVF+DBw/B0/g==',
  'body' => '2e83a534-a5c2-461a-8cf2-18370cb284e4',
  'buyer_id' => '2088802579700895',
  'invoice_amount' => '20.00',
  'notify_id' => '40f585a8a7114c6508d6b42a600b842mwo',
  'fund_bill_list' => '[{"amount":"20.00","fundChannel":"ALIPAYACCOUNT"}]',
  'notify_type' => 'trade_status_sync',
  'trade_status' => 'TRADE_SUCCESS',
  'receipt_amount' => '20.00',
  'app_id' => '2017021605702899',
  'buyer_pay_amount' => '20.00',
  'sign_type' => 'RSA2',
  'seller_id' => '2088221931936835',
  'gmt_payment' => '2017-11-02 18:03:30',
  'notify_time' => '2017-11-02 18:03:30',
  'version' => '1.0',
  'out_trade_no' => 'f6ce1b93760d40f79b690b134ebe747e',
  'total_amount' => '20.00',
  'trade_no' => '2017110221001004895235786744',
  'auth_app_id' => '2017021605702899',
  'buyer_logon_id' => '137****0907',
  'point_amount' => '0.00',
)
[2017-11-02 18:04:07][58.251.80.49][INFO]微信支付 成功:回调信息是:array (
  'appid' => 'wxcb8a76fe730b5964',
  'attach' => 'ae066e53-1142-42b1-b8f8-a60e1335c3c1',
  'bank_type' => 'ICBC_DEBIT',
  'cash_fee' => '5000',
  'fee_type' => 'CNY',
  'is_subscribe' => 'Y',
  'mch_id' => '1352470102',
  'nonce_str' => 'vd1ygfm7qacuvrl2mdifj0dvxpqlv0qt',
  'openid' => 'oFqowwLtTshEEeYnJiJMd-NtvDZE',
  'out_trade_no' => '90feb678dabb46a09afbf1068a27efcc',
  'result_code' => 'SUCCESS',
  'return_code' => 'SUCCESS',
  'sign' => 'DBE8D619E878BA4A46453D15A5D99F73',
  'time_end' => '20171102180406',
  'total_fee' => '5000',
  'trade_type' => 'NATIVE',
  'transaction_id' => '4200000005201711021977737405',
)
[2017-11-02 18:04:49][140.207.54.74][INFO]微信支付 成功:回调信息是:array (
  'appid' => 'wxcb8a76fe730b5964',
  'attach' => 'c4406b3d-735d-400d-86a0-39612c7f5149',
  'bank_type' => 'CFT',
  'cash_fee' => '5000',
  'fee_type' => 'CNY',
  'is_subscribe' => 'N',
  'mch_id' => '1352470102',
  'nonce_str' => '7h6kog4mfz5tmtmgedmdulfbfwrjbs5h',
  'openid' => 'oFqowwBonwG__AZOOg-W7PO0FFH4',
  'out_trade_no' => '3bc3c2205ba64f8fad7537315ba543ed',
  'result_code' => 'SUCCESS',
  'return_code' => 'SUCCESS',
  'sign' => 'D12F5BEC1F07F402C88643AFC7C98388',
  'time_end' => '20171102180449',
  'total_fee' => '5000',
  'trade_type' => 'NATIVE',
  'transaction_id' => '4200000022201711021977783425',
)
[2017-11-02 18:09:51][58.251.80.61][INFO]微信支付 成功:回调信息是:array (
  'appid' => 'wxcb8a76fe730b5964',
  'attach' => 'b6ba77f0-73f5-45ca-b190-0d0808a61cac',
  'bank_type' => 'ABC_DEBIT',
  'cash_fee' => '600',
  'fee_type' => 'CNY',
  'is_subscribe' => 'N',
  'mch_id' => '1352470102',
  'nonce_str' => 'kdu8hf7p52zca8vtrf7emwko0qerub1t',
  'openid' => 'oFqowwBGZ0Ny-P-HxrlHDbGK2ycc',
  'out_trade_no' => 'f4e55f357acf4a40912948ec5639fc80',
  'result_code' => 'SUCCESS',
  'return_code' => 'SUCCESS',
  'sign' => '8CD88B5CF49EA5BD5583518539B883FA',
  'time_end' => '20171102180950',
  'total_fee' => '600',
  'trade_type' => 'JSAPI',
  'transaction_id' => '4200000008201711021981207943',
)
[2017-11-02 18:10:10][58.251.80.53][INFO]微信支付 成功:回调信息是:array (
  'appid' => 'wxcb8a76fe730b5964',
  'attach' => 'db56da2d-b441-4c8e-ac63-873733a9eb04',
  'bank_type' => 'CFT',
  'cash_fee' => '2000',
  'fee_type' => 'CNY',
  'is_subscribe' => 'Y',
  'mch_id' => '1352470102',
  'nonce_str' => 'z4jxxyb65ip9eqvuj3alvvqproy1w59v',
  'openid' => 'oFqowwMxs87EnRlm7C1E416YAug8',
  'out_trade_no' => '468497f42d6940efaedc2decb19ebd03',
  'result_code' => 'SUCCESS',
  'return_code' => 'SUCCESS',
  'sign' => 'D284718FAC32CAD9F2BC4A47A33445B0',
  'time_end' => '20171102181009',
  'total_fee' => '2000',
  'trade_type' => 'NATIVE',
  'transaction_id' => '4200000005201711021982742223',
)
[2017-11-02 18:10:44][140.207.54.75][INFO]微信支付 成功:回调信息是:array (
  'appid' => 'wxcb8a76fe730b5964',
  'attach' => 'b86f7737-755d-480b-9532-6c73df956748',
  'bank_type' => 'CFT',
  'cash_fee' => '2000',
  'fee_type' => 'CNY',
  'is_subscribe' => 'Y',
  'mch_id' => '1352470102',
  'nonce_str' => 'x70uc8no2jd90aoa9zeerljw78doripo',
  'openid' => 'oFqowwDVUMBRokNUKdXKSZi3g3jQ',
  'out_trade_no' => '1dd6ac008b6b4386a10e37e98a2de06d',
  'result_code' => 'SUCCESS',
  'return_code' => 'SUCCESS',
  'sign' => 'D2E183AEE4F1581B27285784FED439A4',
  'time_end' => '20171102181043',
  'total_fee' => '2000',
  'trade_type' => 'NATIVE',
  'transaction_id' => '4200000005201711021978212234',
)
[2017-11-02 18:11:11][140.207.54.76][INFO]微信支付 成功:回调信息是:array (
  'appid' => 'wxcb8a76fe730b5964',
  'attach' => '63f62aeb-d521-4da5-bf77-1fa0d7407f10',
  'bank_type' => 'CCB_DEBIT',
  'cash_fee' => '600',
  'fee_type' => 'CNY',
  'is_subscribe' => 'N',
  'mch_id' => '1352470102',
  'nonce_str' => 'xafjjxxpr1w1kep8s3irmsjvglxeckx0',
  'openid' => 'oFqowwNgpVzCAIgBmkYPrT17yJcs',
  'out_trade_no' => '7073f0c986e844f2938a5df5303221f3',
  'result_code' => 'SUCCESS',
  'return_code' => 'SUCCESS',
  'sign' => '0D44D160F202B9F9E971734DBA9B5578',
  'time_end' => '20171102181111',
  'total_fee' => '600',
  'trade_type' => 'JSAPI',
  'transaction_id' => '4200000028201711021978214928',
)
[2017-11-02 18:11:29][58.251.80.56][INFO]微信支付 成功:回调信息是:array (
  'appid' => 'wxcb8a76fe730b5964',
  'attach' => 'e6c16201-1a6f-4434-a654-2ce99ec93719',
  'bank_type' => 'CFT',
  'cash_fee' => '5000',
  'fee_type' => 'CNY',
  'is_subscribe' => 'Y',
  'mch_id' => '1352470102',
  'nonce_str' => '2131i3f4hx2vk5bcvslo6pb0oi0frxxt',
  'openid' => 'oFqowwJc7JZxQp_A5bb44Tt4_61c',
  'out_trade_no' => 'f5d1146a066f4518ae66805efd714ba5',
  'result_code' => 'SUCCESS',
  'return_code' => 'SUCCESS',
  'sign' => 'D68C7BCA10CA29A35D7C5405B404A396',
  'time_end' => '20171102181128',
  'total_fee' => '5000',
  'trade_type' => 'NATIVE',
  'transaction_id' => '4200000029201711021979443515',
)
[2017-11-02 18:13:07][58.251.80.56][INFO]微信支付 成功:回调信息是:array (
  'appid' => 'wxcb8a76fe730b5964',
  'attach' => 'c4406b3d-735d-400d-86a0-39612c7f5149',
  'bank_type' => 'CFT',
  'cash_fee' => '10000',
  'fee_type' => 'CNY',
  'is_subscribe' => 'N',
  'mch_id' => '1352470102',
  'nonce_str' => 'ryoj9sjnzmp7vwypg7ho75h8ek9keftk',
  'openid' => 'oFqowwBonwG__AZOOg-W7PO0FFH4',
  'out_trade_no' => 'b9fc2638b9f04c43b8ad3cd5ea3687ed',
  'result_code' => 'SUCCESS',
  'return_code' => 'SUCCESS',
  'sign' => 'F7F15D063AD93E6C813CCF7D81F965F4',
  'time_end' => '20171102181306',
  'total_fee' => '10000',
  'trade_type' => 'NATIVE',
  'transaction_id' => '4200000019201711021982942409',
)
[2017-11-02 18:15:30][58.251.80.55][INFO]微信支付 成功:回调信息是:array (
  'appid' => 'wxcb8a76fe730b5964',
  'attach' => 'b59692e8-6663-43c4-b86b-e04ad36ec73d',
  'bank_type' => 'CFT',
  'cash_fee' => '500',
  'fee_type' => 'CNY',
  'is_subscribe' => 'Y',
  'mch_id' => '1352470102',
  'nonce_str' => 'gbx8oklc0iw40qup6j3inpuv34f9b5um',
  'openid' => 'oFqowwAtwaSAzZx-0bKEyzFtsoH8',
  'out_trade_no' => '60af2a32a3a14235b5ac1fcca60e0093',
  'result_code' => 'SUCCESS',
  'return_code' => 'SUCCESS',
  'sign' => '28F2A690F5015E16765C0CDE0018B5D3',
  'time_end' => '20171102181529',
  'total_fee' => '500',
  'trade_type' => 'NATIVE',
  'transaction_id' => '4200000023201711021979696563',
)
[2017-11-02 18:17:20][58.251.80.56][INFO]微信支付 成功:回调信息是:array (
  'appid' => 'wxcb8a76fe730b5964',
  'attach' => '6cdf5bbc-5b9c-47e7-9e51-3faf3ba43537',
  'bank_type' => 'CFT',
  'cash_fee' => '2000',
  'fee_type' => 'CNY',
  'is_subscribe' => 'Y',
  'mch_id' => '1352470102',
  'nonce_str' => '366skee9zh621ff5b0e4hbwnmyvjikc5',
  'openid' => 'oFqowwFiDokoak2qlYq1bTfZMWII',
  'out_trade_no' => '96739ee4428f4d70b124d50e181d9b4f',
  'result_code' => 'SUCCESS',
  'return_code' => 'SUCCESS',
  'sign' => '08BCCED11BF49FDDE4B1734F287BBC78',
  'time_end' => '20171102181720',
  'total_fee' => '2000',
  'trade_type' => 'NATIVE',
  'transaction_id' => '4200000010201711021981709859',
)
[2017-11-02 18:18:18][58.251.80.56][INFO]微信支付 成功:回调信息是:array (
  'appid' => 'wxcb8a76fe730b5964',
  'attach' => '6cdf5bbc-5b9c-47e7-9e51-3faf3ba43537',
  'bank_type' => 'CFT',
  'cash_fee' => '2000',
  'fee_type' => 'CNY',
  'is_subscribe' => 'Y',
  'mch_id' => '1352470102',
  'nonce_str' => 'a0wyszilj024v92ftwqmgg5q6fjtn1as',
  'openid' => 'oFqowwFiDokoak2qlYq1bTfZMWII',
  'out_trade_no' => '65646a56f1da46279c75ac172e8aee1c',
  'result_code' => 'SUCCESS',
  'return_code' => 'SUCCESS',
  'sign' => '77256EA9EBCABA56BED6226B1092113B',
  'time_end' => '20171102181817',
  'total_fee' => '2000',
  'trade_type' => 'NATIVE',
  'transaction_id' => '4200000028201711021979850184',
)
[2017-11-02 18:19:00][140.207.54.75][INFO]微信支付 成功:回调信息是:array (
  'appid' => 'wxcb8a76fe730b5964',
  'attach' => '6cdf5bbc-5b9c-47e7-9e51-3faf3ba43537',
  'bank_type' => 'CFT',
  'cash_fee' => '2000',
  'fee_type' => 'CNY',
  'is_subscribe' => 'Y',
  'mch_id' => '1352470102',
  'nonce_str' => 'nc97awyti267x900ko2wducweq2bk28c',
  'openid' => 'oFqowwFiDokoak2qlYq1bTfZMWII',
  'out_trade_no' => '94679401f6484d6d912be151f564954d',
  'result_code' => 'SUCCESS',
  'return_code' => 'SUCCESS',
  'sign' => '36474DABD4712A32781CD033DA2D360F',
  'time_end' => '20171102181900',
  'total_fee' => '2000',
  'trade_type' => 'NATIVE',
  'transaction_id' => '4200000022201711021981818501',
)
[2017-11-02 18:19:00][58.251.80.60][INFO]微信支付 成功:回调信息是:array (
  'appid' => 'wxcb8a76fe730b5964',
  'attach' => '68305542-bdcd-4a36-975c-d6785be30449',
  'bank_type' => 'ICBC_DEBIT',
  'cash_fee' => '500',
  'fee_type' => 'CNY',
  'is_subscribe' => 'Y',
  'mch_id' => '1352470102',
  'nonce_str' => '1n9i4n9gsvyctsw2vpb2ecvz70cy8f5a',
  'openid' => 'oFqowwMFSbjK0OW7-4ZJg1Quc8x0',
  'out_trade_no' => 'a8ed36888af24c0f8befa54eff53c18e',
  'result_code' => 'SUCCESS',
  'return_code' => 'SUCCESS',
  'sign' => 'D94C3FED9B7BE5EC12BF8C4877390F8A',
  'time_end' => '20171102181859',
  'total_fee' => '500',
  'trade_type' => 'NATIVE',
  'transaction_id' => '4200000018201711021983280734',
)
[2017-11-02 18:19:55][140.207.54.76][INFO]微信支付 成功:回调信息是:array (
  'appid' => 'wxcb8a76fe730b5964',
  'attach' => '10003e93-64cc-4168-8782-3e2275ca32de',
  'bank_type' => 'CFT',
  'cash_fee' => '2000',
  'fee_type' => 'CNY',
  'is_subscribe' => 'Y',
  'mch_id' => '1352470102',
  'nonce_str' => 'pyju7kw4qdi5dnsbrhxwtl4mwsuew2uk',
  'openid' => 'oFqowwJKSeurfbvbNYdZiCfEyUOk',
  'out_trade_no' => 'e0c5ceecf56b48aeb47c0d0fe2e68878',
  'result_code' => 'SUCCESS',
  'return_code' => 'SUCCESS',
  'sign' => '011126809554222F9BAE61ABA82205A4',
  'time_end' => '20171102181955',
  'total_fee' => '2000',
  'trade_type' => 'NATIVE',
  'transaction_id' => '4200000010201711021983376887',
)
[2017-11-02 18:20:40][140.207.54.76][INFO]微信支付 成功:回调信息是:array (
  'appid' => 'wxcb8a76fe730b5964',
  'attach' => 'f6390cea-d717-453a-8d4f-cfb836a68871',
  'bank_type' => 'CFT',
  'cash_fee' => '600',
  'fee_type' => 'CNY',
  'is_subscribe' => 'N',
  'mch_id' => '1352470102',
  'nonce_str' => 'kih40rl59fwaeoeh46jynhlzxlnuxzdz',
  'openid' => 'oFqowwJArG8Ow4h4hJsbRE1l2Yb8',
  'out_trade_no' => '173360c9da3747bfb67e4963b5c3786e',
  'result_code' => 'SUCCESS',
  'return_code' => 'SUCCESS',
  'sign' => 'ABFC10D3EA613C376E42316A11BFCC70',
  'time_end' => '20171102182040',
  'total_fee' => '600',
  'trade_type' => 'JSAPI',
  'transaction_id' => '4200000023201711021981898553',
)
[2017-11-02 18:20:47][58.251.80.56][INFO]微信支付 成功:回调信息是:array (
  'appid' => 'wxcb8a76fe730b5964',
  'attach' => '6cdf5bbc-5b9c-47e7-9e51-3faf3ba43537',
  'bank_type' => 'CFT',
  'cash_fee' => '2000',
  'fee_type' => 'CNY',
  'is_subscribe' => 'Y',
  'mch_id' => '1352470102',
  'nonce_str' => 'ldho21qqweh3kco5scecwqntc0ty83b5',
  'openid' => 'oFqowwFiDokoak2qlYq1bTfZMWII',
  'out_trade_no' => '77b2cce54f8b4a31b5454642ccb83527',
  'result_code' => 'SUCCESS',
  'return_code' => 'SUCCESS',
  'sign' => 'C3453176753E403310017D371E01C38A',
  'time_end' => '20171102182046',
  'total_fee' => '2000',
  'trade_type' => 'NATIVE',
  'transaction_id' => '4200000006201711021981898189',
)
[2017-11-02 18:21:43][58.251.80.44][INFO]微信支付 成功:回调信息是:array (
  'appid' => 'wxcb8a76fe730b5964',
  'attach' => '68305542-bdcd-4a36-975c-d6785be30449',
  'bank_type' => 'ICBC_DEBIT',
  'cash_fee' => '500',
  'fee_type' => 'CNY',
  'is_subscribe' => 'Y',
  'mch_id' => '1352470102',
  'nonce_str' => 'ogp3askvcru1981i7gjz5ijwcpj6w1g2',
  'openid' => 'oFqowwMFSbjK0OW7-4ZJg1Quc8x0',
  'out_trade_no' => '00fa8db1375a486cb78d01a11d220054',
  'result_code' => 'SUCCESS',
  'return_code' => 'SUCCESS',
  'sign' => '384D9B551F384D19F09EF6E5EF66D519',
  'time_end' => '20171102182142',
  'total_fee' => '500',
  'trade_type' => 'NATIVE',
  'transaction_id' => '4200000017201711021984899275',
)
[2017-11-02 18:22:18][140.207.54.75][INFO]微信支付 成功:回调信息是:array (
  'appid' => 'wxcb8a76fe730b5964',
  'attach' => '6cdf5bbc-5b9c-47e7-9e51-3faf3ba43537',
  'bank_type' => 'CFT',
  'cash_fee' => '2000',
  'fee_type' => 'CNY',
  'is_subscribe' => 'Y',
  'mch_id' => '1352470102',
  'nonce_str' => 'l3ye5wt5yy8jcndevvd025jnv4fch6l9',
  'openid' => 'oFqowwFiDokoak2qlYq1bTfZMWII',
  'out_trade_no' => '24de11aee8214ddca8f732e690f99927',
  'result_code' => 'SUCCESS',
  'return_code' => 'SUCCESS',
  'sign' => '77A75EF58D6C06D089C321CD969A92A7',
  'time_end' => '20171102182218',
  'total_fee' => '2000',
  'trade_type' => 'NATIVE',
  'transaction_id' => '4200000026201711021982019296',
)
[2017-11-02 18:22:53][58.251.80.44][INFO]微信支付 成功:回调信息是:array (
  'appid' => 'wxcb8a76fe730b5964',
  'attach' => '6cdf5bbc-5b9c-47e7-9e51-3faf3ba43537',
  'bank_type' => 'CFT',
  'cash_fee' => '2000',
  'fee_type' => 'CNY',
  'is_subscribe' => 'Y',
  'mch_id' => '1352470102',
  'nonce_str' => 'g0b3pbxh2i8v7pbb3i6j84ws9kxlbgey',
  'openid' => 'oFqowwFiDokoak2qlYq1bTfZMWII',
  'out_trade_no' => '08506d1efcfe43d48edcb3f9890bdf0b',
  'result_code' => 'SUCCESS',
  'return_code' => 'SUCCESS',
  'sign' => '92F6E63319AA05B5462387A23DB86059',
  'time_end' => '20171102182252',
  'total_fee' => '2000',
  'trade_type' => 'NATIVE',
  'transaction_id' => '4200000021201711021983555514',
)
[2017-11-02 18:24:09][140.207.54.76][INFO]微信支付 成功:回调信息是:array (
  'appid' => 'wxcb8a76fe730b5964',
  'attach' => '6cdf5bbc-5b9c-47e7-9e51-3faf3ba43537',
  'bank_type' => 'CFT',
  'cash_fee' => '2000',
  'fee_type' => 'CNY',
  'is_subscribe' => 'Y',
  'mch_id' => '1352470102',
  'nonce_str' => 'broqh4o9cacnvzzz3tnn6kuib23pttj8',
  'openid' => 'oFqowwFiDokoak2qlYq1bTfZMWII',
  'out_trade_no' => 'b41df0785c7d4e3f8db740471212c90f',
  'result_code' => 'SUCCESS',
  'return_code' => 'SUCCESS',
  'sign' => '320C354A312E229755B0A30301F14D1E',
  'time_end' => '20171102182409',
  'total_fee' => '2000',
  'trade_type' => 'NATIVE',
  'transaction_id' => '4200000027201711021980302406',
)
[2017-11-02 18:25:30][140.207.54.75][INFO]微信支付 成功:回调信息是:array (
  'appid' => 'wxcb8a76fe730b5964',
  'attach' => '8d959498-386e-4b05-a1a8-68f08f2a5af0',
  'bank_type' => 'CFT',
  'cash_fee' => '2000',
  'fee_type' => 'CNY',
  'is_subscribe' => 'N',
  'mch_id' => '1352470102',
  'nonce_str' => 'jm6begx3lsf2nm50jjlo2q1lfzwxyf1i',
  'openid' => 'oFqowwJsIh4UQ0KgifRH7CAzGb-U',
  'out_trade_no' => 'd44c26cf32ea4a99a9c14c441a3e7aa9',
  'result_code' => 'SUCCESS',
  'return_code' => 'SUCCESS',
  'sign' => '2ED9EC75EECD2486575C08C8D78C4E67',
  'time_end' => '20171102182530',
  'total_fee' => '2000',
  'trade_type' => 'NATIVE',
  'transaction_id' => '4200000018201711021982220475',
)
[2017-11-02 18:26:05][140.207.54.74][INFO]微信支付 成功:回调信息是:array (
  'appid' => 'wxcb8a76fe730b5964',
  'attach' => 'b59692e8-6663-43c4-b86b-e04ad36ec73d',
  'bank_type' => 'CFT',
  'cash_fee' => '600',
  'fee_type' => 'CNY',
  'is_subscribe' => 'Y',
  'mch_id' => '1352470102',
  'nonce_str' => '1uxmzewevnlo6jf9xvwkzcx2vnh6edqj',
  'openid' => 'oFqowwAtwaSAzZx-0bKEyzFtsoH8',
  'out_trade_no' => '4afc292a21af471388411b5af704036b',
  'result_code' => 'SUCCESS',
  'return_code' => 'SUCCESS',
  'sign' => '2772E30A750A570D2C5AFB0B2C040C2D',
  'time_end' => '20171102182605',
  'total_fee' => '600',
  'trade_type' => 'JSAPI',
  'transaction_id' => '4200000030201711021983769886',
)
[2017-11-02 18:26:35][58.251.80.56][INFO]微信支付 成功:回调信息是:array (
  'appid' => 'wxcb8a76fe730b5964',
  'attach' => '6cdf5bbc-5b9c-47e7-9e51-3faf3ba43537',
  'bank_type' => 'CFT',
  'cash_fee' => '2000',
  'fee_type' => 'CNY',
  'is_subscribe' => 'Y',
  'mch_id' => '1352470102',
  'nonce_str' => '12zk6ulr60q4fu0v8lsozgr6d2rtafk1',
  'openid' => 'oFqowwFiDokoak2qlYq1bTfZMWII',
  'out_trade_no' => 'c56c5bd007314d6690197ea04c4ad68e',
  'result_code' => 'SUCCESS',
  'return_code' => 'SUCCESS',
  'sign' => 'A2C467086188C620DD184343E9868A9B',
  'time_end' => '20171102182634',
  'total_fee' => '2000',
  'trade_type' => 'NATIVE',
  'transaction_id' => '4200000028201711021983788588',
)
[2017-11-02 18:27:15][58.251.80.53][INFO]微信支付 成功:回调信息是:array (
  'appid' => 'wxcb8a76fe730b5964',
  'attach' => '6cdf5bbc-5b9c-47e7-9e51-3faf3ba43537',
  'bank_type' => 'CFT',
  'cash_fee' => '2000',
  'fee_type' => 'CNY',
  'is_subscribe' => 'Y',
  'mch_id' => '1352470102',
  'nonce_str' => 'bacolf8rvu3iza3gl2crsvdb7l2m40wd',
  'openid' => 'oFqowwFiDokoak2qlYq1bTfZMWII',
  'out_trade_no' => '70bf929f392d4aaab162abd2ac59710c',
  'result_code' => 'SUCCESS',
  'return_code' => 'SUCCESS',
  'sign' => '6C24E2A0EE36A3D15105695813D06E36',
  'time_end' => '20171102182714',
  'total_fee' => '2000',
  'trade_type' => 'NATIVE',
  'transaction_id' => '4200000011201711021985228432',
)
[2017-11-02 18:28:40][110.75.242.68][INFO]支付宝支付 :回调信息是:array (
  'gmt_create' => '2017-11-02 18:28:39',
  'charset' => 'utf-8',
  'seller_email' => 'qiyue@pp158.com',
  'notify_time' => '2017-11-02 18:28:39',
  'subject' => 'pp游戏账单支付',
  'sign' => 'JBL5uowSbUfbMeovxegzfbh6JLRpwcA/FJyOsOIMeWn3TH46XK409C03miczjFg5uGVlCUJM3eSZgQZDJgonD502ptO+Sk6VB+iiofGATHVrlNhpNYHdkMQaW8gvueeyLwbLc5Z21uGbGMreKuDRBp+bmgZw0QHn+sy+okO2bWn+OI+TTdFwjOmiyk8P2uXWC+XDLX44b+1RQs29JYKgJsKWVGoBhTo0mzCZn3vw5BDFARVHRbV9vcqh2lyicF61I288YVt5y9CkxmKlok4EBUFsd3NvGlbm4prAbGO97oaZz6DCX19OkwRsixpdMSIxL25lU3w/7cOnP/76OGBgqQ==',
  'body' => 'aeca80aa-f307-4c62-9aad-f80ac0719054',
  'buyer_id' => '2088202600877204',
  'version' => '1.0',
  'notify_id' => '948955b225b242d3dbbacaea662c4c3hjm',
  'notify_type' => 'trade_status_sync',
  'out_trade_no' => 'dd6c5d1e4bcd47a78578e5f1a0ec81c5',
  'total_amount' => '20.00',
  'trade_status' => 'WAIT_BUYER_PAY',
  'trade_no' => '2017110221001004200223397927',
  'auth_app_id' => '2017021605702899',
  'buyer_logon_id' => '516***@qq.com',
  'app_id' => '2017021605702899',
  'sign_type' => 'RSA2',
  'seller_id' => '2088221931936835',
)
[2017-11-02 18:28:43][110.75.242.143][INFO]支付宝支付 成功:回调信息是:array (
  'gmt_create' => '2017-11-02 18:28:39',
  'charset' => 'utf-8',
  'seller_email' => 'qiyue@pp158.com',
  'subject' => 'pp游戏账单支付',
  'sign' => 'Tq8XBEDD1i7W0HGpOX66H7NCQTcWwBja+WvdK8SW8zIdMxraCT0hk3c3fxkG7tI4gH6T96e+E7npKSWU41Z2sYpE0kBnQLLrqW3sOyvNn0jtNNTGMaaRYdWeL6K8EzGt7fM1kYOOvSTOscSUVA72q6sEi14jw4yJTCaFTWw7uzEXdVukagmincPvG0LfG6cKzS1oqFTayNloUM/i7VJco2S211vVO0bPrX7whQGEdGTVxBNb1QF9uf66ZPTBK2kVHW+f6HEJClZ+p9JIOTwKrMnaiqnaJH15ryJN+1Jpa2Km0oEyAtQJFlw8DL4+3gAhPaa4SwUlofe+o18E+QDrgA==',
  'body' => 'aeca80aa-f307-4c62-9aad-f80ac0719054',
  'buyer_id' => '2088202600877204',
  'invoice_amount' => '20.00',
  'notify_id' => '625043b95a68ea96a84097200d3835bhjm',
  'fund_bill_list' => '[{"amount":"20.00","fundChannel":"ALIPAYACCOUNT"}]',
  'notify_type' => 'trade_status_sync',
  'trade_status' => 'TRADE_SUCCESS',
  'receipt_amount' => '20.00',
  'app_id' => '2017021605702899',
  'buyer_pay_amount' => '20.00',
  'sign_type' => 'RSA2',
  'seller_id' => '2088221931936835',
  'gmt_payment' => '2017-11-02 18:28:42',
  'notify_time' => '2017-11-02 18:28:42',
  'version' => '1.0',
  'out_trade_no' => 'dd6c5d1e4bcd47a78578e5f1a0ec81c5',
  'total_amount' => '20.00',
  'trade_no' => '2017110221001004200223397927',
  'auth_app_id' => '2017021605702899',
  'buyer_logon_id' => '516***@qq.com',
  'point_amount' => '0.00',
)
[2017-11-02 18:29:53][58.251.80.60][INFO]微信支付 成功:回调信息是:array (
  'appid' => 'wxcb8a76fe730b5964',
  'attach' => '6cdf5bbc-5b9c-47e7-9e51-3faf3ba43537',
  'bank_type' => 'CFT',
  'cash_fee' => '5000',
  'fee_type' => 'CNY',
  'is_subscribe' => 'Y',
  'mch_id' => '1352470102',
  'nonce_str' => 'z2p7d0tgp7iayu8h9nqk4fsl1rd8lvj1',
  'openid' => 'oFqowwFiDokoak2qlYq1bTfZMWII',
  'out_trade_no' => '84c950e6fce54e5dbd202b8bb3f88663',
  'result_code' => 'SUCCESS',
  'return_code' => 'SUCCESS',
  'sign' => '04C5B088DB353BF60551350F580656E2',
  'time_end' => '20171102182952',
  'total_fee' => '5000',
  'trade_type' => 'NATIVE',
  'transaction_id' => '4200000004201711021983981387',
)
[2017-11-02 18:30:52][140.207.54.76][INFO]微信支付 成功:回调信息是:array (
  'appid' => 'wxcb8a76fe730b5964',
  'attach' => 'eab80c90-97e1-4ce6-ae4c-9adca46edc8b',
  'bank_type' => 'CFT',
  'cash_fee' => '500',
  'fee_type' => 'CNY',
  'is_subscribe' => 'N',
  'mch_id' => '1352470102',
  'nonce_str' => 'psl1wrdil2epm8kovy27zgku5ch6trlb',
  'openid' => 'oFqowwDIfbzPqKiOe1v0sc5Fyz2c',
  'out_trade_no' => '213c5dd2a4514507a9e0a21f72bea8a3',
  'result_code' => 'SUCCESS',
  'return_code' => 'SUCCESS',
  'sign' => 'AF1FCD65EBC89BEC943D4E27DC96510E',
  'time_end' => '20171102183051',
  'total_fee' => '500',
  'trade_type' => 'NATIVE',
  'transaction_id' => '4200000012201711021984092490',
)
[2017-11-02 18:31:02][140.207.54.75][INFO]微信支付 成功:回调信息是:array (
  'appid' => 'wxcb8a76fe730b5964',
  'attach' => '6cdf5bbc-5b9c-47e7-9e51-3faf3ba43537',
  'bank_type' => 'CFT',
  'cash_fee' => '5000',
  'fee_type' => 'CNY',
  'is_subscribe' => 'Y',
  'mch_id' => '1352470102',
  'nonce_str' => 'd7d6n4o4ffo7pbe54nbyl6w0vmyybejl',
  'openid' => 'oFqowwFiDokoak2qlYq1bTfZMWII',
  'out_trade_no' => 'f8b47483ca0d4518b08bea09cf97579a',
  'result_code' => 'SUCCESS',
  'return_code' => 'SUCCESS',
  'sign' => 'E4FBA3D488264F184892DAA8FD7476E4',
  'time_end' => '20171102183102',
  'total_fee' => '5000',
  'trade_type' => 'NATIVE',
  'transaction_id' => '4200000002201711021988544398',
)
[2017-11-02 18:32:53][140.207.54.76][INFO]微信支付 成功:回调信息是:array (
  'appid' => 'wxcb8a76fe730b5964',
  'attach' => '6cdf5bbc-5b9c-47e7-9e51-3faf3ba43537',
  'bank_type' => 'CFT',
  'cash_fee' => '5000',
  'fee_type' => 'CNY',
  'is_subscribe' => 'Y',
  'mch_id' => '1352470102',
  'nonce_str' => '41ixgm7mje16st7nke9souvbmj5d73ly',
  'openid' => 'oFqowwFiDokoak2qlYq1bTfZMWII',
  'out_trade_no' => 'c045c9aba653467ab27918f3aaaabcb3',
  'result_code' => 'SUCCESS',
  'return_code' => 'SUCCESS',
  'sign' => '987CB1E04C3DD5948DE56C71CFA2E059',
  'time_end' => '20171102183253',
  'total_fee' => '5000',
  'trade_type' => 'NATIVE',
  'transaction_id' => '4200000028201711021986798758',
)
[2017-11-02 18:33:34][58.251.80.53][INFO]微信支付 成功:回调信息是:array (
  'appid' => 'wxcb8a76fe730b5964',
  'attach' => '3aeebbbd-3754-495c-b960-5528b0692451',
  'bank_type' => 'CFT',
  'cash_fee' => '2000',
  'fee_type' => 'CNY',
  'is_subscribe' => 'N',
  'mch_id' => '1352470102',
  'nonce_str' => 'ol1ckpmh606sff19zububz6luvwdwcq1',
  'openid' => 'oFqowwMihmNWjVNykMsbYMQuOvVY',
  'out_trade_no' => '9be7f96ca5014e528f0303c6c8372c13',
  'result_code' => 'SUCCESS',
  'return_code' => 'SUCCESS',
  'sign' => '0905E3CD3DB165813D8C7602694B6E9B',
  'time_end' => '20171102183334',
  'total_fee' => '2000',
  'trade_type' => 'NATIVE',
  'transaction_id' => '4200000002201711021984276474',
)
[2017-11-02 18:37:42][58.251.80.55][INFO]微信支付 成功:回调信息是:array (
  'appid' => 'wxcb8a76fe730b5964',
  'attach' => '3576fd51-9c42-4a72-a707-4af5d22a4f3f',
  'bank_type' => 'CFT',
  'cash_fee' => '2000',
  'fee_type' => 'CNY',
  'is_subscribe' => 'Y',
  'mch_id' => '1352470102',
  'nonce_str' => 'x6nqb6anoa0scb8el14f4vha6db5933b',
  'openid' => 'oFqowwPecPdyqZErJ3CuT6fx8vKc',
  'out_trade_no' => '35365cbd8bdf4efa9903108dbc0ab05d',
  'result_code' => 'SUCCESS',
  'return_code' => 'SUCCESS',
  'sign' => '94F3A37A36CACDB20917AB64AD6073C5',
  'time_end' => '20171102183741',
  'total_fee' => '2000',
  'trade_type' => 'NATIVE',
  'transaction_id' => '4200000019201711021988937930',
)
[2017-11-02 18:38:22][58.251.80.60][INFO]微信支付 成功:回调信息是:array (
  'appid' => 'wxcb8a76fe730b5964',
  'attach' => 'b59692e8-6663-43c4-b86b-e04ad36ec73d',
  'bank_type' => 'CFT',
  'cash_fee' => '500',
  'fee_type' => 'CNY',
  'is_subscribe' => 'Y',
  'mch_id' => '1352470102',
  'nonce_str' => 'wa1qjksjdn7ex9rete2qlu8nvl6b4l7y',
  'openid' => 'oFqowwAtwaSAzZx-0bKEyzFtsoH8',
  'out_trade_no' => '480d750a9dc84b7ab8bc13cf3e9407e3',
  'result_code' => 'SUCCESS',
  'return_code' => 'SUCCESS',
  'sign' => 'FDEF126476F2D59DC0F2B3F7A5F40456',
  'time_end' => '20171102183821',
  'total_fee' => '500',
  'trade_type' => 'NATIVE',
  'transaction_id' => '4200000013201711021990562666',
)
[2017-11-02 18:41:48][58.251.80.44][INFO]微信支付 成功:回调信息是:array (
  'appid' => 'wxcb8a76fe730b5964',
  'attach' => '6cdf5bbc-5b9c-47e7-9e51-3faf3ba43537',
  'bank_type' => 'CFT',
  'cash_fee' => '2000',
  'fee_type' => 'CNY',
  'is_subscribe' => 'Y',
  'mch_id' => '1352470102',
  'nonce_str' => 'mcc56fzdk9g6h3awa59nqvaoi6dk29xd',
  'openid' => 'oFqowwFiDokoak2qlYq1bTfZMWII',
  'out_trade_no' => 'f13fc67b1b2b4a0ba6b4ddde210664e4',
  'result_code' => 'SUCCESS',
  'return_code' => 'SUCCESS',
  'sign' => '7743DBC0C9D107220D55573C0B1BFC19',
  'time_end' => '20171102184148',
  'total_fee' => '2000',
  'trade_type' => 'NATIVE',
  'transaction_id' => '4200000027201711021986121142',
)
[2017-11-02 18:46:35][140.207.54.73][INFO]微信支付 成功:回调信息是:array (
  'appid' => 'wxcb8a76fe730b5964',
  'attach' => '3f6b438f-97d2-455c-a6df-5049478485ef',
  'bank_type' => 'ICBC_DEBIT',
  'cash_fee' => '5000',
  'fee_type' => 'CNY',
  'is_subscribe' => 'Y',
  'mch_id' => '1352470102',
  'nonce_str' => 'fpaiim0lm1pi8bph1gtjrmynq3mnsl3b',
  'openid' => 'oFqowwLtTshEEeYnJiJMd-NtvDZE',
  'out_trade_no' => '05af52160a8946d8bbfbe4b5b8ba270a',
  'result_code' => 'SUCCESS',
  'return_code' => 'SUCCESS',
  'sign' => '666E8BDE25EC2178A0A56472BE3A5638',
  'time_end' => '20171102184634',
  'total_fee' => '5000',
  'trade_type' => 'NATIVE',
  'transaction_id' => '4200000027201711021991047737',
)
[2017-11-02 18:52:49][110.75.248.136][INFO]支付宝支付 :回调信息是:array (
  'gmt_create' => '2017-11-02 18:52:49',
  'charset' => 'utf-8',
  'seller_email' => 'qiyue@pp158.com',
  'notify_time' => '2017-11-02 18:52:49',
  'subject' => 'pp游戏账单支付',
  'sign' => 'duhOUKezcA3hC/4BTJWBx4X3XxaCwFtloCJCguajs4NgrSuupmy5NAxhcdrjrlFPGFVyjaMdKSc3IQ/SwhJ79HSiS2wE4mazfZ2UppVZer1tmXVV60cfDhEBMEeyriqHKaWw4+WLh1JVLVcqind523jSBAMG2oS7jKQTBsEUFPEH0u4SS9kkVOZTSKgCpSmzpgks/y00CWJzJE8TQV2vMBW8NfmbQYoMAQCqdT0xh9aFSFrlNmgcNhyRRBobj3j00NyWFVAfaE/hdfwWPKgU1kFzDfJI5WDPPKsT8Iv90FL90HjiD6XK4RefDnqV050RYsgvachSHvZnoJBoRHnI9A==',
  'body' => '4bda0a79-f703-4da4-93a5-1fa6c950fbed',
  'buyer_id' => '2088802221596726',
  'version' => '1.0',
  'notify_id' => '45f3f22a78d9826eda036d4fe0d0c51lk2',
  'notify_type' => 'trade_status_sync',
  'out_trade_no' => 'abd5f520835a438c8d20e10fd433951e',
  'total_amount' => '20.00',
  'trade_status' => 'WAIT_BUYER_PAY',
  'trade_no' => '2017110221001004720256339506',
  'auth_app_id' => '2017021605702899',
  'buyer_logon_id' => '159****2592',
  'app_id' => '2017021605702899',
  'sign_type' => 'RSA2',
  'seller_id' => '2088221931936835',
)
[2017-11-02 18:53:02][110.75.248.157][INFO]支付宝支付 成功:回调信息是:array (
  'gmt_create' => '2017-11-02 18:52:49',
  'charset' => 'utf-8',
  'seller_email' => 'qiyue@pp158.com',
  'subject' => 'pp游戏账单支付',
  'sign' => 'YyL0mApxa2e4MKuxX4ZOPsAww/TysEWnbX7eJwknpqAiSbQ2WPGsl6YFL+2at09C/cXf9r6fcyLSd6gxyBXVunJk8mezfNGzFf68QtDOXuBfRujW7gNqwZY8EL382N2Cnmq17Ux2ehyW2RlH80lvT5icKpehlwgpbwcNE0G8A9fthvn3UclEwfY1x/hME/Wm0cJnSQOEoGMDRlhnZCJjHPY8tmwEK4zHUdgnFsg+OrcX+gRqiW0epkTqL+KgI9+2k0DOU/T1/ydmQ9yIBOf+M/wNdCp37VC31VGyBiRA4jLjLu0BN8a0ct+K3PRZ2OpzlR86xh+pz18IIzc7SbX5WA==',
  'body' => '4bda0a79-f703-4da4-93a5-1fa6c950fbed',
  'buyer_id' => '2088802221596726',
  'invoice_amount' => '20.00',
  'notify_id' => '473ffc9a7090fef202908077b97ea5dlk2',
  'fund_bill_list' => '[{"amount":"20.00","fundChannel":"PCREDIT"}]',
  'notify_type' => 'trade_status_sync',
  'trade_status' => 'TRADE_SUCCESS',
  'receipt_amount' => '20.00',
  'app_id' => '2017021605702899',
  'buyer_pay_amount' => '20.00',
  'sign_type' => 'RSA2',
  'seller_id' => '2088221931936835',
  'gmt_payment' => '2017-11-02 18:53:02',
  'notify_time' => '2017-11-02 18:53:02',
  'version' => '1.0',
  'out_trade_no' => 'abd5f520835a438c8d20e10fd433951e',
  'total_amount' => '20.00',
  'trade_no' => '2017110221001004720256339506',
  'auth_app_id' => '2017021605702899',
  'buyer_logon_id' => '159****2592',
  'point_amount' => '0.00',
)
[2017-11-02 18:53:32][140.207.54.75][INFO]微信支付 成功:回调信息是:array (
  'appid' => 'wxcb8a76fe730b5964',
  'attach' => '3f6b438f-97d2-455c-a6df-5049478485ef',
  'bank_type' => 'ICBC_DEBIT',
  'cash_fee' => '10000',
  'fee_type' => 'CNY',
  'is_subscribe' => 'Y',
  'mch_id' => '1352470102',
  'nonce_str' => 'sccy57uu4ldwewvarwi2xjks2svxhcha',
  'openid' => 'oFqowwLtTshEEeYnJiJMd-NtvDZE',
  'out_trade_no' => '9aaee33863f5432d9aa33da3cbd50cb4',
  'result_code' => 'SUCCESS',
  'return_code' => 'SUCCESS',
  'sign' => '2682FAC4A8726E720BC9E13D5E23543D',
  'time_end' => '20171102185331',
  'total_fee' => '10000',
  'trade_type' => 'NATIVE',
  'transaction_id' => '4200000007201711021992849826',
)
[2017-11-02 18:54:04][140.207.54.74][INFO]微信支付 成功:回调信息是:array (
  'appid' => 'wxcb8a76fe730b5964',
  'attach' => '41e4204e-6eb5-4f89-8179-f78a267e9182',
  'bank_type' => 'CCB_DEBIT',
  'cash_fee' => '2000',
  'fee_type' => 'CNY',
  'is_subscribe' => 'N',
  'mch_id' => '1352470102',
  'nonce_str' => 'ks2moqx95znj0xset3z2gt06hmrf41x0',
  'openid' => 'oFqowwGUDgqX0g-BPyAgWxJw3YzY',
  'out_trade_no' => 'acfbc23d420649a8b9c71a23aa5843a8',
  'result_code' => 'SUCCESS',
  'return_code' => 'SUCCESS',
  'sign' => 'AF272211907225AE97978585ED7B6015',
  'time_end' => '20171102185404',
  'total_fee' => '2000',
  'trade_type' => 'NATIVE',
  'transaction_id' => '4200000019201711021989992423',
)
[2017-11-02 18:55:02][140.207.54.75][INFO]微信支付 成功:回调信息是:array (
  'appid' => 'wxcb8a76fe730b5964',
  'attach' => '3576fd51-9c42-4a72-a707-4af5d22a4f3f',
  'bank_type' => 'CFT',
  'cash_fee' => '2000',
  'fee_type' => 'CNY',
  'is_subscribe' => 'Y',
  'mch_id' => '1352470102',
  'nonce_str' => 'a705nay66sy7u4m7cruhw13u4wphi6qy',
  'openid' => 'oFqowwPecPdyqZErJ3CuT6fx8vKc',
  'out_trade_no' => 'dd6e2720d0ca4c3aaee8600e177bb817',
  'result_code' => 'SUCCESS',
  'return_code' => 'SUCCESS',
  'sign' => 'D7FD34CABDB08F766FCAF347D5F4129E',
  'time_end' => '20171102185502',
  'total_fee' => '2000',
  'trade_type' => 'NATIVE',
  'transaction_id' => '4200000021201711021992922116',
)
[2017-11-02 18:55:09][140.207.54.74][INFO]微信支付 成功:回调信息是:array (
  'appid' => 'wxcb8a76fe730b5964',
  'attach' => '99d168e5-48e0-47f6-9040-5e81cdc0c22e',
  'bank_type' => 'CFT',
  'cash_fee' => '600',
  'fee_type' => 'CNY',
  'is_subscribe' => 'N',
  'mch_id' => '1352470102',
  'nonce_str' => '462q9kyzzi4ne2iedqpu0wporiogti1o',
  'openid' => 'oFqowwEv95DL8If9NvgpaJgJYV3U',
  'out_trade_no' => 'a606b7aa21664dcfab1c7f7767dd3600',
  'result_code' => 'SUCCESS',
  'return_code' => 'SUCCESS',
  'sign' => 'FCE5D608315D7217AF142D0F85CF551C',
  'time_end' => '20171102185509',
  'total_fee' => '600',
  'trade_type' => 'JSAPI',
  'transaction_id' => '4200000029201711021992932472',
)
[2017-11-02 18:56:47][110.75.242.96][INFO]支付宝支付 :回调信息是:array (
  'gmt_create' => '2017-11-02 18:56:47',
  'charset' => 'utf-8',
  'seller_email' => 'qiyue@pp158.com',
  'notify_time' => '2017-11-02 18:56:47',
  'subject' => 'pp游戏账单支付',
  'sign' => 'UVW7IX6cDzGfVNsJxYYS/eXD3unTRhFSknSef6B0rH4GvNAhhiEJDUmgX9kPhLOmw1PpDOEB8D4N/mfelhWmiXw8NhKs61q1gt8iKC67Yp45G9w5qBX0y2OQzRVNhFmTPhhwYKl43tnXrMa1J4yibJKX3YwnYw1HRKkthAbTFcjdWqyOfa31ik2lt0kXpw/KFJSxfPzcls+h6QqPJ3i2UiVi7KLKAwBIgLPle51sxQ2hYHQ9LwScvhhcjkMYwMb6WEUrOW19gcOSh+SKTafKSFbb4fkywg3/ABCE2qXN8J8dxp2sr1smtL/0cE2m1QjuqYJUoLpiYbXFGuzfUlABAg==',
  'body' => '0e07aede-572b-4c40-bfc5-710bb40738f9',
  'buyer_id' => '2088522902640501',
  'version' => '1.0',
  'notify_id' => 'c8298836ed2031b3e857500e559e13fjwd',
  'notify_type' => 'trade_status_sync',
  'out_trade_no' => 'dc2e3d75bc294675b3f781fdafe3559b',
  'total_amount' => '20.00',
  'trade_status' => 'WAIT_BUYER_PAY',
  'trade_no' => '2017110221001004505363944945',
  'auth_app_id' => '2017021605702899',
  'buyer_logon_id' => '183****7118',
  'app_id' => '2017021605702899',
  'sign_type' => 'RSA2',
  'seller_id' => '2088221931936835',
)
[2017-11-02 18:56:54][110.75.242.7][INFO]支付宝支付 成功:回调信息是:array (
  'gmt_create' => '2017-11-02 18:56:47',
  'charset' => 'utf-8',
  'seller_email' => 'qiyue@pp158.com',
  'subject' => 'pp游戏账单支付',
  'sign' => 'FJTgZ+Q3Fx9t3OhHZ+Kzq/9dGLYO0J5Cn3w1+D7WMo4RICVU7AqZYBnaXArv8Y+y3bUsrPBd7OYGh6ilxalNPfuRwS708tS9axSScWKgnh9ueywRqk/WPbb+azTWJE5TUfnwKE9xkvM3uZRQaoTZDtvwRxFguphwaM/DS6tpoy8mLBkqoiQXTVh4bSF42/JMBXnVi5f2fiNKqpNXefmyH7TnhGY45i0AIJfqwNUS66I2ZusmH/m3uAiSPXZb1zRhWadwN3nTxhaScIipFikHCbRgvC/oRdKlYvbe8JBp1uUl99zAebKasjizM3nWviKdG/+hV7WYlgumT8311DMbaQ==',
  'body' => '0e07aede-572b-4c40-bfc5-710bb40738f9',
  'buyer_id' => '2088522902640501',
  'invoice_amount' => '20.00',
  'notify_id' => 'e6f337bbcf538e358fdd17f0431f77ajwd',
  'fund_bill_list' => '[{"amount":"20.00","fundChannel":"PCREDIT"}]',
  'notify_type' => 'trade_status_sync',
  'trade_status' => 'TRADE_SUCCESS',
  'receipt_amount' => '20.00',
  'app_id' => '2017021605702899',
  'buyer_pay_amount' => '20.00',
  'sign_type' => 'RSA2',
  'seller_id' => '2088221931936835',
  'gmt_payment' => '2017-11-02 18:56:54',
  'notify_time' => '2017-11-02 18:56:54',
  'version' => '1.0',
  'out_trade_no' => 'dc2e3d75bc294675b3f781fdafe3559b',
  'total_amount' => '20.00',
  'trade_no' => '2017110221001004505363944945',
  'auth_app_id' => '2017021605702899',
  'buyer_logon_id' => '183****7118',
  'point_amount' => '0.00',
)
[2017-11-02 18:58:54][140.207.54.76][INFO]微信支付 成功:回调信息是:array (
  'appid' => 'wxcb8a76fe730b5964',
  'attach' => '3576fd51-9c42-4a72-a707-4af5d22a4f3f',
  'bank_type' => 'CFT',
  'cash_fee' => '5000',
  'fee_type' => 'CNY',
  'is_subscribe' => 'Y',
  'mch_id' => '1352470102',
  'nonce_str' => 'm3f026t9pq1uowpvuyjj379nnlxsvavw',
  'openid' => 'oFqowwPecPdyqZErJ3CuT6fx8vKc',
  'out_trade_no' => 'cbf94e9fff314b46a06f9c6fa44cd948',
  'result_code' => 'SUCCESS',
  'return_code' => 'SUCCESS',
  'sign' => '567CAF4818DE9825A53A57F86CEEC314',
  'time_end' => '20171102185854',
  'total_fee' => '5000',
  'trade_type' => 'NATIVE',
  'transaction_id' => '4200000023201711021994511483',
)
