[2017-11-02 19:01:26][58.251.80.49][INFO]微信支付 成功:回调信息是:array (
  'appid' => 'wxcb8a76fe730b5964',
  'attach' => 'a84487d2-c85f-47a1-9393-3200da5affc7',
  'bank_type' => 'ABC_DEBIT',
  'cash_fee' => '500',
  'fee_type' => 'CNY',
  'is_subscribe' => 'N',
  'mch_id' => '1352470102',
  'nonce_str' => 'g4jwh6obpd75szfczv24biivtw5ffxby',
  'openid' => 'oFqowwJL0pwNew6FvRpIiiqM25TE',
  'out_trade_no' => '72ebced8ad2c4b4e85e7d30875e18aa1',
  'result_code' => 'SUCCESS',
  'return_code' => 'SUCCESS',
  'sign' => 'DCF78D0E5472F677053382EDEE0688C6',
  'time_end' => '20171102190125',
  'total_fee' => '500',
  'trade_type' => 'NATIVE',
  'transaction_id' => '4200000014201711021992015548',
)
[2017-11-02 19:01:59][58.251.80.49][INFO]微信支付 成功:回调信息是:array (
  'appid' => 'wxcb8a76fe730b5964',
  'attach' => '80fc73b0-063e-4e51-b6e1-e9dcd03db3ce',
  'bank_type' => 'CFT',
  'cash_fee' => '600',
  'fee_type' => 'CNY',
  'is_subscribe' => 'N',
  'mch_id' => '1352470102',
  'nonce_str' => '2vrbrqdvur9sqntsmgsxemxjks3hd886',
  'openid' => 'oFqowwMWOpePhq7rO9xH7GF9BhjY',
  'out_trade_no' => '6d79e64834614a52a436dccd766f47fa',
  'result_code' => 'SUCCESS',
  'return_code' => 'SUCCESS',
  'sign' => '806002F0CB9BFA286ADF18DC8D776EB6',
  'time_end' => '20171102190158',
  'total_fee' => '600',
  'trade_type' => 'JSAPI',
  'transaction_id' => '4200000029201711021992122266',
)
[2017-11-02 19:02:08][140.207.54.74][INFO]微信支付 成功:回调信息是:array (
  'appid' => 'wxcb8a76fe730b5964',
  'attach' => 'dd3d8978-1bd6-45aa-a51f-634cd1cb58cc',
  'bank_type' => 'CFT',
  'cash_fee' => '2000',
  'fee_type' => 'CNY',
  'is_subscribe' => 'N',
  'mch_id' => '1352470102',
  'nonce_str' => '55g36ps7upli08cng3qma5cfagcoz2bb',
  'openid' => 'oFqowwLK2ex9TZwAm9iM4ygZguyc',
  'out_trade_no' => 'aa655e182cbd40a3b4e02f51e13166a0',
  'result_code' => 'SUCCESS',
  'return_code' => 'SUCCESS',
  'sign' => 'E86147B31B68A5AEDA1A05B2A99F3C6C',
  'time_end' => '20171102190208',
  'total_fee' => '2000',
  'trade_type' => 'NATIVE',
  'transaction_id' => '4200000021201711021993300149',
)
[2017-11-02 19:02:27][140.207.54.75][INFO]微信支付 成功:回调信息是:array (
  'appid' => 'wxcb8a76fe730b5964',
  'attach' => '3576fd51-9c42-4a72-a707-4af5d22a4f3f',
  'bank_type' => 'CFT',
  'cash_fee' => '2000',
  'fee_type' => 'CNY',
  'is_subscribe' => 'Y',
  'mch_id' => '1352470102',
  'nonce_str' => 'kpebogfn9iqv83f1dedmgnkrlnkhqgi7',
  'openid' => 'oFqowwPecPdyqZErJ3CuT6fx8vKc',
  'out_trade_no' => 'cf6448c7141a44de98c48199d4a8fbd2',
  'result_code' => 'SUCCESS',
  'return_code' => 'SUCCESS',
  'sign' => 'C61E135EAE37AB9630C1324062E1DC46',
  'time_end' => '20171102190227',
  'total_fee' => '2000',
  'trade_type' => 'NATIVE',
  'transaction_id' => '4200000014201711021996409150',
)
[2017-11-02 19:03:30][140.207.54.76][INFO]微信支付 成功:回调信息是:array (
  'appid' => 'wxcb8a76fe730b5964',
  'attach' => '3576fd51-9c42-4a72-a707-4af5d22a4f3f',
  'bank_type' => 'CFT',
  'cash_fee' => '2000',
  'fee_type' => 'CNY',
  'is_subscribe' => 'Y',
  'mch_id' => '1352470102',
  'nonce_str' => 'zakaqul1mgrcb6z7ziks02akvdhd4ubt',
  'openid' => 'oFqowwPecPdyqZErJ3CuT6fx8vKc',
  'out_trade_no' => '9a49a869d3be4fbc9905c0e74ff0131e',
  'result_code' => 'SUCCESS',
  'return_code' => 'SUCCESS',
  'sign' => 'CE5E8443BAD1BCDF5463231ECBE47B26',
  'time_end' => '20171102190330',
  'total_fee' => '2000',
  'trade_type' => 'NATIVE',
  'transaction_id' => '4200000003201711021994824375',
)
[2017-11-02 19:05:24][140.207.54.74][INFO]微信支付 成功:回调信息是:array (
  'appid' => 'wxcb8a76fe730b5964',
  'attach' => '3576fd51-9c42-4a72-a707-4af5d22a4f3f',
  'bank_type' => 'CFT',
  'cash_fee' => '5000',
  'fee_type' => 'CNY',
  'is_subscribe' => 'Y',
  'mch_id' => '1352470102',
  'nonce_str' => 'sl2o8jsc9kjs5beh2l11of2kl04bzf9c',
  'openid' => 'oFqowwPecPdyqZErJ3CuT6fx8vKc',
  'out_trade_no' => 'b40b350d39d24570bc05d14976d2b3a3',
  'result_code' => 'SUCCESS',
  'return_code' => 'SUCCESS',
  'sign' => '14C6AFD44B6F51753219567C0EC0B642',
  'time_end' => '20171102190524',
  'total_fee' => '5000',
  'trade_type' => 'NATIVE',
  'transaction_id' => '4200000010201711021996656002',
)
[2017-11-02 19:06:24][140.207.54.75][INFO]微信支付 成功:回调信息是:array (
  'appid' => 'wxcb8a76fe730b5964',
  'attach' => '4f3f6f56-a550-4663-aca3-bf1be98d5fa8',
  'bank_type' => 'CFT',
  'cash_fee' => '500',
  'fee_type' => 'CNY',
  'is_subscribe' => 'N',
  'mch_id' => '1352470102',
  'nonce_str' => 'bae3hragazm4q3t4d7cd6kbvcfnfzvml',
  'openid' => 'oFqowwCaU6yrnQmn7PlfKwCqeo18',
  'out_trade_no' => '126c4582158a49e98b5cbb35dbb897f2',
  'result_code' => 'SUCCESS',
  'return_code' => 'SUCCESS',
  'sign' => 'F320553655E8E5026B117950A5FC17FF',
  'time_end' => '20171102190624',
  'total_fee' => '500',
  'trade_type' => 'NATIVE',
  'transaction_id' => '4200000006201711021996705865',
)
[2017-11-02 19:11:37][140.207.54.76][INFO]微信支付 成功:回调信息是:array (
  'appid' => 'wxcb8a76fe730b5964',
  'attach' => 'a3dfe095-bd6a-43b9-9008-8176ef5fb62d',
  'bank_type' => 'CFT',
  'cash_fee' => '2000',
  'fee_type' => 'CNY',
  'is_subscribe' => 'N',
  'mch_id' => '1352470102',
  'nonce_str' => '7uohas6czzgycwzmcbzrivdmwy48c4er',
  'openid' => 'oFqowwAO9i5vP0JXTL4E1BZfP080',
  'out_trade_no' => 'c54e7e7ae6c04dbaaddade2c57429950',
  'result_code' => 'SUCCESS',
  'return_code' => 'SUCCESS',
  'sign' => '3F1850CD25AD3B37F993EE8C7D105F71',
  'time_end' => '20171102191136',
  'total_fee' => '2000',
  'trade_type' => 'NATIVE',
  'transaction_id' => '4200000006201711021995295905',
)
[2017-11-02 19:13:52][110.75.242.90][INFO]支付宝支付 :回调信息是:array (
  'gmt_create' => '2017-11-02 19:13:52',
  'charset' => 'utf-8',
  'seller_email' => 'qiyue@pp158.com',
  'notify_time' => '2017-11-02 19:13:52',
  'subject' => 'pp游戏账单支付',
  'sign' => 'fyKOcvnBAX4J8tu01bA7JOoOZ4iaCvwRV23nvOiA9JvOT5jx9dvxJyZZbLONrcA9je/YcKv1KSvBEaGhZdrmwsndaDCOaToO2BM0Zm01Vj7rHnyn+k9f5kSoSgk2K4ZytzYNaKVM/yJ0ujsmk++VD+UWeM4jUcrdaVByel6Z7p1ptiHB343zKyBgnoEvwgXv/j7nl8p2ZKGLefhUAPFJtkqNllSf/Hvk3MDEw37PSbZKSS4cy9ydQf6SqAxSE8Yq2G6tTLx8B2n07SN1TgsV+oAeGi+G46VU9dI27ZXw7YT6k0E4Jl3T5x97urKMhsBkAkBXC/uosM5kXNR6o0Fb/Q==',
  'body' => 'c6e3377c-4636-4911-b598-4fc5ff44e4b4',
  'buyer_id' => '2088912839264468',
  'version' => '1.0',
  'notify_id' => 'bcc04728d4253460f2cf4e4f94d09bajl9',
  'notify_type' => 'trade_status_sync',
  'out_trade_no' => 'f1790fb8b91f45c68e0d3093f144586b',
  'total_amount' => '5.00',
  'trade_status' => 'WAIT_BUYER_PAY',
  'trade_no' => '2017110221001004465369552976',
  'auth_app_id' => '2017021605702899',
  'buyer_logon_id' => '584***@qq.com',
  'app_id' => '2017021605702899',
  'sign_type' => 'RSA2',
  'seller_id' => '2088221931936835',
)
[2017-11-02 19:14:00][110.75.242.227][INFO]支付宝支付 成功:回调信息是:array (
  'gmt_create' => '2017-11-02 19:13:52',
  'charset' => 'utf-8',
  'seller_email' => 'qiyue@pp158.com',
  'subject' => 'pp游戏账单支付',
  'sign' => 'NQdBnoWDD0lhG+wvkP9UmMZpiaapf4jIUv7ih1oSoxmbZbcwC2k1CIpwollNvuBE0kqnEWPhOnvnbkRRfCBWDmcJKamro97+LE8s7aeKnNV+bECfgRve27Jl/ha205ScS12ErpIZpd8k3CxBY7egbSOVCT82ZgXeq3EeZwLQDhXOFAKG2SIj7K019yM8cprrGF2F832GBVsj41bksCWzmVkRyeaF03WN3wT8Xp1pnd06aC3Z/cYGsZVBHyXv41UlfYxAfR7oPePlkgZ9GvBtmucjW+6aeuIk4ROjL7UknUnFDgI/cUlY/JRjfIp7FyJjx4qIIkyhSP5kr+A1p8xsAw==',
  'body' => 'c6e3377c-4636-4911-b598-4fc5ff44e4b4',
  'buyer_id' => '2088912839264468',
  'invoice_amount' => '5.00',
  'notify_id' => 'f258fc7d686b063f4dddad6f1f9f857jl9',
  'fund_bill_list' => '[{"amount":"5.00","fundChannel":"PCREDIT"}]',
  'notify_type' => 'trade_status_sync',
  'trade_status' => 'TRADE_SUCCESS',
  'receipt_amount' => '5.00',
  'app_id' => '2017021605702899',
  'buyer_pay_amount' => '5.00',
  'sign_type' => 'RSA2',
  'seller_id' => '2088221931936835',
  'gmt_payment' => '2017-11-02 19:14:00',
  'notify_time' => '2017-11-02 19:14:00',
  'version' => '1.0',
  'out_trade_no' => 'f1790fb8b91f45c68e0d3093f144586b',
  'total_amount' => '5.00',
  'trade_no' => '2017110221001004465369552976',
  'auth_app_id' => '2017021605702899',
  'buyer_logon_id' => '584***@qq.com',
  'point_amount' => '0.00',
)
[2017-11-02 19:21:40][110.75.242.143][INFO]支付宝支付 :回调信息是:array (
  'gmt_create' => '2017-11-02 19:21:40',
  'charset' => 'utf-8',
  'seller_email' => 'qiyue@pp158.com',
  'notify_time' => '2017-11-02 19:21:40',
  'subject' => 'pp游戏账单支付',
  'sign' => 'S7IAi/si58rNhyqU8vNofWbbr8eaaRjxIa0GUkUkwiVZtH5uNDAcIa6IvAAzYvKhMd6cnogY6c/ucuGfibdutn2GQlwYhpQ+g7jDerV70/xlwCeGkCdyeyKZrV5gHKa26XNTQrTOSINnzhW24vTiRHe7eTHKNNrH5CYP4u5OOCXdaoC8uqoYRpsScw0882FTfBBDrKq2fjpFCBH9yA/mXw7+n5s0We4f0aA4gsLrWEZ4kBpCRBJeEknL+uRM3OSdaGvTU3bAWrP+oiLIKfeoGLIVxujrVLC4FSxWmYKi6iAYCHAqMsluiK/oFkrtUi9Q6eXvVRCea5JvUdtVICGukg==',
  'body' => '6196a4e7-2432-49db-96f9-d0284cc0a20d',
  'buyer_id' => '2088902278598264',
  'version' => '1.0',
  'notify_id' => '5f2bbff03cc75ee7f81f8b69838d983i1o',
  'notify_type' => 'trade_status_sync',
  'out_trade_no' => '3309c6a33a5b4e409157e20fd4c77cd8',
  'total_amount' => '5.00',
  'trade_status' => 'WAIT_BUYER_PAY',
  'trade_no' => '2017110221001004265278925822',
  'auth_app_id' => '2017021605702899',
  'buyer_logon_id' => '143***@qq.com',
  'app_id' => '2017021605702899',
  'sign_type' => 'RSA2',
  'seller_id' => '2088221931936835',
)
[2017-11-02 19:21:44][110.75.242.74][INFO]支付宝支付 成功:回调信息是:array (
  'gmt_create' => '2017-11-02 19:21:40',
  'charset' => 'utf-8',
  'seller_email' => 'qiyue@pp158.com',
  'subject' => 'pp游戏账单支付',
  'sign' => 'QbQxnX81jrueaHusQfJAwAoNYCw3KP1Iz8xMuUQ63NQvjbNFfzwyzLDGkANXdsG5zU1CPpHznKLIDVBPcr0OdZrGW+IfSjs3z8x5+k5rxJcaTMEWGNshtQE2vqCWzUDXcMveCttjwU1jGR0lwki9WSkro/bAif0wIU2v9jGRqW9VI4kobvZOaOJVqksl73k6hQQWTIB2mxJwNhjIuki4t2Da6bftLrI8BYMa6euLmDNPHMJuhVufeMAVH45HCE/MPoDPRKE9hu8NLSV7kLuA53+cEvh4r/uiZ69P7lPDT3JvtDot/7WDV0MDJODA6X6LKiVDnI4ATV1u+K+vV6bnNg==',
  'body' => '6196a4e7-2432-49db-96f9-d0284cc0a20d',
  'buyer_id' => '2088902278598264',
  'invoice_amount' => '5.00',
  'notify_id' => 'f3c21d7f5dba569d14c76a23c3708ebi1o',
  'fund_bill_list' => '[{"amount":"5.00","fundChannel":"PCREDIT"}]',
  'notify_type' => 'trade_status_sync',
  'trade_status' => 'TRADE_SUCCESS',
  'receipt_amount' => '5.00',
  'app_id' => '2017021605702899',
  'buyer_pay_amount' => '5.00',
  'sign_type' => 'RSA2',
  'seller_id' => '2088221931936835',
  'gmt_payment' => '2017-11-02 19:21:43',
  'notify_time' => '2017-11-02 19:21:44',
  'version' => '1.0',
  'out_trade_no' => '3309c6a33a5b4e409157e20fd4c77cd8',
  'total_amount' => '5.00',
  'trade_no' => '2017110221001004265278925822',
  'auth_app_id' => '2017021605702899',
  'buyer_logon_id' => '143***@qq.com',
  'point_amount' => '0.00',
)
[2017-11-02 19:21:46][140.207.54.76][INFO]微信支付 成功:回调信息是:array (
  'appid' => 'wxcb8a76fe730b5964',
  'attach' => '2f3d5743-59b1-4ce3-9feb-1dc49e5fa0fe',
  'bank_type' => 'ABC_DEBIT',
  'cash_fee' => '2000',
  'fee_type' => 'CNY',
  'is_subscribe' => 'Y',
  'mch_id' => '1352470102',
  'nonce_str' => 'zrbqxlz4baqmtewsvgoxynz96o18dgj4',
  'openid' => 'oFqowwPJHSs8pfzR2PlbG9xXeuog',
  'out_trade_no' => 'f081be27d8e748bfa8ac17fbcda88524',
  'result_code' => 'SUCCESS',
  'return_code' => 'SUCCESS',
  'sign' => '8F2F0178D143525E74A7111759D5326E',
  'time_end' => '20171102192146',
  'total_fee' => '2000',
  'trade_type' => 'NATIVE',
  'transaction_id' => '4200000008201711022000458535',
)
[2017-11-02 19:22:44][140.207.54.74][INFO]微信支付 成功:回调信息是:array (
  'appid' => 'wxcb8a76fe730b5964',
  'attach' => 'e179a2c8-68d2-4f15-aa3f-499d66c143ab',
  'bank_type' => 'CFT',
  'cash_fee' => '600',
  'fee_type' => 'CNY',
  'is_subscribe' => 'N',
  'mch_id' => '1352470102',
  'nonce_str' => 'b99rwggv1m7d17enfwq79i6axjucoqrn',
  'openid' => 'oFqowwJURIT3vtQxgfhcQnN-EyEI',
  'out_trade_no' => 'b9de8d8bdf044e7c9b13e736dcd4fcba',
  'result_code' => 'SUCCESS',
  'return_code' => 'SUCCESS',
  'sign' => '3F61E4F76BEE0251DC3D6B847ED6601E',
  'time_end' => '20171102192244',
  'total_fee' => '600',
  'trade_type' => 'JSAPI',
  'transaction_id' => '4200000008201711021995933101',
)
[2017-11-02 19:23:22][110.75.242.178][INFO]支付宝支付 成功:回调信息是:array (
  'gmt_create' => '2017-11-02 19:23:20',
  'charset' => 'UTF-8',
  'seller_email' => 'qiyue@pp158.com',
  'subject' => 'pp游戏账单支付',
  'sign' => 'Oeds/dIpNstvYaTNv7Eer7jJwP8hWhFYMNnx7Mg4drziRtI00nSvLaRm3iJpCtVDDhq1De+nhaCs559EYNJsjF1ENE3vBFqPiYJILmOn3PExXPO0UVYRVCPRbbk1EH8XOebAg6hjKWMmekXBd2rdR7ZMIK1Xf3gZZUlT4W88UaXg8aBUhnUjND84trDfAD6yLKOykaQ/pt3k1DYGLKTdZyyxjBkLd1+EooVdPtAItftZvMEd+bwveO0pyi2zPsReiHDNY3mx5uclbOB3KpS/UXkiqYqWilpgEVdA9cSx9mxRhi4nYv6B5XlxsXqNIFmtPYIOdAZbNqpUfyYYKhdpTA==',
  'body' => '4d9b3e24-87d8-4c7a-83b5-975023ef9a84',
  'buyer_id' => '2088222600112455',
  'invoice_amount' => '6.00',
  'notify_id' => '778f3a691ace7773d6957dd98f0c759jh2',
  'fund_bill_list' => '[{"amount":"6.00","fundChannel":"ALIPAYACCOUNT"}]',
  'notify_type' => 'trade_status_sync',
  'trade_status' => 'TRADE_SUCCESS',
  'receipt_amount' => '6.00',
  'app_id' => '2017021605702899',
  'buyer_pay_amount' => '6.00',
  'sign_type' => 'RSA2',
  'seller_id' => '2088221931936835',
  'gmt_payment' => '2017-11-02 19:23:21',
  'notify_time' => '2017-11-02 19:23:22',
  'version' => '1.0',
  'out_trade_no' => '74cfaaa60e90420a8e2d461cdcc85587',
  'total_amount' => '6.00',
  'trade_no' => '2017110221001004450275897476',
  'auth_app_id' => '2017021605702899',
  'buyer_logon_id' => '180****8442',
  'point_amount' => '0.00',
)
[2017-11-02 19:29:41][58.251.80.60][INFO]微信支付 成功:回调信息是:array (
  'appid' => 'wxcb8a76fe730b5964',
  'attach' => 'e644ba7d-60e3-4a22-a80d-968df197b189',
  'bank_type' => 'CFT',
  'cash_fee' => '2000',
  'fee_type' => 'CNY',
  'is_subscribe' => 'Y',
  'mch_id' => '1352470102',
  'nonce_str' => 'kdkap3egz8hp1veip3oiycqnsgs1akaa',
  'openid' => 'oFqowwPecPdyqZErJ3CuT6fx8vKc',
  'out_trade_no' => 'b3486e8b69bb47e5b0c325fbc1c84069',
  'result_code' => 'SUCCESS',
  'return_code' => 'SUCCESS',
  'sign' => 'D2C9AEED8E21E91E024A472D00EE4061',
  'time_end' => '20171102192940',
  'total_fee' => '2000',
  'trade_type' => 'NATIVE',
  'transaction_id' => '4200000023201711021999843882',
)
[2017-11-02 19:32:42][58.251.80.55][INFO]微信支付 成功:回调信息是:array (
  'appid' => 'wxcb8a76fe730b5964',
  'attach' => '828dac54-cdf5-49b5-b5e0-7c3a839fbe07',
  'bank_type' => 'CFT',
  'cash_fee' => '500',
  'fee_type' => 'CNY',
  'is_subscribe' => 'N',
  'mch_id' => '1352470102',
  'nonce_str' => 'p5o094gkran9uqeze85p1qjtbro3dssg',
  'openid' => 'oFqowwFP2Rr7_rZHwrzEyFUxmkfU',
  'out_trade_no' => 'de1f85c9f31a45d381d3b2e2ef4775ea',
  'result_code' => 'SUCCESS',
  'return_code' => 'SUCCESS',
  'sign' => 'B58B4A215E9D405F4B6B112EF7108B4A',
  'time_end' => '20171102193241',
  'total_fee' => '500',
  'trade_type' => 'NATIVE',
  'transaction_id' => '4200000004201711022001235015',
)
[2017-11-02 19:32:55][58.251.80.44][INFO]微信支付 成功:回调信息是:array (
  'appid' => 'wxcb8a76fe730b5964',
  'attach' => 'e12e5723-9ecf-4b82-94db-fea18a1fecfb',
  'bank_type' => 'CFT',
  'cash_fee' => '2000',
  'fee_type' => 'CNY',
  'is_subscribe' => 'Y',
  'mch_id' => '1352470102',
  'nonce_str' => '3hvbo5gfefjbgdqpkmoc15luvuj5s0u9',
  'openid' => 'oFqowwKaY6lchUBaYxEmfuDytjX0',
  'out_trade_no' => 'c17c9310f3734190b96f36f05c94060c',
  'result_code' => 'SUCCESS',
  'return_code' => 'SUCCESS',
  'sign' => 'C36CE63DA114359F46A6A83CB01D7306',
  'time_end' => '20171102193254',
  'total_fee' => '2000',
  'trade_type' => 'NATIVE',
  'transaction_id' => '4200000009201711022002502488',
)
[2017-11-02 19:33:23][58.251.80.60][INFO]微信支付 成功:回调信息是:array (
  'appid' => 'wxcb8a76fe730b5964',
  'attach' => 'd2399125-5923-47ce-b193-5473538f2680',
  'bank_type' => 'CIB_DEBIT',
  'cash_fee' => '2000',
  'fee_type' => 'CNY',
  'is_subscribe' => 'N',
  'mch_id' => '1352470102',
  'nonce_str' => 'yjphacrxrown4u829iqyzwn9yaj14vp0',
  'openid' => 'oFqowwGTiHDZ5i3KrnM_cMu5VkxY',
  'out_trade_no' => '82b0f52c231645ac893b60bc0b1dbf82',
  'result_code' => 'SUCCESS',
  'return_code' => 'SUCCESS',
  'sign' => 'D485BCB548146C8F9C1E3DFAFD69A0C3',
  'time_end' => '20171102193322',
  'total_fee' => '2000',
  'trade_type' => 'NATIVE',
  'transaction_id' => '4200000004201711022000071262',
)
[2017-11-02 19:35:29][203.209.234.124][INFO]支付宝支付 成功:回调信息是:array (
  'gmt_create' => '2017-11-02 19:35:28',
  'charset' => 'UTF-8',
  'seller_email' => 'qiyue@pp158.com',
  'subject' => 'pp游戏账单支付',
  'sign' => 'X9/SGfStPJxTf4OXEA694EW7MQrI9ry+NL3hlv/EC4JM19E5eZbGnyTRDsDenJr2rcBbLbUuB0hNqrYPIidbCBbWjOOc24tMU1HQ/WwqBqKpawjXcLapHukMF3Fjbo99AIEyDz6RtVwED1i0i8tycgMH1MDSPQh1npqsEwSaJqumJQOjSJG27MzESZSEOAdYe3GjEg5obORLqDZISEYwh32S+cWIcaSX6BdC7XwA6v99BV3UIr3/pilvCynmz8BjQRqhsg/Uz0VB+29EWm9/wbZgNgJ3Z4agT7pAKuljATGL0GdfSCux21RpdrOsiWVdw+oS+gTXBoSutDwtwrLzoQ==',
  'body' => 'c7f2458e-3a33-4ace-b1a6-75dab7624ea6',
  'buyer_id' => '2088002317879955',
  'invoice_amount' => '18.00',
  'notify_id' => '8b5052de7c8d5840f01a44a2aa48b34nby',
  'fund_bill_list' => '[{"amount":"18.00","fundChannel":"ALIPAYACCOUNT"}]',
  'notify_type' => 'trade_status_sync',
  'trade_status' => 'TRADE_SUCCESS',
  'receipt_amount' => '18.00',
  'app_id' => '2017021605702899',
  'buyer_pay_amount' => '18.00',
  'sign_type' => 'RSA2',
  'seller_id' => '2088221931936835',
  'gmt_payment' => '2017-11-02 19:35:29',
  'notify_time' => '2017-11-02 19:35:29',
  'version' => '1.0',
  'out_trade_no' => '1ab84f9bd8d64482961c281573877fed',
  'total_amount' => '18.00',
  'trade_no' => '2017110221001004950225649427',
  'auth_app_id' => '2017021605702899',
  'buyer_logon_id' => '234***@qq.com',
  'point_amount' => '0.00',
)
[2017-11-02 19:35:34][58.251.80.44][INFO]微信支付 成功:回调信息是:array (
  'appid' => 'wxcb8a76fe730b5964',
  'attach' => '1141501e-674b-4748-859e-6621ecdb5bed',
  'bank_type' => 'CFT',
  'cash_fee' => '2000',
  'fee_type' => 'CNY',
  'is_subscribe' => 'Y',
  'mch_id' => '1352470102',
  'nonce_str' => '4nfl4y3w2hk993uqcnvl1ceef1hqfpz2',
  'openid' => 'oFqowwMK1Nz9k3mcgzaHp_7aKigM',
  'out_trade_no' => 'a27b7883d3c349d090a2a4b729e72b50',
  'result_code' => 'SUCCESS',
  'return_code' => 'SUCCESS',
  'sign' => 'BF4FF37CE4617B4192BED50B9108CE69',
  'time_end' => '20171102193533',
  'total_fee' => '2000',
  'trade_type' => 'NATIVE',
  'transaction_id' => '4200000026201711022004524691',
)
[2017-11-02 19:43:06][110.75.248.44][INFO]支付宝支付 :回调信息是:array (
  'gmt_create' => '2017-11-02 19:43:06',
  'charset' => 'utf-8',
  'seller_email' => 'qiyue@pp158.com',
  'notify_time' => '2017-11-02 19:43:06',
  'subject' => 'pp游戏账单支付',
  'sign' => 'Ind6FxaoI1VWrrkW0NxsjsQjCTm2AYVfrPZOzH/S8kV85nPEQxJFCMiFhAwKrp0tSeSTwLxKtapFYBM5KTt6hn9/8vPevnuPPl8JzVB3f5iSRTf6mmQlp1DtJpSOUb52+LkSTLFkqiwXIiInuJwNZUxBWTu3H3+WPbtWPgdQqJgN4Ynt9njgSfFGsW3s2X//7kMk0ogPnDeKJpWskHRDKp7jOXdbbYehtCoTof5p3nEeWWqAedoIji+0/iHigq4s1sqydrhJbWeZ+dYQh6HL1arJSi2o9KWEwZRwS6pDxtQPnTI7KUkacRyOXi6RBFKuWnioEogsCqpIAo4fILMFkQ==',
  'body' => '88532159-8cd4-4248-966a-406c72259e2a',
  'buyer_id' => '2088502977946777',
  'version' => '1.0',
  'notify_id' => 'c32c65f0e3b16a8a26436b2ede20701lzc',
  'notify_type' => 'trade_status_sync',
  'out_trade_no' => 'f3eaa3f4a4b041d69b912fa7b007d430',
  'total_amount' => '50.00',
  'trade_status' => 'WAIT_BUYER_PAY',
  'trade_no' => '2017110221001004775254730735',
  'auth_app_id' => '2017021605702899',
  'buyer_logon_id' => '584***@qq.com',
  'app_id' => '2017021605702899',
  'sign_type' => 'RSA2',
  'seller_id' => '2088221931936835',
)
[2017-11-02 19:43:13][110.75.248.147][INFO]支付宝支付 成功:回调信息是:array (
  'gmt_create' => '2017-11-02 19:43:06',
  'charset' => 'utf-8',
  'seller_email' => 'qiyue@pp158.com',
  'subject' => 'pp游戏账单支付',
  'sign' => 'd3OKSizMHYYMjW8Xrx/CtpDm25+f+UJehS37NFrJkFdxENrmcyrCync2zHM8FPIAejnWer34gmk2UG7YaZf77rSiB1cDlFeoShsJfHFbfJ8Hw0TxKXfNp6aaY8iOD897uOJWWazYyxvuPvdTRlblwTdScw7WSZPI6SitcSnjdM7cYPJVIS/PWkvGQ9JV364hnRTDyUUSsJqPwvaEXrQCOBHG2tZmY9wuqHAqFde0CX4K+hot3drtURSEeHRqIM7En/zkfmeZa7G+oY71I8DWjRoCjPwCg7Jm3Uspzeod7HLGQdPDbrMI7ngEHDl0AK7N//jqzCBoiUSMrAz7iPLmjg==',
  'body' => '88532159-8cd4-4248-966a-406c72259e2a',
  'buyer_id' => '2088502977946777',
  'invoice_amount' => '50.00',
  'notify_id' => '11d87e00a632151f551bb8ced2296f8lzc',
  'fund_bill_list' => '[{"amount":"50.00","fundChannel":"ALIPAYACCOUNT"}]',
  'notify_type' => 'trade_status_sync',
  'trade_status' => 'TRADE_SUCCESS',
  'receipt_amount' => '50.00',
  'app_id' => '2017021605702899',
  'buyer_pay_amount' => '50.00',
  'sign_type' => 'RSA2',
  'seller_id' => '2088221931936835',
  'gmt_payment' => '2017-11-02 19:43:13',
  'notify_time' => '2017-11-02 19:43:13',
  'version' => '1.0',
  'out_trade_no' => 'f3eaa3f4a4b041d69b912fa7b007d430',
  'total_amount' => '50.00',
  'trade_no' => '2017110221001004775254730735',
  'auth_app_id' => '2017021605702899',
  'buyer_logon_id' => '584***@qq.com',
  'point_amount' => '0.00',
)
[2017-11-02 19:43:45][58.251.80.60][INFO]微信支付 成功:回调信息是:array (
  'appid' => 'wxcb8a76fe730b5964',
  'attach' => 'e644ba7d-60e3-4a22-a80d-968df197b189',
  'bank_type' => 'CFT',
  'cash_fee' => '1800',
  'fee_type' => 'CNY',
  'is_subscribe' => 'Y',
  'mch_id' => '1352470102',
  'nonce_str' => '1ghct0pkbx164dxhlp7x5xrmk9pgxank',
  'openid' => 'oFqowwPecPdyqZErJ3CuT6fx8vKc',
  'out_trade_no' => 'a74797c4e2664d94ac74b3b16ec2b7d2',
  'result_code' => 'SUCCESS',
  'return_code' => 'SUCCESS',
  'sign' => 'D5868DB5961B9B6BC4D9946180D87EFB',
  'time_end' => '20171102194344',
  'total_fee' => '1800',
  'trade_type' => 'JSAPI',
  'transaction_id' => '4200000027201711022005078322',
)
[2017-11-02 19:49:36][140.207.54.75][INFO]微信支付 成功:回调信息是:array (
  'appid' => 'wxcb8a76fe730b5964',
  'attach' => 'ab8b0d27-e004-4965-8392-e8adf671071e',
  'bank_type' => 'CFT',
  'cash_fee' => '2000',
  'fee_type' => 'CNY',
  'is_subscribe' => 'Y',
  'mch_id' => '1352470102',
  'nonce_str' => 'rvsyjnvnzksv001wb1m4l5l5eomd0z2o',
  'openid' => 'oFqowwMK1Nz9k3mcgzaHp_7aKigM',
  'out_trade_no' => '2752b34fe697428cb5dca8ad57cb56c0',
  'result_code' => 'SUCCESS',
  'return_code' => 'SUCCESS',
  'sign' => 'B1DD12CBDBCDA97B537A5D378927BD54',
  'time_end' => '20171102194936',
  'total_fee' => '2000',
  'trade_type' => 'NATIVE',
  'transaction_id' => '4200000001201711022006992557',
)
[2017-11-02 19:51:19][140.207.54.74][INFO]微信支付 成功:回调信息是:array (
  'appid' => 'wxcb8a76fe730b5964',
  'attach' => 'fbc9d0d7-582d-4742-8461-c3637e6452b5',
  'bank_type' => 'ABC_DEBIT',
  'cash_fee' => '500',
  'fee_type' => 'CNY',
  'is_subscribe' => 'N',
  'mch_id' => '1352470102',
  'nonce_str' => 'ymy8il9p9dvzlosnwxazursm88fqy0el',
  'openid' => 'oFqowwCdTLVcLZsbmaI-_iJmkz3g',
  'out_trade_no' => '0dace3576ab140b7a345c26d72137bc6',
  'result_code' => 'SUCCESS',
  'return_code' => 'SUCCESS',
  'sign' => '2C7421232E41392623CCFF4CC5D9B793',
  'time_end' => '20171102195119',
  'total_fee' => '500',
  'trade_type' => 'NATIVE',
  'transaction_id' => '4200000013201711022003535764',
)
[2017-11-02 19:51:24][203.209.227.38][INFO]支付宝支付 :回调信息是:array (
  'gmt_create' => '2017-11-02 19:51:24',
  'charset' => 'utf-8',
  'seller_email' => 'qiyue@pp158.com',
  'notify_time' => '2017-11-02 19:51:24',
  'subject' => 'pp游戏账单支付',
  'sign' => 'IRYg1j9gpRQc3LC2AzasEScCjEqhoO+Yyytfako0T+DtnshMZa2y7nHVl3q5/v2jw1NXAU8hJg+CnKjrnVwLC93rCTDhAnWdopp/n/i1KVwIdk71DYqU9VLMb3Q1lAES8f5GpF6/Jofa5OBuqcDPOcRExO6KZKFxmWLnx2fJvpx+cUXJi4p8NzsgT5Ui/n6AgrOmmDNrro3KnqGVoqf2LK6XdBaS9RNRtnJ1NbhetXtPfZ8zcFnk8NzY6y0n7pUyP3PX6fhsGVnGnnMutb1eaPd63CuP6XjYTqcMLE/OS551VFfJMmiWtWVfHL0BenrtvBg/a0yjaVK7sgzJ2Ufr+A==',
  'body' => '47acbd8a-eb20-478f-b18c-78efc216d197',
  'buyer_id' => '2088522661691558',
  'version' => '1.0',
  'notify_id' => '27e8d5122d2b0ebd2fef94e9bb67aacka9',
  'notify_type' => 'trade_status_sync',
  'out_trade_no' => 'd02ca86fa0e945e6ac1760170f368e7a',
  'total_amount' => '20.00',
  'trade_status' => 'WAIT_BUYER_PAY',
  'trade_no' => '2017110221001004555312713443',
  'auth_app_id' => '2017021605702899',
  'buyer_logon_id' => '180****9600',
  'app_id' => '2017021605702899',
  'sign_type' => 'RSA2',
  'seller_id' => '2088221931936835',
)
[2017-11-02 19:51:57][58.251.80.53][INFO]微信支付 成功:回调信息是:array (
  'appid' => 'wxcb8a76fe730b5964',
  'attach' => 'a84487d2-c85f-47a1-9393-3200da5affc7',
  'bank_type' => 'CFT',
  'cash_fee' => '500',
  'fee_type' => 'CNY',
  'is_subscribe' => 'N',
  'mch_id' => '1352470102',
  'nonce_str' => 'ho2j2cj5hnr6fhhx130old5o55zv4j7d',
  'openid' => 'oFqowwJL0pwNew6FvRpIiiqM25TE',
  'out_trade_no' => '3c350c526620445f9313b37a0db40768',
  'result_code' => 'SUCCESS',
  'return_code' => 'SUCCESS',
  'sign' => '573776646DCD3A85C9362E914B3A8F5E',
  'time_end' => '20171102195156',
  'total_fee' => '500',
  'trade_type' => 'NATIVE',
  'transaction_id' => '4200000024201711022003597688',
)
[2017-11-02 19:52:56][58.251.80.49][INFO]微信支付 成功:回调信息是:array (
  'appid' => 'wxcb8a76fe730b5964',
  'attach' => '0313eb68-09b0-4c3d-a83b-45e40fef3a4a',
  'bank_type' => 'CFT',
  'cash_fee' => '500',
  'fee_type' => 'CNY',
  'is_subscribe' => 'N',
  'mch_id' => '1352470102',
  'nonce_str' => '5ud3zyq0u74243hj1b2nmje6jrabdmkg',
  'openid' => 'oFqowwKD7RLzBtbOBuhwIhTj6BoI',
  'out_trade_no' => '7ad00e0fc0514100a6d75c24983ef91e',
  'result_code' => 'SUCCESS',
  'return_code' => 'SUCCESS',
  'sign' => '2C23E2A6C58B47607FCA0441E8695E21',
  'time_end' => '20171102195256',
  'total_fee' => '500',
  'trade_type' => 'NATIVE',
  'transaction_id' => '4200000025201711022007223832',
)
[2017-11-02 19:52:59][140.207.54.74][INFO]微信支付 成功:回调信息是:array (
  'appid' => 'wxcb8a76fe730b5964',
  'attach' => 'ab8b0d27-e004-4965-8392-e8adf671071e',
  'bank_type' => 'CFT',
  'cash_fee' => '500',
  'fee_type' => 'CNY',
  'is_subscribe' => 'Y',
  'mch_id' => '1352470102',
  'nonce_str' => '22jmjeosllcm1azyvhk4yj7ogbnp7x9g',
  'openid' => 'oFqowwMK1Nz9k3mcgzaHp_7aKigM',
  'out_trade_no' => '808bbc28688d46c2866bc25259e3b536',
  'result_code' => 'SUCCESS',
  'return_code' => 'SUCCESS',
  'sign' => '1C697386D82751240ED52140DB758549',
  'time_end' => '20171102195259',
  'total_fee' => '500',
  'trade_type' => 'NATIVE',
  'transaction_id' => '4200000012201711022003711639',
)
[2017-11-02 19:57:20][140.207.54.76][INFO]微信支付 成功:回调信息是:array (
  'appid' => 'wxcb8a76fe730b5964',
  'attach' => '382a15f9-3d3e-422d-9a28-5885e80e74d4',
  'bank_type' => 'CFT',
  'cash_fee' => '2000',
  'fee_type' => 'CNY',
  'is_subscribe' => 'Y',
  'mch_id' => '1352470102',
  'nonce_str' => '3qw58c20h648oism7q5ayh82mhengmx0',
  'openid' => 'oFqowwJc7JZxQp_A5bb44Tt4_61c',
  'out_trade_no' => '170383326ca1435d86f3d6c1dc18406a',
  'result_code' => 'SUCCESS',
  'return_code' => 'SUCCESS',
  'sign' => '4082C07DDBE09118A3E577104BCD1F3D',
  'time_end' => '20171102195720',
  'total_fee' => '2000',
  'trade_type' => 'NATIVE',
  'transaction_id' => '4200000028201711022008582555',
)
[2017-11-02 19:58:59][140.207.54.76][INFO]微信支付 成功:回调信息是:array (
  'appid' => 'wxcb8a76fe730b5964',
  'attach' => 'ab8b0d27-e004-4965-8392-e8adf671071e',
  'bank_type' => 'CFT',
  'cash_fee' => '2000',
  'fee_type' => 'CNY',
  'is_subscribe' => 'Y',
  'mch_id' => '1352470102',
  'nonce_str' => 'pwo7c2woey5zvf8cd1ljttqsa83ti0to',
  'openid' => 'oFqowwMK1Nz9k3mcgzaHp_7aKigM',
  'out_trade_no' => 'a5894e035b2140ad9c6aa10b2837e121',
  'result_code' => 'SUCCESS',
  'return_code' => 'SUCCESS',
  'sign' => '1F5C1A1B02DB934B0A3C1AAC68DA8818',
  'time_end' => '20171102195859',
  'total_fee' => '2000',
  'trade_type' => 'NATIVE',
  'transaction_id' => '4200000006201711022003998734',
)
