[2017-11-02 20:00:01][58.251.80.49][INFO]微信支付 成功:回调信息是:array (
  'appid' => 'wxcb8a76fe730b5964',
  'attach' => '360c255a-c031-4de5-97db-9a7769ca8626',
  'bank_type' => 'CFT',
  'cash_fee' => '2000',
  'fee_type' => 'CNY',
  'is_subscribe' => 'N',
  'mch_id' => '1352470102',
  'nonce_str' => 'nvny0v7vwwq3yoenbmdw20ubc478rmwt',
  'openid' => 'oFqowwNTyo6j26_QQhYUOW8c1JPg',
  'out_trade_no' => '06b425b4bb764d19adf924b44c34be47',
  'result_code' => 'SUCCESS',
  'return_code' => 'SUCCESS',
  'sign' => '5541EE5A6CBFFB0E84712A5664EA4004',
  'time_end' => '20171102200001',
  'total_fee' => '2000',
  'trade_type' => 'NATIVE',
  'transaction_id' => '4200000010201711022007566573',
)
[2017-11-02 20:04:33][203.209.234.6][INFO]支付宝支付 :回调信息是:array (
  'gmt_create' => '2017-11-02 20:04:33',
  'charset' => 'utf-8',
  'seller_email' => 'qiyue@pp158.com',
  'notify_time' => '2017-11-02 20:04:33',
  'subject' => 'pp游戏账单支付',
  'sign' => 'Iv3SnOBut1HSrEyPXutI54Qi9XWSmOW16Dq4AI8a+h8spmLRelbGY0MMusfHt0kSizSe/lAv6EFrlnIlWLD4BDLRjSD5nvciOLhkfCEbr2ZzgrcnDxIRviDwFC+RTwWg0ZW8HU/omgNkbd+cHmGzuDqajFJLbNDT7mFEKzuKoPdAYuHdh2Zf7mzhDhLz1zNboxmN7wC8ABE8B3n79bz6TjCnJRS+mgRvjZJPokfCbAimfEJKpsmURwJMK03+uEWUH8H0Gl/ciWY9gH912dag9+hnWgVp1QIECFEOA3oKGVxUHlm94YBHkapwZCimy+Soimlyp5bwBxxEAVrHNZYyVQ==',
  'body' => '3493cc70-654e-4533-a2ad-dca1354e570e',
  'buyer_id' => '2088902502140812',
  'version' => '1.0',
  'notify_id' => '7ea0dded39335101244d2825cff6389mag',
  'notify_type' => 'trade_status_sync',
  'out_trade_no' => '6848074320ac418c96769b4a8695cdc7',
  'total_amount' => '20.00',
  'trade_status' => 'WAIT_BUYER_PAY',
  'trade_no' => '2017110221001004815287492196',
  'auth_app_id' => '2017021605702899',
  'buyer_logon_id' => '138****9121',
  'app_id' => '2017021605702899',
  'sign_type' => 'RSA2',
  'seller_id' => '2088221931936835',
)
[2017-11-02 20:04:38][203.209.234.223][INFO]支付宝支付 成功:回调信息是:array (
  'gmt_create' => '2017-11-02 20:04:33',
  'charset' => 'utf-8',
  'seller_email' => 'qiyue@pp158.com',
  'subject' => 'pp游戏账单支付',
  'sign' => 'Jd98c+z/Wy2yknqypF5WfYZ0bOjJz2YHk1njjFmxKiD4mZhbZdFzCbwP29fYRKJXptkE11I1I8hlkboEwliK3tlO4Va4ZuBWcQc3cjOEk+nZjbqo8V7K95n1S80chGU0IEXE52Bv3hcCXGOxF1l4TNT5/LAOx5DKY7yIkJkUoaK/EZqcBNhryZIxXWJeI6PKvHN8FN50Jwn2SKxS2247Zenp1fNmPD4COUtZMzBzICtX1RfVQT7qhbZ6xsJh39MTo96cHnmWwvn+GdRWxqYPUrwir0+46nH5DRadbh3FcTVUyuIjT46Jsc4Xl/1b9e0eTSjvc94SKXIMy13iIrHe+g==',
  'body' => '3493cc70-654e-4533-a2ad-dca1354e570e',
  'buyer_id' => '2088902502140812',
  'invoice_amount' => '20.00',
  'notify_id' => 'c9d055c6ee267d06f5448f5ca40b789mag',
  'fund_bill_list' => '[{"amount":"20.00","fundChannel":"ALIPAYACCOUNT"}]',
  'notify_type' => 'trade_status_sync',
  'trade_status' => 'TRADE_SUCCESS',
  'receipt_amount' => '20.00',
  'app_id' => '2017021605702899',
  'buyer_pay_amount' => '20.00',
  'sign_type' => 'RSA2',
  'seller_id' => '2088221931936835',
  'gmt_payment' => '2017-11-02 20:04:38',
  'notify_time' => '2017-11-02 20:04:38',
  'version' => '1.0',
  'out_trade_no' => '6848074320ac418c96769b4a8695cdc7',
  'total_amount' => '20.00',
  'trade_no' => '2017110221001004815287492196',
  'auth_app_id' => '2017021605702899',
  'buyer_logon_id' => '138****9121',
  'point_amount' => '0.00',
)
[2017-11-02 20:06:11][58.251.80.49][INFO]微信支付 成功:回调信息是:array (
  'appid' => 'wxcb8a76fe730b5964',
  'attach' => '360c255a-c031-4de5-97db-9a7769ca8626',
  'bank_type' => 'CFT',
  'cash_fee' => '2000',
  'fee_type' => 'CNY',
  'is_subscribe' => 'N',
  'mch_id' => '1352470102',
  'nonce_str' => 'm3ki9qwojwaq6emsr6hzc9xrikwf4zes',
  'openid' => 'oFqowwNTyo6j26_QQhYUOW8c1JPg',
  'out_trade_no' => '15b8a5ec30f7436ba056c96c642676e8',
  'result_code' => 'SUCCESS',
  'return_code' => 'SUCCESS',
  'sign' => '4CA11D7E73A34A4110CA75339053779B',
  'time_end' => '20171102200610',
  'total_fee' => '2000',
  'trade_type' => 'NATIVE',
  'transaction_id' => '4200000002201711022009185444',
)
[2017-11-02 20:09:23][140.207.54.76][INFO]微信支付 成功:回调信息是:array (
  'appid' => 'wxcb8a76fe730b5964',
  'attach' => 'c461f95f-f465-4d72-b157-14d83b2e9725',
  'bank_type' => 'CFT',
  'cash_fee' => '500',
  'fee_type' => 'CNY',
  'is_subscribe' => 'N',
  'mch_id' => '1352470102',
  'nonce_str' => 'uz6uaezojnxd9mdlp3kpxwqc08pife0h',
  'openid' => 'oFqowwG6u8Fdgbyd0Z0CrtObtYFw',
  'out_trade_no' => '64a083e48d9a42b5bf9f0ccf470c3851',
  'result_code' => 'SUCCESS',
  'return_code' => 'SUCCESS',
  'sign' => 'F871B85870C03F3AAB5BE6873FB53E38',
  'time_end' => '20171102200923',
  'total_fee' => '500',
  'trade_type' => 'NATIVE',
  'transaction_id' => '4200000023201711022012664222',
)
[2017-11-02 20:09:39][140.207.54.76][INFO]微信支付 成功:回调信息是:array (
  'appid' => 'wxcb8a76fe730b5964',
  'attach' => 'ab8b0d27-e004-4965-8392-e8adf671071e',
  'bank_type' => 'CFT',
  'cash_fee' => '2000',
  'fee_type' => 'CNY',
  'is_subscribe' => 'Y',
  'mch_id' => '1352470102',
  'nonce_str' => 'qdc0f0b8l5xpmwzt25wf4xf5zp6kiet6',
  'openid' => 'oFqowwMK1Nz9k3mcgzaHp_7aKigM',
  'out_trade_no' => 'd6c6793f0be2487ba0af775a5c0b08ca',
  'result_code' => 'SUCCESS',
  'return_code' => 'SUCCESS',
  'sign' => '1B3ADC72811CFC97F8DC0E73AA55CEF3',
  'time_end' => '20171102200938',
  'total_fee' => '2000',
  'trade_type' => 'NATIVE',
  'transaction_id' => '4200000018201711022009386475',
)
[2017-11-02 20:11:00][58.251.80.56][INFO]微信支付 成功:回调信息是:array (
  'appid' => 'wxcb8a76fe730b5964',
  'attach' => 'c461f95f-f465-4d72-b157-14d83b2e9725',
  'bank_type' => 'CFT',
  'cash_fee' => '500',
  'fee_type' => 'CNY',
  'is_subscribe' => 'N',
  'mch_id' => '1352470102',
  'nonce_str' => 'gpfem057ujdwoapg7ak1vziczog1l66e',
  'openid' => 'oFqowwG6u8Fdgbyd0Z0CrtObtYFw',
  'out_trade_no' => '313c228c297a46c086e0f349d1edd304',
  'result_code' => 'SUCCESS',
  'return_code' => 'SUCCESS',
  'sign' => '5083A7E4C931ABC43FF0DFC80C1711B9',
  'time_end' => '20171102201059',
  'total_fee' => '500',
  'trade_type' => 'NATIVE',
  'transaction_id' => '4200000010201711022012781869',
)
[2017-11-02 20:15:08][140.207.54.74][INFO]微信支付 成功:回调信息是:array (
  'appid' => 'wxcb8a76fe730b5964',
  'attach' => '360c255a-c031-4de5-97db-9a7769ca8626',
  'bank_type' => 'CFT',
  'cash_fee' => '2000',
  'fee_type' => 'CNY',
  'is_subscribe' => 'N',
  'mch_id' => '1352470102',
  'nonce_str' => '7xoojv1gdltppxt1wmhsllntsz8jrher',
  'openid' => 'oFqowwNTyo6j26_QQhYUOW8c1JPg',
  'out_trade_no' => '442cf322ab7f4b64899fa4d37bfa443b',
  'result_code' => 'SUCCESS',
  'return_code' => 'SUCCESS',
  'sign' => '6245B560ACA9A715CF4107A2BC32F2BC',
  'time_end' => '20171102201508',
  'total_fee' => '2000',
  'trade_type' => 'NATIVE',
  'transaction_id' => '4200000027201711022014432814',
)
[2017-11-02 20:15:58][203.209.232.113][INFO]支付宝支付 成功:回调信息是:array (
  'gmt_create' => '2017-11-02 20:15:57',
  'charset' => 'UTF-8',
  'seller_email' => 'qiyue@pp158.com',
  'subject' => 'pp游戏账单支付',
  'sign' => 'RRbcGKBcIO786kJms3FG6ZkacA4I2mvRnWrfVu6BAGganWt7Bpjavo/ouorh+ljBtsz+JdcL6NuQDoov6IPct99HrmVeQpgz5lVj760cqvdDc+S30Ym/bjbIUb+r7KVxj2wqGvzI2QTde5IzTPCfegqfihI2c4jKcQJWvxRnZ60LjzhTEa1QLA2AIIxWi1ZcWvswlqAxm148h0heDExrHrk1W/ObPlnYwjHfGp/KrO0NOzH24ewQfjXgf1jyZ9VASkEg/87s1/jBaBBIRu0Nqkttx+2/VeABP8eVXCD1E9zwVOTgfNKWpMZ6fGyVeVtW4IO5NUY+s47KX10BIkrGCQ==',
  'body' => '622a7705-4363-4225-9282-e4990df10174',
  'buyer_id' => '2088212450522124',
  'invoice_amount' => '18.00',
  'notify_id' => '5c17cb9fb23aacc23d205ff0da63a55gxe',
  'fund_bill_list' => '[{"amount":"18.00","fundChannel":"ALIPAYACCOUNT"}]',
  'notify_type' => 'trade_status_sync',
  'trade_status' => 'TRADE_SUCCESS',
  'receipt_amount' => '18.00',
  'app_id' => '2017021605702899',
  'buyer_pay_amount' => '18.00',
  'sign_type' => 'RSA2',
  'seller_id' => '2088221931936835',
  'gmt_payment' => '2017-11-02 20:15:57',
  'notify_time' => '2017-11-02 20:15:58',
  'version' => '1.0',
  'out_trade_no' => '43c8e8d35f0248499f14159517dfd710',
  'total_amount' => '18.00',
  'trade_no' => '2017110221001004120254325539',
  'auth_app_id' => '2017021605702899',
  'buyer_logon_id' => '177****7779',
  'point_amount' => '0.00',
)
[2017-11-02 20:17:08][58.251.80.44][INFO]微信支付 成功:回调信息是:array (
  'appid' => 'wxcb8a76fe730b5964',
  'attach' => 'ab8b0d27-e004-4965-8392-e8adf671071e',
  'bank_type' => 'CFT',
  'cash_fee' => '2000',
  'fee_type' => 'CNY',
  'is_subscribe' => 'Y',
  'mch_id' => '1352470102',
  'nonce_str' => '8ldwdg4gejpdcdjw91b890ozf2tr61o5',
  'openid' => 'oFqowwMK1Nz9k3mcgzaHp_7aKigM',
  'out_trade_no' => 'a05f021ce217468181fe405db0bfe9ca',
  'result_code' => 'SUCCESS',
  'return_code' => 'SUCCESS',
  'sign' => '3F53D017802CEED24556A2339E2393A5',
  'time_end' => '20171102201707',
  'total_fee' => '2000',
  'trade_type' => 'NATIVE',
  'transaction_id' => '4200000002201711022009841107',
)
[2017-11-02 20:19:16][58.251.80.55][INFO]微信支付 成功:回调信息是:array (
  'appid' => 'wxcb8a76fe730b5964',
  'attach' => 'ba9e17b3-6be0-4ee5-b731-c7e2fa2a4ef7',
  'bank_type' => 'CFT',
  'cash_fee' => '500',
  'fee_type' => 'CNY',
  'is_subscribe' => 'Y',
  'mch_id' => '1352470102',
  'nonce_str' => 'xziv79rxdzvkd5ctx9cdnhv50d1muka4',
  'openid' => 'oFqowwMK1Nz9k3mcgzaHp_7aKigM',
  'out_trade_no' => 'e1292f2270504fd0b82828e2b69191c0',
  'result_code' => 'SUCCESS',
  'return_code' => 'SUCCESS',
  'sign' => 'E7CC55AF76BA602779CDBD995B9F21F1',
  'time_end' => '20171102201916',
  'total_fee' => '500',
  'trade_type' => 'NATIVE',
  'transaction_id' => '4200000004201711022011263850',
)
[2017-11-02 20:19:54][140.207.54.76][INFO]微信支付 成功:回调信息是:array (
  'appid' => 'wxcb8a76fe730b5964',
  'attach' => 'ba9e17b3-6be0-4ee5-b731-c7e2fa2a4ef7',
  'bank_type' => 'CFT',
  'cash_fee' => '500',
  'fee_type' => 'CNY',
  'is_subscribe' => 'Y',
  'mch_id' => '1352470102',
  'nonce_str' => 'oeyyrmb4qpga6o5zxad8dhn4kz99l619',
  'openid' => 'oFqowwMK1Nz9k3mcgzaHp_7aKigM',
  'out_trade_no' => '34dd64156a454c41bb517d73f0f1b1b6',
  'result_code' => 'SUCCESS',
  'return_code' => 'SUCCESS',
  'sign' => 'CAD6C26AD87575523BD845E33EA2B5F8',
  'time_end' => '20171102201954',
  'total_fee' => '500',
  'trade_type' => 'NATIVE',
  'transaction_id' => '4200000023201711022013351701',
)
[2017-11-02 20:23:38][203.209.226.200][INFO]支付宝支付 :回调信息是:array (
  'gmt_create' => '2017-11-02 20:23:38',
  'charset' => 'utf-8',
  'seller_email' => 'qiyue@pp158.com',
  'notify_time' => '2017-11-02 20:23:38',
  'subject' => 'pp游戏账单支付',
  'sign' => 'Ok7/9FcGRpCDAG3mXv0HGpt0Qw1/kq76NDrZz8+uc5d5TEdWMWo017tRbgr/YsBynuzEWOjZ8IzYPlyfyAQdz0ZbiSLSn9Wat9KQhnXAXJOXveNWJtwXAj3FR9Kwq29V1mBvp5x9Jdj4xSly6bd8dmYjZbnxr2FmJ07dbuMvAOiUCG/ebH1m1KlJB0v8waxZORxOnH13kRPrpwHGXWoapPgtOWqxu282EaVqiw7+vZy2j/U6b/FfJSyborviD5kTERemQSi6D5yaKKphnEGtIvvmO18C5jO7kmu/aesF3p17VmaTl2sZw6bzCk55XXEy6a4zojGsSxbmBZJAYvKyhQ==',
  'body' => '41779d89-b52b-4fe9-9e05-cad43762bb5e',
  'buyer_id' => '2088912998689236',
  'version' => '1.0',
  'notify_id' => '5652ecdc8009fab035e6b4b80b071aahtc',
  'notify_type' => 'trade_status_sync',
  'out_trade_no' => '94fc0877530e4032833bd4c97526a6ad',
  'total_amount' => '5.00',
  'trade_status' => 'WAIT_BUYER_PAY',
  'trade_no' => '2017110221001004235201063211',
  'auth_app_id' => '2017021605702899',
  'buyer_logon_id' => '182****4824',
  'app_id' => '2017021605702899',
  'sign_type' => 'RSA2',
  'seller_id' => '2088221931936835',
)
[2017-11-02 20:23:45][203.209.226.19][INFO]支付宝支付 成功:回调信息是:array (
  'gmt_create' => '2017-11-02 20:23:38',
  'charset' => 'utf-8',
  'seller_email' => 'qiyue@pp158.com',
  'subject' => 'pp游戏账单支付',
  'sign' => 'KlZMYBKpo82O+/Nz+NsXq/4f205b9UqS0vb3s+5GW7yCjrVDLfWXvmd6ICxKW2z/8hqol6vdJX2f99UQXkl0jnhUoEaxctvc7d/EHuNXxP6p9X+EI+lolGfNDxDL9C8x53ekShcU5tbkHgfYpkiIGZUar/VIqPUVxUswMeq5KkHS9W+qm1ZylIr0yJQO4+ter+Y+Gc57FZdaO0164LXv4d/QUIbGaiaiQwVPzrYy+H8GxUqEV1azJj1VC2cIjml9UMxlcls4zYkmIY284VCnVQgtxyxslnEzYnK42JfCj/KGz1YqQgqZXibHPz7qZdquZPP0PLqNAXsTQR0bAH+lXA==',
  'body' => '41779d89-b52b-4fe9-9e05-cad43762bb5e',
  'buyer_id' => '2088912998689236',
  'invoice_amount' => '5.00',
  'notify_id' => '1d2337accf4abd4150b91cb7f84b404htc',
  'fund_bill_list' => '[{"amount":"5.00","fundChannel":"PCREDIT"}]',
  'notify_type' => 'trade_status_sync',
  'trade_status' => 'TRADE_SUCCESS',
  'receipt_amount' => '5.00',
  'app_id' => '2017021605702899',
  'buyer_pay_amount' => '5.00',
  'sign_type' => 'RSA2',
  'seller_id' => '2088221931936835',
  'gmt_payment' => '2017-11-02 20:23:44',
  'notify_time' => '2017-11-02 20:23:45',
  'version' => '1.0',
  'out_trade_no' => '94fc0877530e4032833bd4c97526a6ad',
  'total_amount' => '5.00',
  'trade_no' => '2017110221001004235201063211',
  'auth_app_id' => '2017021605702899',
  'buyer_logon_id' => '182****4824',
  'point_amount' => '0.00',
)
[2017-11-02 20:24:38][140.207.54.76][INFO]微信支付 成功:回调信息是:array (
  'appid' => 'wxcb8a76fe730b5964',
  'attach' => 'cfbb9e9e-2906-476c-a38e-f8318569b5d6',
  'bank_type' => 'CFT',
  'cash_fee' => '2000',
  'fee_type' => 'CNY',
  'is_subscribe' => 'N',
  'mch_id' => '1352470102',
  'nonce_str' => 'xjn9ba3ihwyhyk0416nqiom0s4bum1lh',
  'openid' => 'oFqowwHwRkDceO13xnajk3UtI87E',
  'out_trade_no' => '1b78aee1600b4d228357f38c1025565f',
  'result_code' => 'SUCCESS',
  'return_code' => 'SUCCESS',
  'sign' => '124DA5AC0821A958B9F92399D2A2EE4B',
  'time_end' => '20171102202438',
  'total_fee' => '2000',
  'trade_type' => 'NATIVE',
  'transaction_id' => '4200000026201711022016350616',
)
[2017-11-02 20:24:47][203.209.232.23][INFO]支付宝支付 :回调信息是:array (
  'gmt_create' => '2017-11-02 20:24:47',
  'charset' => 'utf-8',
  'seller_email' => 'qiyue@pp158.com',
  'notify_time' => '2017-11-02 20:24:47',
  'subject' => 'pp游戏账单支付',
  'sign' => 'cr7EBrt/XumhYBfhh98g72xX4o94DihYhLr1Y97GjT4m1Qo7qqg0VFIpPLLhmHpuzr9/myUF/Gf7LDEp9GixphBIfdFFY+iXbK6oZVD8286MITjGWWNCt7th+9SMoV69D2qXcVOSPGCkvQWzAAUXq/Vei2lKmno7nfFHrH4dEXil3V+1+MMsidlfNYYbKxjwy1cPjyJzZfhsTWG9Qv3ns8+lTxcPymUI67c+RvTuEx34H/jwJ1jIRhkaE0agXLBA9OskSX/kJa/qu8/Y96lEd2gL1zVrbRxI7Mcb0FzXv9pNpzxFX1iejkx5pU9v/YttQl6pmt9Cu6RS2PhrR+d6uw==',
  'body' => '01b559c0-b4a8-4bfd-a6bf-d42e3807da41',
  'buyer_id' => '2088122640065156',
  'version' => '1.0',
  'notify_id' => 'aac7bb94d12a619fc0c50b28bb37bb5h74',
  'notify_type' => 'trade_status_sync',
  'out_trade_no' => '15b3ab3598af4aaba46d464eb21800d2',
  'total_amount' => '5.00',
  'trade_status' => 'WAIT_BUYER_PAY',
  'trade_no' => '2017110221001004155258025280',
  'auth_app_id' => '2017021605702899',
  'buyer_logon_id' => '155****7190',
  'app_id' => '2017021605702899',
  'sign_type' => 'RSA2',
  'seller_id' => '2088221931936835',
)
[2017-11-02 20:24:53][203.209.232.55][INFO]支付宝支付 成功:回调信息是:array (
  'gmt_create' => '2017-11-02 20:24:47',
  'charset' => 'utf-8',
  'seller_email' => 'qiyue@pp158.com',
  'subject' => 'pp游戏账单支付',
  'sign' => 'AICmvLiUoUKlwubj5dF/eNEjQnAVLLwFWLZEKWt9UuQV10LKuP/f2mJqxJweztfZBvZnON2FR86bJPOxatK0KR/DT2l73QjHrFPJPaIuN+aj7N6lggiCbEYop0JJVi/bYAWVoDd5lMs2e9+c7WiJBCG4mP3YLuF6hYNAm/AOwsnxi8EruGI41sjp9Nl2kU9NwvDbMfAqjlN8hEgl2bqY/NKdKk7EM0pus5hFVoVYNYGizZFGRMmjWtFRMdic91+m+2olhJweBuXT54SfZ2m/n9IhgNk8EhR4mO2baFzMIEBT7iwNh7v7vBvSEeV38JG4DR92OFuFvCOLOIGxrJTT4w==',
  'body' => '01b559c0-b4a8-4bfd-a6bf-d42e3807da41',
  'buyer_id' => '2088122640065156',
  'invoice_amount' => '5.00',
  'notify_id' => 'd93018bae886a5ce048c40d22b2d7a9h74',
  'fund_bill_list' => '[{"amount":"5.00","fundChannel":"PCREDIT"}]',
  'notify_type' => 'trade_status_sync',
  'trade_status' => 'TRADE_SUCCESS',
  'receipt_amount' => '5.00',
  'app_id' => '2017021605702899',
  'buyer_pay_amount' => '5.00',
  'sign_type' => 'RSA2',
  'seller_id' => '2088221931936835',
  'gmt_payment' => '2017-11-02 20:24:52',
  'notify_time' => '2017-11-02 20:24:52',
  'version' => '1.0',
  'out_trade_no' => '15b3ab3598af4aaba46d464eb21800d2',
  'total_amount' => '5.00',
  'trade_no' => '2017110221001004155258025280',
  'auth_app_id' => '2017021605702899',
  'buyer_logon_id' => '155****7190',
  'point_amount' => '0.00',
)
[2017-11-02 20:27:58][110.75.248.191][INFO]支付宝支付 :回调信息是:array (
  'gmt_create' => '2017-11-02 20:27:57',
  'charset' => 'utf-8',
  'seller_email' => 'qiyue@pp158.com',
  'notify_time' => '2017-11-02 20:27:57',
  'subject' => 'pp游戏账单支付',
  'sign' => 'KYPBh9um3zsh0t3Yzp8mdr71dJYGyY+VduUNMBhOO0+9ecupjZk7L9sYCVUaOuM5Gj7IoR++/HB8vlBAok2DtR2SLziv9SmcFJR8pBYULjFMeN4pNrBonUqpkJbEdW52kl+y488oCWoaU6kXLTQDSbWFAe+RQ54vbR/i66OUbZVqr7c7O4szWRUWcaqa5q7oQyW4DjFgXFOY4NEvXLfTNBam9O8jVkloIlQtypIpBG8OM/BUPCTGVy13nA29JCZVPdMBwZlWhhneNokeJnYeb5gouCtBr7m9qMqSdYmp6ifuXbbNxA8h3+TGeua8tWhxzUmPk15y5soNromRyPA1vg==',
  'body' => 'c461f95f-f465-4d72-b157-14d83b2e9725',
  'buyer_id' => '2088222857072690',
  'version' => '1.0',
  'notify_id' => 'e20e29bee2a27d65a32a648fc9ccaf3ld5',
  'notify_type' => 'trade_status_sync',
  'out_trade_no' => 'd635676571164feeb7fe8b92676b351b',
  'total_amount' => '5.00',
  'trade_status' => 'WAIT_BUYER_PAY',
  'trade_no' => '2017110221001004695391530481',
  'auth_app_id' => '2017021605702899',
  'buyer_logon_id' => '133****6244',
  'app_id' => '2017021605702899',
  'sign_type' => 'RSA2',
  'seller_id' => '2088221931936835',
)
[2017-11-02 20:28:10][110.75.248.63][INFO]支付宝支付 成功:回调信息是:array (
  'gmt_create' => '2017-11-02 20:27:57',
  'charset' => 'utf-8',
  'seller_email' => 'qiyue@pp158.com',
  'subject' => 'pp游戏账单支付',
  'sign' => 'S/Rkws/3uU8Dq+UtgG1aFq8ht4xmfjTn0Foh+eyROvrrChem1ivw0mqQkv6rTDMsGBqMkQGDR2PcOKrgq+gRF3xlaMr3TjCP3PCExfYUrkydqKYdCfyFjMmXd7gJ6u23wX3oDTDGIKT2oKfgLjPUp1hmZI84fHX3StsvIO2mu/xAuab3x9cO5AUsYTzVC29X91iJ+FyvkJGAmqTRrwenlOOT4BJnk2gTCFVr1ET2NOrkuhTK8WEsBLA9UsisIY6eGTNhMfdXvGUC3dH4bez7K4BJEWoLAnGCK/hsGHssJsZbq9dDcu1Ny+BlSLvK2uiMD4/J/05AI5xcoaWUY2cSxA==',
  'body' => 'c461f95f-f465-4d72-b157-14d83b2e9725',
  'buyer_id' => '2088222857072690',
  'invoice_amount' => '5.00',
  'notify_id' => '09ee427396c01ef90ef6a1d2354ed48ld5',
  'fund_bill_list' => '[{"amount":"5.00","fundChannel":"PCREDIT"}]',
  'notify_type' => 'trade_status_sync',
  'trade_status' => 'TRADE_SUCCESS',
  'receipt_amount' => '5.00',
  'app_id' => '2017021605702899',
  'buyer_pay_amount' => '5.00',
  'sign_type' => 'RSA2',
  'seller_id' => '2088221931936835',
  'gmt_payment' => '2017-11-02 20:28:09',
  'notify_time' => '2017-11-02 20:28:10',
  'version' => '1.0',
  'out_trade_no' => 'd635676571164feeb7fe8b92676b351b',
  'total_amount' => '5.00',
  'trade_no' => '2017110221001004695391530481',
  'auth_app_id' => '2017021605702899',
  'buyer_logon_id' => '133****6244',
  'point_amount' => '0.00',
)
[2017-11-02 20:28:13][58.251.80.60][INFO]微信支付 成功:回调信息是:array (
  'appid' => 'wxcb8a76fe730b5964',
  'attach' => 'ba9e17b3-6be0-4ee5-b731-c7e2fa2a4ef7',
  'bank_type' => 'CFT',
  'cash_fee' => '2000',
  'fee_type' => 'CNY',
  'is_subscribe' => 'Y',
  'mch_id' => '1352470102',
  'nonce_str' => 'uma81xhl9r2tarso6gksz4x8arxes672',
  'openid' => 'oFqowwMK1Nz9k3mcgzaHp_7aKigM',
  'out_trade_no' => 'a7f8172341d844229cfdcac30333fe8f',
  'result_code' => 'SUCCESS',
  'return_code' => 'SUCCESS',
  'sign' => '57FFAE99BBEF209E704488E1C721E717',
  'time_end' => '20171102202812',
  'total_fee' => '2000',
  'trade_type' => 'NATIVE',
  'transaction_id' => '4200000005201711022015134922',
)
[2017-11-02 20:30:00][203.209.232.37][INFO]支付宝支付 :回调信息是:array (
  'gmt_create' => '2017-11-02 20:30:00',
  'charset' => 'utf-8',
  'seller_email' => 'qiyue@pp158.com',
  'notify_time' => '2017-11-02 20:30:00',
  'subject' => 'pp游戏账单支付',
  'sign' => 'bIGMXzewkfTKkBCdMiZUpObkR+cBuMO59JqhQFc8szNS3oLILIyiXWsvf1Ts61qK9Jx07n573SVT2zHxBuZERDoC547DLwiL2eNi9sQHh2phEnrAliSiPM6pYYKN0KroheyIcOSxoqnzjg6tDfrDfx7KhhDrGVXlr6vqqzLjm7NO1b/HQ06AkPDYM8Rzitenf2lGGeh25ghSEWo8u6oXIfgxcjxIS0C/Do339pf2m3MawnpzQE52nSgskqchGCXsLJplUEgU5aCLfoAtr5AOPs0dcYSuPzSkMefP2hrNbHmHZ6xv+UdmzBuSvqijIVclmVcGDMjhn82ioQtSIQnuqQ==',
  'body' => '41779d89-b52b-4fe9-9e05-cad43762bb5e',
  'buyer_id' => '2088612541970065',
  'version' => '1.0',
  'notify_id' => 'e14fe4bfafd04c02d948acfd3d634b3gi5',
  'notify_type' => 'trade_status_sync',
  'out_trade_no' => '6d8a61f3f0a44380a86d5c3d69e84d5c',
  'total_amount' => '5.00',
  'trade_status' => 'WAIT_BUYER_PAY',
  'trade_no' => '2017110221001004065388479899',
  'auth_app_id' => '2017021605702899',
  'buyer_logon_id' => '135****9794',
  'app_id' => '2017021605702899',
  'sign_type' => 'RSA2',
  'seller_id' => '2088221931936835',
)
[2017-11-02 20:30:04][203.209.232.231][INFO]支付宝支付 成功:回调信息是:array (
  'gmt_create' => '2017-11-02 20:30:00',
  'charset' => 'utf-8',
  'seller_email' => 'qiyue@pp158.com',
  'subject' => 'pp游戏账单支付',
  'sign' => 'U3MJjBhBCkcufYwaKhgsjoUp/PSW8TmYrSLfCI4MFPYXObFS1jGroYq9zYwPQ/i3Gbx68xFznQMLNVC4Pu2CLaEU9hCVbOlpoLAKxJRzLHR1hBYh/ulc/wHPV2V2DB/5ozSHo2KuhF15JDzUQlp8D9KI6NvB661oKQ/V5SL7Ll+bEwPpmfyg/RhtcF1sPoog8qYKHWnqP8bq+98f8dEClit0iUffCta/OT6s2Zk918NL9R+3HWDPumgOhnyJnOVnt+WbrlPiv2YS/fWomrQE5MmYwSLQFUxRr/VAN+HbSLa4v0vNX+gyA9crHSKvGvceZFGDOBVXQdn9g6XUXnKl3w==',
  'body' => '41779d89-b52b-4fe9-9e05-cad43762bb5e',
  'buyer_id' => '2088612541970065',
  'invoice_amount' => '5.00',
  'notify_id' => '86b66bf68c7e4a4e1425579b88e0e3fgi5',
  'fund_bill_list' => '[{"amount":"5.00","fundChannel":"ALIPAYACCOUNT"}]',
  'notify_type' => 'trade_status_sync',
  'trade_status' => 'TRADE_SUCCESS',
  'receipt_amount' => '5.00',
  'app_id' => '2017021605702899',
  'buyer_pay_amount' => '5.00',
  'sign_type' => 'RSA2',
  'seller_id' => '2088221931936835',
  'gmt_payment' => '2017-11-02 20:30:04',
  'notify_time' => '2017-11-02 20:30:04',
  'version' => '1.0',
  'out_trade_no' => '6d8a61f3f0a44380a86d5c3d69e84d5c',
  'total_amount' => '5.00',
  'trade_no' => '2017110221001004065388479899',
  'auth_app_id' => '2017021605702899',
  'buyer_logon_id' => '135****9794',
  'point_amount' => '0.00',
)
[2017-11-02 20:31:44][110.75.248.84][INFO]支付宝支付 :回调信息是:array (
  'gmt_create' => '2017-11-02 20:31:44',
  'charset' => 'utf-8',
  'seller_email' => 'qiyue@pp158.com',
  'notify_time' => '2017-11-02 20:31:44',
  'subject' => 'pp游戏账单支付',
  'sign' => 'WFQe9o7NPYWoioTljPRNGwAZQNfhttQ3Hqmn8TIcqmkWiRR230t9uTJNpuhpgsCJ5b0w+RpA4H9/IsB6DJdPl5F9piNaNd9AgLoeZBjXqyNBUgS5VDo2F4yHWlQ+yX75Mau0Vdtr7p/qq7+gWcoXyw97dKu3BCyOOHBcMnz+m8p+1Bd2JIj2D3mzVJEZmX9tQR4E3wuN+BSxpoULYKknmuc6olpSZ18dYBoGmCxdJ50DiGoAbfse76i4jDBjCHEVpjQXEHJztBBMsHbbMGozX04F95lOgCb6OWOAyP9onljM0aHXj8/fzch2prEHB6bguVgJSEGD8umZ2UfVSmpWwA==',
  'body' => 'c461f95f-f465-4d72-b157-14d83b2e9725',
  'buyer_id' => '2088222857072690',
  'version' => '1.0',
  'notify_id' => '2bb695bc45a21cdc020456b5bb9ef2bld5',
  'notify_type' => 'trade_status_sync',
  'out_trade_no' => 'b473680ea23144c6a6326092b6788441',
  'total_amount' => '5.00',
  'trade_status' => 'WAIT_BUYER_PAY',
  'trade_no' => '2017110221001004695303604131',
  'auth_app_id' => '2017021605702899',
  'buyer_logon_id' => '133****6244',
  'app_id' => '2017021605702899',
  'sign_type' => 'RSA2',
  'seller_id' => '2088221931936835',
)
[2017-11-02 20:31:51][110.75.248.180][INFO]支付宝支付 成功:回调信息是:array (
  'gmt_create' => '2017-11-02 20:31:44',
  'charset' => 'utf-8',
  'seller_email' => 'qiyue@pp158.com',
  'subject' => 'pp游戏账单支付',
  'sign' => 'F8lznJGPV05laV4SKYNHu6AW1byyDcCfJztfPgaTzGEqWDrkG5uXA/2cB6HH7io0GqHESVfZBeIvKC+QtCpm8J1AGenc2zkXzsR+/hvJcG+ISsDmfxTDxfv4pppBXpIiMst8fMA0LQeU4bOxuDd7EH6nXf9dVK5fzMQTf1XX2cogXFd+5TbsxlJ8NqWL1YrZh18CMzXftc7/Pg8EjgbgomD1GXkzbUll5J9OIDri0MYJcJxaKSFV08zl4FEHHEKmajdLCeJEVaZj8veT4MvaIyHEXghnwk6g1ARD7fSdDu3SJ97AyIDYeHE0XjGXr+VGTRwcyxzfALd4IBbKDwSB1A==',
  'body' => 'c461f95f-f465-4d72-b157-14d83b2e9725',
  'buyer_id' => '2088222857072690',
  'invoice_amount' => '5.00',
  'notify_id' => '2c1cc75344d933c6b058afdaae212f9ld5',
  'fund_bill_list' => '[{"amount":"5.00","fundChannel":"PCREDIT"}]',
  'notify_type' => 'trade_status_sync',
  'trade_status' => 'TRADE_SUCCESS',
  'receipt_amount' => '5.00',
  'app_id' => '2017021605702899',
  'buyer_pay_amount' => '5.00',
  'sign_type' => 'RSA2',
  'seller_id' => '2088221931936835',
  'gmt_payment' => '2017-11-02 20:31:51',
  'notify_time' => '2017-11-02 20:31:51',
  'version' => '1.0',
  'out_trade_no' => 'b473680ea23144c6a6326092b6788441',
  'total_amount' => '5.00',
  'trade_no' => '2017110221001004695303604131',
  'auth_app_id' => '2017021605702899',
  'buyer_logon_id' => '133****6244',
  'point_amount' => '0.00',
)
[2017-11-02 20:34:29][203.209.232.135][INFO]支付宝支付 :回调信息是:array (
  'gmt_create' => '2017-11-02 20:34:29',
  'charset' => 'utf-8',
  'seller_email' => 'qiyue@pp158.com',
  'notify_time' => '2017-11-02 20:34:29',
  'subject' => 'pp游戏账单支付',
  'sign' => 'NJv9yn8qE9hjn85ywR4iP2DnXVKil/GCHam2yFJj9fWeREpWpJRZ1+z0DtoUbKOl+910ThViELiLVwB04KHFwaFOSBIpe9ihdxVEbSL1IRofFpZIgBkWLGGqIhdI5ov/mj04EIMbfc5V9R2j3VN9YPscqaHKO6dVgDD17hBHmrSLkmZ0WmFy0+Ow4EalEmgo98RYao6yGanq0q0eNy87eP8hqlpgw0F6jisUQPueUU2wbXxRYc48z0EQoheg+AE+0eAskTF3FIVDZNAhisob1iU/IbS+lxLeYEHU9QKdzYzQmqcAj/yht2ScjcgRPTSx7UVPTzGguAzwCVnBWuWYcQ==',
  'body' => '41779d89-b52b-4fe9-9e05-cad43762bb5e',
  'buyer_id' => '2088612541970065',
  'version' => '1.0',
  'notify_id' => 'aa00a711025a2647796b3f034aa97ffgi5',
  'notify_type' => 'trade_status_sync',
  'out_trade_no' => '93121969d8f4497ca8fa8acc02b93557',
  'total_amount' => '20.00',
  'trade_status' => 'WAIT_BUYER_PAY',
  'trade_no' => '2017110221001004065389111019',
  'auth_app_id' => '2017021605702899',
  'buyer_logon_id' => '135****9794',
  'app_id' => '2017021605702899',
  'sign_type' => 'RSA2',
  'seller_id' => '2088221931936835',
)
[2017-11-02 20:34:33][203.209.232.42][INFO]支付宝支付 成功:回调信息是:array (
  'gmt_create' => '2017-11-02 20:34:29',
  'charset' => 'utf-8',
  'seller_email' => 'qiyue@pp158.com',
  'subject' => 'pp游戏账单支付',
  'sign' => 'WftKpKn7pjaB26VJioSbOzyTG+mYhSUgCR/AO5DTzzZ7PI1P8fANYTpHMK32wQYTBf6Sd/Adni3Va1WMFs23c5KDxDhMjmq3mQ645BtaA5Jiq18lxLiU21dWfHc8OnOjuUqT84GF/TqF6aX07RI8NZpvyx67XiEUw435wfMkJCUKoxQ5iDOCqFRqc7M67xX+EwTVZ1+DKWxTOR3zRLUWnXc7d0iXfbF8rnsRGQrcAdms9/31xZfkskLoEVquZuxTLOP1YhDAlHXwo97iu5Wy2q079RPKhbWmYqvfUcoYbFI1p0JsalYB01v8pdhtTPhPeTxXLON0pvGksM9Z5aE9Ag==',
  'body' => '41779d89-b52b-4fe9-9e05-cad43762bb5e',
  'buyer_id' => '2088612541970065',
  'invoice_amount' => '20.00',
  'notify_id' => 'c5dabfc9987371fd33d29acbb8bae20gi5',
  'fund_bill_list' => '[{"amount":"20.00","fundChannel":"ALIPAYACCOUNT"}]',
  'notify_type' => 'trade_status_sync',
  'trade_status' => 'TRADE_SUCCESS',
  'receipt_amount' => '20.00',
  'app_id' => '2017021605702899',
  'buyer_pay_amount' => '20.00',
  'sign_type' => 'RSA2',
  'seller_id' => '2088221931936835',
  'gmt_payment' => '2017-11-02 20:34:32',
  'notify_time' => '2017-11-02 20:34:33',
  'version' => '1.0',
  'out_trade_no' => '93121969d8f4497ca8fa8acc02b93557',
  'total_amount' => '20.00',
  'trade_no' => '2017110221001004065389111019',
  'auth_app_id' => '2017021605702899',
  'buyer_logon_id' => '135****9794',
  'point_amount' => '0.00',
)
[2017-11-02 20:37:25][110.75.248.62][INFO]支付宝支付 :回调信息是:array (
  'gmt_create' => '2017-11-02 20:37:25',
  'charset' => 'utf-8',
  'seller_email' => 'qiyue@pp158.com',
  'notify_time' => '2017-11-02 20:37:25',
  'subject' => 'pp游戏账单支付',
  'sign' => 'eaVdwbl6Ndwc/OMEiLWEsoKAAd5w4d9DZjW6HXXZOoHrNqQYGJaF4j/h0Uqm57eR6XlVFkJKsDkdG0s40V6/qzngmcjkSndGDGsY6Jyx9AJJPS0ZY8yXbZ+pUkKzcpajadSrr3d5HJ19rAdVTs65YXDN3GrRNyvniS3gijlVFkGnLx+ucS9JbKuYXQTz4dwpKNJmp2mN840Rub4HMrbY3/AvjBpTNNsoyqXg9JW+9WiC7aN70vI58pe6VHMjwUMcrSoobI5nYQB3gBPYgHpA/KA4ME2mtdvFTxiHWC/ycP9dGSs9sCo7GZnSJcCMxwEsSJsvWxAQUldHslfbqf7Fkw==',
  'body' => 'c461f95f-f465-4d72-b157-14d83b2e9725',
  'buyer_id' => '2088222857072690',
  'version' => '1.0',
  'notify_id' => 'dc9ae2ce57affad14392ffdf67ea9a9ld5',
  'notify_type' => 'trade_status_sync',
  'out_trade_no' => 'adae1c21cbd6428480388214d0b6db4d',
  'total_amount' => '5.00',
  'trade_status' => 'WAIT_BUYER_PAY',
  'trade_no' => '2017110221001004695385890745',
  'auth_app_id' => '2017021605702899',
  'buyer_logon_id' => '133****6244',
  'app_id' => '2017021605702899',
  'sign_type' => 'RSA2',
  'seller_id' => '2088221931936835',
)
[2017-11-02 20:38:23][203.209.227.134][INFO]支付宝支付 :回调信息是:array (
  'gmt_create' => '2017-11-02 20:38:23',
  'charset' => 'utf-8',
  'seller_email' => 'qiyue@pp158.com',
  'notify_time' => '2017-11-02 20:38:23',
  'subject' => 'pp游戏账单支付',
  'sign' => 'YJKuRvFNpufo5kb7iT24fgfTmQK+wQgBkjtL/IVEIUcivEooYJA1+psf+njcenSP9ihbmM4qTXGgCwMetjcy5u/GKQ/+UtGM3a4/ulCYLyN9BkgNsrZQc9vA+wmAfSwhGM9hWPCwJyStOBM4yFGlqQmU3XbLndfvYc2FVqyPewqV9Cc05Nim8OmbmeAC74tks/AlEQZjnxGFrkJWQAR/OKNEXE/cYmDV/S03KBWajcTNPigIAS+hX+vo0FjCKw7xSej8zLK3IqQ8DrWCYz21VNex8a1ZFJxC30sY1EreORaWSeWrq1HI/HAggyYFEGzhuozBhMIoMOfBNOs06CaZUQ==',
  'body' => 'c461f95f-f465-4d72-b157-14d83b2e9725',
  'buyer_id' => '2088622204762375',
  'version' => '1.0',
  'notify_id' => '4a280ac4dcb0613224b96ab89b65dd1iw9',
  'notify_type' => 'trade_status_sync',
  'out_trade_no' => '69d715b94cd043199ba0f7f37b000bd4',
  'total_amount' => '20.00',
  'trade_status' => 'WAIT_BUYER_PAY',
  'trade_no' => '2017110221001004375341783584',
  'auth_app_id' => '2017021605702899',
  'buyer_logon_id' => '151****0279',
  'app_id' => '2017021605702899',
  'sign_type' => 'RSA2',
  'seller_id' => '2088221931936835',
)
[2017-11-02 20:38:35][203.209.226.91][INFO]支付宝支付 成功:回调信息是:array (
  'gmt_create' => '2017-11-02 20:38:23',
  'charset' => 'utf-8',
  'seller_email' => 'qiyue@pp158.com',
  'subject' => 'pp游戏账单支付',
  'sign' => 'IMxp2LO+4sT0NoZRH8g+FhQfJ2do1OWk6wIGzgXUqlZb6P9IH/u+w/JGCYM2e3KbX7gKMETibmj8sEE9Jllm6VS7vML3qV2fIzo0KoFNA8u/yBGUPFKwARtx94Lnv6kbtUu0hURW/+QSlEg6sTXy+HTaYyEmyHZS/QxfEZjJFAbUfZyP1ag5KbVQmeLdZCV82tS+05Ql3AdWWfHNDtlpZBrFqpVajVdfN/d2WK+hVQs4l/fy45DY5H/3i656UWKeZa1yKU4TJc86ZtmI1+EHX909se+ePsAVuLx9AuSbIYzXGsSOhthuHSpb66Kh2hW4AdGhROZvxNHKRFUVgPCTtQ==',
  'body' => 'c461f95f-f465-4d72-b157-14d83b2e9725',
  'buyer_id' => '2088622204762375',
  'invoice_amount' => '20.00',
  'notify_id' => '6ef2a2667f6d8464d468ac0ca7f1436iw9',
  'fund_bill_list' => '[{"amount":"20.00","fundChannel":"PCREDIT"}]',
  'notify_type' => 'trade_status_sync',
  'trade_status' => 'TRADE_SUCCESS',
  'receipt_amount' => '20.00',
  'app_id' => '2017021605702899',
  'buyer_pay_amount' => '20.00',
  'sign_type' => 'RSA2',
  'seller_id' => '2088221931936835',
  'gmt_payment' => '2017-11-02 20:38:34',
  'notify_time' => '2017-11-02 20:38:34',
  'version' => '1.0',
  'out_trade_no' => '69d715b94cd043199ba0f7f37b000bd4',
  'total_amount' => '20.00',
  'trade_no' => '2017110221001004375341783584',
  'auth_app_id' => '2017021605702899',
  'buyer_logon_id' => '151****0279',
  'point_amount' => '0.00',
)
[2017-11-02 20:38:38][58.251.80.60][INFO]微信支付 成功:回调信息是:array (
  'appid' => 'wxcb8a76fe730b5964',
  'attach' => 'ba9e17b3-6be0-4ee5-b731-c7e2fa2a4ef7',
  'bank_type' => 'CFT',
  'cash_fee' => '2000',
  'fee_type' => 'CNY',
  'is_subscribe' => 'Y',
  'mch_id' => '1352470102',
  'nonce_str' => '0txkjk176pvlcb4647f0v0prb615kaur',
  'openid' => 'oFqowwMK1Nz9k3mcgzaHp_7aKigM',
  'out_trade_no' => 'efc454ea4af04f09b9993179252f4776',
  'result_code' => 'SUCCESS',
  'return_code' => 'SUCCESS',
  'sign' => 'B81243CF315A2B43265E926BF6EADAD9',
  'time_end' => '20171102203838',
  'total_fee' => '2000',
  'trade_type' => 'NATIVE',
  'transaction_id' => '4200000030201711022015823943',
)
[2017-11-02 20:44:58][140.207.54.76][INFO]微信支付 成功:回调信息是:array (
  'appid' => 'wxcb8a76fe730b5964',
  'attach' => 'e1aefe61-12f5-472e-ad20-3deb1106d900',
  'bank_type' => 'CFT',
  'cash_fee' => '2000',
  'fee_type' => 'CNY',
  'is_subscribe' => 'N',
  'mch_id' => '1352470102',
  'nonce_str' => 'mcdlrr9ms4tjsw4fpus9vg9na0yamj8s',
  'openid' => 'oFqowwOi1PV13SmrP2CcBoLiSefY',
  'out_trade_no' => '3566d0911a144edea8369376adab35d9',
  'result_code' => 'SUCCESS',
  'return_code' => 'SUCCESS',
  'sign' => '73EC331BA2090E6D77233C403B631A22',
  'time_end' => '20171102204458',
  'total_fee' => '2000',
  'trade_type' => 'NATIVE',
  'transaction_id' => '4200000022201711022018852251',
)
[2017-11-02 20:45:08][58.251.80.53][INFO]微信支付 成功:回调信息是:array (
  'appid' => 'wxcb8a76fe730b5964',
  'attach' => 'e0cbbd9a-3d19-4d08-92cc-2e7334e7910a',
  'bank_type' => 'CFT',
  'cash_fee' => '2000',
  'fee_type' => 'CNY',
  'is_subscribe' => 'Y',
  'mch_id' => '1352470102',
  'nonce_str' => 'medsj6305bhl1nw5zmaew3680c9x6c0j',
  'openid' => 'oFqowwFiDokoak2qlYq1bTfZMWII',
  'out_trade_no' => '594b14081c8941ebad2ba0499b07d377',
  'result_code' => 'SUCCESS',
  'return_code' => 'SUCCESS',
  'sign' => 'E0485D526EE07CCB70DD392326667835',
  'time_end' => '20171102204507',
  'total_fee' => '2000',
  'trade_type' => 'NATIVE',
  'transaction_id' => '4200000027201711022017499231',
)
[2017-11-02 20:46:42][140.207.54.76][INFO]微信支付 成功:回调信息是:array (
  'appid' => 'wxcb8a76fe730b5964',
  'attach' => 'e0cbbd9a-3d19-4d08-92cc-2e7334e7910a',
  'bank_type' => 'CFT',
  'cash_fee' => '2000',
  'fee_type' => 'CNY',
  'is_subscribe' => 'Y',
  'mch_id' => '1352470102',
  'nonce_str' => 'ytuwynkyjtifod8xlmwojvr9bsz1hyll',
  'openid' => 'oFqowwFiDokoak2qlYq1bTfZMWII',
  'out_trade_no' => '675918a78f184e5c8de588490d197111',
  'result_code' => 'SUCCESS',
  'return_code' => 'SUCCESS',
  'sign' => '480D268CD7EACA2A35E42BCBDA236D35',
  'time_end' => '20171102204642',
  'total_fee' => '2000',
  'trade_type' => 'NATIVE',
  'transaction_id' => '4200000002201711022022330193',
)
[2017-11-02 20:47:25][140.207.54.75][INFO]微信支付 成功:回调信息是:array (
  'appid' => 'wxcb8a76fe730b5964',
  'attach' => 'd47c713a-a16a-421e-ab2f-bfd0e680bc29',
  'bank_type' => 'HXB_CREDIT',
  'cash_fee' => '2000',
  'fee_type' => 'CNY',
  'is_subscribe' => 'N',
  'mch_id' => '1352470102',
  'nonce_str' => '1f2e8dyir6uqxu86bhkvigjw1bz86zp4',
  'openid' => 'oFqowwMaDNCTVxfRsyosr9DDKtes',
  'out_trade_no' => '9f679de374804347b6447a6c2c372d53',
  'result_code' => 'SUCCESS',
  'return_code' => 'SUCCESS',
  'sign' => '469BD11CFD2E174BDC2D533572B9935A',
  'time_end' => '20171102204725',
  'total_fee' => '2000',
  'trade_type' => 'NATIVE',
  'transaction_id' => '4200000028201711022022385353',
)
[2017-11-02 20:47:34][140.207.54.76][INFO]微信支付 成功:回调信息是:array (
  'appid' => 'wxcb8a76fe730b5964',
  'attach' => '88532159-8cd4-4248-966a-406c72259e2a',
  'bank_type' => 'CFT',
  'cash_fee' => '2000',
  'fee_type' => 'CNY',
  'is_subscribe' => 'Y',
  'mch_id' => '1352470102',
  'nonce_str' => '5o0hq1988flt5hgrfyjujz2361s6i5xx',
  'openid' => 'oFqowwBBxHdr0g64XGGq4_01LuzY',
  'out_trade_no' => 'ce2bb9154cca4571adf414eb9b3a4483',
  'result_code' => 'SUCCESS',
  'return_code' => 'SUCCESS',
  'sign' => '3C1DA7A19B3E8FABE685FD659AAD0747',
  'time_end' => '20171102204734',
  'total_fee' => '2000',
  'trade_type' => 'NATIVE',
  'transaction_id' => '4200000018201711022019017206',
)
[2017-11-02 20:47:58][58.251.80.56][INFO]微信支付 成功:回调信息是:array (
  'appid' => 'wxcb8a76fe730b5964',
  'attach' => 'e0cbbd9a-3d19-4d08-92cc-2e7334e7910a',
  'bank_type' => 'CFT',
  'cash_fee' => '2000',
  'fee_type' => 'CNY',
  'is_subscribe' => 'Y',
  'mch_id' => '1352470102',
  'nonce_str' => 'ynnyeo3ks2bh0xpxs98lv9p9iq4i2lh3',
  'openid' => 'oFqowwFiDokoak2qlYq1bTfZMWII',
  'out_trade_no' => 'ff77db99aa14412f8e942d78659b462f',
  'result_code' => 'SUCCESS',
  'return_code' => 'SUCCESS',
  'sign' => '7539282076538809F19C6A38FB95F177',
  'time_end' => '20171102204757',
  'total_fee' => '2000',
  'trade_type' => 'NATIVE',
  'transaction_id' => '4200000007201711022022436111',
)
[2017-11-02 20:48:46][140.207.54.75][INFO]微信支付 成功:回调信息是:array (
  'appid' => 'wxcb8a76fe730b5964',
  'attach' => 'e0cbbd9a-3d19-4d08-92cc-2e7334e7910a',
  'bank_type' => 'CFT',
  'cash_fee' => '2000',
  'fee_type' => 'CNY',
  'is_subscribe' => 'Y',
  'mch_id' => '1352470102',
  'nonce_str' => 'gfntq58nli284jtod2pcokbyuz1of0vs',
  'openid' => 'oFqowwFiDokoak2qlYq1bTfZMWII',
  'out_trade_no' => '38018e595fa54b2084b02652f3a0b1b2',
  'result_code' => 'SUCCESS',
  'return_code' => 'SUCCESS',
  'sign' => 'FD123A337177FD07B8B788DB87C8EB96',
  'time_end' => '20171102204846',
  'total_fee' => '2000',
  'trade_type' => 'NATIVE',
  'transaction_id' => '4200000030201711022019026199',
)
[2017-11-02 20:50:15][58.251.80.55][INFO]微信支付 成功:回调信息是:array (
  'appid' => 'wxcb8a76fe730b5964',
  'attach' => '5d861a7d-0880-4b1b-befa-bf3ab96007a4',
  'bank_type' => 'CFT',
  'cash_fee' => '500',
  'fee_type' => 'CNY',
  'is_subscribe' => 'Y',
  'mch_id' => '1352470102',
  'nonce_str' => 'zj97alvjzs96efdlo491z2nx4eucl5jl',
  'openid' => 'oFqowwMK1Nz9k3mcgzaHp_7aKigM',
  'out_trade_no' => 'c31ef2ca73824141a3cfb76f95e17833',
  'result_code' => 'SUCCESS',
  'return_code' => 'SUCCESS',
  'sign' => '3FD21ED01137D883C06F7FFF7BA61F29',
  'time_end' => '20171102205015',
  'total_fee' => '500',
  'trade_type' => 'NATIVE',
  'transaction_id' => '4200000004201711022020912971',
)
[2017-11-02 20:50:31][140.207.54.76][INFO]微信支付 成功:回调信息是:array (
  'appid' => 'wxcb8a76fe730b5964',
  'attach' => 'b1544c9b-d985-4f38-839d-6527e8940609',
  'bank_type' => 'CFT',
  'cash_fee' => '2000',
  'fee_type' => 'CNY',
  'is_subscribe' => 'Y',
  'mch_id' => '1352470102',
  'nonce_str' => 'qqjvjeou8g4mj13aq1shxj5vz1fuvhua',
  'openid' => 'oFqowwPdNRntgGpMxI6Rygbw8RLs',
  'out_trade_no' => 'e288be22d0174338989b6f8ee3eee737',
  'result_code' => 'SUCCESS',
  'return_code' => 'SUCCESS',
  'sign' => 'CA55B1AB3D59642BB091F024E2F8770E',
  'time_end' => '20171102205031',
  'total_fee' => '2000',
  'trade_type' => 'NATIVE',
  'transaction_id' => '4200000003201711022022604863',
)
[2017-11-02 20:51:45][140.207.54.76][INFO]微信支付 成功:回调信息是:array (
  'appid' => 'wxcb8a76fe730b5964',
  'attach' => 'e0cbbd9a-3d19-4d08-92cc-2e7334e7910a',
  'bank_type' => 'CFT',
  'cash_fee' => '2000',
  'fee_type' => 'CNY',
  'is_subscribe' => 'Y',
  'mch_id' => '1352470102',
  'nonce_str' => 'gmeniuayp74j2h3nraxkra7ahulevvrm',
  'openid' => 'oFqowwFiDokoak2qlYq1bTfZMWII',
  'out_trade_no' => '328d2d674cc0462aae049eac3ee6864c',
  'result_code' => 'SUCCESS',
  'return_code' => 'SUCCESS',
  'sign' => '0E4DEEF3BE2663174C514D1B26E626A9',
  'time_end' => '20171102205145',
  'total_fee' => '2000',
  'trade_type' => 'NATIVE',
  'transaction_id' => '4200000017201711022021028527',
)
[2017-11-02 20:54:53][110.75.248.16][INFO]支付宝支付 :回调信息是:array (
  'gmt_create' => '2017-11-02 20:54:52',
  'charset' => 'utf-8',
  'seller_email' => 'qiyue@pp158.com',
  'notify_time' => '2017-11-02 20:54:52',
  'subject' => 'pp游戏账单支付',
  'sign' => 'EdN42FMnCRS6UJyrzPRM/22jLD0Q02BQ4lYIsqK7SU5P/XLckp70WWGA8s0OEKDx8gzp0ToELJbSJIpB49WbtQgt79YvtvVHsiOGxGBweQZe9TDKezLQIlg4zB56gsmjpWxHQau3CQ4e6Og4cpAzUWQiSyLsTszay1Qh8FBtFDi80dKuiP8ruZTWHu3xE5w0C0OBKj1JmeNKDZcPc7H7EUdJNXyOq96DVJpX20Icgw4L9ECSffjym5C5Gy8AJ+kdH9Mzjakj5qwyHHVi6jCBPFHouDzOMxn/b59FXSWlsN3DA2tHrRXC2zUlArMmQbqNbd2hpIOMA4RgeV4fU8ajdA==',
  'body' => '7b08e6b7-60df-4664-b87b-b6bca823680f',
  'buyer_id' => '2088912836577743',
  'version' => '1.0',
  'notify_id' => 'b723398cff42e23d3ccc3b21f15b603lr0',
  'notify_type' => 'trade_status_sync',
  'out_trade_no' => 'da5c5082796b495499ccc3ae2875e5ff',
  'total_amount' => '20.00',
  'trade_status' => 'WAIT_BUYER_PAY',
  'trade_no' => '2017110221001004745270319632',
  'auth_app_id' => '2017021605702899',
  'buyer_logon_id' => '183****2149',
  'app_id' => '2017021605702899',
  'sign_type' => 'RSA2',
  'seller_id' => '2088221931936835',
)
[2017-11-02 20:55:01][110.75.248.249][INFO]支付宝支付 成功:回调信息是:array (
  'gmt_create' => '2017-11-02 20:54:52',
  'charset' => 'utf-8',
  'seller_email' => 'qiyue@pp158.com',
  'subject' => 'pp游戏账单支付',
  'sign' => 'QXOWbUnnGMQVH2ft2S3o7nhXpZ5s0097bU9Ons8FAs//FmCsidOTeTn4U4V1tXu1/z9JX53rEkbBOyXL3eIEJNNjssYiv++1RgFhjGN/q6/FqwVKPsSsG70qGHelcs2pPL8qoUTzygTmYzXhN45/MC6AVwRs3zUfKwZ5Q9OcBkXOY+OFviEJj8cO2MLJlsgopo+grpdCLqDUfZkgfasY912RIRkuQySUvXmH7g8UkR0m2z2NAGxyU/sUeLMNJb8aIjws0UUZKGT5b6azgm3LeMaa8iS3EEPrzAMBpSAcw1/jNBiCkTead1g335JPv9/KzmUZy1JHeGI71gm9lQh3cw==',
  'body' => '7b08e6b7-60df-4664-b87b-b6bca823680f',
  'buyer_id' => '2088912836577743',
  'invoice_amount' => '20.00',
  'notify_id' => '90f9a16848d471b08a6faad23e88d78lr0',
  'fund_bill_list' => '[{"amount":"20.00","fundChannel":"ALIPAYACCOUNT"}]',
  'notify_type' => 'trade_status_sync',
  'trade_status' => 'TRADE_SUCCESS',
  'receipt_amount' => '20.00',
  'app_id' => '2017021605702899',
  'buyer_pay_amount' => '20.00',
  'sign_type' => 'RSA2',
  'seller_id' => '2088221931936835',
  'gmt_payment' => '2017-11-02 20:55:01',
  'notify_time' => '2017-11-02 20:55:01',
  'version' => '1.0',
  'out_trade_no' => 'da5c5082796b495499ccc3ae2875e5ff',
  'total_amount' => '20.00',
  'trade_no' => '2017110221001004745270319632',
  'auth_app_id' => '2017021605702899',
  'buyer_logon_id' => '183****2149',
  'point_amount' => '0.00',
)
[2017-11-02 20:58:28][58.251.80.49][INFO]微信支付 成功:回调信息是:array (
  'appid' => 'wxcb8a76fe730b5964',
  'attach' => 'e0cbbd9a-3d19-4d08-92cc-2e7334e7910a',
  'bank_type' => 'CFT',
  'cash_fee' => '2000',
  'fee_type' => 'CNY',
  'is_subscribe' => 'Y',
  'mch_id' => '1352470102',
  'nonce_str' => 'ldofk06gvse6sjx9gujhxv2rsq42ynnk',
  'openid' => 'oFqowwFiDokoak2qlYq1bTfZMWII',
  'out_trade_no' => '13dc88eb93034627a8e1c0e851fd3005',
  'result_code' => 'SUCCESS',
  'return_code' => 'SUCCESS',
  'sign' => '53DF82DC05917B15A698FE3AFBABD958',
  'time_end' => '20171102205827',
  'total_fee' => '2000',
  'trade_type' => 'NATIVE',
  'transaction_id' => '4200000020201711022018292034',
)
[2017-11-02 20:58:55][140.207.54.76][INFO]微信支付 成功:回调信息是:array (
  'appid' => 'wxcb8a76fe730b5964',
  'attach' => '7b08e6b7-60df-4664-b87b-b6bca823680f',
  'bank_type' => 'CFT',
  'cash_fee' => '1800',
  'fee_type' => 'CNY',
  'is_subscribe' => 'Y',
  'mch_id' => '1352470102',
  'nonce_str' => 'xrrh8fq37tnl3c1b2gyd8d7s5yhg5zzp',
  'openid' => 'oFqowwHwfUpg6BZq_VtA-RyEbLDU',
  'out_trade_no' => 'c64376ea56fe47eca7fa6c98f762af69',
  'result_code' => 'SUCCESS',
  'return_code' => 'SUCCESS',
  'sign' => '864A4B5DB13414357EEC69791844F16F',
  'time_end' => '20171102205855',
  'total_fee' => '1800',
  'trade_type' => 'JSAPI',
  'transaction_id' => '4200000012201711022023135027',
)
[2017-11-02 20:59:20][58.251.80.56][INFO]微信支付 成功:回调信息是:array (
  'appid' => 'wxcb8a76fe730b5964',
  'attach' => '81e358ef-0d3a-4311-9057-ed16da6dd13c',
  'bank_type' => 'CFT',
  'cash_fee' => '1800',
  'fee_type' => 'CNY',
  'is_subscribe' => 'N',
  'mch_id' => '1352470102',
  'nonce_str' => '9vzs0bgudfyifh00fkffz6r1lyv4l4t7',
  'openid' => 'oFqowwAhEud9Fl3o0kF9do13f8Ko',
  'out_trade_no' => 'f26839e974aa429f9950fd2ff73db71b',
  'result_code' => 'SUCCESS',
  'return_code' => 'SUCCESS',
  'sign' => '6287713A9EB51D9F92530C29DFCE7D07',
  'time_end' => '20171102205919',
  'total_fee' => '1800',
  'trade_type' => 'JSAPI',
  'transaction_id' => '4200000022201711022019546182',
)
[2017-11-02 20:59:24][58.251.80.49][INFO]微信支付 成功:回调信息是:array (
  'appid' => 'wxcb8a76fe730b5964',
  'attach' => 'e0cbbd9a-3d19-4d08-92cc-2e7334e7910a',
  'bank_type' => 'CFT',
  'cash_fee' => '2000',
  'fee_type' => 'CNY',
  'is_subscribe' => 'Y',
  'mch_id' => '1352470102',
  'nonce_str' => 'jprmg5whb35xfkrgjiphhqqone36ry08',
  'openid' => 'oFqowwFiDokoak2qlYq1bTfZMWII',
  'out_trade_no' => 'f7c5cad31a8a4feb8e71acf6ffd65b87',
  'result_code' => 'SUCCESS',
  'return_code' => 'SUCCESS',
  'sign' => '46E104B2F250BCAEFB503F31818FB132',
  'time_end' => '20171102205923',
  'total_fee' => '2000',
  'trade_type' => 'NATIVE',
  'transaction_id' => '4200000009201711022019562508',
)
[2017-11-02 20:59:27][58.251.80.60][INFO]微信支付 成功:回调信息是:array (
  'appid' => 'wxcb8a76fe730b5964',
  'attach' => '90ed5e25-880c-40a7-96f6-7c97fd074266',
  'bank_type' => 'CFT',
  'cash_fee' => '1800',
  'fee_type' => 'CNY',
  'is_subscribe' => 'Y',
  'mch_id' => '1352470102',
  'nonce_str' => '039yey5q5if5md1zx7d9pmn5fu7svji8',
  'openid' => 'oFqowwPdNRntgGpMxI6Rygbw8RLs',
  'out_trade_no' => '4274eba1944f4e949eba6c01368df2b6',
  'result_code' => 'SUCCESS',
  'return_code' => 'SUCCESS',
  'sign' => '9C9B42BC3BB3F48E46A4D950F8CAF617',
  'time_end' => '20171102205926',
  'total_fee' => '1800',
  'trade_type' => 'JSAPI',
  'transaction_id' => '4200000019201711022019461577',
)
[2017-11-02 20:59:47][140.207.54.76][INFO]微信支付 成功:回调信息是:array (
  'appid' => 'wxcb8a76fe730b5964',
  'attach' => 'e0cbbd9a-3d19-4d08-92cc-2e7334e7910a',
  'bank_type' => 'CFT',
  'cash_fee' => '2000',
  'fee_type' => 'CNY',
  'is_subscribe' => 'Y',
  'mch_id' => '1352470102',
  'nonce_str' => 'gcss8pk5ltzj67u6vculh5oqb83rtm53',
  'openid' => 'oFqowwFiDokoak2qlYq1bTfZMWII',
  'out_trade_no' => 'e9c0818f6b66465b9df7d999c025eaaf',
  'result_code' => 'SUCCESS',
  'return_code' => 'SUCCESS',
  'sign' => 'D17F8555349127FCB9426AAFA913E1BA',
  'time_end' => '20171102205947',
  'total_fee' => '2000',
  'trade_type' => 'NATIVE',
  'transaction_id' => '4200000012201711022019556985',
)
