[2017-11-02 21:01:28][58.251.80.56][INFO]微信支付 成功:回调信息是:array (
  'appid' => 'wxcb8a76fe730b5964',
  'attach' => 'e0cbbd9a-3d19-4d08-92cc-2e7334e7910a',
  'bank_type' => 'CFT',
  'cash_fee' => '2000',
  'fee_type' => 'CNY',
  'is_subscribe' => 'Y',
  'mch_id' => '1352470102',
  'nonce_str' => 'uw7q66omwiejluca92soaanqcv66uu00',
  'openid' => 'oFqowwFiDokoak2qlYq1bTfZMWII',
  'out_trade_no' => '67fcee46d6be4d0e95bef80e2f7148b1',
  'result_code' => 'SUCCESS',
  'return_code' => 'SUCCESS',
  'sign' => '2860FC686C4C57A9EDAACB4B13E5BF2E',
  'time_end' => '20171102210127',
  'total_fee' => '2000',
  'trade_type' => 'NATIVE',
  'transaction_id' => '4200000023201711022021573323',
)
[2017-11-02 21:02:04][110.75.242.147][INFO]支付宝支付 成功:回调信息是:array (
  'gmt_create' => '2017-11-02 21:02:02',
  'charset' => 'UTF-8',
  'seller_email' => 'qiyue@pp158.com',
  'subject' => 'pp游戏账单支付',
  'sign' => 'ZWibp82qim1I1x480y95xh2hk60Y33BBHOc7Y7prleuy7f7jOweuo0664m4Dxq0zusALRJuP6a+3efu+h/7QA/3MxzJJlcuAismuG0fDYN9Cz6kS0ZI2esTDhsBi44MP4LMP3I/PhKnZ/HG+2Z+0RZRL3QgsQ94d39GNExUw1opKm/nsevbSaY6+1MuTqJCGPkUqvnwpWwmHUAYqbXkHFN2z1l6DUFPlboMfeUxvalXp1IRcTAFX9SzhnZcLVh0YYUYmcCjJ4eCKa/elwCY7lKn9y53ooZP1affsHUNnln4wUVQ+2UOODLhPFJtMyaX0jCZhdzE8Q3gqkvqdCltzcA==',
  'body' => '58f410db-1228-4c33-90df-08fc5fdf5990',
  'buyer_id' => '2088602351189313',
  'invoice_amount' => '18.00',
  'notify_id' => 'b71e2ea34b1fbad545329e2368cdccfie6',
  'fund_bill_list' => '[{"amount":"18.00","fundChannel":"ALIPAYACCOUNT"}]',
  'notify_type' => 'trade_status_sync',
  'trade_status' => 'TRADE_SUCCESS',
  'receipt_amount' => '18.00',
  'app_id' => '2017021605702899',
  'buyer_pay_amount' => '18.00',
  'sign_type' => 'RSA2',
  'seller_id' => '2088221931936835',
  'gmt_payment' => '2017-11-02 21:02:03',
  'notify_time' => '2017-11-02 21:02:04',
  'version' => '1.0',
  'out_trade_no' => '9bc504299437453d8c58a4f0ba3c6a87',
  'total_amount' => '18.00',
  'trade_no' => '2017110221001004310288084893',
  'auth_app_id' => '2017021605702899',
  'buyer_logon_id' => '152****9909',
  'point_amount' => '0.00',
)
[2017-11-02 21:02:40][140.207.54.76][INFO]微信支付 成功:回调信息是:array (
  'appid' => 'wxcb8a76fe730b5964',
  'attach' => 'd47c713a-a16a-421e-ab2f-bfd0e680bc29',
  'bank_type' => 'HXB_CREDIT',
  'cash_fee' => '2000',
  'fee_type' => 'CNY',
  'is_subscribe' => 'N',
  'mch_id' => '1352470102',
  'nonce_str' => '35z2ea8rc9710tpn5wx733a82twfijcx',
  'openid' => 'oFqowwMaDNCTVxfRsyosr9DDKtes',
  'out_trade_no' => '1259f55f12c34b548e99c882d0c12369',
  'result_code' => 'SUCCESS',
  'return_code' => 'SUCCESS',
  'sign' => 'C6EC853EEF5CA1277AFF481CC6D02209',
  'time_end' => '20171102210240',
  'total_fee' => '2000',
  'trade_type' => 'NATIVE',
  'transaction_id' => '4200000008201711022021646933',
)
[2017-11-02 21:04:34][140.207.54.76][INFO]微信支付 成功:回调信息是:array (
  'appid' => 'wxcb8a76fe730b5964',
  'attach' => '56367748-72b4-4dc5-9199-9f366ca9918a',
  'bank_type' => 'CFT',
  'cash_fee' => '600',
  'fee_type' => 'CNY',
  'is_subscribe' => 'N',
  'mch_id' => '1352470102',
  'nonce_str' => 'umpkvoompvr8czzgqx9u6sddl5aamo9m',
  'openid' => 'oFqowwPPO_EiG9YTnErpjFJ0EyN4',
  'out_trade_no' => 'da325a66473441d79ee92badde0621af',
  'result_code' => 'SUCCESS',
  'return_code' => 'SUCCESS',
  'sign' => 'F469BF848D8FFB2210F677DE9FBE35DF',
  'time_end' => '20171102210434',
  'total_fee' => '600',
  'trade_type' => 'JSAPI',
  'transaction_id' => '4200000018201711022019871475',
)
[2017-11-02 21:05:18][203.209.232.86][INFO]支付宝支付 :回调信息是:array (
  'gmt_create' => '2017-11-02 21:05:17',
  'charset' => 'utf-8',
  'seller_email' => 'qiyue@pp158.com',
  'notify_time' => '2017-11-02 21:05:17',
  'subject' => 'pp游戏账单支付',
  'sign' => 'OcSuDZlg2VblkFxgqP9rxE20Xois08zoJLYArvICiSj5AH55AhCz3pUxioHOUMl4JKaoRymqwowdnR79WqSjoM8FGX+fvidvB0Ahwh5mJmyZn9pSU7ZBRKDExqH3X5UxrnqYEShYGKr/y8cFbTvUcAFx8c7tz/kTRflPOlG01NcCny6FzJE63iVKd9JU5eRQyKZsqX+nLnjobvwGBRfnAW0VAOamsARinDObrpQzQ6z4YKiO00m+UHTHNNWYyYzC6h8Ck8C9BhjPdeBHvvFDmdblymD5LYsAvtnw2hHoXEqtnSfyv5PKO6TEmAaLHt9FB0US9P1JY4RjY3WSP+Uu4g==',
  'body' => '719f4867-bc4b-49e2-8dc7-9cbdd60d6030',
  'buyer_id' => '2088602256312043',
  'version' => '1.0',
  'notify_id' => 'c9d1234c5df2af9e43dd40de3e29e3bgb6',
  'notify_type' => 'trade_status_sync',
  'out_trade_no' => '7e130ea7f57b4fe4b2c6c7eca0989684',
  'total_amount' => '20.00',
  'trade_status' => 'WAIT_BUYER_PAY',
  'trade_no' => '2017110221001004040242182401',
  'auth_app_id' => '2017021605702899',
  'buyer_logon_id' => '189****2874',
  'app_id' => '2017021605702899',
  'sign_type' => 'RSA2',
  'seller_id' => '2088221931936835',
)
[2017-11-02 21:05:43][58.251.80.44][INFO]微信支付 成功:回调信息是:array (
  'appid' => 'wxcb8a76fe730b5964',
  'attach' => '8f71ed2b-2674-49e4-b32e-d32c24402aa0',
  'bank_type' => 'CFT',
  'cash_fee' => '2000',
  'fee_type' => 'CNY',
  'is_subscribe' => 'N',
  'mch_id' => '1352470102',
  'nonce_str' => 'hzf7nzy0h5tld7xl02zri8scsx6btrup',
  'openid' => 'oFqowwPg6BW1k8pKuxdtEcAxiYgI',
  'out_trade_no' => '514ba89239ba46cbb75f8b14f9385da4',
  'result_code' => 'SUCCESS',
  'return_code' => 'SUCCESS',
  'sign' => 'F330691739FD37AE356E2EC303C5F66A',
  'time_end' => '20171102210542',
  'total_fee' => '2000',
  'trade_type' => 'NATIVE',
  'transaction_id' => '4200000025201711022021814242',
)
[2017-11-02 21:08:47][58.251.80.56][INFO]微信支付 成功:回调信息是:array (
  'appid' => 'wxcb8a76fe730b5964',
  'attach' => '5d861a7d-0880-4b1b-befa-bf3ab96007a4',
  'bank_type' => 'CFT',
  'cash_fee' => '500',
  'fee_type' => 'CNY',
  'is_subscribe' => 'Y',
  'mch_id' => '1352470102',
  'nonce_str' => 'nrs24igc0362yax1ajmdeg85icdks276',
  'openid' => 'oFqowwMK1Nz9k3mcgzaHp_7aKigM',
  'out_trade_no' => 'e163aa55dc974b6a9fad7e9a8d9a16de',
  'result_code' => 'SUCCESS',
  'return_code' => 'SUCCESS',
  'sign' => 'FAB2A26B87934F03B41D652275C7029D',
  'time_end' => '20171102210846',
  'total_fee' => '500',
  'trade_type' => 'NATIVE',
  'transaction_id' => '4200000004201711022021986234',
)
[2017-11-02 21:11:21][58.251.80.44][INFO]微信支付 成功:回调信息是:array (
  'appid' => 'wxcb8a76fe730b5964',
  'attach' => 'ca99431e-ddac-4b5d-8cb7-25100485bc19',
  'bank_type' => 'CFT',
  'cash_fee' => '500',
  'fee_type' => 'CNY',
  'is_subscribe' => 'N',
  'mch_id' => '1352470102',
  'nonce_str' => '0uk0zrxswwuu4xh1910rc3v30cn0n05s',
  'openid' => 'oFqowwIQKcG1Dzlmw_GrjFtYUXBI',
  'out_trade_no' => '34ba9cb533a14fcaa23dbecc047ed6a0',
  'result_code' => 'SUCCESS',
  'return_code' => 'SUCCESS',
  'sign' => '53848DDC7D7E3AA4B8470509959CD078',
  'time_end' => '20171102211121',
  'total_fee' => '500',
  'trade_type' => 'NATIVE',
  'transaction_id' => '4200000008201711022025042799',
)
[2017-11-02 21:12:26][140.207.54.76][INFO]微信支付 成功:回调信息是:array (
  'appid' => 'wxcb8a76fe730b5964',
  'attach' => 'ca99431e-ddac-4b5d-8cb7-25100485bc19',
  'bank_type' => 'CFT',
  'cash_fee' => '500',
  'fee_type' => 'CNY',
  'is_subscribe' => 'Y',
  'mch_id' => '1352470102',
  'nonce_str' => '395wb7p1cabsjsruot3x5y8rppjw5zev',
  'openid' => 'oFqowwIQKcG1Dzlmw_GrjFtYUXBI',
  'out_trade_no' => 'f2ab4325dda84ba39baf5ab053235d2a',
  'result_code' => 'SUCCESS',
  'return_code' => 'SUCCESS',
  'sign' => 'FCEB356DAD429D54E72AE940DE41FB79',
  'time_end' => '20171102211226',
  'total_fee' => '500',
  'trade_type' => 'NATIVE',
  'transaction_id' => '4200000018201711022022114180',
)
[2017-11-02 21:16:53][110.75.248.17][INFO]支付宝支付 :回调信息是:array (
  'gmt_create' => '2017-11-02 21:16:53',
  'charset' => 'utf-8',
  'seller_email' => 'qiyue@pp158.com',
  'notify_time' => '2017-11-02 21:16:53',
  'subject' => 'pp游戏账单支付',
  'sign' => 'XatlOF2Lo96MdbOTqWBD9f8xNyK4F+h0Btu+itS1mk+pOzvqEMaFeYd5jathMsjMuf9/EoKGw/jOip1W0FGHHs8D79zJaVv6mH5c2YTDeVWdJIrPuqPsjKKC5N4BOGkxEHNaiLWSuqcZxtmLXlrrFUDDJlPwvk8uiAHuFjL4LHJSG64udEG7UBp5BlhiX3ZPCeB2zn/zMq2uD8x0fK2dgtUP+I5l2FqTH4dCRkbdIoCB2AjiuHevYnfbm4R93CbHEiJV2MDEy3aUxFGS/+h/WPfs0c2FW0sD08Tbb611zk9Hgvb9RPigU/ZlEuiLftWm0Z7TwQ9wlhL83Mr5EUX9Mw==',
  'body' => 'c30d1d85-1270-49c1-8668-9b184aefacc9',
  'buyer_id' => '2088822576975630',
  'version' => '1.0',
  'notify_id' => '7482af8fc49d62f4d1de1e1fae628fdkwg',
  'notify_type' => 'trade_status_sync',
  'out_trade_no' => 'cf02019e2450417e977169fb5e7d846a',
  'total_amount' => '20.00',
  'trade_status' => 'WAIT_BUYER_PAY',
  'trade_no' => '2017110221001004635288770894',
  'auth_app_id' => '2017021605702899',
  'buyer_logon_id' => '150****4833',
  'app_id' => '2017021605702899',
  'sign_type' => 'RSA2',
  'seller_id' => '2088221931936835',
)
[2017-11-02 21:19:08][110.75.242.59][INFO]支付宝支付 :回调信息是:array (
  'gmt_create' => '2017-11-02 21:19:08',
  'charset' => 'utf-8',
  'seller_email' => 'qiyue@pp158.com',
  'notify_time' => '2017-11-02 21:19:08',
  'subject' => 'pp游戏账单支付',
  'sign' => 'LfAZw0Vz/3CxIpoI9v/ubZ8ttoAYlFAv0qnH8JkCHKN7bX5SXcyLgKx9dhPLhHBe6mEzLGAqdP59Vgtm3GVAmrAQBxxlAoJyhchthSGqCqWyT60E4rxaZrThcoeE775VXuGatwMb0y7cMAU9ltx4YNhs4SOD6WsQk/VrERc14nfTlHjAnc9XBYlXuVcZuZvqNwOQsFSf5ZeS8Ci3CCovkVAWrDhwkTFoUjYV2a7slSBoBExYi8ovfKKUQVaZdKwK7fgu3s8mS2uEIYfbVV/jtIAYzj4T6/7sV9QtaFMrC6IWABpqcNg7E+3AE5OOCaKgjOayGJW5BQZMqYfuZuOhgw==',
  'body' => '0ebad047-bf68-4752-810a-33fd2e37330b',
  'buyer_id' => '2088902221509260',
  'version' => '1.0',
  'notify_id' => 'fc3e891dbdec2ea1f5316a8ed56423bi1o',
  'notify_type' => 'trade_status_sync',
  'out_trade_no' => 'b94fdc3b19a849b1b8a58248b9002e1f',
  'total_amount' => '5.00',
  'trade_status' => 'WAIT_BUYER_PAY',
  'trade_no' => '2017110221001004265289521969',
  'auth_app_id' => '2017021605702899',
  'buyer_logon_id' => '158****4377',
  'app_id' => '2017021605702899',
  'sign_type' => 'RSA2',
  'seller_id' => '2088221931936835',
)
[2017-11-02 21:19:21][110.75.242.171][INFO]支付宝支付 成功:回调信息是:array (
  'gmt_create' => '2017-11-02 21:19:08',
  'charset' => 'utf-8',
  'seller_email' => 'qiyue@pp158.com',
  'subject' => 'pp游戏账单支付',
  'sign' => 'R3WN1CXLWF2qhk7fCrQngNdrO7zAxyVtr3ymRDrxvDFDq5TrWfZi4hgcvQ8A5ZO8uPSVqO8dkAWcUIiTtrrRhJv03XVLjw6hhiHT9SHMI1WgBo7COQAiTvB7qYUuMkHqZtHYoKzYYAzZwL2/3K13uncxmFi8sq/6V/PGEc8g5qWGQ0Ssa6QaDuPoa5lErHxOBDDiTrk37CeaejCAOjsbABAGvB+LDNWw+yakT5C4r+oWau/+3tkfSWutb4EulRCx1Forx4mfQmmTcQdctbqGfiPOB0Pm6kGXl2MAVJWX74HmVwJoeh7VDfXIV9dErJFbg9SVTzaFaY9n2Vu0Birnvw==',
  'body' => '0ebad047-bf68-4752-810a-33fd2e37330b',
  'buyer_id' => '2088902221509260',
  'invoice_amount' => '5.00',
  'notify_id' => '876a709616c8ac5003ab06b38e3ff5ai1o',
  'fund_bill_list' => '[{"amount":"5.00","fundChannel":"PCREDIT"}]',
  'notify_type' => 'trade_status_sync',
  'trade_status' => 'TRADE_SUCCESS',
  'receipt_amount' => '5.00',
  'app_id' => '2017021605702899',
  'buyer_pay_amount' => '5.00',
  'sign_type' => 'RSA2',
  'seller_id' => '2088221931936835',
  'gmt_payment' => '2017-11-02 21:19:21',
  'notify_time' => '2017-11-02 21:19:21',
  'version' => '1.0',
  'out_trade_no' => 'b94fdc3b19a849b1b8a58248b9002e1f',
  'total_amount' => '5.00',
  'trade_no' => '2017110221001004265289521969',
  'auth_app_id' => '2017021605702899',
  'buyer_logon_id' => '158****4377',
  'point_amount' => '0.00',
)
[2017-11-02 21:22:43][58.251.80.56][INFO]微信支付 成功:回调信息是:array (
  'appid' => 'wxcb8a76fe730b5964',
  'attach' => '772b5dcb-0d00-4ebe-afd0-3d0d5daab089',
  'bank_type' => 'CFT',
  'cash_fee' => '2000',
  'fee_type' => 'CNY',
  'is_subscribe' => 'Y',
  'mch_id' => '1352470102',
  'nonce_str' => '66e72e5g1rldapn2rtzdxzoe0svg4dfe',
  'openid' => 'oFqowwANaANXYMbk0kfda6xu3-cA',
  'out_trade_no' => '8b3f945e39404057b182f7c9e2f49b3e',
  'result_code' => 'SUCCESS',
  'return_code' => 'SUCCESS',
  'sign' => '2DD1795616A0DB3921CA8EDF192238DF',
  'time_end' => '20171102212242',
  'total_fee' => '2000',
  'trade_type' => 'NATIVE',
  'transaction_id' => '4200000025201711022028740696',
)
[2017-11-02 21:33:08][140.207.54.76][INFO]微信支付 成功:回调信息是:array (
  'appid' => 'wxcb8a76fe730b5964',
  'attach' => 'd47c713a-a16a-421e-ab2f-bfd0e680bc29',
  'bank_type' => 'HXB_CREDIT',
  'cash_fee' => '2000',
  'fee_type' => 'CNY',
  'is_subscribe' => 'N',
  'mch_id' => '1352470102',
  'nonce_str' => 'aj23tpfgi42atqmc41fvs8zzw9zid9u6',
  'openid' => 'oFqowwMaDNCTVxfRsyosr9DDKtes',
  'out_trade_no' => 'f1311eed6a7442c9b920f39a6388df45',
  'result_code' => 'SUCCESS',
  'return_code' => 'SUCCESS',
  'sign' => 'A497C4B0269878F375EB00F33D3CA380',
  'time_end' => '20171102213308',
  'total_fee' => '2000',
  'trade_type' => 'NATIVE',
  'transaction_id' => '4200000022201711022026220791',
)
[2017-11-02 21:34:09][140.207.54.73][INFO]微信支付 成功:回调信息是:array (
  'appid' => 'wxcb8a76fe730b5964',
  'attach' => '7b83e862-7042-47bb-93eb-9ee55edacacd',
  'bank_type' => 'CFT',
  'cash_fee' => '500',
  'fee_type' => 'CNY',
  'is_subscribe' => 'N',
  'mch_id' => '1352470102',
  'nonce_str' => 'pw2zeldsod3fqohrudxt5xpvx14se95t',
  'openid' => 'oFqowwJTYjGMWzxdKpg4NBk9OsSQ',
  'out_trade_no' => '7554af116c6c426ab3cee9db15f0257a',
  'result_code' => 'SUCCESS',
  'return_code' => 'SUCCESS',
  'sign' => 'EBF51ADCF643D2A12D0AB8E009B2C859',
  'time_end' => '20171102213409',
  'total_fee' => '500',
  'trade_type' => 'NATIVE',
  'transaction_id' => '4200000028201711022029325984',
)
[2017-11-02 21:35:44][110.75.248.170][INFO]支付宝支付 :回调信息是:array (
  'gmt_create' => '2017-11-02 21:35:44',
  'charset' => 'utf-8',
  'seller_email' => 'qiyue@pp158.com',
  'notify_time' => '2017-11-02 21:35:44',
  'subject' => 'pp游戏账单支付',
  'sign' => 'XZ34Y4qiG7hhznJr6j/1CH/Oto61i8gUqy1tLUJ9iaHa1ZEGfxwlPEJ9W+Mo9PW1bfeeYanmt00fDv86iSv3i98GwjA8KhBSWeDXQQ6KzvK+R30cY0+/+XPQ31P2aKvpz/kOknZ+8umw4MKbpcegkqTmPnrYah9nGznA6dPdt7kbXgcheT0cDFx0OJX+1LLW8TBNQxAbH2aj1NPR0DfsZKtNakB6G/lT6TvqGe1ccEbZrMNzfLxdWpLdzPLYpKoLTlc9OlMyCHvqwr/w+8gcszvvWIRDmYAEBh+EGXNClp8+UNU60+edlHEl6BcQdEezZHQjbWsJp4l6I2Bw/0Q47g==',
  'body' => '2111d859-e5ba-4041-b0cb-1fa64597df16',
  'buyer_id' => '2088122063759610',
  'version' => '1.0',
  'notify_id' => '4be304fe3546a52546c484a092b7c8fkqw',
  'notify_type' => 'trade_status_sync',
  'out_trade_no' => '473cf6d03acf496c9599529c181a96ec',
  'total_amount' => '5.00',
  'trade_status' => 'WAIT_BUYER_PAY',
  'trade_no' => '2017110221001004615288635606',
  'auth_app_id' => '2017021605702899',
  'buyer_logon_id' => '186****1875',
  'app_id' => '2017021605702899',
  'sign_type' => 'RSA2',
  'seller_id' => '2088221931936835',
)
[2017-11-02 21:35:48][110.75.248.140][INFO]支付宝支付 成功:回调信息是:array (
  'gmt_create' => '2017-11-02 21:35:44',
  'charset' => 'utf-8',
  'seller_email' => 'qiyue@pp158.com',
  'subject' => 'pp游戏账单支付',
  'sign' => 'fXScVnctuuIste/t46SBXrD86XG9DKxwwLbBfj4+VQougCoZhtLj8YruFOaL0TZ8Z1R0mWqY7KAG1Ffaw9NY7p/HRWq0tuAlArbRT45ewhLtsL2J53WkYKzzqHIP/Tx5oLC6M5mdm1Bql1lVynNecbbxhv93SyMR4n2VNGWa/yzScI7agcH+NK59M3QEyfM+8PPauyy1Un/ziPJKR4QrSoebL2piofQbj1z8nxr7m9aXT2lIOstbVHoywMJkPeanI3Ro5FVAiy2M78KMZfGx1M/V1Z7CUh6WA2PzpsdBXlZ18FIjxSPlG6oTkUocaPh6xQYBE8BhS1FZjblqslWhqQ==',
  'body' => '2111d859-e5ba-4041-b0cb-1fa64597df16',
  'buyer_id' => '2088122063759610',
  'invoice_amount' => '5.00',
  'notify_id' => '7fb35a9a1dc02e114b4a504e7d87208kqw',
  'fund_bill_list' => '[{"amount":"5.00","fundChannel":"PCREDIT"}]',
  'notify_type' => 'trade_status_sync',
  'trade_status' => 'TRADE_SUCCESS',
  'receipt_amount' => '5.00',
  'app_id' => '2017021605702899',
  'buyer_pay_amount' => '5.00',
  'sign_type' => 'RSA2',
  'seller_id' => '2088221931936835',
  'gmt_payment' => '2017-11-02 21:35:48',
  'notify_time' => '2017-11-02 21:35:48',
  'version' => '1.0',
  'out_trade_no' => '473cf6d03acf496c9599529c181a96ec',
  'total_amount' => '5.00',
  'trade_no' => '2017110221001004615288635606',
  'auth_app_id' => '2017021605702899',
  'buyer_logon_id' => '186****1875',
  'point_amount' => '0.00',
)
[2017-11-02 21:36:27][140.207.54.75][INFO]微信支付 成功:回调信息是:array (
  'appid' => 'wxcb8a76fe730b5964',
  'attach' => '570941d1-5b9f-456d-a0b2-e5eaa10b7dd6',
  'bank_type' => 'CCB_DEBIT',
  'cash_fee' => '2000',
  'fee_type' => 'CNY',
  'is_subscribe' => 'N',
  'mch_id' => '1352470102',
  'nonce_str' => 'u6ubekdvz4b2omlqipmo7y4b6mqk73wf',
  'openid' => 'oFqowwIhfXFKUNJDn1UKS-B0aQxA',
  'out_trade_no' => '42bc1a1836a34880901604668a4dcbaf',
  'result_code' => 'SUCCESS',
  'return_code' => 'SUCCESS',
  'sign' => '93F35D1B7889FAEEB052B9F1949AED8F',
  'time_end' => '20171102213626',
  'total_fee' => '2000',
  'trade_type' => 'NATIVE',
  'transaction_id' => '4200000002201711022032437131',
)
[2017-11-02 21:40:41][140.207.54.76][INFO]微信支付 成功:回调信息是:array (
  'appid' => 'wxcb8a76fe730b5964',
  'attach' => '2a322eb8-8206-4388-bda0-53557e360533',
  'bank_type' => 'CFT',
  'cash_fee' => '500',
  'fee_type' => 'CNY',
  'is_subscribe' => 'Y',
  'mch_id' => '1352470102',
  'nonce_str' => 'demao00gakdkykwjtvz0xkqxyyls1ux7',
  'openid' => 'oFqowwBp4OsvnueBUxHVdCYqrtKE',
  'out_trade_no' => '82922f733da34243ac26e44192ac662c',
  'result_code' => 'SUCCESS',
  'return_code' => 'SUCCESS',
  'sign' => 'F1BC30234BD50829DBC166EC5C423069',
  'time_end' => '20171102214041',
  'total_fee' => '500',
  'trade_type' => 'NATIVE',
  'transaction_id' => '4200000006201711022032595385',
)
[2017-11-02 21:41:41][140.207.54.76][INFO]微信支付 成功:回调信息是:array (
  'appid' => 'wxcb8a76fe730b5964',
  'attach' => '2a322eb8-8206-4388-bda0-53557e360533',
  'bank_type' => 'CFT',
  'cash_fee' => '500',
  'fee_type' => 'CNY',
  'is_subscribe' => 'Y',
  'mch_id' => '1352470102',
  'nonce_str' => 'td14flg3b542pcg5j1r0v85mpv5p4cdj',
  'openid' => 'oFqowwBp4OsvnueBUxHVdCYqrtKE',
  'out_trade_no' => '39b3a05f1fe1474ba8c8ddee46ff2400',
  'result_code' => 'SUCCESS',
  'return_code' => 'SUCCESS',
  'sign' => '8E12085EF3AD7E58D1999DEF9260FEE0',
  'time_end' => '20171102214140',
  'total_fee' => '500',
  'trade_type' => 'NATIVE',
  'transaction_id' => '4200000018201711022031519200',
)
[2017-11-02 21:47:52][140.207.54.75][INFO]微信支付 成功:回调信息是:array (
  'appid' => 'wxcb8a76fe730b5964',
  'attach' => '1899f5cf-1356-43d3-bc03-8ba50215cf6c',
  'bank_type' => 'CFT',
  'cash_fee' => '600',
  'fee_type' => 'CNY',
  'is_subscribe' => 'N',
  'mch_id' => '1352470102',
  'nonce_str' => 'djcn8wuuoklbqhvj56deb01v8txn912t',
  'openid' => 'oFqowwCxuzYTTzNSryIIp3x9LNNs',
  'out_trade_no' => '03db75955ec6467dbef581807709279a',
  'result_code' => 'SUCCESS',
  'return_code' => 'SUCCESS',
  'sign' => '72E8D7F4C8B340BD88B805A894837E55',
  'time_end' => '20171102214752',
  'total_fee' => '600',
  'trade_type' => 'JSAPI',
  'transaction_id' => '4200000030201711022027864495',
)
[2017-11-02 21:49:10][140.207.54.75][INFO]微信支付 成功:回调信息是:array (
  'appid' => 'wxcb8a76fe730b5964',
  'attach' => 'e8db74f1-0ee4-45cc-ac70-e42006639168',
  'bank_type' => 'CFT',
  'cash_fee' => '2000',
  'fee_type' => 'CNY',
  'is_subscribe' => 'Y',
  'mch_id' => '1352470102',
  'nonce_str' => 'n3irtb0q9mdic0mi4gqlj85p8zp47ato',
  'openid' => 'oFqowwLQTtx1zcVthZnG8Tm4X3Xo',
  'out_trade_no' => '89b0e03d7dc14084b2bc7da6dbf09aff',
  'result_code' => 'SUCCESS',
  'return_code' => 'SUCCESS',
  'sign' => '2E20F7A15565D5DE6EA3F48A64F7DB70',
  'time_end' => '20171102214909',
  'total_fee' => '2000',
  'trade_type' => 'NATIVE',
  'transaction_id' => '4200000004201711022030032283',
)
[2017-11-02 21:50:25][203.209.234.188][INFO]支付宝支付 :回调信息是:array (
  'gmt_create' => '2017-11-02 21:50:25',
  'charset' => 'utf-8',
  'seller_email' => 'qiyue@pp158.com',
  'notify_time' => '2017-11-02 21:50:25',
  'subject' => 'pp游戏账单支付',
  'sign' => 'bauSTtgpvg8DLT8vBttWFaNuU6wT7XMAJwXJ30LvQWF0V/qcGtnFtw8crTDMYHAjLkLeZU2DF8TP4c1emGG5DLrnm5RrgJsGLyzUmG1j0NNTrAvDfmmEzydvGpj3YyQjAUGsKS6UlORVg/w06mv855/favT0d0Hh0UH+nRPHurfu9KmXRxow2eI6+qtFxIkZi7LNPsfBCmNOocgGmh+O2TyxbvuaBlaCdq2y67AeiMWP3VPLSc0aGc5r13OPK8ph6PiWELS0NaxQnYhW3LwXE7xpsnjCd40UhW8dct+9gJHmzcKFOsl2sbVKok2+MwfJdF5/95mTW+NO0rco/89ynA==',
  'body' => 'ee7e92f0-2e8c-4c0b-b0bd-484f9f760b3b',
  'buyer_id' => '2088202307927813',
  'version' => '1.0',
  'notify_id' => '1fc1e2d4b8c8469c4520b45c62a25f9mag',
  'notify_type' => 'trade_status_sync',
  'out_trade_no' => 'c48f2eb6cd074301a565f2086d0819d7',
  'total_amount' => '5.00',
  'trade_status' => 'WAIT_BUYER_PAY',
  'trade_no' => '2017110221001004815204563573',
  'auth_app_id' => '2017021605702899',
  'buyer_logon_id' => '729***@qq.com',
  'app_id' => '2017021605702899',
  'sign_type' => 'RSA2',
  'seller_id' => '2088221931936835',
)
[2017-11-02 21:50:35][203.209.234.86][INFO]支付宝支付 成功:回调信息是:array (
  'gmt_create' => '2017-11-02 21:50:25',
  'charset' => 'utf-8',
  'seller_email' => 'qiyue@pp158.com',
  'subject' => 'pp游戏账单支付',
  'sign' => 'S07wbuie/eWNHo0WZqWOXTbk3ZiPygIitHhQ6dHYAttSK1+WlU54p14DFS1xdImA3R9P4mZNUE7X1GOyzZoa8HtqYiSChC+yDUYsbttuONXSy9GwYlLkWEbDkcStkd1LbU0Tp6uJQTEcQ4MiYI1HkxYKTtZeQ92Lpua3OlNPQ1I+ZwghXKygxKicU2Iidk4ZwL5EBi6XOa0AS671yWXXfk6s2Kf/BMizlqE+1BpEF0qskvViTGf9qz/XhgViEGtzUWmLgKYTihhmNLxWrD7zZWZMwsBDDPFKwuF9Yy3amCb+t6lI+AXIjD1eluJ5XjzIW8f2O+ZjQwp+RU6bqGDgIA==',
  'body' => 'ee7e92f0-2e8c-4c0b-b0bd-484f9f760b3b',
  'buyer_id' => '2088202307927813',
  'invoice_amount' => '5.00',
  'notify_id' => '3301c2acc8ea240a4b3f62089c85924mag',
  'fund_bill_list' => '[{"amount":"5.00","fundChannel":"ALIPAYACCOUNT"}]',
  'notify_type' => 'trade_status_sync',
  'trade_status' => 'TRADE_SUCCESS',
  'receipt_amount' => '5.00',
  'app_id' => '2017021605702899',
  'buyer_pay_amount' => '5.00',
  'sign_type' => 'RSA2',
  'seller_id' => '2088221931936835',
  'gmt_payment' => '2017-11-02 21:50:34',
  'notify_time' => '2017-11-02 21:50:34',
  'version' => '1.0',
  'out_trade_no' => 'c48f2eb6cd074301a565f2086d0819d7',
  'total_amount' => '5.00',
  'trade_no' => '2017110221001004815204563573',
  'auth_app_id' => '2017021605702899',
  'buyer_logon_id' => '729***@qq.com',
  'point_amount' => '0.00',
)
[2017-11-02 21:51:44][203.209.226.75][INFO]支付宝支付 :回调信息是:array (
  'gmt_create' => '2017-11-02 21:51:44',
  'charset' => 'utf-8',
  'seller_email' => 'qiyue@pp158.com',
  'notify_time' => '2017-11-02 21:51:44',
  'subject' => 'pp游戏账单支付',
  'sign' => 'MtGp5MHgcMZt/v0hCcci0oBbZTSjuRJqQBWObOzgCxvbI2mL6qNwCzzWFEUsWgrQT8cYbikY7gmwqlHiwlYzLZ72+0Usmx0btmvLxQH2EQLVcLrlHBwloegs1smOaECtTjkFVOZnL3DHUHzPh1ck4RMjuqLRuZfwk/4Q+32sPYoC+DeUMKxKw+9jBA9s6CuAp37Nq8OJaU7k0REXfs0aL0cW5zN7MU45qx1Mhjs4IZ3UywOLeMEnTB7BUv1A4DkLjaN8n7fMKWohjKFhD/Eblg8SstlQLFpvoTMAXyj/n8sh69m5jXPZpQeL5FaklSJ/fJNo6A1TJ/VkZBGcM1BQiA==',
  'body' => '686c173a-4aab-4ab9-a448-1274be80f8e8',
  'buyer_id' => '2088522533062273',
  'version' => '1.0',
  'notify_id' => '7a8d879f6bd8fb4c9d2ec10a2e3d93bi4h',
  'notify_type' => 'trade_status_sync',
  'out_trade_no' => '60f703c38eb74d7d8263171668de8e15',
  'total_amount' => '5.00',
  'trade_status' => 'WAIT_BUYER_PAY',
  'trade_no' => '2017110221001004275348392381',
  'auth_app_id' => '2017021605702899',
  'buyer_logon_id' => '151****1533',
  'app_id' => '2017021605702899',
  'sign_type' => 'RSA2',
  'seller_id' => '2088221931936835',
)
[2017-11-02 21:51:50][203.209.227.54][INFO]支付宝支付 成功:回调信息是:array (
  'gmt_create' => '2017-11-02 21:51:44',
  'charset' => 'utf-8',
  'seller_email' => 'qiyue@pp158.com',
  'subject' => 'pp游戏账单支付',
  'sign' => 'P6xpJapSggWaOEOR7oJcJnazVWKVi6tzdOcQg6SsrY19kGmZjl3AVvAxQertYaBggVHKEg7eSEdn1AfPxJQ4MSMJ4oFct9zFU025rS4K0aZCrvru/OiWFzucXwXVzx226pvh6fBtZOChkpI6SkIGHLKh0nO8IC+D3YdxrJHwd96s9WdhGMGeFSlAepIx5G0OEJ0uarAVaPHgHg9O7QQlWqkViWBVjCyofwhiYk9oL3PaHooXuKb2X2TkowRP0RVn2UqZaqv0MFyEwrZCkLaMl7Dyel/k0fxTAi7LZsir7aXbz5BUmlGUqK3BD60v7lFCpsv6DzDjkP3Dmmye84jcQw==',
  'body' => '686c173a-4aab-4ab9-a448-1274be80f8e8',
  'buyer_id' => '2088522533062273',
  'invoice_amount' => '5.00',
  'notify_id' => '283afe8a0ab8b157ebaa1f3d349abfbi4h',
  'fund_bill_list' => '[{"amount":"5.00","fundChannel":"ALIPAYACCOUNT"}]',
  'notify_type' => 'trade_status_sync',
  'trade_status' => 'TRADE_SUCCESS',
  'receipt_amount' => '5.00',
  'app_id' => '2017021605702899',
  'buyer_pay_amount' => '5.00',
  'sign_type' => 'RSA2',
  'seller_id' => '2088221931936835',
  'gmt_payment' => '2017-11-02 21:51:50',
  'notify_time' => '2017-11-02 21:51:50',
  'version' => '1.0',
  'out_trade_no' => '60f703c38eb74d7d8263171668de8e15',
  'total_amount' => '5.00',
  'trade_no' => '2017110221001004275348392381',
  'auth_app_id' => '2017021605702899',
  'buyer_logon_id' => '151****1533',
  'point_amount' => '0.00',
)
[2017-11-02 21:54:51][203.209.232.183][INFO]支付宝支付 :回调信息是:array (
  'gmt_create' => '2017-11-02 21:54:51',
  'charset' => 'utf-8',
  'seller_email' => 'qiyue@pp158.com',
  'notify_time' => '2017-11-02 21:54:51',
  'subject' => 'pp游戏账单支付',
  'sign' => 'Rk/6A7PGiq7oSwLvPoeGxX3WCTEiKUWjsEehci0dBcRS1BTB4ftk6UcrYU7DO0RUduzsmGkOAX7u/T77ABNTapCceI8HWoRdREwjVikHLc4u2FTI5l6ECeDNPQE0aKIHMG14vJ+vzxg3MpBthJimTbIXEMajMeMymr7pEDkRFUKFHia6w0G+VFq42eXyzdtH3PcXb9zMUq6mFBUIpSt/lp6Aa5LFywXjc9sb+45BSAS9E5u4Qb1XfO3RoKPKviJYpNkG2eNsmrBcV+c0gQhc27HoSprelproZbMIGu/lft0ZuKvv73YF0VELUCnUjYqKZJTk2ZgLtKVlKxyTT2pyFQ==',
  'body' => '12376eec-8fe2-4b46-b105-181072567d65',
  'buyer_id' => '2088212707557004',
  'version' => '1.0',
  'notify_id' => '6acc6acdb9895d22a7c3e4875555082g02',
  'notify_type' => 'trade_status_sync',
  'out_trade_no' => '5f27c430e4ba40d681df215846d6bb30',
  'total_amount' => '20.00',
  'trade_status' => 'WAIT_BUYER_PAY',
  'trade_no' => '2017110221001004000254322473',
  'auth_app_id' => '2017021605702899',
  'buyer_logon_id' => '153****6466',
  'app_id' => '2017021605702899',
  'sign_type' => 'RSA2',
  'seller_id' => '2088221931936835',
)
[2017-11-02 21:54:56][203.209.232.175][INFO]支付宝支付 成功:回调信息是:array (
  'gmt_create' => '2017-11-02 21:54:51',
  'charset' => 'utf-8',
  'seller_email' => 'qiyue@pp158.com',
  'subject' => 'pp游戏账单支付',
  'sign' => 'DpRS0H4VQkX1iIctDzHN812KgxVHX3C8BDC7cdmD/zcXaV04XHnWfbez4P0Ks3wjKAPMUSOTjP4tzSYYYHq8sjZ46dZzatBRPwope0BPC98Au93CbjpUlqktYKK4Y/uv8xabBfrd1GbptGtNE4a7essUzth4lXJH4pdx3dhku2PSCEPTy4OCfQJ2pAbo1LV/I9w+LojmIpZ80DUMkAeEr8RvpNX1P6PGk4mlBBfUaMzIStyWtw1iPp1A/oO7Dvg62X8OJdk4hLiVXCBqx1NzIa7VGQmQGqDeTvPMnPLCle3M3Ls2h4zcdaYhU722ksB34nGynCoEW0v4O2qCq7Etuw==',
  'body' => '12376eec-8fe2-4b46-b105-181072567d65',
  'buyer_id' => '2088212707557004',
  'invoice_amount' => '20.00',
  'notify_id' => 'c0e649f0bfcd3b8ea4c40bc55c967a1g02',
  'fund_bill_list' => '[{"amount":"20.00","fundChannel":"PCREDIT"}]',
  'notify_type' => 'trade_status_sync',
  'trade_status' => 'TRADE_SUCCESS',
  'receipt_amount' => '20.00',
  'app_id' => '2017021605702899',
  'buyer_pay_amount' => '20.00',
  'sign_type' => 'RSA2',
  'seller_id' => '2088221931936835',
  'gmt_payment' => '2017-11-02 21:54:56',
  'notify_time' => '2017-11-02 21:54:56',
  'version' => '1.0',
  'out_trade_no' => '5f27c430e4ba40d681df215846d6bb30',
  'total_amount' => '20.00',
  'trade_no' => '2017110221001004000254322473',
  'auth_app_id' => '2017021605702899',
  'buyer_logon_id' => '153****6466',
  'point_amount' => '0.00',
)
[2017-11-02 21:56:03][140.207.54.74][INFO]微信支付 成功:回调信息是:array (
  'appid' => 'wxcb8a76fe730b5964',
  'attach' => '8e5d7363-b6fd-43c6-8280-3df9d2da1419',
  'bank_type' => 'ICBC_DEBIT',
  'cash_fee' => '5000',
  'fee_type' => 'CNY',
  'is_subscribe' => 'Y',
  'mch_id' => '1352470102',
  'nonce_str' => '4dz7hxgi6t14gf3q9j5vu5ec5jsklv9o',
  'openid' => 'oFqowwLtTshEEeYnJiJMd-NtvDZE',
  'out_trade_no' => 'e0e87f0301014ab088aa4b11928b7dfd',
  'result_code' => 'SUCCESS',
  'return_code' => 'SUCCESS',
  'sign' => '57520734E2E9C6B995B153E1A7045F42',
  'time_end' => '20171102215603',
  'total_fee' => '5000',
  'trade_type' => 'NATIVE',
  'transaction_id' => '4200000010201711022032235302',
)
[2017-11-02 21:58:59][58.251.80.53][INFO]微信支付 成功:回调信息是:array (
  'appid' => 'wxcb8a76fe730b5964',
  'attach' => 'c3f7b485-0e54-4da9-baa0-1712eb4970e9',
  'bank_type' => 'CFT',
  'cash_fee' => '500',
  'fee_type' => 'CNY',
  'is_subscribe' => 'N',
  'mch_id' => '1352470102',
  'nonce_str' => '6h81njuai2nymp5c17c5mrqxl2tg9hpw',
  'openid' => 'oFqowwI-GGm1v0XcMAbVVWeixibc',
  'out_trade_no' => '63d63b264e454ca8be0887a59f03a502',
  'result_code' => 'SUCCESS',
  'return_code' => 'SUCCESS',
  'sign' => 'BFEDCE694245574277E99C789D60F438',
  'time_end' => '20171102215859',
  'total_fee' => '500',
  'trade_type' => 'NATIVE',
  'transaction_id' => '4200000012201711022036509073',
)
