[2017-11-02 22:02:24][203.209.232.186][INFO]支付宝支付 :回调信息是:array (
  'gmt_create' => '2017-11-02 22:02:24',
  'charset' => 'utf-8',
  'seller_email' => 'qiyue@pp158.com',
  'notify_time' => '2017-11-02 22:02:24',
  'subject' => 'pp游戏账单支付',
  'sign' => 'QFXcQ6C0X3qP4LMpNmd/9CSAGuH/j9wwR3SdzIhnKbNR9WA2e+5uMFD9hMbX3X9Nwe7F0kl7YU8ztjUnLA43N6j0G0b57jXVjqTo21OFuaODhZkBjpzrHOeBSPNL+v39VtDOFN8yqe7rE0fS/qUPhwWid7YaioKqKyNlXA92YPUmsERuRgyz2ZHfAzeY5UttGHx8aBkDEqnsEvZzScasV2qpPLLXH6C0ipco2CbgDgDfU2qvUo6avKzDOQt91LzAQf+K/GkTyHn26YInssNVB9Sn0nZFxzs6j6Y6NWmj5910TxbEECPxK0D7OdQO52qpcY3OhHPplxJkwmpgDwCs7g==',
  'body' => '12376eec-8fe2-4b46-b105-181072567d65',
  'buyer_id' => '2088212707557004',
  'version' => '1.0',
  'notify_id' => 'd9ca17f5c39a87dcc8cfa511c4da49eg02',
  'notify_type' => 'trade_status_sync',
  'out_trade_no' => '5f687274c0f349c39f7f084d918f9ec1',
  'total_amount' => '20.00',
  'trade_status' => 'WAIT_BUYER_PAY',
  'trade_no' => '2017110221001004000254344821',
  'auth_app_id' => '2017021605702899',
  'buyer_logon_id' => '153****6466',
  'app_id' => '2017021605702899',
  'sign_type' => 'RSA2',
  'seller_id' => '2088221931936835',
)
[2017-11-02 22:02:30][203.209.232.113][INFO]支付宝支付 成功:回调信息是:array (
  'gmt_create' => '2017-11-02 22:02:24',
  'charset' => 'utf-8',
  'seller_email' => 'qiyue@pp158.com',
  'subject' => 'pp游戏账单支付',
  'sign' => 'EvheIUNq0UXXyzcSmrA3jGcHKyOjKJE9RxryYFzhJgFpBd6BxuJOm0E+q4AE1+LkgNdzDxR0XCVD8Hm4t0Chkln6PcZgcFHvp40yPy94DSQQx5EbWIJcf8hkW5y1gasjBCHVyZ4b3jM2GPeEK7dtjrzobXjLJSntJzHRnIehg1USkamZWQgPYhWIZsnZwcb9zNQhv68RsgtdQwE9dgcTN/1VeFkUBpAQV/rYdTS/uC4x0k+4GU4pam5R1kGbSsmeVuAAxAjygTCW1dn6ZJQS5GbvW1QmjzSxO+hUm6S3W8Y935Yznr6IAKunj9xCdISWxXKUCWmRtD0XrUADiSK3KQ==',
  'body' => '12376eec-8fe2-4b46-b105-181072567d65',
  'buyer_id' => '2088212707557004',
  'invoice_amount' => '20.00',
  'notify_id' => 'd450e9e1b02a51b89ae773eac85c0efg02',
  'fund_bill_list' => '[{"amount":"20.00","fundChannel":"PCREDIT"}]',
  'notify_type' => 'trade_status_sync',
  'trade_status' => 'TRADE_SUCCESS',
  'receipt_amount' => '20.00',
  'app_id' => '2017021605702899',
  'buyer_pay_amount' => '20.00',
  'sign_type' => 'RSA2',
  'seller_id' => '2088221931936835',
  'gmt_payment' => '2017-11-02 22:02:30',
  'notify_time' => '2017-11-02 22:02:30',
  'version' => '1.0',
  'out_trade_no' => '5f687274c0f349c39f7f084d918f9ec1',
  'total_amount' => '20.00',
  'trade_no' => '2017110221001004000254344821',
  'auth_app_id' => '2017021605702899',
  'buyer_logon_id' => '153****6466',
  'point_amount' => '0.00',
)
[2017-11-02 22:05:19][203.209.232.195][INFO]支付宝支付 :回调信息是:array (
  'gmt_create' => '2017-11-02 22:05:19',
  'charset' => 'utf-8',
  'seller_email' => 'qiyue@pp158.com',
  'notify_time' => '2017-11-02 22:05:19',
  'subject' => 'pp游戏账单支付',
  'sign' => 'A53V7cLNo+HhFjhsoFWunkpXV9pbeB3L5ZVaHudXT9I+FfE+JIk0arqQy6zdlSVPYO+N9LquZW0m5ofNEkRuwRF3lJcSxvQlnJ0CSuMRSjudIT2DLElfnnonv2nVKzue43jGzgOD28qS489O/uMu/CfaBr+l4xuDFbgSXUGeONHWYeC6YxHLWYJEaIxDZqZFXZQC72omxLK1Yro6jv/38LK7+JBI8VYek3cWRwUHgavj8GWJ/bW55qXgqg6MszSK/8B2OUxRP0VQUtHb424RyDtGULaOkMpXC7hGE5ShEP1MCFCnpXNohwB29lwyGeLuLDbip723zk/QVe8FNjJjiQ==',
  'body' => '41779d89-b52b-4fe9-9e05-cad43762bb5e',
  'buyer_id' => '2088612541970065',
  'version' => '1.0',
  'notify_id' => 'bcd7c2df1c97580069c57abcb969268gi5',
  'notify_type' => 'trade_status_sync',
  'out_trade_no' => '8a6d0a2af1d44188b3a361e084777405',
  'total_amount' => '20.00',
  'trade_status' => 'WAIT_BUYER_PAY',
  'trade_no' => '2017110221001004065321673556',
  'auth_app_id' => '2017021605702899',
  'buyer_logon_id' => '135****9794',
  'app_id' => '2017021605702899',
  'sign_type' => 'RSA2',
  'seller_id' => '2088221931936835',
)
[2017-11-02 22:05:23][203.209.232.32][INFO]支付宝支付 成功:回调信息是:array (
  'gmt_create' => '2017-11-02 22:05:19',
  'charset' => 'utf-8',
  'seller_email' => 'qiyue@pp158.com',
  'subject' => 'pp游戏账单支付',
  'sign' => 'ON/kALlUyuekJvP3guvZ/VtCa4jSIjKM0kGzKcYXl7xQQUyjVQP/0ijCJtk/KNA6E36CNpE8bxQF4V/F8g2WC6tLrMSv9Ew5f14PKJzJ51Jk5Jwvv6TKiqDbvW4xBjxyEl/HPrGvi75D9e02arNm75rz3JmSE87/dB/J7FVHmWFG6n1vpKwaDzL3cHIYsu3qyrSpIKdltWxwKwQC2fDiEfTI+ISscgPq5lklYe+1D7R/LJpkDcngI56otIRY7UMZizM1XwE0EByFwVZqYJKjfCyTyORnJXy/u/uK8VYBqMKbtSaf+dhp2rwKTJm+KXTu52hA1A3XNxk75VTCqrBwLg==',
  'body' => '41779d89-b52b-4fe9-9e05-cad43762bb5e',
  'buyer_id' => '2088612541970065',
  'invoice_amount' => '20.00',
  'notify_id' => '57d5dfe965a05788bda4af344ebd1b7gi5',
  'fund_bill_list' => '[{"amount":"20.00","fundChannel":"ALIPAYACCOUNT"}]',
  'notify_type' => 'trade_status_sync',
  'trade_status' => 'TRADE_SUCCESS',
  'receipt_amount' => '20.00',
  'app_id' => '2017021605702899',
  'buyer_pay_amount' => '20.00',
  'sign_type' => 'RSA2',
  'seller_id' => '2088221931936835',
  'gmt_payment' => '2017-11-02 22:05:22',
  'notify_time' => '2017-11-02 22:05:22',
  'version' => '1.0',
  'out_trade_no' => '8a6d0a2af1d44188b3a361e084777405',
  'total_amount' => '20.00',
  'trade_no' => '2017110221001004065321673556',
  'auth_app_id' => '2017021605702899',
  'buyer_logon_id' => '135****9794',
  'point_amount' => '0.00',
)
[2017-11-02 22:06:56][203.209.232.108][INFO]支付宝支付 :回调信息是:array (
  'gmt_create' => '2017-11-02 22:06:56',
  'charset' => 'utf-8',
  'seller_email' => 'qiyue@pp158.com',
  'notify_time' => '2017-11-02 22:06:56',
  'subject' => 'pp游戏账单支付',
  'sign' => 'A0vcn5WLIeISawVzjeFXYRMSWwBqgYYzcIadEXsIK/DiyQ10+1of6CDyiIJ25vhjMiDOT7vGQQqwJte0YE3s0dbp8er1oSoI4RU6IrGhI06cKD5CIBKP6QjiJR2lV2Uu0JHZehyfFc4ZoA3JCmXi5+wK8lW44z93s2bL/O4NVWnnZ6Y0MPgjNpmGYMRKDxQCkXAAuTK8b/1hS0Tc+g91MraDaSTYykr8+hqxCqtyEJZdFhuZ+LYetsP7VnRIGRdK07O+4dZvulyip9sfcrdxiXqNeekoqUWjptpiyDvtJg7PnBcs/CMlKPIJZxWUln+CzwOLnTcp29McG+1NW2ILIg==',
  'body' => '12376eec-8fe2-4b46-b105-181072567d65',
  'buyer_id' => '2088212707557004',
  'version' => '1.0',
  'notify_id' => '50e17ab09c99c648481a3f1f0d923b6g02',
  'notify_type' => 'trade_status_sync',
  'out_trade_no' => 'b4bcfe0d82f148859212df54f2ab9d96',
  'total_amount' => '20.00',
  'trade_status' => 'WAIT_BUYER_PAY',
  'trade_no' => '2017110221001004000254355472',
  'auth_app_id' => '2017021605702899',
  'buyer_logon_id' => '153****6466',
  'app_id' => '2017021605702899',
  'sign_type' => 'RSA2',
  'seller_id' => '2088221931936835',
)
[2017-11-02 22:06:59][203.209.232.207][INFO]支付宝支付 成功:回调信息是:array (
  'gmt_create' => '2017-11-02 22:06:56',
  'charset' => 'utf-8',
  'seller_email' => 'qiyue@pp158.com',
  'subject' => 'pp游戏账单支付',
  'sign' => 'V8gkS3WbShW6W1jkPE39PY/Po7OqAgcDwwoz5TzYurguWGLjYRhMBNQ5V3PLZ4I+s8E+0aOPf+jFUpkr0k3i507Mp53cYYl9gxmrIpA7adufbc6uEvCq8jFP3A7Xuk5n2DemLNF3B9+2GrK2gmVZHjCbSYt3W4uci07qn6nmrAd2EY8W33k+Usa0+xxhthY3JImYUN4T5Ti7sf8CxvoNJmQjXEP5MPDDqMxinoo0Dx/u8OEeQH6WWqknWJjNiD/kV4WvVTB8o2940fk+/EYjB27qU2KdFHjJkSimOH/i6Wc1x09l59/Me0B8p7ykg6632Ti2JJNXB+6kIE0xeHZYtw==',
  'body' => '12376eec-8fe2-4b46-b105-181072567d65',
  'buyer_id' => '2088212707557004',
  'invoice_amount' => '20.00',
  'notify_id' => '24a401f04956201536a6b2154594956g02',
  'fund_bill_list' => '[{"amount":"20.00","fundChannel":"PCREDIT"}]',
  'notify_type' => 'trade_status_sync',
  'trade_status' => 'TRADE_SUCCESS',
  'receipt_amount' => '20.00',
  'app_id' => '2017021605702899',
  'buyer_pay_amount' => '20.00',
  'sign_type' => 'RSA2',
  'seller_id' => '2088221931936835',
  'gmt_payment' => '2017-11-02 22:06:58',
  'notify_time' => '2017-11-02 22:06:59',
  'version' => '1.0',
  'out_trade_no' => 'b4bcfe0d82f148859212df54f2ab9d96',
  'total_amount' => '20.00',
  'trade_no' => '2017110221001004000254355472',
  'auth_app_id' => '2017021605702899',
  'buyer_logon_id' => '153****6466',
  'point_amount' => '0.00',
)
[2017-11-02 22:12:52][203.209.226.192][INFO]支付宝支付 :回调信息是:array (
  'gmt_create' => '2017-11-02 22:12:52',
  'charset' => 'utf-8',
  'seller_email' => 'qiyue@pp158.com',
  'notify_time' => '2017-11-02 22:12:52',
  'subject' => 'pp游戏账单支付',
  'sign' => 'K2/IhxNnUllS0iU/j0lFcwyIZMBUdgfr5Ocm6cCCZBxBrNxI3zILELrIX/vcr8Ac6KI9ywgJ5dGL/5Me8wDQIneaUOGDg8g7oC+jrxGwSP8+Cw/g2KU/sefHEZ3GcvhZjVC3izrApard8+z8x6xqNYLQo9Fgo38pmZyiwhiR5FRzl1ktNp04h3mXiSRnwFVLnOi4sj1NGXwylS5OItufTJ4gqMzNbTgWHNX9cooGVZVG0CSPGOlTH5iiouBHReLV378CFuW1eOF/gz4p+b1uj69fm1uLdJJjPSKlasTDgyljGk65uTMkBJtEAtCahvYWnM5sDCTbwtKUZu4+ImZ5Kg==',
  'body' => '58d0716c-5171-402a-8320-3f44b7b7a0a0',
  'buyer_id' => '2088522138206494',
  'version' => '1.0',
  'notify_id' => '8ccc6730183918eeee47d24984e6976jtk',
  'notify_type' => 'trade_status_sync',
  'out_trade_no' => '36aa5352af6a47388e4d0dad8069d9bb',
  'total_amount' => '20.00',
  'trade_status' => 'WAIT_BUYER_PAY',
  'trade_no' => '2017110221001004495252206559',
  'auth_app_id' => '2017021605702899',
  'buyer_logon_id' => '134****0824',
  'app_id' => '2017021605702899',
  'sign_type' => 'RSA2',
  'seller_id' => '2088221931936835',
)
[2017-11-02 22:12:58][203.209.226.58][INFO]支付宝支付 成功:回调信息是:array (
  'gmt_create' => '2017-11-02 22:12:52',
  'charset' => 'utf-8',
  'seller_email' => 'qiyue@pp158.com',
  'subject' => 'pp游戏账单支付',
  'sign' => 'PCj8H6urd31uyezgcyqPSpQ/QZmjsaYMHcg9kjPoHeKNYjThN5Ru47Zl8I6akn0sRjtaC7TGkU3SXJkt9rYTxW8DFVhWVsXuT1TTv1GQ2orogjQUewGToom9C783kveC3hwLN0nHGB2BIlbqEqHb3yv/jt0rybxZeHDXkHsjxAhnDCTEUtsso3fp1/zhDLZT8hyDdi9nwtSMcjPnhA2RSzd631f9PtOqC3O8NBfhktz+d1ulBuPf10sbp/XHC2Z3bydCALjmFT87fYCpD/hK0jUu3+itInEMbMtDK8sp2SL5GMfYSB4nkhYU8h7CPMje6b17tJ3H6RnqVnYEgPxqfg==',
  'body' => '58d0716c-5171-402a-8320-3f44b7b7a0a0',
  'buyer_id' => '2088522138206494',
  'invoice_amount' => '20.00',
  'notify_id' => '7925a7798342f37466289b5c23dcfb2jtk',
  'fund_bill_list' => '[{"amount":"20.00","fundChannel":"PCREDIT"}]',
  'notify_type' => 'trade_status_sync',
  'trade_status' => 'TRADE_SUCCESS',
  'receipt_amount' => '20.00',
  'app_id' => '2017021605702899',
  'buyer_pay_amount' => '20.00',
  'sign_type' => 'RSA2',
  'seller_id' => '2088221931936835',
  'gmt_payment' => '2017-11-02 22:12:58',
  'notify_time' => '2017-11-02 22:12:58',
  'version' => '1.0',
  'out_trade_no' => '36aa5352af6a47388e4d0dad8069d9bb',
  'total_amount' => '20.00',
  'trade_no' => '2017110221001004495252206559',
  'auth_app_id' => '2017021605702899',
  'buyer_logon_id' => '134****0824',
  'point_amount' => '0.00',
)
[2017-11-02 22:14:06][203.209.226.152][INFO]支付宝支付 :回调信息是:array (
  'gmt_create' => '2017-11-02 22:14:06',
  'charset' => 'utf-8',
  'seller_email' => 'qiyue@pp158.com',
  'notify_time' => '2017-11-02 22:14:06',
  'subject' => 'pp游戏账单支付',
  'sign' => 'NvePaFHVifuQ3jf38ZHWLAi0AkUmIcQWQVPHZQtZzp4GRFAK062pkcBxdFYXjqAYVgzq+pqBVnEbMpRHj5R4SZxaG3vjfhKkZxv3ixw/GN5txDYb8XcDGEkdaFFtoXR1q1fYFF0Tfgk7rHouQzp2e5mSuFgx3fgvDaZjXnhGOxHwiS+uuqz+ziRn9VCus0OKX+wCuna8aBSmU70OWVosO2HQHmuxh/2MQf81oSbfGc48MexHVe1N7FglEGVX7wv6AD42WCh/JPw6HIb/1o19HtG5/rQXR0Nn3yEuOmzzXMMNmN6vSnOhxdbw3jPNbxew5ltVwR0yiMbSVaT9r0kAWA==',
  'body' => '58d0716c-5171-402a-8320-3f44b7b7a0a0',
  'buyer_id' => '2088522138206494',
  'version' => '1.0',
  'notify_id' => 'ac074b42b3437301381d50775d42877jtk',
  'notify_type' => 'trade_status_sync',
  'out_trade_no' => '22c72a54160c4bd29962ec836acbaca5',
  'total_amount' => '20.00',
  'trade_status' => 'WAIT_BUYER_PAY',
  'trade_no' => '2017110221001004495252206563',
  'auth_app_id' => '2017021605702899',
  'buyer_logon_id' => '134****0824',
  'app_id' => '2017021605702899',
  'sign_type' => 'RSA2',
  'seller_id' => '2088221931936835',
)
[2017-11-02 22:14:50][58.251.80.55][INFO]微信支付 成功:回调信息是:array (
  'appid' => 'wxcb8a76fe730b5964',
  'attach' => 'b5a10184-0d21-410d-8923-5f4088b2aa1f',
  'bank_type' => 'CFT',
  'cash_fee' => '500',
  'fee_type' => 'CNY',
  'is_subscribe' => 'N',
  'mch_id' => '1352470102',
  'nonce_str' => '63l28jd4n1bh19ec5wkjigvkc4s6amig',
  'openid' => 'oFqowwBC9tno5b9FdlJzDhCJ57Ck',
  'out_trade_no' => 'e2bb38d345384181bf18564cf3e24c6a',
  'result_code' => 'SUCCESS',
  'return_code' => 'SUCCESS',
  'sign' => '6FDC4475729414AC4FAE8C98638A3A78',
  'time_end' => '20171102221449',
  'total_fee' => '500',
  'trade_type' => 'NATIVE',
  'transaction_id' => '4200000027201711022037247355',
)
[2017-11-02 22:15:31][203.209.232.36][INFO]支付宝支付 :回调信息是:array (
  'gmt_create' => '2017-11-02 22:15:31',
  'charset' => 'utf-8',
  'seller_email' => 'qiyue@pp158.com',
  'notify_time' => '2017-11-02 22:15:31',
  'subject' => 'pp游戏账单支付',
  'sign' => 'HCDKK3U6XsEwMjIzQWc2IkhU3+KkabS3C6BlKnbjaLNwo3fNcxTiSYu8UrP6wRfol1qxiw5KBk6kmEtbDJDzo5SNv2UgPDeNAZUTaWR6kZXikckE+/5RXGLpHkgstNXGdI+4rOwkRaH161IasW7Iwlh9zHZXt17xC8RsmSdl7odBopigpwtU/hqL5TDc4JhLJ6RFrXTx928wXd1CCH+VFLlEJd/Yfk7g721Dl5bVNlayvn6c4T3GXqNhmHbKn8CcZjlsVIQsFk5onSkNIRlnsSRQBJJ7O0RRzwRSsv2w/mBztGEJevTEuwRC29+0TVUGBW190u4rXbn9cdH2zp54Rg==',
  'body' => '70840e48-21cc-4f5e-a577-6d3c00ace438',
  'buyer_id' => '2088722334907005',
  'version' => '1.0',
  'notify_id' => 'c69c4f4598a04127445a505f030fe4ag02',
  'notify_type' => 'trade_status_sync',
  'out_trade_no' => 'e16a9b375e0c49ceb6b5cba4310f8ef3',
  'total_amount' => '20.00',
  'trade_status' => 'WAIT_BUYER_PAY',
  'trade_no' => '2017110221001004000254378799',
  'auth_app_id' => '2017021605702899',
  'buyer_logon_id' => '180****6313',
  'app_id' => '2017021605702899',
  'sign_type' => 'RSA2',
  'seller_id' => '2088221931936835',
)
[2017-11-02 22:15:39][203.209.232.189][INFO]支付宝支付 成功:回调信息是:array (
  'gmt_create' => '2017-11-02 22:15:31',
  'charset' => 'utf-8',
  'seller_email' => 'qiyue@pp158.com',
  'subject' => 'pp游戏账单支付',
  'sign' => 'OQWQh0m6q7UyvVnvpCedAA70iIMDYHZB68ocT+kjRqF7kul1j/8UVAe84ltNICKtRWfGN5OtVJcLaHzFeHtsgu78LOWCfMn2Pllehg/2aUwiibM9/QzeGxf73wBt1G8IdsC+WFkrAOMDs5rIW2B42YZLdFB04/obauQ1ko0zikb1NlSdWgwpqpgn7VAej8aoTu73/szhfsXWuXQOtmouvu9+0oVLKCpLTfnj3HRb1WkG3wFcF4e+9wJ3XCrnaMJDqW5aU41HU2DSXyDvbbLbIqC8BScQBuY26xeh723QG0g7aGNTnfzvwenNv9B22H/h+seCnu5DHSxkiRHzddxeCQ==',
  'body' => '70840e48-21cc-4f5e-a577-6d3c00ace438',
  'buyer_id' => '2088722334907005',
  'invoice_amount' => '20.00',
  'notify_id' => '09fde295544537b7e9c92c60f9f5783g02',
  'fund_bill_list' => '[{"amount":"20.00","fundChannel":"PCREDIT"}]',
  'notify_type' => 'trade_status_sync',
  'trade_status' => 'TRADE_SUCCESS',
  'receipt_amount' => '20.00',
  'app_id' => '2017021605702899',
  'buyer_pay_amount' => '20.00',
  'sign_type' => 'RSA2',
  'seller_id' => '2088221931936835',
  'gmt_payment' => '2017-11-02 22:15:39',
  'notify_time' => '2017-11-02 22:15:39',
  'version' => '1.0',
  'out_trade_no' => 'e16a9b375e0c49ceb6b5cba4310f8ef3',
  'total_amount' => '20.00',
  'trade_no' => '2017110221001004000254378799',
  'auth_app_id' => '2017021605702899',
  'buyer_logon_id' => '180****6313',
  'point_amount' => '0.00',
)
[2017-11-02 22:16:48][110.75.248.16][INFO]支付宝支付 :回调信息是:array (
  'gmt_create' => '2017-11-02 22:16:48',
  'charset' => 'utf-8',
  'seller_email' => 'qiyue@pp158.com',
  'notify_time' => '2017-11-02 22:16:48',
  'subject' => 'pp游戏账单支付',
  'sign' => 'YLz2kFKRF7P1Zk0jjLLZNy1syOYpp/0UHYlTZRweMgq/t8YeQ1nwsjFsbWmsS56xTsN+SAz9AyjX332TXGm9G7ByRfzLg7eUiYSsflM2fOqcHtdGRtpbofpuBiS2h+QVjpapEcGWX8FElZqa35GKOoghM8i4F3C9PJGRd2I30uWSZQX5Q1V2JwWdiKTvk2A4OAli5Op3dp4Yxt1HNUWXlueKZWREZzwz27xQIKV718xPMqCdFiN0lg45qBrzFfGindmDgx21PvM0YRoLwSFzvug3HUDeoLfS4aGFnArmEAMBRPha/0k4VlEsqBXq1o62uaq0InQX7OfgE3DXZEqnNw==',
  'body' => '5b91f6d6-b5b1-40a2-92e8-5f423223f68f',
  'buyer_id' => '2088812691463622',
  'version' => '1.0',
  'notify_id' => '3b5252e963a9cbb3b09ed84266757b8ktp',
  'notify_type' => 'trade_status_sync',
  'out_trade_no' => '4c8de433f3dd4c52a1351d1a15134b61',
  'total_amount' => '5.00',
  'trade_status' => 'WAIT_BUYER_PAY',
  'trade_no' => '2017110221001004625318184252',
  'auth_app_id' => '2017021605702899',
  'buyer_logon_id' => '136****8252',
  'app_id' => '2017021605702899',
  'sign_type' => 'RSA2',
  'seller_id' => '2088221931936835',
)
[2017-11-02 22:17:28][203.209.234.216][INFO]支付宝支付 :回调信息是:array (
  'gmt_create' => '2017-11-02 22:17:28',
  'charset' => 'utf-8',
  'seller_email' => 'qiyue@pp158.com',
  'notify_time' => '2017-11-02 22:17:28',
  'subject' => 'pp游戏账单支付',
  'sign' => 'NLjsMaZrIs/PzXtVBOZ5Dq40NzLqioC5xfVzXEfLGYzxLFvkHfbcGnw3YS5EQRMxKfh0bnpaY31gHvaxROl6lwH9HzzD4CvwLVa/lQ/SwBRTYFH6lBGS1JyxLUzUHL7Z5jMU1apCfxshuRetx1or9rNyGVte/8iiOiSnp3jjCp0Eif7DNLAXrc3rbsy6CocmFCzonqM50LAGfll3/HcYcTQhmsFmc3iF1wSvtaI42hfHkoRw2td6mWSPfChkn5CNhG15kJekN6G+nVi5o/A1ogjdclpC0w3XogdLeY2TFzC3iafkR2asOfkW2silsLEyrtmfuwPMwnnGmIzeMV+Pfw==',
  'body' => '87a237b2-eae7-4c5f-8258-11d4c4c2efe6',
  'buyer_id' => '2088612440603992',
  'version' => '1.0',
  'notify_id' => 'd8268b727bb9920a14a261851384577noh',
  'notify_type' => 'trade_status_sync',
  'out_trade_no' => 'd397dc35521544ba876cfa2a9ab75008',
  'total_amount' => '50.00',
  'trade_status' => 'WAIT_BUYER_PAY',
  'trade_no' => '2017110221001004995369723761',
  'auth_app_id' => '2017021605702899',
  'buyer_logon_id' => '136****1228',
  'app_id' => '2017021605702899',
  'sign_type' => 'RSA2',
  'seller_id' => '2088221931936835',
)
[2017-11-02 22:17:47][203.209.234.165][INFO]支付宝支付 成功:回调信息是:array (
  'gmt_create' => '2017-11-02 22:17:28',
  'charset' => 'utf-8',
  'seller_email' => 'qiyue@pp158.com',
  'subject' => 'pp游戏账单支付',
  'sign' => 'BLi2owH1bWwFzNbPAs9KGBzSinLa82gIPejkj7PyMhVILqlCHqkX4LjIsJUioF3thUflrLG16CALmdaJYiwW/bitFTSiQx783mbT/kIq0P/nd0uiy0rXCFurUh2B+HD2tLQK3Ed2wwAL/ExpCTPDPdZ3+7OoUlYEb2f7XOGThPRjY/P/6CrdVX3dtaEn3EhmkQxn6Fg46CuxnqUckMY3b21vE2lxai1VhpXyFZSI1LAXLoLbmV4zJCNWRIdvCzXqaUPyp7J/c4CCyAat4pw/SXeZNGyHd94rlBvTiwUm+zVLEIchKAV9Ed2ObDZLEpADdfhJ7aHKoQI0foY4aEIJUg==',
  'body' => '87a237b2-eae7-4c5f-8258-11d4c4c2efe6',
  'buyer_id' => '2088612440603992',
  'invoice_amount' => '49.42',
  'notify_id' => 'e3db320a9aa20f742fe0588e1a2e718noh',
  'fund_bill_list' => '[{"amount":"0.58","fundChannel":"COUPON"},{"amount":"49.42","fundChannel":"ALIPAYACCOUNT"}]',
  'notify_type' => 'trade_status_sync',
  'trade_status' => 'TRADE_SUCCESS',
  'receipt_amount' => '50.00',
  'app_id' => '2017021605702899',
  'buyer_pay_amount' => '50.00',
  'sign_type' => 'RSA2',
  'seller_id' => '2088221931936835',
  'gmt_payment' => '2017-11-02 22:17:47',
  'notify_time' => '2017-11-02 22:17:47',
  'version' => '1.0',
  'out_trade_no' => 'd397dc35521544ba876cfa2a9ab75008',
  'total_amount' => '50.00',
  'trade_no' => '2017110221001004995369723761',
  'auth_app_id' => '2017021605702899',
  'buyer_logon_id' => '136****1228',
  'point_amount' => '0.58',
)
[2017-11-02 22:17:47][110.75.248.16][INFO]支付宝支付 成功:回调信息是:array (
  'gmt_create' => '2017-11-02 22:16:48',
  'charset' => 'utf-8',
  'seller_email' => 'qiyue@pp158.com',
  'subject' => 'pp游戏账单支付',
  'sign' => 'Obr7MZeCcrKMO8v72XobPukIpX6rXaJht5PLn+yzcx4meVUPzgE7PjHV65sXkGu5rZBkBgfr/PBBZ6zXwvTlKQrCX2cFtBhk/KECH9r8vFaLWQn50LGjf7Tj7TBaMRk+nXvClQ/y6j0LMm3CPhRUmwB2Ej5Fl+YkvqQOHdISR54O0FxiKyAvXvYDOnL5xqa9ROXieUIRCiEMa7+rz/LsYJu0dCWwWlhsHOIuaht9BvtIUokmP4Gf3wt6SwT47mCbJxeDWLdJOkGTeEP3uKl5liDl4ICJsvlxAJyim+nw7noFO6u1EelrxjAS+jMe5c2BEk4lFRU+PaUYDq9He1GR+Q==',
  'body' => '5b91f6d6-b5b1-40a2-92e8-5f423223f68f',
  'buyer_id' => '2088812691463622',
  'invoice_amount' => '5.00',
  'notify_id' => 'edec796c31ac164af328fefa3de2fa9ktp',
  'fund_bill_list' => '[{"amount":"5.00","fundChannel":"ALIPAYACCOUNT"}]',
  'notify_type' => 'trade_status_sync',
  'trade_status' => 'TRADE_SUCCESS',
  'receipt_amount' => '5.00',
  'app_id' => '2017021605702899',
  'buyer_pay_amount' => '5.00',
  'sign_type' => 'RSA2',
  'seller_id' => '2088221931936835',
  'gmt_payment' => '2017-11-02 22:17:47',
  'notify_time' => '2017-11-02 22:17:47',
  'version' => '1.0',
  'out_trade_no' => '4c8de433f3dd4c52a1351d1a15134b61',
  'total_amount' => '5.00',
  'trade_no' => '2017110221001004625318184252',
  'auth_app_id' => '2017021605702899',
  'buyer_logon_id' => '136****8252',
  'point_amount' => '0.00',
)
[2017-11-02 22:19:07][58.251.80.60][INFO]微信支付 成功:回调信息是:array (
  'appid' => 'wxcb8a76fe730b5964',
  'attach' => '9d8afb37-e3ed-4240-917b-703270ca78f3',
  'bank_type' => 'CFT',
  'cash_fee' => '2000',
  'fee_type' => 'CNY',
  'is_subscribe' => 'N',
  'mch_id' => '1352470102',
  'nonce_str' => 'syz6fmq4skzoyjyg4vgksmtk0x53rkcl',
  'openid' => 'oFqowwHCia1XeTjoIo33aEOXjZZA',
  'out_trade_no' => '9a03f792d9aa47a398f0bf37d7c78127',
  'result_code' => 'SUCCESS',
  'return_code' => 'SUCCESS',
  'sign' => '5B27D26F5149107009B5C1FA1DF124A9',
  'time_end' => '20171102221906',
  'total_fee' => '2000',
  'trade_type' => 'NATIVE',
  'transaction_id' => '4200000009201711022037507104',
)
[2017-11-02 22:24:52][58.251.80.49][INFO]微信支付 成功:回调信息是:array (
  'appid' => 'wxcb8a76fe730b5964',
  'attach' => '85ecebaa-8d7d-4c29-9c6c-52802a7f5a38',
  'bank_type' => 'CFT',
  'cash_fee' => '500',
  'fee_type' => 'CNY',
  'is_subscribe' => 'N',
  'mch_id' => '1352470102',
  'nonce_str' => '9rhegokdd6bofjeqasgnqe4jlguw9yxz',
  'openid' => 'oFqowwO1JcUgs_IZZn0pkFfWDXvg',
  'out_trade_no' => '391bd286a0cf481c8a22e4e4a076de41',
  'result_code' => 'SUCCESS',
  'return_code' => 'SUCCESS',
  'sign' => '84EB8EF9C87BFA8544F091C502E0B7B9',
  'time_end' => '20171102222451',
  'total_fee' => '500',
  'trade_type' => 'NATIVE',
  'transaction_id' => '4200000026201711022039608196',
)
[2017-11-02 22:25:17][58.251.80.55][INFO]微信支付 成功:回调信息是:array (
  'appid' => 'wxcb8a76fe730b5964',
  'attach' => '427dc76a-3756-4404-a95e-0a2664b196de',
  'bank_type' => 'CFT',
  'cash_fee' => '500',
  'fee_type' => 'CNY',
  'is_subscribe' => 'N',
  'mch_id' => '1352470102',
  'nonce_str' => '5jzaxkso6nc8e3y7qoygtf6p2vqplio2',
  'openid' => 'oFqowwOR41QBwWQHzOACibtqwZj8',
  'out_trade_no' => '85243455c9cf47ebabefa23dad1c8b24',
  'result_code' => 'SUCCESS',
  'return_code' => 'SUCCESS',
  'sign' => '311A9993EAB82CB3F7CB67ABA1FA5FA6',
  'time_end' => '20171102222517',
  'total_fee' => '500',
  'trade_type' => 'NATIVE',
  'transaction_id' => '4200000011201711022039662326',
)
[2017-11-02 22:25:51][58.251.80.60][INFO]微信支付 成功:回调信息是:array (
  'appid' => 'wxcb8a76fe730b5964',
  'attach' => 'c30d1d85-1270-49c1-8668-9b184aefacc9',
  'bank_type' => 'CFT',
  'cash_fee' => '2000',
  'fee_type' => 'CNY',
  'is_subscribe' => 'N',
  'mch_id' => '1352470102',
  'nonce_str' => 'j0phcp628bb3tlg6zzhyke6sh1gdrm8y',
  'openid' => 'oFqowwH7pRZY3JogHZWt8GysCUiQ',
  'out_trade_no' => '995e2ad8647649bd8bdba9d3d0a9561c',
  'result_code' => 'SUCCESS',
  'return_code' => 'SUCCESS',
  'sign' => '7285BD5088B24A88D6AE9EE937B7076A',
  'time_end' => '20171102222550',
  'total_fee' => '2000',
  'trade_type' => 'NATIVE',
  'transaction_id' => '4200000004201711022037856709',
)
[2017-11-02 22:26:29][58.251.80.56][INFO]微信支付 成功:回调信息是:array (
  'appid' => 'wxcb8a76fe730b5964',
  'attach' => '83b0089f-df66-4e61-a9c5-324b132a2369',
  'bank_type' => 'CFT',
  'cash_fee' => '500',
  'fee_type' => 'CNY',
  'is_subscribe' => 'Y',
  'mch_id' => '1352470102',
  'nonce_str' => '5nomec5h2v32ytdvsugrwlfoso2n8fvi',
  'openid' => 'oFqowwMtqyAuu_YpKX_96kU_0s-8',
  'out_trade_no' => '004ff4597baf4825aa2b7ce1a691c2c6',
  'result_code' => 'SUCCESS',
  'return_code' => 'SUCCESS',
  'sign' => '01A815A763281F124B51C8C4056EEEEF',
  'time_end' => '20171102222628',
  'total_fee' => '500',
  'trade_type' => 'NATIVE',
  'transaction_id' => '4200000010201711022039644811',
)
[2017-11-02 22:28:23][203.209.227.205][INFO]支付宝支付 :回调信息是:array (
  'gmt_create' => '2017-11-02 22:28:23',
  'charset' => 'utf-8',
  'seller_email' => 'qiyue@pp158.com',
  'notify_time' => '2017-11-02 22:28:23',
  'subject' => 'pp游戏账单支付',
  'sign' => 'EF+46qi5FcQNri8coKHgY7uibKNroVK9Y8lKyPAEz0uDXTTddhDgxp+g37UzSMsG+E6HxatyG11OsSme62Euvlo08e6AtEAlrb53UqOqaZ6MBAWqYQ3la6Q3AnFr5h8hymr/ucnQJKw8OrHW02NIOhVKDgxRos8HfBq6sWMRxvmsV6TUNzUtgdfH3rN8Gwp3Zhf+FSAAukw+f3hDZzgPodNuvJ29GbZB9Hb9sQ9KLH0EwgLmgHlLmr3itI4slD+JTXm565Ab77ai3H8CDVxCkk4dn35uALWiM2bH5L/ZkIqToZ0qDIHsQdL4psuUOmciA9GnHvNS6TdxYsuUP7Lt6g==',
  'body' => '930298c9-4b61-4b10-a800-66d1f9146d03',
  'buyer_id' => '2088522142822211',
  'version' => '1.0',
  'notify_id' => 'd7978d2f2df81544d2f356b557bce7chnt',
  'notify_type' => 'trade_status_sync',
  'out_trade_no' => 'cd0c75e655d745e9b7afab189730e8eb',
  'total_amount' => '5.00',
  'trade_status' => 'WAIT_BUYER_PAY',
  'trade_no' => '2017110221001004215363865315',
  'auth_app_id' => '2017021605702899',
  'buyer_logon_id' => '159****2100',
  'app_id' => '2017021605702899',
  'sign_type' => 'RSA2',
  'seller_id' => '2088221931936835',
)
[2017-11-02 22:28:28][203.209.227.58][INFO]支付宝支付 成功:回调信息是:array (
  'gmt_create' => '2017-11-02 22:28:23',
  'charset' => 'utf-8',
  'seller_email' => 'qiyue@pp158.com',
  'subject' => 'pp游戏账单支付',
  'sign' => 'A8F3GmRW72+qndUVJeGrg5KwfH+pLczy1xdqAzP6Kd+eMeETOs3RyGfA3Xxbn+3SO+RhIhmw+h9eyNn2yKW/4LsszqnrtIWcWuiDayT/uoj+e/K8ybPbSb4AbYBPhhHm4D+cWQn3bl2Y3lDzy5ZhhdyVjhWRbg5Cq8JaWNZH+zOIfoTayv1ivQbEpab1J/9byy2PNOIZmv/oNVw7rkj/9G+flFGwjYfMfbh/BSrmibbRORrUtL4+6lf/tfTrmXbadnkGFJ+d6qdFUnIeFVE6UTJ7ONY1NhWNS8Ho7J73l1eGA27PRjPmIsQ0z7trfJ5JqjohD9dsnMusMhaaZgta3A==',
  'body' => '930298c9-4b61-4b10-a800-66d1f9146d03',
  'buyer_id' => '2088522142822211',
  'invoice_amount' => '5.00',
  'notify_id' => '59026cd5fefcffa9070c761c0e79587hnt',
  'fund_bill_list' => '[{"amount":"5.00","fundChannel":"PCREDIT"}]',
  'notify_type' => 'trade_status_sync',
  'trade_status' => 'TRADE_SUCCESS',
  'receipt_amount' => '5.00',
  'app_id' => '2017021605702899',
  'buyer_pay_amount' => '5.00',
  'sign_type' => 'RSA2',
  'seller_id' => '2088221931936835',
  'gmt_payment' => '2017-11-02 22:28:28',
  'notify_time' => '2017-11-02 22:28:28',
  'version' => '1.0',
  'out_trade_no' => 'cd0c75e655d745e9b7afab189730e8eb',
  'total_amount' => '5.00',
  'trade_no' => '2017110221001004215363865315',
  'auth_app_id' => '2017021605702899',
  'buyer_logon_id' => '159****2100',
  'point_amount' => '0.00',
)
[2017-11-02 22:29:15][203.209.227.154][INFO]支付宝支付 :回调信息是:array (
  'gmt_create' => '2017-11-02 22:29:15',
  'charset' => 'utf-8',
  'seller_email' => 'qiyue@pp158.com',
  'notify_time' => '2017-11-02 22:29:15',
  'subject' => 'pp游戏账单支付',
  'sign' => 'dPSAArjTEBC0MU6GVsQ1Cs/k7Uhaq/byyjNSj+BKIkYcdWaDclDdlJfQ19Cwl3wqJXSXtP5la8AckeJutH1dMU4pX0vxrtxiEi5wTgB/6YCKGCmhrc+Vn+BJMGoCInF61PivwgSA4fQbqHoiYnVIBtq7EVAjcQt0gAvNO2mgBzzWnU7L1xW8QQnqS4HRPiv1Qk72HOEIp9lRGT8fUNRw5GcLQMy+5LmJQGknP8oxkG/LQuyc1ODnL2fjGmoPy+TPe5z2vmJ/mHfcfxZvrPeJPEr5VZycW15T0toiD9abpo1zMDomSyeO8+AWU/hWM4eZcSn7QGW1QrTPvx0XmAa9tw==',
  'body' => '930298c9-4b61-4b10-a800-66d1f9146d03',
  'buyer_id' => '2088522142822211',
  'version' => '1.0',
  'notify_id' => 'e18a4b0229ef00275ef850cde1279cfhnt',
  'notify_type' => 'trade_status_sync',
  'out_trade_no' => '84ca7d296043477a8087a6343f7e22e8',
  'total_amount' => '20.00',
  'trade_status' => 'WAIT_BUYER_PAY',
  'trade_no' => '2017110221001004215359338781',
  'auth_app_id' => '2017021605702899',
  'buyer_logon_id' => '159****2100',
  'app_id' => '2017021605702899',
  'sign_type' => 'RSA2',
  'seller_id' => '2088221931936835',
)
[2017-11-02 22:29:18][203.209.226.129][INFO]支付宝支付 成功:回调信息是:array (
  'gmt_create' => '2017-11-02 22:29:15',
  'charset' => 'utf-8',
  'seller_email' => 'qiyue@pp158.com',
  'subject' => 'pp游戏账单支付',
  'sign' => 'HwVvorI/gkhmQZKpp//MILeIUImg5NewFPEE8ceVu9brgEK1nHKAsCwTEH1Itqnz3L5JFaKTnxzfEuLjf94R0U1Bv2jZvdbKRJvo0F2UVw8OgIFsTAa2FhIRmJvvEqBrboYhOzWriWg+43ZUaqPTuwIQvg2CDnZ2FnrtQBACVNo6Nd1FHE1sQyBCI9fJ4V/SuIk3k5t4Tc2TuHMAxfVbZMIzWlQRLbwDKZuMpUVZZPYmXGHdxxK5vmD3E+Vm3e3/VCXL0UQSy2MZ2sIsMIxfcgdnamPlcobDUsKItIBZ1ZeHXm5bn4K1Uqs7UkfAWS7tNeAS5vFP8+L5pOmLrTIYiQ==',
  'body' => '930298c9-4b61-4b10-a800-66d1f9146d03',
  'buyer_id' => '2088522142822211',
  'invoice_amount' => '20.00',
  'notify_id' => '58a2bbdcb8ca654ac6fbc1fa79f6844hnt',
  'fund_bill_list' => '[{"amount":"20.00","fundChannel":"PCREDIT"}]',
  'notify_type' => 'trade_status_sync',
  'trade_status' => 'TRADE_SUCCESS',
  'receipt_amount' => '20.00',
  'app_id' => '2017021605702899',
  'buyer_pay_amount' => '20.00',
  'sign_type' => 'RSA2',
  'seller_id' => '2088221931936835',
  'gmt_payment' => '2017-11-02 22:29:18',
  'notify_time' => '2017-11-02 22:29:18',
  'version' => '1.0',
  'out_trade_no' => '84ca7d296043477a8087a6343f7e22e8',
  'total_amount' => '20.00',
  'trade_no' => '2017110221001004215359338781',
  'auth_app_id' => '2017021605702899',
  'buyer_logon_id' => '159****2100',
  'point_amount' => '0.00',
)
[2017-11-02 22:29:47][203.209.226.99][INFO]支付宝支付 :回调信息是:array (
  'gmt_create' => '2017-11-02 22:29:47',
  'charset' => 'utf-8',
  'seller_email' => 'qiyue@pp158.com',
  'notify_time' => '2017-11-02 22:29:47',
  'subject' => 'pp游戏账单支付',
  'sign' => 'MaZ9Up6RdOmW/JN1kwVw7Vt25jwT6v18bCF9XDJ8h6FIGiBjlJfb9Y8znsjOyPcPOkVZhc2M+hUfbLrzodhQ7xOoGJDHQYBWJ3EFbAiCufU7LTUxGdslAZONm97VuWz37ZD++MKnguyPrJJHQbYVENM4IAq0LVKCPMtmX3EspmfjJnoDRrYWERzG9/3piTfzxNpL3mLJYydx+sicY+pu00ISRYwVdvNaoticsvDRqDNzrK7B6TVILKc38/QR1BETT+jcrX7DJ4FSeGWTsgtD75iD/uhRm5f9Mfir6QIOSQai74uUQt0Ft3PFKalgHA1eBU5lilrf13WWhaj5kSwGjw==',
  'body' => '41ff53c4-b9a2-4e08-87fb-eb5ad1996aa0',
  'buyer_id' => '2088522533062273',
  'version' => '1.0',
  'notify_id' => 'c4facd20ba3efba1eb1d35051a5dcc1i4h',
  'notify_type' => 'trade_status_sync',
  'out_trade_no' => 'b61bdc01ffa74bf5826b53ba1c010555',
  'total_amount' => '20.00',
  'trade_status' => 'WAIT_BUYER_PAY',
  'trade_no' => '2017110221001004275348695229',
  'auth_app_id' => '2017021605702899',
  'buyer_logon_id' => '151****1533',
  'app_id' => '2017021605702899',
  'sign_type' => 'RSA2',
  'seller_id' => '2088221931936835',
)
[2017-11-02 22:30:24][203.209.227.226][INFO]支付宝支付 :回调信息是:array (
  'gmt_create' => '2017-11-02 22:30:24',
  'charset' => 'utf-8',
  'seller_email' => 'qiyue@pp158.com',
  'notify_time' => '2017-11-02 22:30:24',
  'subject' => 'pp游戏账单支付',
  'sign' => 'd6Ss7MGXYkttHXoQvaYzcW1LhiDdouQbN+OsW/5q/TOBgwM/tSYpok29LFKUlQRQWBdJq8EIgVXCsp9QgGuX6jliyzTmP+0VoXnka2nZQWuLuT7Y34vrtupuq000wZC2/HFcYuyW9rOZsS0dB8bE4YqD18xFOiscJe/sH437FeHgzHrAhNfmEPxcC08ZxxNchATOpieA6spX0SRIU90o3NLVL9gT1eW5sfxvoPXFQyAZZn0JhcUwewAm4eMgN82cxZ31dVC9MAFudfz9wfNbvLmtrZfv5cVTmvU4WvFnyeFPCZ6RY6gFr/prwR4uz5zkjPFrziCHa86mxVztpcySmQ==',
  'body' => '41ff53c4-b9a2-4e08-87fb-eb5ad1996aa0',
  'buyer_id' => '2088522533062273',
  'version' => '1.0',
  'notify_id' => 'b04cc9bb3080947dbbdfac2b3696103i4h',
  'notify_type' => 'trade_status_sync',
  'out_trade_no' => '3e0e4b3d14734bda8f5acc03a3df4bc8',
  'total_amount' => '5.00',
  'trade_status' => 'WAIT_BUYER_PAY',
  'trade_no' => '2017110221001004275340422367',
  'auth_app_id' => '2017021605702899',
  'buyer_logon_id' => '151****1533',
  'app_id' => '2017021605702899',
  'sign_type' => 'RSA2',
  'seller_id' => '2088221931936835',
)
[2017-11-02 22:30:30][203.209.226.119][INFO]支付宝支付 成功:回调信息是:array (
  'gmt_create' => '2017-11-02 22:30:24',
  'charset' => 'utf-8',
  'seller_email' => 'qiyue@pp158.com',
  'subject' => 'pp游戏账单支付',
  'sign' => 'RxHCZmJmPdy7kppUJyvDXPNnC4DtdGBc+zRq+EpuMiS0R9ceX0g87tiC/PEKY7UB0Ei2zSzLSgrjzKYwcFavi5wbNas9uMgZNc8ZzSHztrJUyNd3g8spQm6g7z6zkenlhQP6Z9wEZuOBbNxL0Z35hDtEORdUu4Tsb3mi135jMgyjCXYJXE00xCjKe1hx8dhf7syYQBoCEL2UPB3oseZtzbKl7RZaYgxsM5SOzEJLo60c5sa982LfqmBrIa67g2fz1+xXBpAEthnyQCVTos7YMdb5rD2Gkn31bi8qutFKXQ3RwUC/79qUXhAWntLhwobrxTtXgTJzzvbE9EO+1y2hmw==',
  'body' => '41ff53c4-b9a2-4e08-87fb-eb5ad1996aa0',
  'buyer_id' => '2088522533062273',
  'invoice_amount' => '5.00',
  'notify_id' => 'a34cad7657563937d512550d34e525bi4h',
  'fund_bill_list' => '[{"amount":"5.00","fundChannel":"ALIPAYACCOUNT"}]',
  'notify_type' => 'trade_status_sync',
  'trade_status' => 'TRADE_SUCCESS',
  'receipt_amount' => '5.00',
  'app_id' => '2017021605702899',
  'buyer_pay_amount' => '5.00',
  'sign_type' => 'RSA2',
  'seller_id' => '2088221931936835',
  'gmt_payment' => '2017-11-02 22:30:29',
  'notify_time' => '2017-11-02 22:30:29',
  'version' => '1.0',
  'out_trade_no' => '3e0e4b3d14734bda8f5acc03a3df4bc8',
  'total_amount' => '5.00',
  'trade_no' => '2017110221001004275340422367',
  'auth_app_id' => '2017021605702899',
  'buyer_logon_id' => '151****1533',
  'point_amount' => '0.00',
)
[2017-11-02 22:30:52][58.251.80.49][INFO]微信支付 成功:回调信息是:array (
  'appid' => 'wxcb8a76fe730b5964',
  'attach' => 'd0ee4bc9-77b2-43b4-9998-e92dd681a306',
  'bank_type' => 'CFT',
  'cash_fee' => '2000',
  'fee_type' => 'CNY',
  'is_subscribe' => 'N',
  'mch_id' => '1352470102',
  'nonce_str' => '8b8h78whjqgmaej8stimxcy5ekmb6a4f',
  'openid' => 'oFqowwHCia1XeTjoIo33aEOXjZZA',
  'out_trade_no' => '80e21f420459442b88446cb3d198a477',
  'result_code' => 'SUCCESS',
  'return_code' => 'SUCCESS',
  'sign' => 'EAB3004898667462ABF6853BB156EDFA',
  'time_end' => '20171102223051',
  'total_fee' => '2000',
  'trade_type' => 'NATIVE',
  'transaction_id' => '4200000026201711022035932148',
)
[2017-11-02 22:30:59][203.209.232.238][INFO]支付宝支付 成功:回调信息是:array (
  'gmt_create' => '2017-11-02 22:30:50',
  'charset' => 'UTF-8',
  'seller_email' => 'qiyue@pp158.com',
  'subject' => 'pp游戏账单支付',
  'sign' => 'WSZzn8L1NMUHxaUnuBE3hMQvR0iENtT4Dx7EsEgKDfreMQRRU6eX44tq8Db9jX9Ua+LxkTelgHaFGilnEzfjaiHviShuyFWqTcJ0MliOeB4QVejE96hlSrHSB6HjbBJRAHbxbZoG1ngex2LBaoDrynxkRS+fAwxOYdEW5zaDkUJFYTrY6LZMTosoS9WqAE7/HIMG0uNfylEzrA0x7YM+LvMUQpSV8D2sLo4Lb7citJae4iP+nV6+eey4ga8KDJ3cqQryeEZ9fIIuqF/FT9ig6kRWP50b2GbQKvTmYmPOnMt6f8UtvhH9djzzCjJeCWRa6n6fcP57Ue22H7BtgQi9WA==',
  'body' => '70840e48-21cc-4f5e-a577-6d3c00ace438',
  'buyer_id' => '2088722334907005',
  'invoice_amount' => '18.00',
  'notify_id' => '1404f3b525ddecfc21825ea72b07120g02',
  'fund_bill_list' => '[{"amount":"18.00","fundChannel":"ALIPAYACCOUNT"}]',
  'notify_type' => 'trade_status_sync',
  'trade_status' => 'TRADE_SUCCESS',
  'receipt_amount' => '18.00',
  'app_id' => '2017021605702899',
  'buyer_pay_amount' => '18.00',
  'sign_type' => 'RSA2',
  'seller_id' => '2088221931936835',
  'gmt_payment' => '2017-11-02 22:30:58',
  'notify_time' => '2017-11-02 22:30:59',
  'version' => '1.0',
  'out_trade_no' => 'd76ff318d5364ea497a76d3a02ad47ae',
  'total_amount' => '18.00',
  'trade_no' => '2017110221001004000254369949',
  'auth_app_id' => '2017021605702899',
  'buyer_logon_id' => '180****6313',
  'point_amount' => '0.00',
)
[2017-11-02 22:31:15][110.75.242.226][INFO]支付宝支付 状态不是成功状态:TRADE_CLOSED:回调信息是:array (
  'gmt_create' => '2017-11-02 12:37:03',
  'charset' => 'UTF-8',
  'seller_email' => 'qiyue@pp158.com',
  'notify_time' => '2017-11-02 22:31:15',
  'subject' => 'pp游戏账单支付',
  'sign' => 'dgWUci5Ixz8Xo9MCJkb+NSQk3F/bzFmgP6ZQGGTFoUW0tRgtVLkKAROKjvUuq+jIa6zxomwUL/AKwOXJEtX7Sqb2qTUDRNKoDXr8rstPLjdApWVbKstORO+kTWpWmFgVP3qXQ1DTeAu6aMLy9qh6klJz2zMGblcN0mkscntP1zT4Z/jGHodSHsVpGjZdhuU+DEYv2nO4Tq16vlK+7ta3DrZJEdjVRztYrtow4+e68Kyrc/svpwEfncgnlkMFuE7yZz83JrKFOzvFpjRtSqEEvihHKCBNvk/+iZ/bK+nu6CVX2m49BIi0r4QGoTeIZYz0Nt++KIr+rUnyTM6eSP4XIg==',
  'body' => 'bbcfb6ee-47f4-419e-bd30-5152dc519034',
  'buyer_id' => '2088612518808319',
  'version' => '1.0',
  'notify_id' => 'ef59a12d6237abbc3d89b04b0be60cfie6',
  'notify_type' => 'trade_status_sync',
  'out_trade_no' => '9678963073b7464aa9099b796d8c2217',
  'total_amount' => '18.00',
  'trade_status' => 'TRADE_CLOSED',
  'refund_fee' => '0.00',
  'trade_no' => '2017110221001004310287908940',
  'auth_app_id' => '2017021605702899',
  'gmt_close' => '2017-11-02 13:07:20',
  'buyer_logon_id' => '135****5791',
  'app_id' => '2017021605702899',
  'sign_type' => 'RSA2',
  'seller_id' => '2088221931936835',
)
[2017-11-02 22:32:43][140.207.54.73][INFO]微信支付 成功:回调信息是:array (
  'appid' => 'wxcb8a76fe730b5964',
  'attach' => '78288b47-6ab8-4f62-b8e7-f2c27cc1d0cb',
  'bank_type' => 'CFT',
  'cash_fee' => '2000',
  'fee_type' => 'CNY',
  'is_subscribe' => 'N',
  'mch_id' => '1352470102',
  'nonce_str' => '4qwgu4hkvofjvzzpkxj1362e1qqreuby',
  'openid' => 'oFqowwHkncp6hrZ3ZalQuHLmbwOw',
  'out_trade_no' => '25f59e3784e94483a98b1a2cd7ee932a',
  'result_code' => 'SUCCESS',
  'return_code' => 'SUCCESS',
  'sign' => '0999F48152FE8FD867B0B3B868963115',
  'time_end' => '20171102223243',
  'total_fee' => '2000',
  'trade_type' => 'NATIVE',
  'transaction_id' => '4200000013201711022041106210',
)
[2017-11-02 22:34:59][203.209.234.28][INFO]支付宝支付 成功:回调信息是:array (
  'gmt_create' => '2017-11-02 22:34:58',
  'charset' => 'UTF-8',
  'seller_email' => 'qiyue@pp158.com',
  'subject' => 'pp游戏账单支付',
  'sign' => 'KmvM7vAoRVCYJuMMvJDzhB5sfNi7MEfVbtny+iYWAHJZCwjWS7jDHW6Surjnv+TfmIROTEKjey2YGUlN7Gn718LsmaxeO+wZtkBKeoBQKGz+oZMNDeL6++3QjNp2V6Y31/Xa4V4I91TQOyF22c9PqVgn1ehRDcBTUbMBB6zkvq8kS3laeuJFFUBs9RVWUTYfTNZTH8L8/9lNGwF0UQt0roFsSTIWgn8GlI5hsyLhNRiDcZ01+8zM37c5fXYdgEYHvX2QP6FmNOTlhCOoawIOpCps+aX7VwIodyYwLp2/bZbY4yCJXfKrPmeWrHJhILu3CLZEI+R8UTM5qb2p5idMAw==',
  'body' => '9d36417c-79e4-4b22-814d-98edc3ebc955',
  'buyer_id' => '2088522109319961',
  'invoice_amount' => '6.00',
  'notify_id' => '9ced451daa9673d95c1bdafa26e8057neq',
  'fund_bill_list' => '[{"amount":"6.00","fundChannel":"ALIPAYACCOUNT"}]',
  'notify_type' => 'trade_status_sync',
  'trade_status' => 'TRADE_SUCCESS',
  'receipt_amount' => '6.00',
  'app_id' => '2017021605702899',
  'buyer_pay_amount' => '6.00',
  'sign_type' => 'RSA2',
  'seller_id' => '2088221931936835',
  'gmt_payment' => '2017-11-02 22:34:58',
  'notify_time' => '2017-11-02 22:34:59',
  'version' => '1.0',
  'out_trade_no' => '851ba5da41164cf5b9b92a9ed8d09a8b',
  'total_amount' => '6.00',
  'trade_no' => '2017110221001004960293223049',
  'auth_app_id' => '2017021605702899',
  'buyer_logon_id' => '182****7349',
  'point_amount' => '0.00',
)
[2017-11-02 22:35:31][58.251.80.60][INFO]微信支付 成功:回调信息是:array (
  'appid' => 'wxcb8a76fe730b5964',
  'attach' => '120053dd-82ab-4f90-93b6-da2c6916540d',
  'bank_type' => 'CFT',
  'cash_fee' => '2000',
  'fee_type' => 'CNY',
  'is_subscribe' => 'N',
  'mch_id' => '1352470102',
  'nonce_str' => 'gbre257cc8244m2smlgmku9fxwdfo47y',
  'openid' => 'oFqowwEFukt8Ss4112rxzqTtWLGg',
  'out_trade_no' => '042d4fff3aa347e4a9bb25efa6544d0c',
  'result_code' => 'SUCCESS',
  'return_code' => 'SUCCESS',
  'sign' => '00B6DA241EF2E234D9F5CD75036A0CE6',
  'time_end' => '20171102223530',
  'total_fee' => '2000',
  'trade_type' => 'NATIVE',
  'transaction_id' => '4200000018201711022038249488',
)
[2017-11-02 22:44:02][203.209.227.73][INFO]支付宝支付 :回调信息是:array (
  'gmt_create' => '2017-11-02 22:44:02',
  'charset' => 'utf-8',
  'seller_email' => 'qiyue@pp158.com',
  'notify_time' => '2017-11-02 22:44:02',
  'subject' => 'pp游戏账单支付',
  'sign' => 'RSmEHCjG4+q14L0ILgKDvpiLjYRArj5ve7czAtPNR03vjbqHpFXgWEP3qrhl/GlI7M4xuQpiPYaR+Ct7+DFnjdoBSfGTcU6cNdzkeoYTlvg1dvapAXYFobBWT4Ft2B/c77r3282fnWnOT83LLUa63KEmdodfx91Cw2pKu5RqYMs7sOZcX/PC7Lshi9z6sJA00i4pnqIRwIl6Vno+d3E6fYqeeVawba2FeCwaPHYSP+5kM7r/z0dBnPTAWD/85wF45xa5KWmSu4KCfxe9LRgiFhKjMbR/tYw7I8KzKDD6X6Y3sstAF3dbxbMb+SnJBAjfQb8o1BvVm8yQxnMmhUcCCQ==',
  'body' => '930298c9-4b61-4b10-a800-66d1f9146d03',
  'buyer_id' => '2088522142822211',
  'version' => '1.0',
  'notify_id' => '3b8f025f28c0aaf7cc4298591a3a92dhnt',
  'notify_type' => 'trade_status_sync',
  'out_trade_no' => '95a0ae153b744b769925387a3512dc14',
  'total_amount' => '20.00',
  'trade_status' => 'WAIT_BUYER_PAY',
  'trade_no' => '2017110221001004215366393842',
  'auth_app_id' => '2017021605702899',
  'buyer_logon_id' => '159****2100',
  'app_id' => '2017021605702899',
  'sign_type' => 'RSA2',
  'seller_id' => '2088221931936835',
)
[2017-11-02 22:44:07][203.209.227.74][INFO]支付宝支付 成功:回调信息是:array (
  'gmt_create' => '2017-11-02 22:44:02',
  'charset' => 'utf-8',
  'seller_email' => 'qiyue@pp158.com',
  'subject' => 'pp游戏账单支付',
  'sign' => 'JDbswTdBxNz8V1oxejmzt64JEzcio3khH9uxoJ9ZbWHB92zaulj5ik8hx2RDj31Xd/o7z3OJTY/P7wjLdkUE0DiUDj6hjiCp71AoGODvYwMhUr3c4xDGrHqt5F+LXyw1LsBHnIoqwDY+IHhUCn3+4Vl8L8/Yvl3GtGKst62bKGAKU6DvAlnneCcItbxebSbGjSzf1C5BEuVFPcmlDW02M/iqGCLvsQHKftDSHhaHSJxsx1XYr0ExdhwDZBBSEAKQGnKZ52Q28cWHTnXmtZ8V9h6ddIvdUDVlfZDQLb/J/mshyBM3osl1BqvTvw5hBIHtA0JeBd29T1ySNw+eDuhWDQ==',
  'body' => '930298c9-4b61-4b10-a800-66d1f9146d03',
  'buyer_id' => '2088522142822211',
  'invoice_amount' => '20.00',
  'notify_id' => '9caa2300b59733f145837b5b0e89629hnt',
  'fund_bill_list' => '[{"amount":"20.00","fundChannel":"PCREDIT"}]',
  'notify_type' => 'trade_status_sync',
  'trade_status' => 'TRADE_SUCCESS',
  'receipt_amount' => '20.00',
  'app_id' => '2017021605702899',
  'buyer_pay_amount' => '20.00',
  'sign_type' => 'RSA2',
  'seller_id' => '2088221931936835',
  'gmt_payment' => '2017-11-02 22:44:07',
  'notify_time' => '2017-11-02 22:44:07',
  'version' => '1.0',
  'out_trade_no' => '95a0ae153b744b769925387a3512dc14',
  'total_amount' => '20.00',
  'trade_no' => '2017110221001004215366393842',
  'auth_app_id' => '2017021605702899',
  'buyer_logon_id' => '159****2100',
  'point_amount' => '0.00',
)
[2017-11-02 22:44:11][203.209.232.98][INFO]支付宝支付 :回调信息是:array (
  'gmt_create' => '2017-11-02 22:44:11',
  'charset' => 'utf-8',
  'seller_email' => 'qiyue@pp158.com',
  'notify_time' => '2017-11-02 22:44:11',
  'subject' => 'pp游戏账单支付',
  'sign' => 'UUu5EEZS1uiVY7vc/01HgMqdagSy4sjXP2IkaU5c4gdYuHK7MyBIxcva2X6RhBOmyv7z3jw2sts0Nx+HvhaX7YoA2MendkyursYefWErdjOGXQlUZcUv452PnUbyl8djCX0R+a/OQgv3GCEM80N86+nk5JOGoDVBzmGX3wpr5wJk7lrxpPVtk5omwOX9gNiA8jsVdPUJnQxuQJy0rSSJwxU1QiyBEsNCtAf9/kPnc8e6MQLd7WhPLvRVd4fZZKqj+ILoVRtuhwKVZZ61bRmYuZLZmMdCDXHIWPH3hPnDKNk5W2gb+4c6c489us4zi6TcIccP4gYzvRRMC9dBrUIfeA==',
  'body' => 'fbf5d3e2-ebf3-4713-ae20-7342ab5d0e93',
  'buyer_id' => '2088022693044068',
  'version' => '1.0',
  'notify_id' => '69ee9f37413044d5daddf62f561bc41gi5',
  'notify_type' => 'trade_status_sync',
  'out_trade_no' => 'fd14dcffb596436a92b3645d33926a29',
  'total_amount' => '20.00',
  'trade_status' => 'WAIT_BUYER_PAY',
  'trade_no' => '2017110221001004065303084360',
  'auth_app_id' => '2017021605702899',
  'buyer_logon_id' => '159****6519',
  'app_id' => '2017021605702899',
  'sign_type' => 'RSA2',
  'seller_id' => '2088221931936835',
)
[2017-11-02 22:44:25][203.209.232.201][INFO]支付宝支付 成功:回调信息是:array (
  'gmt_create' => '2017-11-02 22:44:11',
  'charset' => 'utf-8',
  'seller_email' => 'qiyue@pp158.com',
  'subject' => 'pp游戏账单支付',
  'sign' => 'QWfPo2lPmhoVbDAOZnAVj1sEHk7c0J4n1YFe7popgiRvOP0IF5TXT7eHUAtB6IjnC3YcJ9agI7tZlVBO21rx8BBSsvLAuQcm61mhm2dt0cATr4LMDbo5jMCd4E5L4HvItq76kCYUBG5BA7wPP/WrNOzYcuxBG00UFpS4nY3gBwYvaRDOXOlkiDIuXQmj5LL/Z0lMK0dp1aAtHIy+eRc/u/qjM3bH84iikA5gYiFm4w6YxI62Ale14b5y535/cJy1K5wOaB/QOUn8Bp68YOP4CEok3FZ0p/VykJwmqeHSD7SwFRXfagC6pCjgPO+hgA1h/a2IIlZf8kewuTL83HouUw==',
  'body' => 'fbf5d3e2-ebf3-4713-ae20-7342ab5d0e93',
  'buyer_id' => '2088022693044068',
  'invoice_amount' => '20.00',
  'notify_id' => '13de14c48ed1617e6a666b8d0bf0183gi5',
  'fund_bill_list' => '[{"amount":"20.00","fundChannel":"PCREDIT"}]',
  'notify_type' => 'trade_status_sync',
  'trade_status' => 'TRADE_SUCCESS',
  'receipt_amount' => '20.00',
  'app_id' => '2017021605702899',
  'buyer_pay_amount' => '20.00',
  'sign_type' => 'RSA2',
  'seller_id' => '2088221931936835',
  'gmt_payment' => '2017-11-02 22:44:24',
  'notify_time' => '2017-11-02 22:44:24',
  'version' => '1.0',
  'out_trade_no' => 'fd14dcffb596436a92b3645d33926a29',
  'total_amount' => '20.00',
  'trade_no' => '2017110221001004065303084360',
  'auth_app_id' => '2017021605702899',
  'buyer_logon_id' => '159****6519',
  'point_amount' => '0.00',
)
[2017-11-02 22:47:34][58.251.80.44][INFO]微信支付 成功:回调信息是:array (
  'appid' => 'wxcb8a76fe730b5964',
  'attach' => 'a8262ab2-62cb-47e8-aba8-3fbdee87f7b1',
  'bank_type' => 'CFT',
  'cash_fee' => '500',
  'fee_type' => 'CNY',
  'is_subscribe' => 'Y',
  'mch_id' => '1352470102',
  'nonce_str' => '8el989gxhnzmsy59pnvrmqatdxroyaw5',
  'openid' => 'oFqowwKojz1ebiIi9sgszZntGD9s',
  'out_trade_no' => 'fbdb8a7c20b6479a8587b90695e79188',
  'result_code' => 'SUCCESS',
  'return_code' => 'SUCCESS',
  'sign' => '9D1C326DEABA39A348E38E3757FBEE5C',
  'time_end' => '20171102224733',
  'total_fee' => '500',
  'trade_type' => 'NATIVE',
  'transaction_id' => '4200000015201711022046600034',
)
[2017-11-02 22:55:17][203.209.227.148][INFO]支付宝支付 :回调信息是:array (
  'gmt_create' => '2017-11-02 22:55:17',
  'charset' => 'utf-8',
  'seller_email' => 'qiyue@pp158.com',
  'notify_time' => '2017-11-02 22:55:17',
  'subject' => 'pp游戏账单支付',
  'sign' => 'MTlYste9K3Em6WxjyYCHDPasKQNVnyp/3aXAThn0e9EfAhWVMx5duGrQW8BTJNOKsDwmqaUPP/YLJ1W/FGCQIGmFeEMQhzBSPzxl+76oe5GKB55K49Bcna9gZPz5qO2mp8mTWgUH/C+Ruv0Tev8DNxdhpqWTWPw0+Y3rTl2TunF2xUIcBA5ugK74SdX7FBcAUKhqoSXf4iETOQm34svoiKIUbYPkSSlWKAkJc2k3E2gE6e7a1mrwUC3/86mv5QQjiM3zBkMv4m1se+3YcAeLOoDA+F68FRMLQYMxYGYJGmKez+pG2Es8TSXDnfdcAAiYYrXZqNmxJ8FCNkL7sprUAw==',
  'body' => 'b7a07aa9-9f26-4a03-a01c-23f35d3077a1',
  'buyer_id' => '2088222705352431',
  'version' => '1.0',
  'notify_id' => '6eaafb2c6df984ad03995aeb02b7aefjcx',
  'notify_type' => 'trade_status_sync',
  'out_trade_no' => '7e8797f4781b4cbdb44264c75a461c20',
  'total_amount' => '20.00',
  'trade_status' => 'WAIT_BUYER_PAY',
  'trade_no' => '2017110221001004435324970596',
  'auth_app_id' => '2017021605702899',
  'buyer_logon_id' => '176****4896',
  'app_id' => '2017021605702899',
  'sign_type' => 'RSA2',
  'seller_id' => '2088221931936835',
)
[2017-11-02 22:55:30][203.209.226.242][INFO]支付宝支付 成功:回调信息是:array (
  'gmt_create' => '2017-11-02 22:55:17',
  'charset' => 'utf-8',
  'seller_email' => 'qiyue@pp158.com',
  'subject' => 'pp游戏账单支付',
  'sign' => 'TMoheVKK1+FVe11o4BPiPSjVWKyi875c9OrNVr+UhoofYgJcsza6i500lS/knIql2AHaCPM5Tf5daitC96roLThqagjg2VwxNjFC8FGotQ0T++tXIktzJI5RSFPrNEot4SK+1Kb3ytlAKjyuwPqSsyBKW4ksCVlMqSkQt24aEdWR3Psd/bMLgfPU2L+FODHYkQJ9nnHQ+LeT6Cc/6IxbS0NMk8cwdkC3MzGS4aUSMT9rrcmq/Awcdfv5ZiAwQQfnbFmzAT6Nons1/2DMqA1CXrAU1oqdHyTUcgronGQEa1LkOLsivLrrI3gUY4q15eHw5N/EaBk10p9pg5zGQ5o9Bg==',
  'body' => 'b7a07aa9-9f26-4a03-a01c-23f35d3077a1',
  'buyer_id' => '2088222705352431',
  'invoice_amount' => '20.00',
  'notify_id' => '198818e96082baaa351d2549671a140jcx',
  'fund_bill_list' => '[{"amount":"20.00","fundChannel":"PCREDIT"}]',
  'notify_type' => 'trade_status_sync',
  'trade_status' => 'TRADE_SUCCESS',
  'receipt_amount' => '20.00',
  'app_id' => '2017021605702899',
  'buyer_pay_amount' => '20.00',
  'sign_type' => 'RSA2',
  'seller_id' => '2088221931936835',
  'gmt_payment' => '2017-11-02 22:55:29',
  'notify_time' => '2017-11-02 22:55:30',
  'version' => '1.0',
  'out_trade_no' => '7e8797f4781b4cbdb44264c75a461c20',
  'total_amount' => '20.00',
  'trade_no' => '2017110221001004435324970596',
  'auth_app_id' => '2017021605702899',
  'buyer_logon_id' => '176****4896',
  'point_amount' => '0.00',
)
[2017-11-02 22:56:54][203.209.226.155][INFO]支付宝支付 :回调信息是:array (
  'gmt_create' => '2017-11-02 22:56:54',
  'charset' => 'utf-8',
  'seller_email' => 'qiyue@pp158.com',
  'notify_time' => '2017-11-02 22:56:54',
  'subject' => 'pp游戏账单支付',
  'sign' => 'DeQWu+wdYr5GA387425h0LC/8vKzdnqzqMiqCpZol1O19leCMNIvHbk36NpTXKE9hN59NdJStOviiv1UgBs2SsvwsqmAu/wWaNV/qUqmk1TxIt8NjQEY6kLVxADv8extaFniu/+RNPAddYYixAuBnXDYHSt3YGYhpd43snUIaaSYQ12aQ9UmKr3sZJ1Ya5c4F8mWJjocztYJMFBC2veUtSFAb5bt4EY0TMW3Huny80bFUZM3TrAqvGvVm/p+54MGSWZy0cLQHkidhaw60rRGtjo8iTetxz4Xc0qOJed0qtUyIb8UVPODwX6kUIC6pdZdsPEwd6H31tiuKl3Oz9TV/A==',
  'body' => 'e2dd067f-cab5-4773-bcb3-b66fd945d2e6',
  'buyer_id' => '2088012715110516',
  'version' => '1.0',
  'notify_id' => 'cc320f5910d654c2e22f3f6cf96f1a3jz5',
  'notify_type' => 'trade_status_sync',
  'out_trade_no' => '2ff3967b18254a548b4b5fdfb0c03540',
  'total_amount' => '500.00',
  'trade_status' => 'WAIT_BUYER_PAY',
  'trade_no' => '2017110221001004515336129820',
  'auth_app_id' => '2017021605702899',
  'buyer_logon_id' => '120***@qq.com',
  'app_id' => '2017021605702899',
  'sign_type' => 'RSA2',
  'seller_id' => '2088221931936835',
)
[2017-11-02 22:56:58][203.209.227.200][INFO]支付宝支付 成功:回调信息是:array (
  'gmt_create' => '2017-11-02 22:56:54',
  'charset' => 'utf-8',
  'seller_email' => 'qiyue@pp158.com',
  'subject' => 'pp游戏账单支付',
  'sign' => 'HAHitdjJ93DoefO3/2A21q8kheC3rClotyFo6b78yh5FaVSfX3jMG7jjLZ7vLVjzh9cFOnh02MQu6hduE2wHxJ6bn2N9eomClZqIvG7gpXPwU2NyuQqB0UO/mzO54bRwiN4I+WIeeZrmIA1A/XapTbJkxwnZQn/dMAhOPy1hVee2HVPsBkplsjOPOEhCihODy/xEGO/iBHXMkO4gUrWMBZtaEFASAndW6cXLoMEvPwzXdUO+6DClEZcWcuonjFqObiMpIMn3zvauHI/LnyIb15f2ki5FolZKUMc5tmyNUsTJlqAIQCupEjk+ArLSWvPB5tI8fAGKL7K6oIP4pjxQKw==',
  'body' => 'e2dd067f-cab5-4773-bcb3-b66fd945d2e6',
  'buyer_id' => '2088012715110516',
  'invoice_amount' => '500.00',
  'notify_id' => '1689b1b3252bd43d708ff65316a78b9jz5',
  'fund_bill_list' => '[{"amount":"500.00","fundChannel":"PCREDIT"}]',
  'notify_type' => 'trade_status_sync',
  'trade_status' => 'TRADE_SUCCESS',
  'receipt_amount' => '500.00',
  'app_id' => '2017021605702899',
  'buyer_pay_amount' => '500.00',
  'sign_type' => 'RSA2',
  'seller_id' => '2088221931936835',
  'gmt_payment' => '2017-11-02 22:56:58',
  'notify_time' => '2017-11-02 22:56:58',
  'version' => '1.0',
  'out_trade_no' => '2ff3967b18254a548b4b5fdfb0c03540',
  'total_amount' => '500.00',
  'trade_no' => '2017110221001004515336129820',
  'auth_app_id' => '2017021605702899',
  'buyer_logon_id' => '120***@qq.com',
  'point_amount' => '0.00',
)
[2017-11-02 22:59:22][140.207.54.76][INFO]微信支付 成功:回调信息是:array (
  'appid' => 'wxcb8a76fe730b5964',
  'attach' => '48f6c643-05df-4a3d-909c-ce10dc1c3d53',
  'bank_type' => 'CFT',
  'cash_fee' => '5000',
  'fee_type' => 'CNY',
  'is_subscribe' => 'Y',
  'mch_id' => '1352470102',
  'nonce_str' => 'xnddmw9fmp2m7j0vu6vkfw38y6oik728',
  'openid' => 'oFqowwAApuhXWbnjB0gtaOoYta5w',
  'out_trade_no' => '30bcee51b36d4f89ade5c93a9cb9090a',
  'result_code' => 'SUCCESS',
  'return_code' => 'SUCCESS',
  'sign' => '87FEAAE3CE565571CBEAD5D8F7479EB0',
  'time_end' => '20171102225922',
  'total_fee' => '5000',
  'trade_type' => 'NATIVE',
  'transaction_id' => '4200000017201711022043262253',
)
[2017-11-02 22:59:22][58.251.80.60][INFO]微信支付 成功:回调信息是:array (
  'appid' => 'wxcb8a76fe730b5964',
  'attach' => '1925c021-2953-4b27-9fc1-68e046c59e7d',
  'bank_type' => 'CFT',
  'cash_fee' => '600',
  'fee_type' => 'CNY',
  'is_subscribe' => 'N',
  'mch_id' => '1352470102',
  'nonce_str' => 'xtcndyv6to4sl5n2oh1tupto3pw4har4',
  'openid' => 'oFqowwFvVVrP4XsNezuJaNNhGHbg',
  'out_trade_no' => '47eaf4fe984040a9accb9de47b3edc7c',
  'result_code' => 'SUCCESS',
  'return_code' => 'SUCCESS',
  'sign' => '16E46391DADD9A93E2A693390DAF942D',
  'time_end' => '20171102225921',
  'total_fee' => '600',
  'trade_type' => 'JSAPI',
  'transaction_id' => '4200000028201711022047034618',
)
