[2017-11-02 23:00:22][140.207.54.76][INFO]微信支付 成功:回调信息是:array (
  'appid' => 'wxcb8a76fe730b5964',
  'attach' => '228c51e4-6bff-42b0-9728-a66ba2cf133e',
  'bank_type' => 'CFT',
  'cash_fee' => '500',
  'fee_type' => 'CNY',
  'is_subscribe' => 'N',
  'mch_id' => '1352470102',
  'nonce_str' => 'doff1e1d0g5450i4vj7ljikuripiy5iv',
  'openid' => 'oFqowwOSjk9HrhXRcqn3kCCbuH6k',
  'out_trade_no' => 'b85645306f3a404b958d78ac3be811b3',
  'result_code' => 'SUCCESS',
  'return_code' => 'SUCCESS',
  'sign' => '1EA141F3BB394897AD8BD0F83A0094C9',
  'time_end' => '20171102230022',
  'total_fee' => '500',
  'trade_type' => 'NATIVE',
  'transaction_id' => '4200000013201711022043315429',
)
[2017-11-02 23:01:27][140.207.54.74][INFO]微信支付 成功:回调信息是:array (
  'appid' => 'wxcb8a76fe730b5964',
  'attach' => '3dbcf0c6-19b0-47f8-821f-cbd9e6ee174b',
  'bank_type' => 'CFT',
  'cash_fee' => '500',
  'fee_type' => 'CNY',
  'is_subscribe' => 'N',
  'mch_id' => '1352470102',
  'nonce_str' => 'uf2fsr1nr41m96cdh4v582lt0t2wb87h',
  'openid' => 'oFqowwA-BoSSAcVzrKsVpu7n70QA',
  'out_trade_no' => 'c4a85555600347a3bde05ed089b93caf',
  'result_code' => 'SUCCESS',
  'return_code' => 'SUCCESS',
  'sign' => '087D9A5E889B3E2BA2D91A3080F8F606',
  'time_end' => '20171102230127',
  'total_fee' => '500',
  'trade_type' => 'NATIVE',
  'transaction_id' => '4200000012201711022047105635',
)
[2017-11-02 23:03:05][58.251.80.60][INFO]微信支付 成功:回调信息是:array (
  'appid' => 'wxcb8a76fe730b5964',
  'attach' => 'c7265ddf-0dcf-4dbd-b53d-e6590b987531',
  'bank_type' => 'PSBC_DEBIT',
  'cash_fee' => '500',
  'fee_type' => 'CNY',
  'is_subscribe' => 'Y',
  'mch_id' => '1352470102',
  'nonce_str' => 't99nyq0aoplx9w811shbwqixfihwr4yj',
  'openid' => 'oFqowwJbfpKwE66-CVDHnTWa-GR4',
  'out_trade_no' => '1ce278cdc40443799543042cf79f5e6d',
  'result_code' => 'SUCCESS',
  'return_code' => 'SUCCESS',
  'sign' => '00A3434F21DE8EDBE57AEAABDEA37436',
  'time_end' => '20171102230304',
  'total_fee' => '500',
  'trade_type' => 'NATIVE',
  'transaction_id' => '4200000005201711022045168556',
)
[2017-11-02 23:05:24][110.75.242.102][INFO]支付宝支付 :回调信息是:array (
  'gmt_create' => '2017-11-02 23:05:24',
  'charset' => 'utf-8',
  'seller_email' => 'qiyue@pp158.com',
  'notify_time' => '2017-11-02 23:05:24',
  'subject' => 'pp游戏账单支付',
  'sign' => 'XsPU7V88pnB3BcVWRVyerGmy/VM0sMPOcUys4q6KahRZ92neRwMdWylwZZ0hecMxYq+FJkd0wb3Cur/EIhwVV3AxCL20iZM8pj5WnMz0h4yauvMTAdfPGjaadJjYpErM4Nl2uCKzhickRYX9jmO6h70UQCS/m+cDV7E23mTSeytEdY6E/fESom4iz3FMPm/1sVasm3nroXU1jOwqt3zqxazwFuknAg41hLa7+/TQ+TbPHJPQzZRpQCeerDZHePP8nErVyllXkd/J4cFc5RYHkn1AtMvSS7NgOxF1mv7yDPBzgIcDU4RxFQX9XEA6j1Io1cOSEYTeV/chHiVUFx7pkg==',
  'body' => '93904462-f816-4ff5-894e-219b99b1c7a1',
  'buyer_id' => '2088712600811484',
  'version' => '1.0',
  'notify_id' => '734635c979fe1b1ef97396b2cafe8b4jpe',
  'notify_type' => 'trade_status_sync',
  'out_trade_no' => 'd73a068c4b5d43b896d26f1ab56dbce4',
  'total_amount' => '5.00',
  'trade_status' => 'WAIT_BUYER_PAY',
  'trade_no' => '2017110221001004480223553437',
  'auth_app_id' => '2017021605702899',
  'buyer_logon_id' => '159****7920',
  'app_id' => '2017021605702899',
  'sign_type' => 'RSA2',
  'seller_id' => '2088221931936835',
)
[2017-11-02 23:05:29][110.75.242.114][INFO]支付宝支付 成功:回调信息是:array (
  'gmt_create' => '2017-11-02 23:05:24',
  'charset' => 'utf-8',
  'seller_email' => 'qiyue@pp158.com',
  'subject' => 'pp游戏账单支付',
  'sign' => 'OHfZlGZNPEuVciGM2tZZgrhvjJ2X5FxeayGVtaX4HmIMO30cYuNPr7fiDzelPOM/LLiMjPJAbF/b9rqF1r6s9tr/zVCzbV/EggW7JXqxu7qVHZ424qaG6OBpmWPRk0UnzvGDNxF4rKqHB+SxZcE8Oc4ZRbC/2SAAhC7gAAwRwWwN33AaYEA9m582O8SGVxtd8cP0OMNkIHsBhsva0+kYydPgbST+w9c9DXYj5Nd086YTWuHEMSFRfcevLgR0u2j1o/5gB7liexLZOQR1RPyWxrng5zUmh534FW1LUGg6hsppA3VfKuz7MHl2amX6kI0g++usrOcdtJW3a1R2yqsanw==',
  'body' => '93904462-f816-4ff5-894e-219b99b1c7a1',
  'buyer_id' => '2088712600811484',
  'invoice_amount' => '5.00',
  'notify_id' => 'af486eca774e84507f83c29c4165104jpe',
  'fund_bill_list' => '[{"amount":"5.00","fundChannel":"PCREDIT"}]',
  'notify_type' => 'trade_status_sync',
  'trade_status' => 'TRADE_SUCCESS',
  'receipt_amount' => '5.00',
  'app_id' => '2017021605702899',
  'buyer_pay_amount' => '5.00',
  'sign_type' => 'RSA2',
  'seller_id' => '2088221931936835',
  'gmt_payment' => '2017-11-02 23:05:28',
  'notify_time' => '2017-11-02 23:05:29',
  'version' => '1.0',
  'out_trade_no' => 'd73a068c4b5d43b896d26f1ab56dbce4',
  'total_amount' => '5.00',
  'trade_no' => '2017110221001004480223553437',
  'auth_app_id' => '2017021605702899',
  'buyer_logon_id' => '159****7920',
  'point_amount' => '0.00',
)
[2017-11-02 23:08:04][58.251.80.53][INFO]微信支付 成功:回调信息是:array (
  'appid' => 'wxcb8a76fe730b5964',
  'attach' => 'e45b1922-7693-4944-b32e-82ff5f6ca147',
  'bank_type' => 'CCB_CREDIT',
  'cash_fee' => '500',
  'fee_type' => 'CNY',
  'is_subscribe' => 'N',
  'mch_id' => '1352470102',
  'nonce_str' => '3us3mn1hgqrqg545hsguxin9l4xvbfen',
  'openid' => 'oFqowwAGARV9WeE93xpwvI3L-bMg',
  'out_trade_no' => '78f3cf4bcf3f4aaf808b13432b254282',
  'result_code' => 'SUCCESS',
  'return_code' => 'SUCCESS',
  'sign' => 'A7EC5E4D986CBDB40FCD1B04D36E603D',
  'time_end' => '20171102230802',
  'total_fee' => '500',
  'trade_type' => 'NATIVE',
  'transaction_id' => '4200000005201711022043576241',
)
[2017-11-02 23:11:28][140.207.54.74][INFO]微信支付 成功:回调信息是:array (
  'appid' => 'wxcb8a76fe730b5964',
  'attach' => 'db20b728-fcd3-4a72-900f-68004822cbf7',
  'bank_type' => 'CFT',
  'cash_fee' => '600',
  'fee_type' => 'CNY',
  'is_subscribe' => 'Y',
  'mch_id' => '1352470102',
  'nonce_str' => '8lhis5m1742rzqcmmi2l1mu4x5jovezm',
  'openid' => 'oFqowwH7pRZY3JogHZWt8GysCUiQ',
  'out_trade_no' => '4651a632268f4141a4344cef13c52128',
  'result_code' => 'SUCCESS',
  'return_code' => 'SUCCESS',
  'sign' => 'CB0C35D6C3E8F68DBB163D4397DD024C',
  'time_end' => '20171102231128',
  'total_fee' => '600',
  'trade_type' => 'JSAPI',
  'transaction_id' => '4200000028201711022048502598',
)
[2017-11-02 23:19:05][203.209.234.176][INFO]支付宝支付 :回调信息是:array (
  'gmt_create' => '2017-11-02 23:19:04',
  'charset' => 'utf-8',
  'seller_email' => 'qiyue@pp158.com',
  'notify_time' => '2017-11-02 23:19:04',
  'subject' => 'pp游戏账单支付',
  'sign' => 'gJpTplf82k1cGpSOdUly40XTR1lzHi/qBEctog/PQ8V0WK/89/O/WUEHKXh/qpRteI5QUImrDAGKr46K209Iop+kmJL8LzX0vtSI988Yegic3ZGQTNGYpPdw1/RQlwevHq595Yz1Vb9ZT0N5FfCyj0MDuO2OaVD/s1HTUKZdiQHGIAqwpvLoHkFFShcNE40gnZnh8g8Zkc1XZF87T9PfU0FYTdUJY5AXNGEaHKUbnnysglyZUW+cDUR1/Xlq+WZYCpr6cs5N9PLSppbGyXUI74UUMwmc3nrO6OIKU7yIziCqZS49XQvlaEZiL4HJq4ecd8M6D4O+dCCoSEqUjoXo3Q==',
  'body' => 'b7a07aa9-9f26-4a03-a01c-23f35d3077a1',
  'buyer_id' => '2088112090142806',
  'version' => '1.0',
  'notify_id' => '4f86c0c3349e59fc972a76428943c8em6a',
  'notify_type' => 'trade_status_sync',
  'out_trade_no' => 'f0020464edfc476cbcd0aed822b3433e',
  'total_amount' => '20.00',
  'trade_status' => 'WAIT_BUYER_PAY',
  'trade_no' => '2017110221001004800210426468',
  'auth_app_id' => '2017021605702899',
  'buyer_logon_id' => '188****8336',
  'app_id' => '2017021605702899',
  'sign_type' => 'RSA2',
  'seller_id' => '2088221931936835',
)
[2017-11-02 23:19:12][203.209.234.119][INFO]支付宝支付 成功:回调信息是:array (
  'gmt_create' => '2017-11-02 23:19:04',
  'charset' => 'utf-8',
  'seller_email' => 'qiyue@pp158.com',
  'subject' => 'pp游戏账单支付',
  'sign' => 'UpHfQfx/aImBlXSPTjt/1326ybdmz/zeSjgLzyvtLw4ex9iBeHaIKMkjpavgki4rutbJqCTxfz8Tir6KARgU0vphUmrzhl8KvOBRa0BPHk2m66wIUZjpmbHOdomG8O4kNNuftRVLFy35zj21/jXd7+bzU7IauwcJkdKhE71mwJbIWvpaLEGdOt5jJ3Bo9LNw15zF2PB5jjQXXbvWfq6IqTCdJdYBnokwNJlsu4r4Cg3dbvx7ZJDz1QyGJn+7cEjPwBOA8/7RmepkRk9U6xHHM8NOr+OR/lcqfJNjsUpHTa7E07xBUr3f4gmpU02QGwGnjvjHlF84ZvHqE88eVMfCOw==',
  'body' => 'b7a07aa9-9f26-4a03-a01c-23f35d3077a1',
  'buyer_id' => '2088112090142806',
  'invoice_amount' => '20.00',
  'notify_id' => '6d108a97e0996e3c061eaaadcc47164m6a',
  'fund_bill_list' => '[{"amount":"20.00","fundChannel":"PCREDIT"}]',
  'notify_type' => 'trade_status_sync',
  'trade_status' => 'TRADE_SUCCESS',
  'receipt_amount' => '20.00',
  'app_id' => '2017021605702899',
  'buyer_pay_amount' => '20.00',
  'sign_type' => 'RSA2',
  'seller_id' => '2088221931936835',
  'gmt_payment' => '2017-11-02 23:19:12',
  'notify_time' => '2017-11-02 23:19:12',
  'version' => '1.0',
  'out_trade_no' => 'f0020464edfc476cbcd0aed822b3433e',
  'total_amount' => '20.00',
  'trade_no' => '2017110221001004800210426468',
  'auth_app_id' => '2017021605702899',
  'buyer_logon_id' => '188****8336',
  'point_amount' => '0.00',
)
[2017-11-02 23:22:37][110.75.248.190][INFO]支付宝支付 :回调信息是:array (
  'gmt_create' => '2017-11-02 23:22:37',
  'charset' => 'utf-8',
  'seller_email' => 'qiyue@pp158.com',
  'notify_time' => '2017-11-02 23:22:37',
  'subject' => 'pp游戏账单支付',
  'sign' => 'WOpD1XE/X0AX0eTTTvoz5AXfDvN7TP/7wdR0YApiV4PSLYitPZb945luw87TIvhofyE9Og7xOtAXtP9jE1EzJ8ynr+VXBrTnY+YTdeRXtGDffPeQDEH3fr+Em3dvkjmO5Jxy9ZEiiBnhqcl/nY9l9tiz1SxZMsWpeYUDp+Qmv1blouFecQUBQLBwRBcvUqRpyrKvKHjQ0swvmWOpV5vGJWIT2ygLLuLPb9JU1i3dIbC39OaAiCnFale4lw6HgfmnmLwYeAZjdXslW0JGHz2jTSldXZu3X1BGEsRZ69e8EXfRcOLsR6i42T8+kV/A4xKYXxRrELrCw+rKnW/nEoM/xA==',
  'body' => '8ea7d3b7-1faa-4b39-a7b9-8e538cbd8766',
  'buyer_id' => '2088512380658646',
  'version' => '1.0',
  'notify_id' => 'afb3a130badc9e07f86e66c71e5feadkxu',
  'notify_type' => 'trade_status_sync',
  'out_trade_no' => 'eaa6b0655c55459ca8781a94daf24750',
  'total_amount' => '20.00',
  'trade_status' => 'WAIT_BUYER_PAY',
  'trade_no' => '2017110221001004640253982869',
  'auth_app_id' => '2017021605702899',
  'buyer_logon_id' => '177****8281',
  'app_id' => '2017021605702899',
  'sign_type' => 'RSA2',
  'seller_id' => '2088221931936835',
)
[2017-11-02 23:22:50][110.75.248.135][INFO]支付宝支付 成功:回调信息是:array (
  'gmt_create' => '2017-11-02 23:22:37',
  'charset' => 'utf-8',
  'seller_email' => 'qiyue@pp158.com',
  'subject' => 'pp游戏账单支付',
  'sign' => 'KxSBAKT+PfFwIy5otN2dd5Vpsxl0cx/nNqqhOXK9J2pY2WZwVzYgU6LPY9mRr0tDYZWUAkPrn+hxGX4c1TxqlAN1P8vUpe9G/3BKvtjf+fr54R2N+9zbeJvdotU2Yc6lgEgm9oLs0FHstKDV+xYDnP60z5G3SHWs0FR5djFR4Hu90GWji8t+VdCtAiYx6NKsKuyaldpFBsPm9E0DdZTxp1IgYe6tjivudn2SwT2GOy2vCbbF3PEHyUUwoUAG60+QwQ4dcjvizY9g/kBsSTM8e55QiloNDL1KK+waW6XI58tNFBJARIt0y6LNzuc5t2BnJgt2dxt/kCvz9k1Tdt3nlA==',
  'body' => '8ea7d3b7-1faa-4b39-a7b9-8e538cbd8766',
  'buyer_id' => '2088512380658646',
  'invoice_amount' => '20.00',
  'notify_id' => '913c8c48ee46b8e6776c89f284810edkxu',
  'fund_bill_list' => '[{"amount":"20.00","fundChannel":"PCREDIT"}]',
  'notify_type' => 'trade_status_sync',
  'trade_status' => 'TRADE_SUCCESS',
  'receipt_amount' => '20.00',
  'app_id' => '2017021605702899',
  'buyer_pay_amount' => '20.00',
  'sign_type' => 'RSA2',
  'seller_id' => '2088221931936835',
  'gmt_payment' => '2017-11-02 23:22:50',
  'notify_time' => '2017-11-02 23:22:50',
  'version' => '1.0',
  'out_trade_no' => 'eaa6b0655c55459ca8781a94daf24750',
  'total_amount' => '20.00',
  'trade_no' => '2017110221001004640253982869',
  'auth_app_id' => '2017021605702899',
  'buyer_logon_id' => '177****8281',
  'point_amount' => '0.00',
)
[2017-11-02 23:24:26][58.251.80.55][INFO]微信支付 成功:回调信息是:array (
  'appid' => 'wxcb8a76fe730b5964',
  'attach' => '39f7570c-f806-4191-8cf5-1fab788602ca',
  'bank_type' => 'CFT',
  'cash_fee' => '500',
  'fee_type' => 'CNY',
  'is_subscribe' => 'N',
  'mch_id' => '1352470102',
  'nonce_str' => 'mu3pmegdvf3z5rd5n44i4mxomx18xygf',
  'openid' => 'oFqowwDxrG4Z0dqUiko581sfgBIE',
  'out_trade_no' => 'bd7fccac7d40463880d2c1d6226f9bd6',
  'result_code' => 'SUCCESS',
  'return_code' => 'SUCCESS',
  'sign' => '6FF3F49DD4A8C76D8F47ACA13215F4EC',
  'time_end' => '20171102232425',
  'total_fee' => '500',
  'trade_type' => 'NATIVE',
  'transaction_id' => '4200000015201711022047880376',
)
[2017-11-02 23:24:40][58.251.80.53][INFO]微信支付 成功:回调信息是:array (
  'appid' => 'wxcb8a76fe730b5964',
  'attach' => 'a2524fc2-17e4-45fd-affd-675ee49c82c5',
  'bank_type' => 'CFT',
  'cash_fee' => '500',
  'fee_type' => 'CNY',
  'is_subscribe' => 'N',
  'mch_id' => '1352470102',
  'nonce_str' => 'gklij1bsski4ya5gyam7yn4pc8zx6yjx',
  'openid' => 'oFqowwKpzYWQRTDH0E2PMS5lMp0k',
  'out_trade_no' => '15e5417c4cc0485d9888f590cd15ec9d',
  'result_code' => 'SUCCESS',
  'return_code' => 'SUCCESS',
  'sign' => '0F62FE45FE8939DD0D9EC94F98954740',
  'time_end' => '20171102232439',
  'total_fee' => '500',
  'trade_type' => 'NATIVE',
  'transaction_id' => '4200000030201711022045955963',
)
[2017-11-02 23:27:27][140.207.54.74][INFO]微信支付 成功:回调信息是:array (
  'appid' => 'wxcb8a76fe730b5964',
  'attach' => 'e45b1922-7693-4944-b32e-82ff5f6ca147',
  'bank_type' => 'CCB_DEBIT',
  'cash_fee' => '500',
  'fee_type' => 'CNY',
  'is_subscribe' => 'N',
  'mch_id' => '1352470102',
  'nonce_str' => 'adm551x9heprlzuj5vfnaoasoeljqrvb',
  'openid' => 'oFqowwAGARV9WeE93xpwvI3L-bMg',
  'out_trade_no' => '228baaeae68842c09fdeba4d937b10ee',
  'result_code' => 'SUCCESS',
  'return_code' => 'SUCCESS',
  'sign' => 'A98FD115B52DCD3F5A8B00F59C5B97D2',
  'time_end' => '20171102232727',
  'total_fee' => '500',
  'trade_type' => 'NATIVE',
  'transaction_id' => '4200000008201711022044272298',
)
[2017-11-02 23:30:04][203.209.234.166][INFO]支付宝支付 :回调信息是:array (
  'gmt_create' => '2017-11-02 23:30:04',
  'charset' => 'utf-8',
  'seller_email' => 'qiyue@pp158.com',
  'notify_time' => '2017-11-02 23:30:04',
  'subject' => 'pp游戏账单支付',
  'sign' => 'C4YQAJ9p6LRN+79qB+9Pd9ZjCm+MvarBcBfWBfc907XlK79bo4x/Ek8GjMVV62gOHuzJFzqdis8qZ/8j8E/aaeEru7jYOpEd7eNFvSKfc4yfE6fC8DOuT/bw81xDrdLgMkvJA6YQIVOoaHw7QRczsPSReUUgPh6QVvfJqqy5rHh7vR+MMwKbf6rmt8jn6w+uLzZbaeC0XS0UT7qBgDm0E03HRCvxAmY9A25PieNUBJ+A/uTMQ5/677TIGWXVAP/69DF4tu4qdTjcU5j1VNhJpXwMDhDllcbiBfwEMVb++zYpKwIYrmQ9kGpwWDFe/ZHu/gJsdbVYPC/Ik/MFafOmpA==',
  'body' => 'b7a07aa9-9f26-4a03-a01c-23f35d3077a1',
  'buyer_id' => '2088112090142806',
  'version' => '1.0',
  'notify_id' => '24ce8fa9542fd920253c1d6ab432801m6a',
  'notify_type' => 'trade_status_sync',
  'out_trade_no' => '4209b6d8965a4e7bab7c8d6799184580',
  'total_amount' => '20.00',
  'trade_status' => 'WAIT_BUYER_PAY',
  'trade_no' => '2017110221001004800210461520',
  'auth_app_id' => '2017021605702899',
  'buyer_logon_id' => '188****8336',
  'app_id' => '2017021605702899',
  'sign_type' => 'RSA2',
  'seller_id' => '2088221931936835',
)
[2017-11-02 23:30:11][203.209.234.22][INFO]支付宝支付 成功:回调信息是:array (
  'gmt_create' => '2017-11-02 23:30:04',
  'charset' => 'utf-8',
  'seller_email' => 'qiyue@pp158.com',
  'subject' => 'pp游戏账单支付',
  'sign' => 'T0PADQz0Kx2OKt9QZdRmtkxIC9VJvV9HmnOTpUHiVgoff2/YhirgFMVMgzz952BNAj6InWu8NljBXgrSKSB53cEfE1UqCrRkn9T1vT+3ZCT80lRqvTV2qHhIQ1zJp35f6IrB99fLigDLaiiGNWwxc3OduOnbezxfvXtt9mjA3NCNCwwNwKZd1mCGGVzzEmKLClQuGK9Cdkc4FsX0kx4DDGD6BIxptlOp6uafx9bLhr1sUnIdYhx/sCZWb6JzHXjNVDqjZuh+VdPudRmgQBVk3tOXcIUPPZtnODvyIAKumjKazi2BQe5X1YSOBNMOcYKE2LJ0iVmzFOnJX0T1KYMzGA==',
  'body' => 'b7a07aa9-9f26-4a03-a01c-23f35d3077a1',
  'buyer_id' => '2088112090142806',
  'invoice_amount' => '20.00',
  'notify_id' => '0321e32108907798111bb995649304fm6a',
  'fund_bill_list' => '[{"amount":"20.00","fundChannel":"PCREDIT"}]',
  'notify_type' => 'trade_status_sync',
  'trade_status' => 'TRADE_SUCCESS',
  'receipt_amount' => '20.00',
  'app_id' => '2017021605702899',
  'buyer_pay_amount' => '20.00',
  'sign_type' => 'RSA2',
  'seller_id' => '2088221931936835',
  'gmt_payment' => '2017-11-02 23:30:11',
  'notify_time' => '2017-11-02 23:30:11',
  'version' => '1.0',
  'out_trade_no' => '4209b6d8965a4e7bab7c8d6799184580',
  'total_amount' => '20.00',
  'trade_no' => '2017110221001004800210461520',
  'auth_app_id' => '2017021605702899',
  'buyer_logon_id' => '188****8336',
  'point_amount' => '0.00',
)
[2017-11-02 23:33:15][110.75.248.124][INFO]支付宝支付 :回调信息是:array (
  'gmt_create' => '2017-11-02 23:33:15',
  'charset' => 'utf-8',
  'seller_email' => 'qiyue@pp158.com',
  'notify_time' => '2017-11-02 23:33:15',
  'subject' => 'pp游戏账单支付',
  'sign' => 'OQVU4njiOjJzwFFs7i6zwKvksvqjHfAfLGMLAC6EZEPIQfiMHfeb1Pn7q1aIIwggCKGC5BlpTE8q5jHTiQTZTAB5bAwIOKwe9pUo8FjIrWr/QE4Az4OfQbQOAhzwLbxTDl1YrfG0PWwhooSPgElMFHV8p2qfrxu92fvVHnD7FWsCwHIa2GHfRTKEymiP+8b5cU+w5hsryuZKUim6auY0REyhPHvwH2Bn0pkHCa5nXDafp1QzRjargO4zfhvj2g2pfLZcbuN0YGqq7hhe2s/ZomN35dn7a6zt1v2LO72h4+YMbD0YVxGAqrdUPSYDkbTzsL7VvtBzeTZX8Xvl1kiAlA==',
  'body' => '8ea7d3b7-1faa-4b39-a7b9-8e538cbd8766',
  'buyer_id' => '2088512380658646',
  'version' => '1.0',
  'notify_id' => '54d588075c29f55c1d40ba5504d035dkxu',
  'notify_type' => 'trade_status_sync',
  'out_trade_no' => 'ab5406c1668f4e2dbc9dfcbae0e7b514',
  'total_amount' => '20.00',
  'trade_status' => 'WAIT_BUYER_PAY',
  'trade_no' => '2017110221001004640254018813',
  'auth_app_id' => '2017021605702899',
  'buyer_logon_id' => '177****8281',
  'app_id' => '2017021605702899',
  'sign_type' => 'RSA2',
  'seller_id' => '2088221931936835',
)
[2017-11-02 23:33:31][110.75.248.110][INFO]支付宝支付 成功:回调信息是:array (
  'gmt_create' => '2017-11-02 23:33:15',
  'charset' => 'utf-8',
  'seller_email' => 'qiyue@pp158.com',
  'subject' => 'pp游戏账单支付',
  'sign' => 'KyjgIPdGnQp1XEQI555uYH4PPmRW7sTSa4LJF+u0DM4uyqbg/3UeCGh50OgCrqTszhz0jtT2wKBJFAKCMFNcdyBP9Py+o0EGp9HtKH78J4xM9y8kiP+r+YyNZLV/iHBLy+JT54cSUM/1sp0fh1vTcxuxn5E+1KYWX3xIaLQCaVazFWpB6X3X1ZR+NVeLaUfqPaO7bzwE9zzPPKZe+MmaR8h6F0TPH9z+QuJr13gsHNJgFN5TiNDdNcw09Em8AwEBI8mhfM2LgdWKnhvQ0WQ3H5PL3/1dEFCW/FGMLR+/+qaycbiTS5dumLdYkVMPtEfmuOyZq65dBtfVJsXggIAnxg==',
  'body' => '8ea7d3b7-1faa-4b39-a7b9-8e538cbd8766',
  'buyer_id' => '2088512380658646',
  'invoice_amount' => '20.00',
  'notify_id' => '87e1f06e90eaed2cc2a6626d98f7bd1kxu',
  'fund_bill_list' => '[{"amount":"20.00","fundChannel":"PCREDIT"}]',
  'notify_type' => 'trade_status_sync',
  'trade_status' => 'TRADE_SUCCESS',
  'receipt_amount' => '20.00',
  'app_id' => '2017021605702899',
  'buyer_pay_amount' => '20.00',
  'sign_type' => 'RSA2',
  'seller_id' => '2088221931936835',
  'gmt_payment' => '2017-11-02 23:33:31',
  'notify_time' => '2017-11-02 23:33:31',
  'version' => '1.0',
  'out_trade_no' => 'ab5406c1668f4e2dbc9dfcbae0e7b514',
  'total_amount' => '20.00',
  'trade_no' => '2017110221001004640254018813',
  'auth_app_id' => '2017021605702899',
  'buyer_logon_id' => '177****8281',
  'point_amount' => '0.00',
)
[2017-11-02 23:34:43][110.75.248.59][INFO]支付宝支付 :回调信息是:array (
  'gmt_create' => '2017-11-02 23:34:43',
  'charset' => 'utf-8',
  'seller_email' => 'qiyue@pp158.com',
  'notify_time' => '2017-11-02 23:34:43',
  'subject' => 'pp游戏账单支付',
  'sign' => 'XJQmGFX3qrEp0MM5kfJBeHWz+CSxe4h3twPrdPh4OdchX5kqJ7DYCy7IOGzpDNqb2dOKb+/wsvxjNC4zPLXZ0DSsZlJAdJDJt8XfGCDq368mXGZ5J8YywM7dzvWs5io7Y+GhiiIjaZOwcKffRkPTKPjS+Cdhg9WG8b6aqKda3tfgZwZs8R0TC3s2SR4WpAvVlHCkedNQjMHOZRP7ZzHSyBNt+WQo/LjS9sqLIiQ1pmjKU2dw+ldCDJSAsWZKdYkdqTHrdKsnvYHz4VS1M95Lg3yXJTns2PiQkf09yiObpvDTwljFevsfncYEzsHbWxz5XHWa+6L4jJblNejRpQ26bw==',
  'body' => '8ea7d3b7-1faa-4b39-a7b9-8e538cbd8766',
  'buyer_id' => '2088512380658646',
  'version' => '1.0',
  'notify_id' => 'ccfd4d7ccd0facb5d07fcbebc5959efkxu',
  'notify_type' => 'trade_status_sync',
  'out_trade_no' => '04654e6dfa4b4c30a5405c8bd0f1384b',
  'total_amount' => '100.00',
  'trade_status' => 'WAIT_BUYER_PAY',
  'trade_no' => '2017110221001004640253977880',
  'auth_app_id' => '2017021605702899',
  'buyer_logon_id' => '177****8281',
  'app_id' => '2017021605702899',
  'sign_type' => 'RSA2',
  'seller_id' => '2088221931936835',
)
[2017-11-02 23:34:51][110.75.248.18][INFO]支付宝支付 成功:回调信息是:array (
  'gmt_create' => '2017-11-02 23:34:43',
  'charset' => 'utf-8',
  'seller_email' => 'qiyue@pp158.com',
  'subject' => 'pp游戏账单支付',
  'sign' => 'PjVi31p1xzYot8/IpWYaRkPgbmi4J76u78XjAqCjpg5rc/Skmw1xuyKRebOdh3KVgSkT9RA+aKV9NPHGh1Xo+4AuqSSrWaD3DjslWSQ2A/7cqP60Y/xhn8QnHAevuWLKxAV/FPtTi6PDPbLtxnfzLx8D/GNTSdyWOmugiHqLG4zW9te2XKaEuGbI32KO/xZdQFkpIkdPoQ/OkJPGbH8SHkhTHqErhB8uCx7lbkGQTWh4S48cXtQYvu/chuhLrshstyAcmHRBLLT3aWEcZkpkCmYeYmCnuj087r8BKL+YS4my506Qq5PQldqPtlc3M6KTDh9d2AJQ3a40oH2lg/ujzw==',
  'body' => '8ea7d3b7-1faa-4b39-a7b9-8e538cbd8766',
  'buyer_id' => '2088512380658646',
  'invoice_amount' => '100.00',
  'notify_id' => '53fe6dc0e101b6b9ea953e23b3b73bbkxu',
  'fund_bill_list' => '[{"amount":"100.00","fundChannel":"PCREDIT"}]',
  'notify_type' => 'trade_status_sync',
  'trade_status' => 'TRADE_SUCCESS',
  'receipt_amount' => '100.00',
  'app_id' => '2017021605702899',
  'buyer_pay_amount' => '100.00',
  'sign_type' => 'RSA2',
  'seller_id' => '2088221931936835',
  'gmt_payment' => '2017-11-02 23:34:50',
  'notify_time' => '2017-11-02 23:34:51',
  'version' => '1.0',
  'out_trade_no' => '04654e6dfa4b4c30a5405c8bd0f1384b',
  'total_amount' => '100.00',
  'trade_no' => '2017110221001004640253977880',
  'auth_app_id' => '2017021605702899',
  'buyer_logon_id' => '177****8281',
  'point_amount' => '0.00',
)
[2017-11-02 23:39:51][203.209.226.182][INFO]支付宝支付 :回调信息是:array (
  'gmt_create' => '2017-11-02 23:39:51',
  'charset' => 'utf-8',
  'seller_email' => 'qiyue@pp158.com',
  'notify_time' => '2017-11-02 23:39:51',
  'subject' => 'pp游戏账单支付',
  'sign' => 'Ic4T5oVfsweHrF122GCw8JzcxTuos4rKPXzJw7gRiW2VyOL3UixzDfTZnA4wg2Fo0HKXU0lHBxoGXMuYkfN2xeO2y5GVqUP5ZuHWL2Ak23QntRcBWMsWbHnOVTLwnn1ZV6VZvN4Ycw1HVe84OmJGLjlmNdpWPmTIDU0tY8U+ZmZTekFCd5UgFFqqul9jD7r+SFJJsQvugZp36nIj6ADJvQbPbpoMXb0z4y5uMFoGCckqnkSxUjPXFb8ccwPZhljcGNQhjzFIHiIPyYV8vkLAEmVxqH3QD1EIoa0i8LFcCZMzWV6tirM4u8hX2RBIizTE5wDr1d/1Qhs9U88IwUTZTg==',
  'body' => 'e2dd067f-cab5-4773-bcb3-b66fd945d2e6',
  'buyer_id' => '2088012715110516',
  'version' => '1.0',
  'notify_id' => '3aad9d908ffb1c4c0c42072a40c7df5jz5',
  'notify_type' => 'trade_status_sync',
  'out_trade_no' => 'a54113f33f3d4eb3b6d137ef6586be8b',
  'total_amount' => '500.00',
  'trade_status' => 'WAIT_BUYER_PAY',
  'trade_no' => '2017110221001004515335287168',
  'auth_app_id' => '2017021605702899',
  'buyer_logon_id' => '120***@qq.com',
  'app_id' => '2017021605702899',
  'sign_type' => 'RSA2',
  'seller_id' => '2088221931936835',
)
[2017-11-02 23:39:55][203.209.226.197][INFO]支付宝支付 成功:回调信息是:array (
  'gmt_create' => '2017-11-02 23:39:51',
  'charset' => 'utf-8',
  'seller_email' => 'qiyue@pp158.com',
  'subject' => 'pp游戏账单支付',
  'sign' => 'EqJwy4XVYtVLJ7ALr7X/v8yDhO/IvphwCp4qZg+nTXHOxda2XwXd+E4ILwGkuX8op4q1zxS2tTiLEHqXXzsM8iICdTw20oegQuohhEf/ZsQdE3G9MrTTmonDwzZPksgU92o/JUx/jNWGIyWfnBT/dc6wSTJTSsn3UPpg/+B/5UPOQgxIawGxXyvprsOXC+550SW38ROksldG3AYNQSwe1ElfuTErNrysyfQTfJUPOPLqpf2pSoz0q5KnJ/A3NcD9brESNQdfBLOHiQTUg/kSb/A8HAIwlzFhUfbT7qbg4/vSISh1fZ3xekK268ALURFKbKTbQ0WI7lemwkaq+x5Wng==',
  'body' => 'e2dd067f-cab5-4773-bcb3-b66fd945d2e6',
  'buyer_id' => '2088012715110516',
  'invoice_amount' => '500.00',
  'notify_id' => '8a0e85a5e649220099d8aed232d88cbjz5',
  'fund_bill_list' => '[{"amount":"500.00","fundChannel":"PCREDIT"}]',
  'notify_type' => 'trade_status_sync',
  'trade_status' => 'TRADE_SUCCESS',
  'receipt_amount' => '500.00',
  'app_id' => '2017021605702899',
  'buyer_pay_amount' => '500.00',
  'sign_type' => 'RSA2',
  'seller_id' => '2088221931936835',
  'gmt_payment' => '2017-11-02 23:39:55',
  'notify_time' => '2017-11-02 23:39:55',
  'version' => '1.0',
  'out_trade_no' => 'a54113f33f3d4eb3b6d137ef6586be8b',
  'total_amount' => '500.00',
  'trade_no' => '2017110221001004515335287168',
  'auth_app_id' => '2017021605702899',
  'buyer_logon_id' => '120***@qq.com',
  'point_amount' => '0.00',
)
[2017-11-02 23:42:43][140.207.54.74][INFO]微信支付 成功:回调信息是:array (
  'appid' => 'wxcb8a76fe730b5964',
  'attach' => '4162309a-460e-4d7c-8d89-b1926d52929c',
  'bank_type' => 'ICBC_DEBIT',
  'cash_fee' => '10000',
  'fee_type' => 'CNY',
  'is_subscribe' => 'N',
  'mch_id' => '1352470102',
  'nonce_str' => 'z0voj0wayn8apdje7yddsgiphapl2952',
  'openid' => 'oFqowwH_IADjRPbMEeYCWPqg4Kfg',
  'out_trade_no' => 'cc29094377e846969a49d8c46cbb5467',
  'result_code' => 'SUCCESS',
  'return_code' => 'SUCCESS',
  'sign' => '63A2D9376497B0E81EC41697E13F89A3',
  'time_end' => '20171102234243',
  'total_fee' => '10000',
  'trade_type' => 'NATIVE',
  'transaction_id' => '4200000030201711022052522519',
)
[2017-11-02 23:43:49][203.209.232.133][INFO]支付宝支付 :回调信息是:array (
  'gmt_create' => '2017-11-02 23:43:49',
  'charset' => 'utf-8',
  'seller_email' => 'qiyue@pp158.com',
  'notify_time' => '2017-11-02 23:43:49',
  'subject' => 'pp游戏账单支付',
  'sign' => 'bioDlCyxF3qpLMD0LbaSmgPdbfghfs/sb3OrZzMazjjXMS1/Mt8ioqtr/0CWMs+Tj2AaMv1JcP50ySeZdQ6IT0irnZkR9q9raOH2T88F3NO+sqSbSDxnZxHh7Uq2eRCBoGWfZo1WSc0U9ZqsaqB1jjKl/JN18eW0+SaES0nApSI0ROTilY2m4/HrvMqENk66sSXrfKqUDbFJQ8YpeJiIucY8ezFG02mzgbEZgfwFFzyRPNCYtppeG1o4Ky32DRtOQzG/XAeFP5rhnDoJwmA+LLcGHSKZYqLqMvQ1KmMwgVtNRZhxXVKNHfnYgnzZA3DhejPZJ6Y4fzUDojqjKnKZMg==',
  'body' => '0ce58da7-0c27-4a64-860c-cf0b658b25a8',
  'buyer_id' => '2088122432277015',
  'version' => '1.0',
  'notify_id' => '49216ac0cebad6dd7a5ff1c8a119666g48',
  'notify_type' => 'trade_status_sync',
  'out_trade_no' => '2b632cb3fc8a4f828bb802b24266e9b2',
  'total_amount' => '20.00',
  'trade_status' => 'WAIT_BUYER_PAY',
  'trade_no' => '2017110221001004015289571738',
  'auth_app_id' => '2017021605702899',
  'buyer_logon_id' => '153****1255',
  'app_id' => '2017021605702899',
  'sign_type' => 'RSA2',
  'seller_id' => '2088221931936835',
)
[2017-11-02 23:43:56][203.209.232.64][INFO]支付宝支付 成功:回调信息是:array (
  'gmt_create' => '2017-11-02 23:43:49',
  'charset' => 'utf-8',
  'seller_email' => 'qiyue@pp158.com',
  'subject' => 'pp游戏账单支付',
  'sign' => 'ESKKUGpBIq/GuhiMfrAYd9QLkq6EwdTd2o/Up5nW+/bxzov5D/E7NHZ6dJli3Swc0RZY+U82aOJ5cEk+2cZMf+qjZsao0Fs8fykbxaGKb1UDMA+kjz81NJoWpsQFtnCTqXwn927nRsEx9DzUB6fEMcWEuzySBLEqn4p2+eVGHqsKKhIrN6Hl54OXSlpFTAPavzwQ8Ywe4tVe2DW0v3wdK/byUmJLrzL1B+9Eb8Mi/E3wrRkJezlPMO2SfgYBBeMte/zTcewlpUxOgeRp35QqnlKU67YUKY8UPOB2q4EWzG5siLJLmAWO78w5l6LyB6JytYd/pvgJBf53wWbHx2D8aw==',
  'body' => '0ce58da7-0c27-4a64-860c-cf0b658b25a8',
  'buyer_id' => '2088122432277015',
  'invoice_amount' => '20.00',
  'notify_id' => '3d359b54bef37d30ded2b8429a7706ag48',
  'fund_bill_list' => '[{"amount":"20.00","fundChannel":"ALIPAYACCOUNT"}]',
  'notify_type' => 'trade_status_sync',
  'trade_status' => 'TRADE_SUCCESS',
  'receipt_amount' => '20.00',
  'app_id' => '2017021605702899',
  'buyer_pay_amount' => '20.00',
  'sign_type' => 'RSA2',
  'seller_id' => '2088221931936835',
  'gmt_payment' => '2017-11-02 23:43:56',
  'notify_time' => '2017-11-02 23:43:56',
  'version' => '1.0',
  'out_trade_no' => '2b632cb3fc8a4f828bb802b24266e9b2',
  'total_amount' => '20.00',
  'trade_no' => '2017110221001004015289571738',
  'auth_app_id' => '2017021605702899',
  'buyer_logon_id' => '153****1255',
  'point_amount' => '0.00',
)
[2017-11-02 23:45:33][58.251.80.60][INFO]微信支付 成功:回调信息是:array (
  'appid' => 'wxcb8a76fe730b5964',
  'attach' => '4a2fe0bb-a7f5-4ef1-a286-0dd9cc5cdb27',
  'bank_type' => 'CFT',
  'cash_fee' => '2000',
  'fee_type' => 'CNY',
  'is_subscribe' => 'N',
  'mch_id' => '1352470102',
  'nonce_str' => 'dxkm7p4zswc62gp69e4gsvkwn838qh2v',
  'openid' => 'oFqowwKs_AMRsfrrCCPPl5MrOEyU',
  'out_trade_no' => 'afa85cb769bf451db54b919ad7c4148d',
  'result_code' => 'SUCCESS',
  'return_code' => 'SUCCESS',
  'sign' => '5726F6C9A09EEDF8705FB76214F3F501',
  'time_end' => '20171102234532',
  'total_fee' => '2000',
  'trade_type' => 'NATIVE',
  'transaction_id' => '4200000025201711022049531319',
)
[2017-11-02 23:46:15][110.75.248.200][INFO]支付宝支付 :回调信息是:array (
  'gmt_create' => '2017-11-02 23:46:14',
  'charset' => 'utf-8',
  'seller_email' => 'qiyue@pp158.com',
  'notify_time' => '2017-11-02 23:46:14',
  'subject' => 'pp游戏账单支付',
  'sign' => 'bR5/stAFqudoQ/jEyyi8LmA6hmfCZIIjbKxJaOq4/HvWiQX1Zfm0DWlXndyiNoODbb3ZBknmTOW2RrjTtB27LRKOEoF3nWPs3QrVGm4st3JHCfrgsVHyg5fLdgQQtaxhAk4so90WbO1MFJV5FtFR4cQ74V5058yXJ1t0bEpzdjdgI/COl9wtdcDlgqO+FMMMXR6ffL1Tjqd8wwwl6tOAVF7UIoXdDhprZ89ZR+PpAmEOnmEVyQoOKieKIgk02CJZtdfAmJKpfvBPe89p95XST6SX8g3gdBhEW/TZjSSW1ZenfYUNgWnM7o4jYYxDTBTbmW7yu37OnTuNerPUBytmkQ==',
  'body' => '8ea7d3b7-1faa-4b39-a7b9-8e538cbd8766',
  'buyer_id' => '2088512380658646',
  'version' => '1.0',
  'notify_id' => '43f6998cacd1d4dedc10980bf58daf8kxu',
  'notify_type' => 'trade_status_sync',
  'out_trade_no' => 'd5252792fdd840e2bef04fbd4e1a3113',
  'total_amount' => '100.00',
  'trade_status' => 'WAIT_BUYER_PAY',
  'trade_no' => '2017110221001004640253978133',
  'auth_app_id' => '2017021605702899',
  'buyer_logon_id' => '177****8281',
  'app_id' => '2017021605702899',
  'sign_type' => 'RSA2',
  'seller_id' => '2088221931936835',
)
[2017-11-02 23:46:22][110.75.248.240][INFO]支付宝支付 成功:回调信息是:array (
  'gmt_create' => '2017-11-02 23:46:14',
  'charset' => 'utf-8',
  'seller_email' => 'qiyue@pp158.com',
  'subject' => 'pp游戏账单支付',
  'sign' => 'cN4mczM2z9Oivl5XQkh/ps+IS6eVmiMN4UTMZfBcn2aqdVIuYxglGCkiCAcgeaupl+QTemG53/jSlqiE6LTYlWBEpo6uLHISuYZdHQEajAnItUHJJAQzlsdFQYrs0XmS/gqSO317WES8VLbq/d3E4LKNsMNGBvR21FvRACIauzFKA0ILTQQ8Yql6CM213OVxW5cVYYn3n7CPzaNO+oYWXh23f+099AqGAh2xgxirFhaIWPExs9EeYRfHp2wMsfnTm8LrpZwAskcJuXhmU+5iho32f6EIFIH2MPfNIJVozkJj9X36Eo6McQ5t9lVSYmnnr9kEgRNweUCxTXLgvgKbOQ==',
  'body' => '8ea7d3b7-1faa-4b39-a7b9-8e538cbd8766',
  'buyer_id' => '2088512380658646',
  'invoice_amount' => '100.00',
  'notify_id' => '5be8a48f9616b28b8bfa7196df97f57kxu',
  'fund_bill_list' => '[{"amount":"100.00","fundChannel":"PCREDIT"}]',
  'notify_type' => 'trade_status_sync',
  'trade_status' => 'TRADE_SUCCESS',
  'receipt_amount' => '100.00',
  'app_id' => '2017021605702899',
  'buyer_pay_amount' => '100.00',
  'sign_type' => 'RSA2',
  'seller_id' => '2088221931936835',
  'gmt_payment' => '2017-11-02 23:46:21',
  'notify_time' => '2017-11-02 23:46:22',
  'version' => '1.0',
  'out_trade_no' => 'd5252792fdd840e2bef04fbd4e1a3113',
  'total_amount' => '100.00',
  'trade_no' => '2017110221001004640253978133',
  'auth_app_id' => '2017021605702899',
  'buyer_logon_id' => '177****8281',
  'point_amount' => '0.00',
)
[2017-11-02 23:46:38][58.251.80.56][INFO]微信支付 成功:回调信息是:array (
  'appid' => 'wxcb8a76fe730b5964',
  'attach' => 'bf59c74e-4046-47ed-8e0a-4f814b9c58be',
  'bank_type' => 'CFT',
  'cash_fee' => '2000',
  'fee_type' => 'CNY',
  'is_subscribe' => 'Y',
  'mch_id' => '1352470102',
  'nonce_str' => 'kbhj7r1k0yu24fib2128ieploo3tkjzy',
  'openid' => 'oFqowwH7pRZY3JogHZWt8GysCUiQ',
  'out_trade_no' => '03df2affe0a2400d87fd15fc801a21ec',
  'result_code' => 'SUCCESS',
  'return_code' => 'SUCCESS',
  'sign' => '025A93F7425CF3E6FCD7E5DE168D4CDD',
  'time_end' => '20171102234637',
  'total_fee' => '2000',
  'trade_type' => 'NATIVE',
  'transaction_id' => '4200000016201711022049552549',
)
[2017-11-02 23:47:32][203.209.226.82][INFO]支付宝支付 :回调信息是:array (
  'gmt_create' => '2017-11-02 23:47:32',
  'charset' => 'utf-8',
  'seller_email' => 'qiyue@pp158.com',
  'notify_time' => '2017-11-02 23:47:32',
  'subject' => 'pp游戏账单支付',
  'sign' => 'LYLaGS4net9wpYmntCOy2v89h6is0WQF5twJxsBXbtMWP1Fq0fa7tprGIkwZsGcpCbZ48MGEszVGVKLV5qVgzaiO+RjmR3jDa2g7xx4X0FTCLfoS5stlW3CUoI4Bzd07rK/+3o34/SICl3eEEJT+QhSNFrLM4JKG+/peLnw+64LO67/Ssx1qAyskaqfbtG0AfsEkIVqeZOGsaKbqznE4BpHosQzSn4Gxfh299VM6YIylVGdpJewLZ7uAoJEgDORDQjdlgC0JdgqIU7S7pWD35cLURxejvhbz/2/0TUNnK4BNA7sGms03GNdolHCFFDNlZ50q+wd/CRIsbP3LiAJJMw==',
  'body' => 'a287f91c-25e3-4133-b73a-91094782c9c6',
  'buyer_id' => '2088712403546457',
  'version' => '1.0',
  'notify_id' => 'e42cf22c637ffbd0f90281a8320a69ajig',
  'notify_type' => 'trade_status_sync',
  'out_trade_no' => 'c2e27e41975248c5b4a76bb8da4f6489',
  'total_amount' => '200.00',
  'trade_status' => 'WAIT_BUYER_PAY',
  'trade_no' => '2017110221001004455268854253',
  'auth_app_id' => '2017021605702899',
  'buyer_logon_id' => '188****6818',
  'app_id' => '2017021605702899',
  'sign_type' => 'RSA2',
  'seller_id' => '2088221931936835',
)
[2017-11-02 23:47:39][203.209.226.143][INFO]支付宝支付 成功:回调信息是:array (
  'gmt_create' => '2017-11-02 23:47:32',
  'charset' => 'utf-8',
  'seller_email' => 'qiyue@pp158.com',
  'subject' => 'pp游戏账单支付',
  'sign' => 'Tg2kndzMbRAQ4C548rZxnekeeRLQqLhfAZ+6OWmR6Ot9VvnCbtDSO4PI0FTxHw+mUKwpZKJo8PnAPVyKNZBndUEa11ahpzKouDhv5w1Tn2Q2ItUt7ohhX1UrGCuKdu66U0pKpJc+/YpQQNjWI9jvcGl3IezCdELqJN+TIKVHYRszERKi4KNbKOa3C63ZyPdgXpDyQkVFKCxHWrdd/6sP0KL4D1YeBuQgzG0ztOM7a4SCEjufm2MH8zwSuYWHtN33iNCzx2wtFxVl0XPAQRuprpb2IOmBZ2cjzG4IU4sx1Pajumvl0lYsoT6g119Jp3cdIdo2XrMZqbiy7bC2lrqncQ==',
  'body' => 'a287f91c-25e3-4133-b73a-91094782c9c6',
  'buyer_id' => '2088712403546457',
  'invoice_amount' => '200.00',
  'notify_id' => '5ef20b73cb3b1566bc6c18f87eb2560jig',
  'fund_bill_list' => '[{"amount":"200.00","fundChannel":"PCREDIT"}]',
  'notify_type' => 'trade_status_sync',
  'trade_status' => 'TRADE_SUCCESS',
  'receipt_amount' => '200.00',
  'app_id' => '2017021605702899',
  'buyer_pay_amount' => '200.00',
  'sign_type' => 'RSA2',
  'seller_id' => '2088221931936835',
  'gmt_payment' => '2017-11-02 23:47:38',
  'notify_time' => '2017-11-02 23:47:39',
  'version' => '1.0',
  'out_trade_no' => 'c2e27e41975248c5b4a76bb8da4f6489',
  'total_amount' => '200.00',
  'trade_no' => '2017110221001004455268854253',
  'auth_app_id' => '2017021605702899',
  'buyer_logon_id' => '188****6818',
  'point_amount' => '0.00',
)
[2017-11-02 23:48:43][203.209.226.179][INFO]支付宝支付 :回调信息是:array (
  'gmt_create' => '2017-11-02 23:48:43',
  'charset' => 'utf-8',
  'seller_email' => 'qiyue@pp158.com',
  'notify_time' => '2017-11-02 23:48:43',
  'subject' => 'pp游戏账单支付',
  'sign' => 'cI5yr9oC/eNY44wyXlQztvU5bCLGXbedYETEAMBv9ooMa1NaVs1cTXtoXKkIMpZ6loMSJzq8KoHBwPKymVFRkXIKT0AU77I87I2uQY8bQt46bMHW43VHcZyxQx2MsUrEV1eIkSa6U5gT5woQQzezlDWVCMUVdUTJllc91RQ+Sj/yCECVaqyjYua5TDHnkXh3Fq58pz3GJ9prTI0aBQ9njfpL76+WF8jyJBkBcVwhgIiIEKYLpe/lLjeSSUpmgT8LXBp3TjiY99gC07lQqo7hKnRUGQWtBjFsqy9BCmuZJBAyC330d7G/p0DOLI3n8xAG8s73F178hQFH+kMiU2JdyQ==',
  'body' => 'e2dd067f-cab5-4773-bcb3-b66fd945d2e6',
  'buyer_id' => '2088012715110516',
  'version' => '1.0',
  'notify_id' => 'a501ac1d89c8e10ca661c262c844a3djz5',
  'notify_type' => 'trade_status_sync',
  'out_trade_no' => 'bd964893ef614f29be0aa5d98a1f2439',
  'total_amount' => '500.00',
  'trade_status' => 'WAIT_BUYER_PAY',
  'trade_no' => '2017110221001004515336391376',
  'auth_app_id' => '2017021605702899',
  'buyer_logon_id' => '120***@qq.com',
  'app_id' => '2017021605702899',
  'sign_type' => 'RSA2',
  'seller_id' => '2088221931936835',
)
[2017-11-02 23:49:45][110.75.248.151][INFO]支付宝支付 :回调信息是:array (
  'gmt_create' => '2017-11-02 23:49:45',
  'charset' => 'utf-8',
  'seller_email' => 'qiyue@pp158.com',
  'notify_time' => '2017-11-02 23:49:45',
  'subject' => 'pp游戏账单支付',
  'sign' => 'F0u1MVUEeWcaRlIjg8WlN03rH1L3Ay9NUoz3xCbBmhXc0MGeayEG/rT6bVY6t6MsS2JU2H+TBdVTcl2f+1bazcSDBlbJ4cUF4rvSYFip1RI/l2xFDe2s1sLO/8HtHWIgWtyGWmzJi1tejBCScYDOQSXds8TI3AqhVVzUjPWKJLBK/yr9h6oL9XhIGHukerBW+y3XIsM7feKcHegCkWsTUnpRTQxLR3roavvX56hTJzX3h2ygoO9UfzrZP2OvPArkmn/xGARqCVHgCaTJXC2oGSKEVc9haxsY5zh3blYBgGrtwkZDdnThY7aUvyf/tSVLAZ6NnfrxZvdWOdwIp+t3jA==',
  'body' => '8ea7d3b7-1faa-4b39-a7b9-8e538cbd8766',
  'buyer_id' => '2088512380658646',
  'version' => '1.0',
  'notify_id' => 'a6c23c56fe434636de6ddd9859ff6b2kxu',
  'notify_type' => 'trade_status_sync',
  'out_trade_no' => '5f435f7f839b41d689b52b71e673aa4a',
  'total_amount' => '200.00',
  'trade_status' => 'WAIT_BUYER_PAY',
  'trade_no' => '2017110221001004640253995680',
  'auth_app_id' => '2017021605702899',
  'buyer_logon_id' => '177****8281',
  'app_id' => '2017021605702899',
  'sign_type' => 'RSA2',
  'seller_id' => '2088221931936835',
)
[2017-11-02 23:49:53][110.75.248.196][INFO]支付宝支付 成功:回调信息是:array (
  'gmt_create' => '2017-11-02 23:49:45',
  'charset' => 'utf-8',
  'seller_email' => 'qiyue@pp158.com',
  'subject' => 'pp游戏账单支付',
  'sign' => 'QW3swIElB/M7+pKaNTP6QPfi3YZZEk/SANN2JczTyQ5DBAP+KaJ52QFD+inte8XmPXXa/E8BrdNxNWujFJFZkJ9MycSB8J3yV3B/DXU3NCOQWPRal/PoMa9ojU1nmiGvC7kAMNxQNXm4j7/ZaTznusE6JWYNvsO8mesXSN3F/yOgRJDiuuHci9/0hOz6gFwr0W9g9aAsZxTndBftSNcLLjkD14AGa0+nb87eIh7yWO9o2692gMuxXsJm2UV3U/zKDW027XJz4Ljyd+mhhCzOAeHmwDsez9PY5lRIMlxkvBWy0AyfQjOjWEbSvratMCgjzTOv7OPv7o55ObiY5Bxfhg==',
  'body' => '8ea7d3b7-1faa-4b39-a7b9-8e538cbd8766',
  'buyer_id' => '2088512380658646',
  'invoice_amount' => '200.00',
  'notify_id' => '4b99448f623c0e7b94f00fceb10e5b0kxu',
  'fund_bill_list' => '[{"amount":"200.00","fundChannel":"PCREDIT"}]',
  'notify_type' => 'trade_status_sync',
  'trade_status' => 'TRADE_SUCCESS',
  'receipt_amount' => '200.00',
  'app_id' => '2017021605702899',
  'buyer_pay_amount' => '200.00',
  'sign_type' => 'RSA2',
  'seller_id' => '2088221931936835',
  'gmt_payment' => '2017-11-02 23:49:52',
  'notify_time' => '2017-11-02 23:49:52',
  'version' => '1.0',
  'out_trade_no' => '5f435f7f839b41d689b52b71e673aa4a',
  'total_amount' => '200.00',
  'trade_no' => '2017110221001004640253995680',
  'auth_app_id' => '2017021605702899',
  'buyer_logon_id' => '177****8281',
  'point_amount' => '0.00',
)
[2017-11-02 23:51:45][140.207.54.74][INFO]微信支付 成功:回调信息是:array (
  'appid' => 'wxcb8a76fe730b5964',
  'attach' => '8824c0fc-43af-4e6f-9d38-fbeec70f5f9b',
  'bank_type' => 'CFT',
  'cash_fee' => '500',
  'fee_type' => 'CNY',
  'is_subscribe' => 'Y',
  'mch_id' => '1352470102',
  'nonce_str' => '0f3ljsr9jhholw4vd3rq8mk9y7ruknad',
  'openid' => 'oFqowwKlLB7s5lWleEIBgYlv2JrU',
  'out_trade_no' => '5d40818a60c84f81b388fff5696ca79c',
  'result_code' => 'SUCCESS',
  'return_code' => 'SUCCESS',
  'sign' => '894DA16542030354A4C0302B7F180187',
  'time_end' => '20171102235145',
  'total_fee' => '500',
  'trade_type' => 'NATIVE',
  'transaction_id' => '4200000020201711022052831046',
)
[2017-11-02 23:54:49][110.75.248.200][INFO]支付宝支付 :回调信息是:array (
  'gmt_create' => '2017-11-02 23:54:49',
  'charset' => 'utf-8',
  'seller_email' => 'qiyue@pp158.com',
  'notify_time' => '2017-11-02 23:54:49',
  'subject' => 'pp游戏账单支付',
  'sign' => 'JEKs1kSCTOUKzAA5mz+ddHHWSIkSIkj3A168ZE+sPiMDVg3Qo0iD4KSoDx1sYrNEImDWkOGe/q/grPur3PhZDUWFcXG4GlPO2QkE//jnNB1ou8qeTlOudMnSWPkZZ1SgClHQJ1V17LBnK3t+jD5kJU4DbZJ59lsuM05SJBehvgE0BJzhzw/TLomDO9RdLs7ci7dfRFonVu3XaD+79JPJMC92U+SaExERPnQruj5kgm9BHRr4XtBubB1BehfCb8kEBk2DE2kJVa03XrxXTkf3XjJpShQRtq80tcEhY4CjV6JySVwCiw3y3Uat58rGCe1kFV+YuenJdew1vM0YwnNokg==',
  'body' => '8ea7d3b7-1faa-4b39-a7b9-8e538cbd8766',
  'buyer_id' => '2088512380658646',
  'version' => '1.0',
  'notify_id' => 'f109588e19b9ec894b481509e9a5e9fkxu',
  'notify_type' => 'trade_status_sync',
  'out_trade_no' => '5ff40c627f6f4d00bc5f592548cdaf10',
  'total_amount' => '50.00',
  'trade_status' => 'WAIT_BUYER_PAY',
  'trade_no' => '2017110221001004640254046492',
  'auth_app_id' => '2017021605702899',
  'buyer_logon_id' => '177****8281',
  'app_id' => '2017021605702899',
  'sign_type' => 'RSA2',
  'seller_id' => '2088221931936835',
)
[2017-11-02 23:54:57][110.75.248.103][INFO]支付宝支付 成功:回调信息是:array (
  'gmt_create' => '2017-11-02 23:54:49',
  'charset' => 'utf-8',
  'seller_email' => 'qiyue@pp158.com',
  'subject' => 'pp游戏账单支付',
  'sign' => 'ShwZyj2Z0URc6je8v6y0rz9ayD2+oi9u9/jtf9ue53WFYQQ7jN4vX75M0omAxi3TrqfbqMK4ysNutHMCXD0vSeemRT2sUFyXpCd4MwUxy5O2wGrZpWq0DzQL3w/wOu8BMzsMYcu/imQu6zdDv3lzLYjve+6eFAbXd4mOwh3KeVcYrogz5okGDZCAaQxsfELSL3gmOgFOk6aHnCw43nq5JycSfejTNnMX+AyzFP/TSRBQ6pDPe0KdNBfhLpIJg9LwhNccbkA0ru8pcVp5armZ57gtkA5dN9sEq4/B37flJMQWZNbNvHUH8JsjDhAO25wTMiiojEZgucHlSM0jxbCU9g==',
  'body' => '8ea7d3b7-1faa-4b39-a7b9-8e538cbd8766',
  'buyer_id' => '2088512380658646',
  'invoice_amount' => '50.00',
  'notify_id' => 'f286a53eb1af0cc5a46870d60fad269kxu',
  'fund_bill_list' => '[{"amount":"50.00","fundChannel":"PCREDIT"}]',
  'notify_type' => 'trade_status_sync',
  'trade_status' => 'TRADE_SUCCESS',
  'receipt_amount' => '50.00',
  'app_id' => '2017021605702899',
  'buyer_pay_amount' => '50.00',
  'sign_type' => 'RSA2',
  'seller_id' => '2088221931936835',
  'gmt_payment' => '2017-11-02 23:54:56',
  'notify_time' => '2017-11-02 23:54:56',
  'version' => '1.0',
  'out_trade_no' => '5ff40c627f6f4d00bc5f592548cdaf10',
  'total_amount' => '50.00',
  'trade_no' => '2017110221001004640254046492',
  'auth_app_id' => '2017021605702899',
  'buyer_logon_id' => '177****8281',
  'point_amount' => '0.00',
)
[2017-11-02 23:59:21][110.75.248.215][INFO]支付宝支付 :回调信息是:array (
  'gmt_create' => '2017-11-02 23:59:21',
  'charset' => 'utf-8',
  'seller_email' => 'qiyue@pp158.com',
  'notify_time' => '2017-11-02 23:59:21',
  'subject' => 'pp游戏账单支付',
  'sign' => 'FcPk7m/fPw16witb0cM17cF+KFecXjlN+uKdPeMHgj8VpU40rYDc5eVzB4TtVxA53i/d4iZCFTwiv1eN7GGBAQNb7stQ0RA7fIlmjdNluIJ4xC1CoOzDenVhupnyjWDeQ/V/0PSSS0cd8JVHyYwJ7qrbdQNasNoeBIU1if9PoCCDkimEqdtPSRzYtzp0rhZV4kSXGYEApxGQA7roTjUwvqds+3sHJPmylc/D0KW2vUhaLIF/LKzPkbaMU1MfWzuZPRL7cYFaWQqGG93+CYWIaedajlwGGnluYcEV7P9ZujNvIxEKCo3YqbQj+wybYeodGKzKLcDEls5kqBf4P98gFw==',
  'body' => '8ea7d3b7-1faa-4b39-a7b9-8e538cbd8766',
  'buyer_id' => '2088512380658646',
  'version' => '1.0',
  'notify_id' => 'b687b7df14c35200a76f7780a75b660kxu',
  'notify_type' => 'trade_status_sync',
  'out_trade_no' => '955d86e1e12a4139925e7f635a9406e8',
  'total_amount' => '20.00',
  'trade_status' => 'WAIT_BUYER_PAY',
  'trade_no' => '2017110221001004640254026164',
  'auth_app_id' => '2017021605702899',
  'buyer_logon_id' => '177****8281',
  'app_id' => '2017021605702899',
  'sign_type' => 'RSA2',
  'seller_id' => '2088221931936835',
)
[2017-11-02 23:59:28][110.75.248.65][INFO]支付宝支付 成功:回调信息是:array (
  'gmt_create' => '2017-11-02 23:59:21',
  'charset' => 'utf-8',
  'seller_email' => 'qiyue@pp158.com',
  'subject' => 'pp游戏账单支付',
  'sign' => 'WfS5qHuUkgMg4qmpvcWbaKd9A+yLBMjAKL9XgKwjAUGjFNPIhiUGJo3AApBHdP1ksoL4jRZY31V9usIoZSf3PsdoQmJtT5WE8VyYIKpDIlsP4P+8YtzkdeX0XIaidqlvXVP7JJaRObS2T7n/Sd+acMp9ATbZNXOPv23qRe5dwjTgdfVcO3R/l1K5xEC+2334yS7G4A0T9H3TGsJqxgpDXy45zOTx/Tg3uB+BtW7FpBD2DQMzI6/GI8FN/aLwY9/3HmcBZQBS1/OxRlaAIxuf/15sbFUAXOMFfaKnbBCaoA4gXQcEaILlsI4zCNvQDbXPR3AcaxUgYbtUAfqt9jiT2A==',
  'body' => '8ea7d3b7-1faa-4b39-a7b9-8e538cbd8766',
  'buyer_id' => '2088512380658646',
  'invoice_amount' => '20.00',
  'notify_id' => '26e12911fc31ff603fc5c27e2c490cfkxu',
  'fund_bill_list' => '[{"amount":"20.00","fundChannel":"PCREDIT"}]',
  'notify_type' => 'trade_status_sync',
  'trade_status' => 'TRADE_SUCCESS',
  'receipt_amount' => '20.00',
  'app_id' => '2017021605702899',
  'buyer_pay_amount' => '20.00',
  'sign_type' => 'RSA2',
  'seller_id' => '2088221931936835',
  'gmt_payment' => '2017-11-02 23:59:27',
  'notify_time' => '2017-11-02 23:59:28',
  'version' => '1.0',
  'out_trade_no' => '955d86e1e12a4139925e7f635a9406e8',
  'total_amount' => '20.00',
  'trade_no' => '2017110221001004640254026164',
  'auth_app_id' => '2017021605702899',
  'buyer_logon_id' => '177****8281',
  'point_amount' => '0.00',
)
